8.6863 	DEBUG 	Fullscreen settings ignored as running in pilot mode.
8.6881 	INFO 	Loaded monitor calibration from ['2024_05_21 12:08']
9.0157 	EXP 	Created window1 = Window(allowGUI=True, allowStencil=True, autoLog=True, backendConf=UNKNOWN, backgroundFit=<method-wrapper '__getattribute__' of attributeSetter object at 0x0000028403289DF0>, backgroundImage=<method-wrapper '__getattribute__' of attributeSetter object at 0x0000028403289D90>, bitsMode=UNKNOWN, blendMode='avg', bpc=(8, 8, 8), color=array([1, 1, 1]), colorSpace='rgb', depthBits=8, fullscr=<method-wrapper '__getattribute__' of attributeSetter object at 0x0000028403289BE0>, gamma=None, gammaErrorPolicy='raise', infoMsg=UNKNOWN, lms=UNKNOWN, monitor=<psychopy.monitors.calibTools.Monitor object at 0x00000284045FBA60>, multiSample=False, name='window1', numSamples=2, pos=[560.0, 240.0], screen=0, size=array([800, 600]), stencilBits=8, stereo=False, title='PsychoPy', units='height', useFBO=True, useRetina=False, viewOri=0.0, viewPos=None, viewScale=None, waitBlanking=True, winType='pyglet')
9.0160 	EXP 	window1: mouseVisible = True
9.0161 	EXP 	window1: backgroundImage = ''
9.0161 	EXP 	window1: backgroundFit = 'none'
9.0166 	EXP 	window1: mouseVisible = True
9.0171 	EXP 	window1: mouseVisible = True
9.0228 	EXP 	window1: mouseVisible = True
9.0265 	EXP 	window1: mouseVisible = True
9.0367 	DEBUG 	TextBox2 loaded 1 chars with 0 blanks and 1 valid
9.0396 	DEBUG 	TextBox2 loaded 1 chars with 0 blanks and 1 valid
9.0417 	DEBUG 	TextBox2 loaded 1 chars with 0 blanks and 1 valid
9.0438 	DEBUG 	TextBox2 loaded 1 chars with 0 blanks and 1 valid
9.0462 	DEBUG 	TextBox2 loaded 1 chars with 0 blanks and 1 valid
9.0482 	DEBUG 	TextBox2 loaded 1 chars with 0 blanks and 1 valid
9.0504 	DEBUG 	TextBox2 loaded 1 chars with 0 blanks and 1 valid
9.0532 	DEBUG 	TextBox2 loaded 1 chars with 0 blanks and 1 valid
9.0551 	DEBUG 	TextBox2 loaded 1 chars with 0 blanks and 1 valid
9.0567 	DEBUG 	TextBox2 loaded 1 chars with 0 blanks and 1 valid
9.0588 	DEBUG 	TextBox2 loaded 1 chars with 0 blanks and 1 valid
9.0607 	DEBUG 	TextBox2 loaded 1 chars with 0 blanks and 1 valid
9.0625 	DEBUG 	TextBox2 loaded 1 chars with 0 blanks and 1 valid
9.0643 	DEBUG 	TextBox2 loaded 1 chars with 0 blanks and 1 valid
9.0659 	DEBUG 	TextBox2 loaded 1 chars with 0 blanks and 1 valid
9.0677 	DEBUG 	TextBox2 loaded 1 chars with 0 blanks and 1 valid
9.0704 	DEBUG 	TextBox2 loaded 1 chars with 0 blanks and 1 valid
9.0720 	DEBUG 	TextBox2 loaded 1 chars with 0 blanks and 1 valid
9.0738 	DEBUG 	TextBox2 loaded 1 chars with 0 blanks and 1 valid
9.0760 	DEBUG 	TextBox2 loaded 1 chars with 0 blanks and 1 valid
9.0774 	DEBUG 	TextBox2 loaded 1 chars with 0 blanks and 1 valid
9.0779 	DEBUG 	Uploading Texture Font fontname to graphics card
9.0867 	DEBUG 	Upload of Texture Font fontname complete
9.0905 	EXP 	window1: mouseVisible = True
9.0908 	EXP 	window1: mouseVisible = True
9.0931 	EXP 	window1: mouseVisible = True
9.0945 	EXP 	window1: mouseVisible = True
9.1033 	DEBUG 	TextBox2 loaded 1 chars with 0 blanks and 1 valid
9.1072 	DEBUG 	TextBox2 loaded 1 chars with 0 blanks and 1 valid
9.1107 	DEBUG 	TextBox2 loaded 1 chars with 0 blanks and 1 valid
9.1113 	DEBUG 	Uploading Texture Font fontname to graphics card
9.1255 	DEBUG 	Upload of Texture Font fontname complete
9.1309 	EXP 	window1: Attempting to measure frame rate of screen (0) ...
9.1310 	EXP 	window1: recordFrameIntervals = False
9.3065 	EXP 	window1: recordFrameIntervals = True
9.4226 	WARNING 	t of last frame was 49.45ms (=1/20)
9.5894 	EXP 	Screen (0) actual frame rate measured at 60.11Hz
9.5895 	EXP 	window1: recordFrameIntervals = False
9.5897 	EXP 	window1: mouseVisible = False
9.5907 	EXP 	window1: mouseVisible = True
9.5913 	EXP 	window1: mouseVisible = True
9.5930 	EXP 	window1: mouseVisible = True
9.5943 	EXP 	window1: mouseVisible = True
9.6047 	DEBUG 	TextBox2 loaded 1 chars with 0 blanks and 1 valid
9.6073 	DEBUG 	TextBox2 loaded 1 chars with 0 blanks and 1 valid
9.6106 	DEBUG 	TextBox2 loaded 1 chars with 0 blanks and 1 valid
9.6140 	DEBUG 	TextBox2 loaded 1 chars with 0 blanks and 1 valid
9.6167 	DEBUG 	TextBox2 loaded 1 chars with 0 blanks and 1 valid
9.6199 	DEBUG 	TextBox2 loaded 1 chars with 0 blanks and 1 valid
9.6214 	DEBUG 	TextBox2 loaded 1 chars with 0 blanks and 1 valid
9.6231 	DEBUG 	TextBox2 loaded 1 chars with 0 blanks and 1 valid
9.6247 	DEBUG 	TextBox2 loaded 1 chars with 0 blanks and 1 valid
9.6264 	DEBUG 	TextBox2 loaded 1 chars with 0 blanks and 1 valid
9.6268 	DEBUG 	Uploading Texture Font fontname to graphics card
9.6277 	DEBUG 	Upload of Texture Font fontname complete
9.6296 	EXP 	window1: mouseVisible = True
9.6298 	EXP 	window1: mouseVisible = True
9.6305 	EXP 	window1: mouseVisible = True
9.6310 	EXP 	window1: mouseVisible = True
9.7040 	WARNING 	launchHubServer: If using the iohub mouse or eyetracker devices, fullScr should be True.
13.9194 	INFO 	keyboard.Keyboard is using iohub backend.
13.9195 	INFO 	keyboard.Keyboard is using iohub backend.
13.9196 	INFO 	keyboard.Keyboard is using iohub backend.
13.9196 	INFO 	keyboard.Keyboard is using iohub backend.
13.9197 	INFO 	keyboard.Keyboard is using iohub backend.
13.9198 	INFO 	keyboard.Keyboard is using iohub backend.
13.9198 	INFO 	keyboard.Keyboard is using iohub backend.
13.9199 	INFO 	keyboard.Keyboard is using iohub backend.
13.9199 	EXP 	article1: status = STARTED
13.9203 	EXP 	window1: mouseVisible = True
14.1066 	EXP 	Created text0 = TextStim(__class__=<class 'psychopy.visual.text.TextStim'>, alignHoriz=method-wrapper(...), alignText='center', alignVert=method-wrapper(...), anchorHoriz='center', anchorVert='center', antialias=True, autoDraw=False, autoLog=True, bold=False, color=array([-1., -1., -1.]), colorSpace='rgb', contrast=1.0, depth=0.0, draggable=False, flipHoriz=False, flipVert=False, font='Arial', fontFiles=[], height=0.05, italic=False, languageStyle='Arabic', name='text0', opacity=1.0, ori=0.0, pos=array([0., 0.]), rgb=UNKNOWN, text=str(...), units='height', win=Window(...), wrapWidth=1)
14.1069 	EXP 	window1: mouseVisible = True
14.1100 	EXP 	Created fixation0 = ShapeStim(__class__=<class 'psychopy.visual.shape.ShapeStim'>, anchor=('center', 'center'), autoDraw=False, autoLog=True, closeShape=True, color=method-wrapper(...), colorSpace='rgb', contrast=None, depth=0.0, draggable=False, fillColor=array([-1, -1, -1]), fillColorSpace='rgb', fillRGB=array([-1, -1, -1]), interpolate=True, lineColor=array([-1., -1., -1.]), lineColorSpace='rgb', lineRGB=array([-1., -1., -1.]), lineWidth=0.08, name='fixation0', opacity=1.0, ori=0.0, pos=array([0., 0.]), size=array([0.03, 0.06]), units='norm', vertices=ndarray(...), win=Window(...), windingRule=None)
14.1101 	EXP 	window1: mouseVisible = True
14.1163 	EXP 	Created left_image_0 = ImageStim(__class__=<class 'psychopy.visual.image.ImageStim'>, anchor=('center', 'center'), autoLog=True, color=array([1., 1., 1.]), colorSpace='rgb', contrast=1.0, depth=-1.0, draggable=False, flipHoriz=False, flipVert=False, image='default.png', interpolate=True, mask=None, maskParams=None, name='left_image_0', opacity=1.0, ori=0.0, pos=array([-0.5,  0. ]), size=array([0.5, 0.5]), texRes=128.0, units='height', win=Window(...))
14.1164 	EXP 	window1: mouseVisible = True
14.1215 	EXP 	Created right_image_0 = ImageStim(__class__=<class 'psychopy.visual.image.ImageStim'>, anchor=('center', 'center'), autoLog=True, color=array([1., 1., 1.]), colorSpace='rgb', contrast=1.0, depth=-2.0, draggable=False, flipHoriz=False, flipVert=False, image='default.png', interpolate=True, mask=None, maskParams=None, name='right_image_0', opacity=1.0, ori=0.0, pos=array([0.5, 0. ]), size=array([0.5, 0.5]), texRes=128.0, units='height', win=Window(...))
14.1217 	EXP 	window1: mouseVisible = True
14.1229 	EXP 	Created polygon_0 = Rect(__class__=<class 'psychopy.visual.rect.Rect'>, anchor=('center', 'center'), autoDraw=False, autoLog=True, closeShape=True, color=method-wrapper(...), colorSpace='rgb', contrast=None, depth=-5.0, draggable=False, fillColor=array([0., 0., 0.]), fillColorSpace='rgb', fillRGB=array([0., 0., 0.]), interpolate=True, lineColor=array([-0.5765,  0.0039,  1.    ]), lineColorSpace='rgb', lineRGB=array([-0.5765,  0.0039,  1.    ]), lineWidth=20.0, name='polygon_0', opacity=0.3, ori=0.0, pos=array([0., 0.]), size=array([0.5, 0.5]), units='height', vertices=ndarray(...), win=Window(...))
14.1231 	EXP 	window1: mouseVisible = True
14.1233 	EXP 	window1: mouseVisible = True
14.1240 	EXP 	window1: mouseVisible = True
14.1245 	EXP 	window1: mouseVisible = True
14.1303 	EXP 	window1: mouseVisible = True
14.1304 	EXP 	window1: mouseVisible = True
14.1310 	EXP 	window1: mouseVisible = True
14.1316 	EXP 	window1: mouseVisible = True
14.1380 	DEBUG 	TextBox2 loaded 1 chars with 0 blanks and 1 valid
14.1409 	DEBUG 	TextBox2 loaded 1 chars with 0 blanks and 1 valid
14.1437 	DEBUG 	TextBox2 loaded 1 chars with 0 blanks and 1 valid
14.1462 	DEBUG 	TextBox2 loaded 1 chars with 0 blanks and 1 valid
14.1483 	DEBUG 	TextBox2 loaded 1 chars with 0 blanks and 1 valid
14.1504 	DEBUG 	TextBox2 loaded 1 chars with 0 blanks and 1 valid
14.1530 	DEBUG 	TextBox2 loaded 1 chars with 0 blanks and 1 valid
14.1553 	DEBUG 	TextBox2 loaded 1 chars with 0 blanks and 1 valid
14.1574 	DEBUG 	TextBox2 loaded 1 chars with 0 blanks and 1 valid
14.1577 	DEBUG 	Uploading Texture Font fontname to graphics card
14.1628 	DEBUG 	Upload of Texture Font fontname complete
14.1645 	EXP 	window1: mouseVisible = True
14.1646 	EXP 	window1: mouseVisible = True
14.1653 	EXP 	window1: mouseVisible = True
14.1660 	EXP 	window1: mouseVisible = True
14.1707 	EXP 	window1: mouseVisible = True
14.1708 	EXP 	window1: mouseVisible = True
14.1715 	EXP 	window1: mouseVisible = True
14.1720 	EXP 	window1: mouseVisible = True
14.1763 	EXP 	window1: mouseVisible = True
14.1780 	EXP 	Created text_no_resp_0 = TextStim(__class__=<class 'psychopy.visual.text.TextStim'>, alignHoriz=method-wrapper(...), alignText='center', alignVert=method-wrapper(...), anchorHoriz='center', anchorVert='center', antialias=True, autoDraw=False, autoLog=True, bold=False, color=array([-1., -1., -1.]), colorSpace='rgb', contrast=1.0, depth=-8.0, draggable=False, flipHoriz=False, flipVert=False, font='Arial', fontFiles=[], height=0.05, italic=False, languageStyle='Arabic', name='text_no_resp_0', opacity=1.0, ori=0.0, pos=array([0., 0.]), rgb=UNKNOWN, text='', units='height', win=Window(...), wrapWidth=1)
14.1781 	EXP 	window1: mouseVisible = True
14.1980 	EXP 	Created text1 = TextStim(__class__=<class 'psychopy.visual.text.TextStim'>, alignHoriz=method-wrapper(...), alignText='center', alignVert=method-wrapper(...), anchorHoriz='center', anchorVert='center', antialias=True, autoDraw=False, autoLog=True, bold=False, color=array([-1., -1., -1.]), colorSpace='rgb', contrast=1.0, depth=0.0, draggable=False, flipHoriz=False, flipVert=False, font='Arial', fontFiles=[], height=0.05, italic=False, languageStyle='Arabic', name='text1', opacity=1.0, ori=0.0, pos=array([0., 0.]), rgb=UNKNOWN, text=str(...), units='height', win=Window(...), wrapWidth=1)
14.1982 	EXP 	window1: mouseVisible = True
14.2016 	EXP 	Created fixation1 = ShapeStim(__class__=<class 'psychopy.visual.shape.ShapeStim'>, anchor=('center', 'center'), autoDraw=False, autoLog=True, closeShape=True, color=method-wrapper(...), colorSpace='rgb', contrast=None, depth=0.0, draggable=False, fillColor=array([-1, -1, -1]), fillColorSpace='rgb', fillRGB=array([-1, -1, -1]), interpolate=True, lineColor=array([-1., -1., -1.]), lineColorSpace='rgb', lineRGB=array([-1., -1., -1.]), lineWidth=0.08, name='fixation1', opacity=1.0, ori=0.0, pos=array([0., 0.]), size=array([0.03, 0.06]), units='norm', vertices=ndarray(...), win=Window(...), windingRule=None)
14.2018 	EXP 	window1: mouseVisible = True
14.2133 	EXP 	Created left_image = ImageStim(__class__=<class 'psychopy.visual.image.ImageStim'>, anchor=('center', 'center'), autoLog=True, color=array([1., 1., 1.]), colorSpace='rgb', contrast=1.0, depth=-1.0, draggable=False, flipHoriz=False, flipVert=False, image='default.png', interpolate=True, mask=None, maskParams=None, name='left_image', opacity=1.0, ori=0.0, pos=array([-0.5,  0. ]), size=array([0.5, 0.5]), texRes=128.0, units='height', win=Window(...))
14.2135 	EXP 	window1: mouseVisible = True
14.2207 	EXP 	Created right_image = ImageStim(__class__=<class 'psychopy.visual.image.ImageStim'>, anchor=('center', 'center'), autoLog=True, color=array([1., 1., 1.]), colorSpace='rgb', contrast=1.0, depth=-2.0, draggable=False, flipHoriz=False, flipVert=False, image='default.png', interpolate=True, mask=None, maskParams=None, name='right_image', opacity=1.0, ori=0.0, pos=array([0.5, 0. ]), size=array([0.5, 0.5]), texRes=128.0, units='height', win=Window(...))
14.2211 	EXP 	window1: mouseVisible = True
14.2235 	EXP 	Created polygon = Rect(__class__=<class 'psychopy.visual.rect.Rect'>, anchor=('center', 'center'), autoDraw=False, autoLog=True, closeShape=True, color=method-wrapper(...), colorSpace='rgb', contrast=None, depth=-5.0, draggable=False, fillColor=array([0., 0., 0.]), fillColorSpace='rgb', fillRGB=array([0., 0., 0.]), interpolate=True, lineColor=array([-0.5765,  0.0039,  1.    ]), lineColorSpace='rgb', lineRGB=array([-0.5765,  0.0039,  1.    ]), lineWidth=20.0, name='polygon', opacity=0.3, ori=0.0, pos=array([0., 0.]), size=array([0.5, 0.5]), units='height', vertices=ndarray(...), win=Window(...))
14.2238 	EXP 	window1: mouseVisible = True
14.2240 	EXP 	window1: mouseVisible = True
14.2247 	EXP 	window1: mouseVisible = True
14.2253 	EXP 	window1: mouseVisible = True
14.2302 	EXP 	window1: mouseVisible = True
14.2303 	EXP 	window1: mouseVisible = True
14.2310 	EXP 	window1: mouseVisible = True
14.2317 	EXP 	window1: mouseVisible = True
14.2368 	EXP 	window1: mouseVisible = True
14.2370 	EXP 	window1: mouseVisible = True
14.2376 	EXP 	window1: mouseVisible = True
14.2382 	EXP 	window1: mouseVisible = True
14.2424 	EXP 	window1: mouseVisible = True
14.2426 	EXP 	window1: mouseVisible = True
14.2433 	EXP 	window1: mouseVisible = True
14.2438 	EXP 	window1: mouseVisible = True
14.2481 	EXP 	window1: mouseVisible = True
14.2498 	EXP 	Created text_no_resp = TextStim(__class__=<class 'psychopy.visual.text.TextStim'>, alignHoriz=method-wrapper(...), alignText='center', alignVert=method-wrapper(...), anchorHoriz='center', anchorVert='center', antialias=True, autoDraw=False, autoLog=True, bold=False, color=array([-1., -1., -1.]), colorSpace='rgb', contrast=1.0, depth=-8.0, draggable=False, flipHoriz=False, flipVert=False, font='Arial', fontFiles=[], height=0.05, italic=False, languageStyle='Arabic', name='text_no_resp', opacity=1.0, ori=0.0, pos=array([0., 0.]), rgb=UNKNOWN, text='', units='height', win=Window(...), wrapWidth=1)
14.2499 	EXP 	window1: mouseVisible = True
14.2783 	EXP 	Created text2 = TextStim(__class__=<class 'psychopy.visual.text.TextStim'>, alignHoriz=method-wrapper(...), alignText='center', alignVert=method-wrapper(...), anchorHoriz='center', anchorVert='center', antialias=True, autoDraw=False, autoLog=True, bold=False, color=array([-1., -1., -1.]), colorSpace='rgb', contrast=1.0, depth=0.0, draggable=False, flipHoriz=False, flipVert=False, font='Arial', fontFiles=[], height=0.05, italic=False, languageStyle='Arabic', name='text2', opacity=1.0, ori=0.0, pos=array([0., 0.]), rgb=UNKNOWN, text=str(...), units='height', win=Window(...), wrapWidth=1)
14.2785 	EXP 	window1: mouseVisible = True
14.2806 	EXP 	Created fixation2 = ShapeStim(__class__=<class 'psychopy.visual.shape.ShapeStim'>, anchor=('center', 'center'), autoDraw=False, autoLog=True, closeShape=True, color=method-wrapper(...), colorSpace='rgb', contrast=None, depth=0.0, draggable=False, fillColor=array([-1, -1, -1]), fillColorSpace='rgb', fillRGB=array([-1, -1, -1]), interpolate=True, lineColor=array([-1., -1., -1.]), lineColorSpace='rgb', lineRGB=array([-1., -1., -1.]), lineWidth=0.08, name='fixation2', opacity=1.0, ori=0.0, pos=array([0., 0.]), size=array([0.03, 0.06]), units='norm', vertices=ndarray(...), win=Window(...), windingRule=None)
14.2807 	EXP 	window1: mouseVisible = True
14.2858 	EXP 	Created left_image_2 = ImageStim(__class__=<class 'psychopy.visual.image.ImageStim'>, anchor=('center', 'center'), autoLog=True, color=array([1., 1., 1.]), colorSpace='rgb', contrast=1.0, depth=-1.0, draggable=False, flipHoriz=False, flipVert=False, image='default.png', interpolate=True, mask=None, maskParams=None, name='left_image_2', opacity=1.0, ori=0.0, pos=array([-0.5,  0. ]), size=array([0.5, 0.5]), texRes=128.0, units='height', win=Window(...))
14.2859 	EXP 	window1: mouseVisible = True
14.2905 	EXP 	Created right_image_2 = ImageStim(__class__=<class 'psychopy.visual.image.ImageStim'>, anchor=('center', 'center'), autoLog=True, color=array([1., 1., 1.]), colorSpace='rgb', contrast=1.0, depth=-2.0, draggable=False, flipHoriz=False, flipVert=False, image='default.png', interpolate=True, mask=None, maskParams=None, name='right_image_2', opacity=1.0, ori=0.0, pos=array([0.5, 0. ]), size=array([0.5, 0.5]), texRes=128.0, units='height', win=Window(...))
14.2906 	EXP 	window1: mouseVisible = True
14.2918 	EXP 	Created polygon_2 = Rect(__class__=<class 'psychopy.visual.rect.Rect'>, anchor=('center', 'center'), autoDraw=False, autoLog=True, closeShape=True, color=method-wrapper(...), colorSpace='rgb', contrast=None, depth=-5.0, draggable=False, fillColor=array([0., 0., 0.]), fillColorSpace='rgb', fillRGB=array([0., 0., 0.]), interpolate=True, lineColor=array([-0.5765,  0.0039,  1.    ]), lineColorSpace='rgb', lineRGB=array([-0.5765,  0.0039,  1.    ]), lineWidth=20.0, name='polygon_2', opacity=0.3, ori=0.0, pos=array([0., 0.]), size=array([0.5, 0.5]), units='height', vertices=ndarray(...), win=Window(...))
14.2992 	EXP 	window1: mouseVisible = True
14.2997 	EXP 	window1: mouseVisible = True
14.3031 	EXP 	window1: mouseVisible = True
14.3033 	EXP 	window1: mouseVisible = True
14.3043 	EXP 	window1: mouseVisible = True
14.3049 	EXP 	window1: mouseVisible = True
14.3129 	DEBUG 	TextBox2 loaded 1 chars with 0 blanks and 1 valid
14.3133 	DEBUG 	Uploading Texture Font fontname to graphics card
14.3145 	DEBUG 	Upload of Texture Font fontname complete
14.3168 	EXP 	window1: mouseVisible = True
14.3172 	EXP 	window1: mouseVisible = True
14.3181 	EXP 	window1: mouseVisible = True
14.3186 	EXP 	window1: mouseVisible = True
14.3233 	DEBUG 	TextBox2 loaded 1 chars with 0 blanks and 1 valid
14.3244 	DEBUG 	Uploading Texture Font fontname to graphics card
14.3274 	DEBUG 	Upload of Texture Font fontname complete
14.3300 	EXP 	window1: mouseVisible = True
14.3302 	EXP 	window1: mouseVisible = True
14.3309 	EXP 	window1: mouseVisible = True
14.3315 	EXP 	window1: mouseVisible = True
14.3366 	DEBUG 	TextBox2 loaded 1 chars with 0 blanks and 1 valid
14.3369 	DEBUG 	Uploading Texture Font fontname to graphics card
14.3584 	DEBUG 	Upload of Texture Font fontname complete
14.3620 	EXP 	window1: mouseVisible = True
14.3623 	EXP 	window1: mouseVisible = True
14.3635 	EXP 	window1: mouseVisible = True
14.3645 	EXP 	window1: mouseVisible = True
14.3756 	EXP 	window1: mouseVisible = True
14.3759 	EXP 	window1: mouseVisible = True
14.3771 	EXP 	window1: mouseVisible = True
14.3781 	EXP 	window1: mouseVisible = True
14.3866 	DEBUG 	TextBox2 loaded 1 chars with 0 blanks and 1 valid
14.3872 	DEBUG 	Uploading Texture Font fontname to graphics card
14.4089 	DEBUG 	Upload of Texture Font fontname complete
14.4118 	EXP 	window1: mouseVisible = True
14.4121 	EXP 	window1: mouseVisible = True
14.4130 	EXP 	window1: mouseVisible = True
14.4138 	EXP 	window1: mouseVisible = True
14.4244 	EXP 	window1: mouseVisible = True
14.4247 	EXP 	window1: mouseVisible = True
14.4256 	EXP 	window1: mouseVisible = True
14.4266 	EXP 	window1: mouseVisible = True
14.4342 	DEBUG 	TextBox2 loaded 1 chars with 0 blanks and 1 valid
14.4346 	DEBUG 	Uploading Texture Font fontname to graphics card
14.4457 	DEBUG 	Upload of Texture Font fontname complete
14.4481 	EXP 	window1: mouseVisible = True
14.4483 	EXP 	window1: mouseVisible = True
14.4491 	EXP 	window1: mouseVisible = True
14.4498 	EXP 	window1: mouseVisible = True
14.4569 	EXP 	window1: mouseVisible = True
14.4572 	EXP 	window1: mouseVisible = True
14.4579 	EXP 	window1: mouseVisible = True
14.4586 	EXP 	window1: mouseVisible = True
14.4645 	DEBUG 	TextBox2 loaded 1 chars with 0 blanks and 1 valid
14.4648 	DEBUG 	Uploading Texture Font fontname to graphics card
14.4727 	DEBUG 	Upload of Texture Font fontname complete
14.4746 	EXP 	window1: mouseVisible = True
14.4748 	EXP 	window1: mouseVisible = True
14.4757 	EXP 	window1: mouseVisible = True
14.4765 	EXP 	window1: mouseVisible = True
14.4841 	EXP 	window1: mouseVisible = True
14.4843 	EXP 	window1: mouseVisible = True
14.4852 	EXP 	window1: mouseVisible = True
14.4862 	EXP 	window1: mouseVisible = True
14.4931 	DEBUG 	TextBox2 loaded 1 chars with 0 blanks and 1 valid
14.4934 	DEBUG 	Uploading Texture Font fontname to graphics card
14.5036 	DEBUG 	Upload of Texture Font fontname complete
14.5056 	EXP 	window1: mouseVisible = True
14.5058 	EXP 	window1: mouseVisible = True
14.5065 	EXP 	window1: mouseVisible = True
14.5071 	EXP 	window1: mouseVisible = True
14.5133 	EXP 	window1: mouseVisible = True
14.5135 	EXP 	window1: mouseVisible = True
14.5141 	EXP 	window1: mouseVisible = True
14.5146 	EXP 	window1: mouseVisible = True
14.5195 	DEBUG 	TextBox2 loaded 1 chars with 0 blanks and 1 valid
14.5198 	DEBUG 	Uploading Texture Font fontname to graphics card
14.5287 	DEBUG 	Upload of Texture Font fontname complete
14.5305 	EXP 	window1: mouseVisible = True
14.5307 	EXP 	window1: mouseVisible = True
14.5314 	EXP 	window1: mouseVisible = True
14.5319 	EXP 	window1: mouseVisible = True
14.5373 	EXP 	window1: mouseVisible = True
14.5375 	EXP 	window1: mouseVisible = True
14.5380 	EXP 	window1: mouseVisible = True
14.5386 	EXP 	window1: mouseVisible = True
14.5434 	DEBUG 	TextBox2 loaded 1 chars with 0 blanks and 1 valid
14.5437 	DEBUG 	Uploading Texture Font fontname to graphics card
14.5508 	DEBUG 	Upload of Texture Font fontname complete
14.5526 	EXP 	window1: mouseVisible = True
14.5528 	EXP 	window1: mouseVisible = True
14.5534 	EXP 	window1: mouseVisible = True
14.5540 	EXP 	window1: mouseVisible = True
14.5593 	EXP 	window1: mouseVisible = True
14.5596 	EXP 	window1: mouseVisible = True
14.5605 	EXP 	window1: mouseVisible = True
14.5611 	EXP 	window1: mouseVisible = True
14.5663 	DEBUG 	TextBox2 loaded 1 chars with 0 blanks and 1 valid
14.5666 	DEBUG 	Uploading Texture Font fontname to graphics card
14.5752 	DEBUG 	Upload of Texture Font fontname complete
14.5771 	EXP 	window1: mouseVisible = True
14.5773 	EXP 	window1: mouseVisible = True
14.5780 	EXP 	window1: mouseVisible = True
14.5785 	EXP 	window1: mouseVisible = True
14.5845 	EXP 	window1: mouseVisible = True
14.5847 	EXP 	window1: mouseVisible = True
14.5854 	EXP 	window1: mouseVisible = True
14.5859 	EXP 	window1: mouseVisible = True
14.5913 	DEBUG 	TextBox2 loaded 1 chars with 0 blanks and 1 valid
14.5916 	DEBUG 	Uploading Texture Font fontname to graphics card
14.6012 	DEBUG 	Upload of Texture Font fontname complete
14.6032 	EXP 	window1: mouseVisible = True
14.6036 	EXP 	window1: mouseVisible = True
14.6045 	EXP 	window1: mouseVisible = True
14.6051 	EXP 	window1: mouseVisible = True
14.6110 	EXP 	window1: mouseVisible = True
14.6112 	EXP 	window1: mouseVisible = True
14.6118 	EXP 	window1: mouseVisible = True
14.6124 	EXP 	window1: mouseVisible = True
14.6178 	EXP 	window1: mouseVisible = True
14.6180 	EXP 	window1: mouseVisible = True
14.6185 	EXP 	window1: mouseVisible = True
14.6191 	EXP 	window1: mouseVisible = True
14.6248 	EXP 	window1: mouseVisible = True
14.6262 	EXP 	window1: mouseVisible = True
14.7381 	EXP 	Created slider_trns = Slider(__class__=<class 'psychopy.visual.slider.Slider'>, autoDraw=False, autoLog=True, borderColor=None, color=None, colorSpace='rgb', depth=0, fillColor=None, flip=False, font='Open Sans', granularity=5.0, labelColor=None, labelHeight=0.05, labelWrapWidth=None, labels=(0, 10, 20, 30, 40, 50, 60, 70, 80, 90, 100), lineColor=None, markerColor=None, name='slider_trns', opacity=None, ori=0.0, pos=array([0., 0.]), readOnly=False, self=UNKNOWN, size=array([1. , 0.1]), startValue=50, style='slider', styleTweaks=[], ticks=ndarray(...), units='height', win=Window(...))
14.7383 	EXP 	window1: mouseVisible = True
14.7384 	EXP 	window1: mouseVisible = True
14.7520 	EXP 	Created text3 = TextStim(__class__=<class 'psychopy.visual.text.TextStim'>, alignHoriz=method-wrapper(...), alignText='center', alignVert=method-wrapper(...), anchorHoriz='center', anchorVert='center', antialias=True, autoDraw=False, autoLog=True, bold=False, color=array([-1., -1., -1.]), colorSpace='rgb', contrast=1.0, depth=0.0, draggable=False, flipHoriz=False, flipVert=False, font='Arial', fontFiles=[], height=0.05, italic=False, languageStyle='Arabic', name='text3', opacity=1.0, ori=0.0, pos=array([0., 0.]), rgb=UNKNOWN, text=str(...), units='height', win=Window(...), wrapWidth=1)
14.7521 	EXP 	window1: mouseVisible = True
14.7542 	EXP 	Created fixation3 = ShapeStim(__class__=<class 'psychopy.visual.shape.ShapeStim'>, anchor=('center', 'center'), autoDraw=False, autoLog=True, closeShape=True, color=method-wrapper(...), colorSpace='rgb', contrast=None, depth=0.0, draggable=False, fillColor=array([-1, -1, -1]), fillColorSpace='rgb', fillRGB=array([-1, -1, -1]), interpolate=True, lineColor=array([-1., -1., -1.]), lineColorSpace='rgb', lineRGB=array([-1., -1., -1.]), lineWidth=0.08, name='fixation3', opacity=1.0, ori=0.0, pos=array([0., 0.]), size=array([0.03, 0.06]), units='norm', vertices=ndarray(...), win=Window(...), windingRule=None)
14.7544 	EXP 	window1: mouseVisible = True
14.7598 	EXP 	Created image_3 = ImageStim(__class__=<class 'psychopy.visual.image.ImageStim'>, anchor=('center', 'center'), autoLog=True, color=array([1., 1., 1.]), colorSpace='rgb', contrast=1.0, depth=-1.0, draggable=False, flipHoriz=False, flipVert=False, image='default.png', interpolate=True, mask=None, maskParams=None, name='image_3', opacity=1.0, ori=0.0, pos=array([0. , 0.2]), size=array([0.5, 0.5]), texRes=128.0, units='height', win=Window(...))
14.7633 	EXP 	window1: mouseVisible = True
14.7637 	EXP 	window1: mouseVisible = True
14.7665 	EXP 	window1: mouseVisible = True
14.7667 	EXP 	window1: mouseVisible = True
14.7676 	EXP 	window1: mouseVisible = True
14.7681 	EXP 	window1: mouseVisible = True
14.7733 	EXP 	window1: mouseVisible = True
14.7734 	EXP 	window1: mouseVisible = True
14.7740 	EXP 	window1: mouseVisible = True
14.7745 	EXP 	window1: mouseVisible = True
14.7804 	EXP 	window1: mouseVisible = True
14.7805 	EXP 	window1: mouseVisible = True
14.7811 	EXP 	window1: mouseVisible = True
14.7816 	EXP 	window1: mouseVisible = True
14.7867 	EXP 	window1: mouseVisible = True
14.7868 	EXP 	window1: mouseVisible = True
14.7874 	EXP 	window1: mouseVisible = True
14.7880 	EXP 	window1: mouseVisible = True
14.7939 	EXP 	window1: mouseVisible = True
14.7941 	EXP 	window1: mouseVisible = True
14.7947 	EXP 	window1: mouseVisible = True
14.7952 	EXP 	window1: mouseVisible = True
14.7997 	EXP 	window1: mouseVisible = True
14.8000 	EXP 	window1: mouseVisible = True
14.8008 	EXP 	window1: mouseVisible = True
14.8013 	EXP 	window1: mouseVisible = True
14.8070 	EXP 	window1: mouseVisible = True
14.8071 	EXP 	window1: mouseVisible = True
14.8077 	EXP 	window1: mouseVisible = True
14.8082 	EXP 	window1: mouseVisible = True
14.8131 	EXP 	window1: mouseVisible = True
14.8132 	EXP 	window1: mouseVisible = True
14.8138 	EXP 	window1: mouseVisible = True
14.8143 	EXP 	window1: mouseVisible = True
14.8205 	EXP 	window1: mouseVisible = True
14.8207 	EXP 	window1: mouseVisible = True
14.8213 	EXP 	window1: mouseVisible = True
14.8218 	EXP 	window1: mouseVisible = True
14.8270 	EXP 	window1: mouseVisible = True
14.8271 	EXP 	window1: mouseVisible = True
14.8277 	EXP 	window1: mouseVisible = True
14.8283 	EXP 	window1: mouseVisible = True
14.8346 	EXP 	window1: mouseVisible = True
14.8348 	EXP 	window1: mouseVisible = True
14.8353 	EXP 	window1: mouseVisible = True
14.8359 	EXP 	window1: mouseVisible = True
14.8414 	EXP 	window1: mouseVisible = True
14.8415 	EXP 	window1: mouseVisible = True
14.8421 	EXP 	window1: mouseVisible = True
14.8426 	EXP 	window1: mouseVisible = True
14.8482 	EXP 	window1: mouseVisible = True
14.8484 	EXP 	window1: mouseVisible = True
14.8489 	EXP 	window1: mouseVisible = True
14.8496 	EXP 	window1: mouseVisible = True
14.8554 	EXP 	window1: mouseVisible = True
14.8556 	EXP 	window1: mouseVisible = True
14.8563 	EXP 	window1: mouseVisible = True
14.8569 	EXP 	window1: mouseVisible = True
14.8624 	EXP 	window1: mouseVisible = True
14.8625 	EXP 	window1: mouseVisible = True
14.8631 	EXP 	window1: mouseVisible = True
14.8637 	EXP 	window1: mouseVisible = True
14.8690 	EXP 	window1: mouseVisible = True
14.8692 	EXP 	window1: mouseVisible = True
14.8699 	EXP 	window1: mouseVisible = True
14.8704 	EXP 	window1: mouseVisible = True
14.8762 	EXP 	window1: mouseVisible = True
14.8764 	EXP 	window1: mouseVisible = True
14.8769 	EXP 	window1: mouseVisible = True
14.8775 	EXP 	window1: mouseVisible = True
14.8823 	EXP 	window1: mouseVisible = True
14.8825 	EXP 	window1: mouseVisible = True
14.8835 	EXP 	window1: mouseVisible = True
14.8842 	EXP 	window1: mouseVisible = True
14.8899 	EXP 	window1: mouseVisible = True
14.8901 	EXP 	window1: mouseVisible = True
14.8907 	EXP 	window1: mouseVisible = True
14.8912 	EXP 	window1: mouseVisible = True
14.8957 	EXP 	window1: mouseVisible = True
14.8959 	EXP 	window1: mouseVisible = True
14.8964 	EXP 	window1: mouseVisible = True
14.8970 	EXP 	window1: mouseVisible = True
14.9031 	EXP 	window1: mouseVisible = True
14.9033 	EXP 	window1: mouseVisible = True
14.9039 	EXP 	window1: mouseVisible = True
14.9044 	EXP 	window1: mouseVisible = True
14.9105 	EXP 	window1: mouseVisible = True
14.9106 	EXP 	window1: mouseVisible = True
14.9112 	EXP 	window1: mouseVisible = True
14.9117 	EXP 	window1: mouseVisible = True
14.9180 	EXP 	window1: mouseVisible = True
14.9204 	EXP 	window1: mouseVisible = True
15.0572 	EXP 	Created slider_estm = Slider(__class__=<class 'psychopy.visual.slider.Slider'>, autoDraw=False, autoLog=True, borderColor=None, color=None, colorSpace='rgb', depth=-2, fillColor=None, flip=False, font='Open Sans', granularity=5.0, labelColor=None, labelHeight=0.05, labelWrapWidth=None, labels=(0, 10, 20, 30, 40, 50, 60, 70, 80, 90, 100), lineColor=None, markerColor=None, name='slider_estm', opacity=None, ori=0.0, pos=array([ 0. , -0.2]), readOnly=False, self=UNKNOWN, size=array([1. , 0.1]), startValue=50, style='slider', styleTweaks=[], ticks=ndarray(...), units='height', win=Window(...))
15.0573 	EXP 	window1: mouseVisible = True
15.0574 	EXP 	window1: mouseVisible = True
15.0648 	EXP 	Created text4 = TextStim(__class__=<class 'psychopy.visual.text.TextStim'>, alignHoriz=method-wrapper(...), alignText='center', alignVert=method-wrapper(...), anchorHoriz='center', anchorVert='center', antialias=True, autoDraw=False, autoLog=True, bold=False, color=array([-1., -1., -1.]), colorSpace='rgb', contrast=1.0, depth=0.0, draggable=False, flipHoriz=False, flipVert=False, font='Arial', fontFiles=[], height=0.05, italic=False, languageStyle='Arabic', name='text4', opacity=1.0, ori=0.0, pos=array([0. , 0.2]), rgb=UNKNOWN, text=str(...), units='height', win=Window(...), wrapWidth=1)
15.0651 	EXP 	window1: mouseVisible = True
15.0653 	EXP 	window1: mouseVisible = True
15.0659 	EXP 	window1: mouseVisible = True
15.0666 	EXP 	window1: mouseVisible = True
15.0719 	EXP 	window1: mouseVisible = True
15.0721 	EXP 	window1: mouseVisible = True
15.0727 	EXP 	window1: mouseVisible = True
15.0732 	EXP 	window1: mouseVisible = True
0.0610 	EXP 	left_learning_reward_0: autoLog = True
0.0610 	EXP 	right_learning_reward_0: autoLog = True
0.0610 	EXP 	left_learning_reward: autoLog = True
0.0610 	EXP 	right_learning_reward: autoLog = True
0.0610 	EXP 	slider_trns: autoLog = True
0.0610 	EXP 	slider_trns: styleTweaks = []
0.0610 	EXP 	slider_trns: styleTweaks = []
0.0610 	EXP 	slider_trns: styleTweaks = []
0.0610 	EXP 	slider_trns: styleTweaks = []
0.0610 	EXP 	slider_trns: contrast = 1.0
0.0610 	EXP 	slider_trns: markerPos = 50
0.0610 	EXP 	slider_trns: autoLog = True
0.0610 	EXP 	slider_estm: autoLog = True
0.0610 	EXP 	slider_estm: styleTweaks = []
0.0610 	EXP 	slider_estm: styleTweaks = []
0.0610 	EXP 	slider_estm: styleTweaks = []
0.0610 	EXP 	slider_estm: styleTweaks = []
0.0610 	EXP 	slider_estm: contrast = 1.0
0.0610 	EXP 	slider_estm: markerPos = 50
0.0610 	EXP 	slider_estm: autoLog = True
0.0610 	EXP 	totalRewardText: autoLog = True
0.0955 	INFO 	Keyboard events cleared
0.0950 	EXP 	text0: autoDraw = True
20.5854 	EXP 	Created sequence: random, trialTypes=1, nReps=1, seed=None
20.5857 	EXP 	New trial (rep=0, index=0): None
20.5888 	DATA 	Keypress: space
20.6068 	EXP 	text0: autoDraw = False
20.6068 	EXP 	fixation0: autoDraw = True
21.7323 	INFO 	Keyboard events cleared
21.7306 	EXP 	fixation0: autoDraw = False
21.7306 	EXP 	left_image_0: image = '1-4.jpg'
21.7306 	EXP 	right_image_0: image = '1-3.jpg'
21.7306 	EXP 	left_image_0: autoDraw = True
21.7306 	EXP 	right_image_0: autoDraw = True
22.5704 	DEBUG 	TextBox2 loaded 1 chars with 0 blanks and 1 valid
22.5756 	DEBUG 	TextBox2 loaded 1 chars with 0 blanks and 1 valid
22.5794 	DEBUG 	TextBox2 loaded 1 chars with 0 blanks and 1 valid
22.5829 	DEBUG 	TextBox2 loaded 1 chars with 0 blanks and 1 valid
22.5855 	DEBUG 	TextBox2 loaded 1 chars with 0 blanks and 1 valid
22.5891 	DEBUG 	TextBox2 loaded 1 chars with 0 blanks and 1 valid
22.5921 	DEBUG 	TextBox2 loaded 1 chars with 0 blanks and 1 valid
22.5925 	DEBUG 	Uploading Texture Font fontname to graphics card
22.6072 	DEBUG 	Upload of Texture Font fontname complete
22.6100 	DATA 	Keypress: right
25.6074 	EXP 	polygon_0: autoDraw = True
25.6074 	EXP 	left_learning_reward_0: autoDraw = True
25.6074 	EXP 	right_learning_reward_0: autoDraw = True
26.6085 	EXP 	polygon_0: autoDraw = False
26.6085 	EXP 	left_learning_reward_0: autoDraw = False
26.6085 	EXP 	right_learning_reward_0: autoDraw = False
26.7427 	EXP 	left_image_0: autoDraw = False
26.7427 	EXP 	right_image_0: autoDraw = False
27.6087 	INFO 	Keyboard events cleared
27.6081 	EXP 	left_image_0: autoDraw = False
27.6081 	EXP 	right_image_0: autoDraw = False
27.6081 	EXP 	polygon_0: autoDraw = False
27.6081 	EXP 	left_learning_reward_0: autoDraw = False
27.6081 	EXP 	right_learning_reward_0: autoDraw = False
27.6081 	EXP 	text_no_resp_0: autoDraw = False
27.6081 	EXP 	text1: autoDraw = True
28.5628 	EXP 	Created sequence: random, trialTypes=1, nReps=2, seed=None
28.5631 	EXP 	New trial (rep=0, index=0): None
28.5653 	DATA 	Keypress: space
28.5748 	EXP 	text1: autoDraw = False
28.5748 	EXP 	fixation1: autoDraw = True
29.5636 	EXP 	window1: backgroundImage = ''
29.5636 	EXP 	window1: backgroundFit = 'none'
29.6621 	INFO 	Keyboard events cleared
29.6617 	EXP 	fixation1: autoDraw = False
29.6617 	EXP 	left_image: image = '4.jpg'
29.6617 	EXP 	right_image: image = '3.jpg'
29.6617 	EXP 	left_image: autoDraw = True
29.6617 	EXP 	right_image: autoDraw = True
29.9859 	DEBUG 	TextBox2 loaded 1 chars with 0 blanks and 1 valid
29.9863 	DEBUG 	Uploading Texture Font fontname to graphics card
29.9884 	DEBUG 	Upload of Texture Font fontname complete
29.9913 	DATA 	Keypress: right
33.5915 	EXP 	polygon: autoDraw = True
33.5915 	EXP 	left_learning_reward: autoDraw = True
33.5915 	EXP 	right_learning_reward: autoDraw = True
34.6095 	EXP 	polygon: autoDraw = False
34.6095 	EXP 	left_learning_reward: autoDraw = False
34.6095 	EXP 	right_learning_reward: autoDraw = False
34.6752 	EXP 	left_image: autoDraw = False
34.6752 	EXP 	right_image: autoDraw = False
35.5624 	DEBUG 	Fullscreen settings ignored as running in pilot mode.
35.5632 	EXP 	window1: backgroundImage = ''
35.5632 	EXP 	window1: backgroundFit = 'none'
35.5632 	EXP 	window1: units = 'height'
35.5663 	EXP 	window1: Attempting to measure frame rate of screen (0) ...
35.5664 	EXP 	window1: recordFrameIntervals = False
35.5742 	EXP 	left_image: autoDraw = False
35.5742 	EXP 	right_image: autoDraw = False
35.5742 	EXP 	polygon: autoDraw = False
35.5742 	EXP 	left_learning_reward: autoDraw = False
35.5742 	EXP 	right_learning_reward: autoDraw = False
35.5742 	EXP 	text_no_resp: autoDraw = False
35.7303 	EXP 	window1: recordFrameIntervals = True
35.9122 	EXP 	Screen (0) actual frame rate measured at 60.27Hz
35.9122 	EXP 	window1: recordFrameIntervals = False
35.9123 	EXP 	window1: mouseVisible = False
35.9130 	EXP 	New trial (rep=1, index=0): None
35.9251 	EXP 	fixation1: autoDraw = True
36.9147 	EXP 	window1: backgroundImage = ''
36.9147 	EXP 	window1: backgroundFit = 'none'
37.0283 	INFO 	Keyboard events cleared
37.0275 	EXP 	fixation1: autoDraw = False
37.0275 	EXP 	left_image: image = '4.jpg'
37.0275 	EXP 	right_image: image = '3.jpg'
37.0275 	EXP 	left_image: autoDraw = True
37.0275 	EXP 	right_image: autoDraw = True
40.9248 	EXP 	polygon: autoDraw = True
40.9248 	EXP 	left_learning_reward: autoDraw = True
40.9248 	EXP 	right_learning_reward: autoDraw = True
41.9249 	EXP 	polygon: autoDraw = False
41.9249 	EXP 	left_learning_reward: autoDraw = False
41.9249 	EXP 	right_learning_reward: autoDraw = False
42.0415 	EXP 	left_image: autoDraw = False
42.0415 	EXP 	right_image: autoDraw = False
42.9231 	EXP 	text_no_resp: autoDraw = True
43.9173 	DEBUG 	Fullscreen settings ignored as running in pilot mode.
43.9178 	EXP 	window1: backgroundImage = ''
43.9178 	EXP 	window1: backgroundFit = 'none'
43.9178 	EXP 	window1: units = 'height'
43.9197 	EXP 	window1: Attempting to measure frame rate of screen (0) ...
43.9197 	EXP 	window1: recordFrameIntervals = False
43.9397 	EXP 	text_no_resp: autoDraw = False
43.9397 	EXP 	left_image: autoDraw = False
43.9397 	EXP 	right_image: autoDraw = False
43.9397 	EXP 	polygon: autoDraw = False
43.9397 	EXP 	left_learning_reward: autoDraw = False
43.9397 	EXP 	right_learning_reward: autoDraw = False
43.9397 	EXP 	text_no_resp: autoDraw = False
44.0949 	EXP 	window1: recordFrameIntervals = True
44.2805 	EXP 	Screen (0) actual frame rate measured at 59.92Hz
44.2806 	EXP 	window1: recordFrameIntervals = False
44.2807 	EXP 	window1: mouseVisible = False
44.2935 	INFO 	Keyboard events cleared
44.2925 	EXP 	text2: autoDraw = True
45.0324 	EXP 	Created sequence: random, trialTypes=1, nReps=1, seed=None
45.0327 	EXP 	New trial (rep=0, index=0): None
45.0350 	DATA 	Keypress: space
45.0415 	EXP 	text2: autoDraw = False
45.0415 	EXP 	fixation2: autoDraw = True
46.1638 	INFO 	Keyboard events cleared
46.1626 	EXP 	fixation2: autoDraw = False
46.1626 	EXP 	fixation2: autoDraw = False
46.1626 	EXP 	left_image_2: image = '3.jpg'
46.1626 	EXP 	right_image_2: image = '4.jpg'
46.1626 	EXP 	left_image_2: autoDraw = True
46.1626 	EXP 	right_image_2: autoDraw = True
49.1088 	DATA 	Keypress: right
50.1067 	EXP 	polygon_2: autoDraw = True
51.1231 	EXP 	left_image_2: autoDraw = False
51.1231 	EXP 	right_image_2: autoDraw = False
52.1402 	EXP 	window1: mouseVisible = True
52.1907 	EXP 	polygon_2: autoDraw = False
52.1907 	EXP 	left_image_2: autoDraw = False
52.1907 	EXP 	right_image_2: autoDraw = False
52.1907 	EXP 	polygon_2: autoDraw = False
52.1907 	EXP 	slider_trns: markerPos = None
52.1907 	EXP 	slider_trns: markerPos = 50
52.1907 	EXP 	slider_trns: autoDraw = True
54.5629 	DATA 	Mouse: Left button down, pos=(498,314)
54.6056 	EXP 	slider_trns: markerPos = 66.33333333333333
54.6563 	EXP 	slider_trns: markerPos = 66.33333333333333
54.6605 	DATA 	Mouse:  Left button up, pos=(498,314)
54.7067 	EXP 	slider_trns: markerPos = 65.0
54.7405 	INFO 	Keyboard events cleared
54.7398 	EXP 	slider_trns: autoDraw = False
54.7398 	EXP 	text3: autoDraw = True
55.9144 	EXP 	Created sequence: random, trialTypes=1, nReps=1, seed=None
55.9146 	EXP 	New trial (rep=0, index=0): None
55.9166 	DATA 	Keypress: space
55.9246 	EXP 	text3: autoDraw = False
55.9246 	EXP 	fixation3: autoDraw = True
56.9649 	EXP 	window1: mouseVisible = True
57.0060 	EXP 	fixation3: autoDraw = False
57.0060 	EXP 	fixation3: autoDraw = False
57.0060 	EXP 	image_3: image = '3.jpg'
57.0060 	EXP 	slider_estm: markerPos = None
57.0060 	EXP 	slider_estm: markerPos = 50
57.0060 	EXP 	image_3: autoDraw = True
57.0060 	EXP 	slider_estm: autoDraw = True
57.9973 	DATA 	Mouse: Left button down, pos=(301,189)
58.0561 	EXP 	slider_estm: markerPos = 33.5
58.0851 	DATA 	Mouse:  Left button up, pos=(301,189)
58.0890 	EXP 	slider_estm: markerPos = 33.5
58.1239 	EXP 	slider_estm: markerPos = 35.0
58.1351 	DEBUG 	TextBox2 loaded 1 chars with 0 blanks and 1 valid
58.1379 	DEBUG 	TextBox2 loaded 1 chars with 0 blanks and 1 valid
58.1409 	DEBUG 	TextBox2 loaded 1 chars with 0 blanks and 1 valid
58.1439 	DEBUG 	TextBox2 loaded 1 chars with 0 blanks and 1 valid
58.1467 	DEBUG 	TextBox2 loaded 1 chars with 0 blanks and 1 valid
58.1471 	DEBUG 	Uploading Texture Font fontname to graphics card
58.1495 	DEBUG 	Upload of Texture Font fontname complete
58.1750 	EXP 	image_3: autoDraw = False
58.1750 	EXP 	slider_estm: autoDraw = False
58.1750 	EXP 	text4: autoDraw = True
58.1750 	EXP 	totalRewardText: autoDraw = True
77.4161 	DATA 	Keypress: escape
77.5628 	EXP 	article1: status = STOPPED
77.5750 	EXP 	text4: autoDraw = False
77.5750 	EXP 	totalRewardText: autoDraw = False
77.5796 	EXP 	article1: status = STOPPED
77.6226 	INFO 	saved data to 'D:\\UT\\semester 4 - courses\\Cognitive science\\HWs\\HW1\\answer\\article1\\data/005061_article1_2024-05-28_13h36.14.526.csv'
77.6236 	INFO 	saved data to D:\UT\semester 4 - courses\Cognitive science\HWs\HW1\answer\article1\data/005061_article1_2024-05-28_13h36.14.526.psydat
77.6917 	EXP 	window1: mouseVisible = True
78.3160 	DEBUG 	Saving data for article1 ExperimentHandler
