9.6774 	DEBUG 	Fullscreen settings ignored as running in pilot mode.
9.6789 	INFO 	Loaded monitor calibration from ['2024_05_21 12:08']
10.1738 	EXP 	Created window1 = Window(allowGUI=True, allowStencil=True, autoLog=True, backendConf=UNKNOWN, backgroundFit=<method-wrapper '__getattribute__' of attributeSetter object at 0x0000021E31659B50>, backgroundImage=<method-wrapper '__getattribute__' of attributeSetter object at 0x0000021E31659AF0>, bitsMode=UNKNOWN, blendMode='avg', bpc=(8, 8, 8), color=array([1, 1, 1]), colorSpace='rgb', depthBits=8, fullscr=<method-wrapper '__getattribute__' of attributeSetter object at 0x0000021E31659940>, gamma=None, gammaErrorPolicy='raise', infoMsg=UNKNOWN, lms=UNKNOWN, monitor=<psychopy.monitors.calibTools.Monitor object at 0x0000021E32AFF7C0>, multiSample=False, name='window1', numSamples=2, pos=[560.0, 240.0], screen=0, size=array([800, 600]), stencilBits=8, stereo=False, title='PsychoPy', units='height', useFBO=True, useRetina=False, viewOri=0.0, viewPos=None, viewScale=None, waitBlanking=True, winType='pyglet')
10.1740 	EXP 	window1: mouseVisible = True
10.1741 	EXP 	window1: backgroundImage = ''
10.1741 	EXP 	window1: backgroundFit = 'none'
10.1746 	EXP 	window1: mouseVisible = True
10.1751 	EXP 	window1: mouseVisible = True
10.1800 	EXP 	window1: mouseVisible = True
10.1814 	EXP 	window1: mouseVisible = True
10.1998 	DEBUG 	TextBox2 loaded 1 chars with 0 blanks and 1 valid
10.2015 	DEBUG 	TextBox2 loaded 1 chars with 0 blanks and 1 valid
10.2030 	DEBUG 	TextBox2 loaded 1 chars with 0 blanks and 1 valid
10.2046 	DEBUG 	TextBox2 loaded 1 chars with 0 blanks and 1 valid
10.2061 	DEBUG 	TextBox2 loaded 1 chars with 0 blanks and 1 valid
10.2071 	DEBUG 	TextBox2 loaded 1 chars with 0 blanks and 1 valid
10.2084 	DEBUG 	TextBox2 loaded 1 chars with 0 blanks and 1 valid
10.2100 	DEBUG 	TextBox2 loaded 1 chars with 0 blanks and 1 valid
10.2108 	DEBUG 	TextBox2 loaded 1 chars with 0 blanks and 1 valid
10.2117 	DEBUG 	TextBox2 loaded 1 chars with 0 blanks and 1 valid
10.2129 	DEBUG 	TextBox2 loaded 1 chars with 0 blanks and 1 valid
10.2143 	DEBUG 	TextBox2 loaded 1 chars with 0 blanks and 1 valid
10.2155 	DEBUG 	TextBox2 loaded 1 chars with 0 blanks and 1 valid
10.2168 	DEBUG 	TextBox2 loaded 1 chars with 0 blanks and 1 valid
10.2181 	DEBUG 	TextBox2 loaded 1 chars with 0 blanks and 1 valid
10.2194 	DEBUG 	TextBox2 loaded 1 chars with 0 blanks and 1 valid
10.2208 	DEBUG 	TextBox2 loaded 1 chars with 0 blanks and 1 valid
10.2218 	DEBUG 	TextBox2 loaded 1 chars with 0 blanks and 1 valid
10.2228 	DEBUG 	TextBox2 loaded 1 chars with 0 blanks and 1 valid
10.2243 	DEBUG 	TextBox2 loaded 1 chars with 0 blanks and 1 valid
10.2254 	DEBUG 	TextBox2 loaded 1 chars with 0 blanks and 1 valid
10.2261 	DEBUG 	Uploading Texture Font fontname to graphics card
10.2563 	DEBUG 	Upload of Texture Font fontname complete
10.2607 	EXP 	window1: mouseVisible = True
10.2613 	EXP 	window1: mouseVisible = True
10.2631 	EXP 	window1: mouseVisible = True
10.2641 	EXP 	window1: mouseVisible = True
10.2715 	DEBUG 	TextBox2 loaded 1 chars with 0 blanks and 1 valid
10.2744 	DEBUG 	TextBox2 loaded 1 chars with 0 blanks and 1 valid
10.2771 	DEBUG 	TextBox2 loaded 1 chars with 0 blanks and 1 valid
10.2778 	DEBUG 	Uploading Texture Font fontname to graphics card
10.3088 	DEBUG 	Upload of Texture Font fontname complete
10.3171 	EXP 	window1: Attempting to measure frame rate of screen (0) ...
10.3172 	EXP 	window1: recordFrameIntervals = False
10.5621 	EXP 	window1: recordFrameIntervals = True
10.6419 	WARNING 	t of last frame was 27.70ms (=1/36)
10.6925 	WARNING 	t of last frame was 50.62ms (=1/19)
10.7125 	WARNING 	t of last frame was 20.02ms (=1/49)
10.8725 	WARNING 	t of last frame was 26.23ms (=1/38)
10.8952 	WARNING 	Multiple dropped frames have occurred - I'll stop bothering you about them!
12.0274 	EXP 	Screen (0) actual frame rate measured at 60.94Hz
12.0275 	EXP 	window1: recordFrameIntervals = False
12.0276 	EXP 	window1: mouseVisible = False
12.0286 	EXP 	window1: mouseVisible = True
12.0289 	EXP 	window1: mouseVisible = True
12.0302 	EXP 	window1: mouseVisible = True
12.0311 	EXP 	window1: mouseVisible = True
12.0391 	DEBUG 	TextBox2 loaded 1 chars with 0 blanks and 1 valid
12.0420 	DEBUG 	TextBox2 loaded 1 chars with 0 blanks and 1 valid
12.0447 	DEBUG 	TextBox2 loaded 1 chars with 0 blanks and 1 valid
12.0474 	DEBUG 	TextBox2 loaded 1 chars with 0 blanks and 1 valid
12.0498 	DEBUG 	TextBox2 loaded 1 chars with 0 blanks and 1 valid
12.0515 	DEBUG 	TextBox2 loaded 1 chars with 0 blanks and 1 valid
12.0527 	DEBUG 	TextBox2 loaded 1 chars with 0 blanks and 1 valid
12.0543 	DEBUG 	TextBox2 loaded 1 chars with 0 blanks and 1 valid
12.0561 	DEBUG 	TextBox2 loaded 1 chars with 0 blanks and 1 valid
12.0577 	DEBUG 	TextBox2 loaded 1 chars with 0 blanks and 1 valid
12.0581 	DEBUG 	Uploading Texture Font fontname to graphics card
12.0593 	DEBUG 	Upload of Texture Font fontname complete
12.0613 	EXP 	window1: mouseVisible = True
12.0615 	EXP 	window1: mouseVisible = True
12.0623 	EXP 	window1: mouseVisible = True
12.0630 	EXP 	window1: mouseVisible = True
12.1378 	WARNING 	launchHubServer: If using the iohub mouse or eyetracker devices, fullScr should be True.
16.5968 	INFO 	keyboard.Keyboard is using iohub backend.
16.5969 	INFO 	keyboard.Keyboard is using iohub backend.
16.5970 	INFO 	keyboard.Keyboard is using iohub backend.
16.5970 	INFO 	keyboard.Keyboard is using iohub backend.
16.5971 	INFO 	keyboard.Keyboard is using iohub backend.
16.5971 	INFO 	keyboard.Keyboard is using iohub backend.
16.5971 	INFO 	keyboard.Keyboard is using iohub backend.
16.5972 	INFO 	keyboard.Keyboard is using iohub backend.
16.5972 	EXP 	article1: status = STARTED
16.5977 	EXP 	window1: mouseVisible = True
16.7545 	EXP 	Created text0 = TextStim(__class__=<class 'psychopy.visual.text.TextStim'>, alignHoriz=method-wrapper(...), alignText='center', alignVert=method-wrapper(...), anchorHoriz='center', anchorVert='center', antialias=True, autoDraw=False, autoLog=True, bold=False, color=array([-1., -1., -1.]), colorSpace='rgb', contrast=1.0, depth=0.0, draggable=False, flipHoriz=False, flipVert=False, font='Arial', fontFiles=[], height=0.05, italic=False, languageStyle='Arabic', name='text0', opacity=1.0, ori=0.0, pos=array([0., 0.]), rgb=UNKNOWN, text=str(...), units='height', win=Window(...), wrapWidth=1)
16.7548 	EXP 	window1: mouseVisible = True
16.7581 	EXP 	Created fixation0 = ShapeStim(__class__=<class 'psychopy.visual.shape.ShapeStim'>, anchor=('center', 'center'), autoDraw=False, autoLog=True, closeShape=True, color=method-wrapper(...), colorSpace='rgb', contrast=None, depth=0.0, draggable=False, fillColor=array([-1, -1, -1]), fillColorSpace='rgb', fillRGB=array([-1, -1, -1]), interpolate=True, lineColor=array([-1., -1., -1.]), lineColorSpace='rgb', lineRGB=array([-1., -1., -1.]), lineWidth=0.08, name='fixation0', opacity=1.0, ori=0.0, pos=array([0., 0.]), size=array([0.03, 0.06]), units='norm', vertices=ndarray(...), win=Window(...), windingRule=None)
16.7585 	EXP 	window1: mouseVisible = True
16.7662 	EXP 	Created left_image_0 = ImageStim(__class__=<class 'psychopy.visual.image.ImageStim'>, anchor=('center', 'center'), autoLog=True, color=array([1., 1., 1.]), colorSpace='rgb', contrast=1.0, depth=-1.0, draggable=False, flipHoriz=False, flipVert=False, image='default.png', interpolate=True, mask=None, maskParams=None, name='left_image_0', opacity=1.0, ori=0.0, pos=array([-0.5,  0. ]), size=array([0.5, 0.5]), texRes=128.0, units='height', win=Window(...))
16.7663 	EXP 	window1: mouseVisible = True
16.7710 	EXP 	Created right_image_0 = ImageStim(__class__=<class 'psychopy.visual.image.ImageStim'>, anchor=('center', 'center'), autoLog=True, color=array([1., 1., 1.]), colorSpace='rgb', contrast=1.0, depth=-2.0, draggable=False, flipHoriz=False, flipVert=False, image='default.png', interpolate=True, mask=None, maskParams=None, name='right_image_0', opacity=1.0, ori=0.0, pos=array([0.5, 0. ]), size=array([0.5, 0.5]), texRes=128.0, units='height', win=Window(...))
16.7712 	EXP 	window1: mouseVisible = True
16.7728 	EXP 	Created polygon_0 = Rect(__class__=<class 'psychopy.visual.rect.Rect'>, anchor=('center', 'center'), autoDraw=False, autoLog=True, closeShape=True, color=method-wrapper(...), colorSpace='rgb', contrast=None, depth=-5.0, draggable=False, fillColor=array([0., 0., 0.]), fillColorSpace='rgb', fillRGB=array([0., 0., 0.]), interpolate=True, lineColor=array([-0.5765,  0.0039,  1.    ]), lineColorSpace='rgb', lineRGB=array([-0.5765,  0.0039,  1.    ]), lineWidth=20.0, name='polygon_0', opacity=0.3, ori=0.0, pos=array([0., 0.]), size=array([0.5, 0.5]), units='height', vertices=ndarray(...), win=Window(...))
16.7730 	EXP 	window1: mouseVisible = True
16.7732 	EXP 	window1: mouseVisible = True
16.7740 	EXP 	window1: mouseVisible = True
16.7746 	EXP 	window1: mouseVisible = True
16.7806 	EXP 	window1: mouseVisible = True
16.7809 	EXP 	window1: mouseVisible = True
16.7817 	EXP 	window1: mouseVisible = True
16.7824 	EXP 	window1: mouseVisible = True
16.7889 	DEBUG 	TextBox2 loaded 1 chars with 0 blanks and 1 valid
16.7906 	DEBUG 	TextBox2 loaded 1 chars with 0 blanks and 1 valid
16.7924 	DEBUG 	TextBox2 loaded 1 chars with 0 blanks and 1 valid
16.7940 	DEBUG 	TextBox2 loaded 1 chars with 0 blanks and 1 valid
16.7950 	DEBUG 	TextBox2 loaded 1 chars with 0 blanks and 1 valid
16.7964 	DEBUG 	TextBox2 loaded 1 chars with 0 blanks and 1 valid
16.7984 	DEBUG 	TextBox2 loaded 1 chars with 0 blanks and 1 valid
16.7996 	DEBUG 	TextBox2 loaded 1 chars with 0 blanks and 1 valid
16.8010 	DEBUG 	TextBox2 loaded 1 chars with 0 blanks and 1 valid
16.8014 	DEBUG 	Uploading Texture Font fontname to graphics card
16.8032 	DEBUG 	Upload of Texture Font fontname complete
16.8054 	EXP 	window1: mouseVisible = True
16.8056 	EXP 	window1: mouseVisible = True
16.8064 	EXP 	window1: mouseVisible = True
16.8071 	EXP 	window1: mouseVisible = True
16.8123 	EXP 	window1: mouseVisible = True
16.8125 	EXP 	window1: mouseVisible = True
16.8136 	EXP 	window1: mouseVisible = True
16.8142 	EXP 	window1: mouseVisible = True
16.8194 	EXP 	window1: mouseVisible = True
16.8217 	EXP 	Created text_no_resp_0 = TextStim(__class__=<class 'psychopy.visual.text.TextStim'>, alignHoriz=method-wrapper(...), alignText='center', alignVert=method-wrapper(...), anchorHoriz='center', anchorVert='center', antialias=True, autoDraw=False, autoLog=True, bold=False, color=array([-1., -1., -1.]), colorSpace='rgb', contrast=1.0, depth=-8.0, draggable=False, flipHoriz=False, flipVert=False, font='Arial', fontFiles=[], height=0.05, italic=False, languageStyle='Arabic', name='text_no_resp_0', opacity=1.0, ori=0.0, pos=array([0., 0.]), rgb=UNKNOWN, text='', units='height', win=Window(...), wrapWidth=1)
16.8218 	EXP 	window1: mouseVisible = True
16.8470 	EXP 	Created text1 = TextStim(__class__=<class 'psychopy.visual.text.TextStim'>, alignHoriz=method-wrapper(...), alignText='center', alignVert=method-wrapper(...), anchorHoriz='center', anchorVert='center', antialias=True, autoDraw=False, autoLog=True, bold=False, color=array([-1., -1., -1.]), colorSpace='rgb', contrast=1.0, depth=0.0, draggable=False, flipHoriz=False, flipVert=False, font='Arial', fontFiles=[], height=0.05, italic=False, languageStyle='Arabic', name='text1', opacity=1.0, ori=0.0, pos=array([0., 0.]), rgb=UNKNOWN, text=str(...), units='height', win=Window(...), wrapWidth=1)
16.8472 	EXP 	window1: mouseVisible = True
16.8499 	EXP 	Created fixation1 = ShapeStim(__class__=<class 'psychopy.visual.shape.ShapeStim'>, anchor=('center', 'center'), autoDraw=False, autoLog=True, closeShape=True, color=method-wrapper(...), colorSpace='rgb', contrast=None, depth=0.0, draggable=False, fillColor=array([-1, -1, -1]), fillColorSpace='rgb', fillRGB=array([-1, -1, -1]), interpolate=True, lineColor=array([-1., -1., -1.]), lineColorSpace='rgb', lineRGB=array([-1., -1., -1.]), lineWidth=0.08, name='fixation1', opacity=1.0, ori=0.0, pos=array([0., 0.]), size=array([0.03, 0.06]), units='norm', vertices=ndarray(...), win=Window(...), windingRule=None)
16.8501 	EXP 	window1: mouseVisible = True
16.8561 	EXP 	Created left_image = ImageStim(__class__=<class 'psychopy.visual.image.ImageStim'>, anchor=('center', 'center'), autoLog=True, color=array([1., 1., 1.]), colorSpace='rgb', contrast=1.0, depth=-1.0, draggable=False, flipHoriz=False, flipVert=False, image='default.png', interpolate=True, mask=None, maskParams=None, name='left_image', opacity=1.0, ori=0.0, pos=array([-0.5,  0. ]), size=array([0.5, 0.5]), texRes=128.0, units='height', win=Window(...))
16.8563 	EXP 	window1: mouseVisible = True
16.8617 	EXP 	Created right_image = ImageStim(__class__=<class 'psychopy.visual.image.ImageStim'>, anchor=('center', 'center'), autoLog=True, color=array([1., 1., 1.]), colorSpace='rgb', contrast=1.0, depth=-2.0, draggable=False, flipHoriz=False, flipVert=False, image='default.png', interpolate=True, mask=None, maskParams=None, name='right_image', opacity=1.0, ori=0.0, pos=array([0.5, 0. ]), size=array([0.5, 0.5]), texRes=128.0, units='height', win=Window(...))
16.8619 	EXP 	window1: mouseVisible = True
16.8634 	EXP 	Created polygon = Rect(__class__=<class 'psychopy.visual.rect.Rect'>, anchor=('center', 'center'), autoDraw=False, autoLog=True, closeShape=True, color=method-wrapper(...), colorSpace='rgb', contrast=None, depth=-5.0, draggable=False, fillColor=array([0., 0., 0.]), fillColorSpace='rgb', fillRGB=array([0., 0., 0.]), interpolate=True, lineColor=array([-0.5765,  0.0039,  1.    ]), lineColorSpace='rgb', lineRGB=array([-0.5765,  0.0039,  1.    ]), lineWidth=20.0, name='polygon', opacity=0.3, ori=0.0, pos=array([0., 0.]), size=array([0.5, 0.5]), units='height', vertices=ndarray(...), win=Window(...))
16.8636 	EXP 	window1: mouseVisible = True
16.8638 	EXP 	window1: mouseVisible = True
16.8646 	EXP 	window1: mouseVisible = True
16.8653 	EXP 	window1: mouseVisible = True
16.8711 	EXP 	window1: mouseVisible = True
16.8713 	EXP 	window1: mouseVisible = True
16.8722 	EXP 	window1: mouseVisible = True
16.8730 	EXP 	window1: mouseVisible = True
16.8786 	EXP 	window1: mouseVisible = True
16.8787 	EXP 	window1: mouseVisible = True
16.8794 	EXP 	window1: mouseVisible = True
16.8802 	EXP 	window1: mouseVisible = True
16.8862 	EXP 	window1: mouseVisible = True
16.8865 	EXP 	window1: mouseVisible = True
16.8874 	EXP 	window1: mouseVisible = True
16.8882 	EXP 	window1: mouseVisible = True
16.8933 	EXP 	window1: mouseVisible = True
16.8950 	EXP 	Created text_no_resp = TextStim(__class__=<class 'psychopy.visual.text.TextStim'>, alignHoriz=method-wrapper(...), alignText='center', alignVert=method-wrapper(...), anchorHoriz='center', anchorVert='center', antialias=True, autoDraw=False, autoLog=True, bold=False, color=array([-1., -1., -1.]), colorSpace='rgb', contrast=1.0, depth=-8.0, draggable=False, flipHoriz=False, flipVert=False, font='Arial', fontFiles=[], height=0.05, italic=False, languageStyle='Arabic', name='text_no_resp', opacity=1.0, ori=0.0, pos=array([0., 0.]), rgb=UNKNOWN, text='', units='height', win=Window(...), wrapWidth=1)
16.8951 	EXP 	window1: mouseVisible = True
16.9260 	EXP 	Created text2 = TextStim(__class__=<class 'psychopy.visual.text.TextStim'>, alignHoriz=method-wrapper(...), alignText='center', alignVert=method-wrapper(...), anchorHoriz='center', anchorVert='center', antialias=True, autoDraw=False, autoLog=True, bold=False, color=array([-1., -1., -1.]), colorSpace='rgb', contrast=1.0, depth=0.0, draggable=False, flipHoriz=False, flipVert=False, font='Arial', fontFiles=[], height=0.05, italic=False, languageStyle='Arabic', name='text2', opacity=1.0, ori=0.0, pos=array([0., 0.]), rgb=UNKNOWN, text=str(...), units='height', win=Window(...), wrapWidth=1)
16.9262 	EXP 	window1: mouseVisible = True
16.9293 	EXP 	Created fixation2 = ShapeStim(__class__=<class 'psychopy.visual.shape.ShapeStim'>, anchor=('center', 'center'), autoDraw=False, autoLog=True, closeShape=True, color=method-wrapper(...), colorSpace='rgb', contrast=None, depth=0.0, draggable=False, fillColor=array([-1, -1, -1]), fillColorSpace='rgb', fillRGB=array([-1, -1, -1]), interpolate=True, lineColor=array([-1., -1., -1.]), lineColorSpace='rgb', lineRGB=array([-1., -1., -1.]), lineWidth=0.08, name='fixation2', opacity=1.0, ori=0.0, pos=array([0., 0.]), size=array([0.03, 0.06]), units='norm', vertices=ndarray(...), win=Window(...), windingRule=None)
16.9295 	EXP 	window1: mouseVisible = True
16.9361 	EXP 	Created left_image_2 = ImageStim(__class__=<class 'psychopy.visual.image.ImageStim'>, anchor=('center', 'center'), autoLog=True, color=array([1., 1., 1.]), colorSpace='rgb', contrast=1.0, depth=-1.0, draggable=False, flipHoriz=False, flipVert=False, image='default.png', interpolate=True, mask=None, maskParams=None, name='left_image_2', opacity=1.0, ori=0.0, pos=array([-0.5,  0. ]), size=array([0.5, 0.5]), texRes=128.0, units='height', win=Window(...))
16.9364 	EXP 	window1: mouseVisible = True
16.9419 	EXP 	Created right_image_2 = ImageStim(__class__=<class 'psychopy.visual.image.ImageStim'>, anchor=('center', 'center'), autoLog=True, color=array([1., 1., 1.]), colorSpace='rgb', contrast=1.0, depth=-2.0, draggable=False, flipHoriz=False, flipVert=False, image='default.png', interpolate=True, mask=None, maskParams=None, name='right_image_2', opacity=1.0, ori=0.0, pos=array([0.5, 0. ]), size=array([0.5, 0.5]), texRes=128.0, units='height', win=Window(...))
16.9420 	EXP 	window1: mouseVisible = True
16.9437 	EXP 	Created polygon_2 = Rect(__class__=<class 'psychopy.visual.rect.Rect'>, anchor=('center', 'center'), autoDraw=False, autoLog=True, closeShape=True, color=method-wrapper(...), colorSpace='rgb', contrast=None, depth=-5.0, draggable=False, fillColor=array([0., 0., 0.]), fillColorSpace='rgb', fillRGB=array([0., 0., 0.]), interpolate=True, lineColor=array([-0.5765,  0.0039,  1.    ]), lineColorSpace='rgb', lineRGB=array([-0.5765,  0.0039,  1.    ]), lineWidth=20.0, name='polygon_2', opacity=0.3, ori=0.0, pos=array([0., 0.]), size=array([0.5, 0.5]), units='height', vertices=ndarray(...), win=Window(...))
16.9544 	EXP 	window1: mouseVisible = True
16.9551 	EXP 	window1: mouseVisible = True
16.9592 	EXP 	window1: mouseVisible = True
16.9595 	EXP 	window1: mouseVisible = True
16.9605 	EXP 	window1: mouseVisible = True
16.9615 	EXP 	window1: mouseVisible = True
16.9673 	DEBUG 	TextBox2 loaded 1 chars with 0 blanks and 1 valid
16.9675 	DEBUG 	Uploading Texture Font fontname to graphics card
16.9687 	DEBUG 	Upload of Texture Font fontname complete
16.9710 	EXP 	window1: mouseVisible = True
16.9711 	EXP 	window1: mouseVisible = True
16.9719 	EXP 	window1: mouseVisible = True
16.9725 	EXP 	window1: mouseVisible = True
16.9780 	DEBUG 	TextBox2 loaded 1 chars with 0 blanks and 1 valid
16.9796 	DEBUG 	Uploading Texture Font fontname to graphics card
16.9842 	DEBUG 	Upload of Texture Font fontname complete
16.9866 	EXP 	window1: mouseVisible = True
16.9868 	EXP 	window1: mouseVisible = True
16.9877 	EXP 	window1: mouseVisible = True
16.9885 	EXP 	window1: mouseVisible = True
16.9941 	DEBUG 	TextBox2 loaded 1 chars with 0 blanks and 1 valid
16.9944 	DEBUG 	Uploading Texture Font fontname to graphics card
16.9987 	DEBUG 	Upload of Texture Font fontname complete
17.0008 	EXP 	window1: mouseVisible = True
17.0010 	EXP 	window1: mouseVisible = True
17.0017 	EXP 	window1: mouseVisible = True
17.0026 	EXP 	window1: mouseVisible = True
17.0094 	EXP 	window1: mouseVisible = True
17.0096 	EXP 	window1: mouseVisible = True
17.0103 	EXP 	window1: mouseVisible = True
17.0109 	EXP 	window1: mouseVisible = True
17.0172 	DEBUG 	TextBox2 loaded 1 chars with 0 blanks and 1 valid
17.0176 	DEBUG 	Uploading Texture Font fontname to graphics card
17.0221 	DEBUG 	Upload of Texture Font fontname complete
17.0247 	EXP 	window1: mouseVisible = True
17.0250 	EXP 	window1: mouseVisible = True
17.0260 	EXP 	window1: mouseVisible = True
17.0269 	EXP 	window1: mouseVisible = True
17.0352 	EXP 	window1: mouseVisible = True
17.0354 	EXP 	window1: mouseVisible = True
17.0360 	EXP 	window1: mouseVisible = True
17.0368 	EXP 	window1: mouseVisible = True
17.0431 	DEBUG 	TextBox2 loaded 1 chars with 0 blanks and 1 valid
17.0434 	DEBUG 	Uploading Texture Font fontname to graphics card
17.0478 	DEBUG 	Upload of Texture Font fontname complete
17.0505 	EXP 	window1: mouseVisible = True
17.0507 	EXP 	window1: mouseVisible = True
17.0515 	EXP 	window1: mouseVisible = True
17.0523 	EXP 	window1: mouseVisible = True
17.0610 	EXP 	window1: mouseVisible = True
17.0612 	EXP 	window1: mouseVisible = True
17.0621 	EXP 	window1: mouseVisible = True
17.0629 	EXP 	window1: mouseVisible = True
17.0690 	DEBUG 	TextBox2 loaded 1 chars with 0 blanks and 1 valid
17.0694 	DEBUG 	Uploading Texture Font fontname to graphics card
17.0744 	DEBUG 	Upload of Texture Font fontname complete
17.0769 	EXP 	window1: mouseVisible = True
17.0772 	EXP 	window1: mouseVisible = True
17.0780 	EXP 	window1: mouseVisible = True
17.0786 	EXP 	window1: mouseVisible = True
17.0858 	EXP 	window1: mouseVisible = True
17.0861 	EXP 	window1: mouseVisible = True
17.0869 	EXP 	window1: mouseVisible = True
17.0877 	EXP 	window1: mouseVisible = True
17.0941 	DEBUG 	TextBox2 loaded 1 chars with 0 blanks and 1 valid
17.0945 	DEBUG 	Uploading Texture Font fontname to graphics card
17.0994 	DEBUG 	Upload of Texture Font fontname complete
17.1015 	EXP 	window1: mouseVisible = True
17.1017 	EXP 	window1: mouseVisible = True
17.1026 	EXP 	window1: mouseVisible = True
17.1034 	EXP 	window1: mouseVisible = True
17.1111 	EXP 	window1: mouseVisible = True
17.1113 	EXP 	window1: mouseVisible = True
17.1122 	EXP 	window1: mouseVisible = True
17.1131 	EXP 	window1: mouseVisible = True
17.1196 	DEBUG 	TextBox2 loaded 1 chars with 0 blanks and 1 valid
17.1201 	DEBUG 	Uploading Texture Font fontname to graphics card
17.1260 	DEBUG 	Upload of Texture Font fontname complete
17.1286 	EXP 	window1: mouseVisible = True
17.1289 	EXP 	window1: mouseVisible = True
17.1298 	EXP 	window1: mouseVisible = True
17.1306 	EXP 	window1: mouseVisible = True
17.1374 	EXP 	window1: mouseVisible = True
17.1377 	EXP 	window1: mouseVisible = True
17.1387 	EXP 	window1: mouseVisible = True
17.1394 	EXP 	window1: mouseVisible = True
17.1457 	DEBUG 	TextBox2 loaded 1 chars with 0 blanks and 1 valid
17.1461 	DEBUG 	Uploading Texture Font fontname to graphics card
17.1563 	DEBUG 	Upload of Texture Font fontname complete
17.1587 	EXP 	window1: mouseVisible = True
17.1589 	EXP 	window1: mouseVisible = True
17.1599 	EXP 	window1: mouseVisible = True
17.1605 	EXP 	window1: mouseVisible = True
17.1674 	EXP 	window1: mouseVisible = True
17.1676 	EXP 	window1: mouseVisible = True
17.1682 	EXP 	window1: mouseVisible = True
17.1689 	EXP 	window1: mouseVisible = True
17.1754 	DEBUG 	TextBox2 loaded 1 chars with 0 blanks and 1 valid
17.1758 	DEBUG 	Uploading Texture Font fontname to graphics card
17.1846 	DEBUG 	Upload of Texture Font fontname complete
17.1866 	EXP 	window1: mouseVisible = True
17.1868 	EXP 	window1: mouseVisible = True
17.1874 	EXP 	window1: mouseVisible = True
17.1880 	EXP 	window1: mouseVisible = True
17.1948 	EXP 	window1: mouseVisible = True
17.1951 	EXP 	window1: mouseVisible = True
17.1960 	EXP 	window1: mouseVisible = True
17.1969 	EXP 	window1: mouseVisible = True
17.2037 	DEBUG 	TextBox2 loaded 1 chars with 0 blanks and 1 valid
17.2042 	DEBUG 	Uploading Texture Font fontname to graphics card
17.2167 	DEBUG 	Upload of Texture Font fontname complete
17.2198 	EXP 	window1: mouseVisible = True
17.2200 	EXP 	window1: mouseVisible = True
17.2210 	EXP 	window1: mouseVisible = True
17.2219 	EXP 	window1: mouseVisible = True
17.2301 	EXP 	window1: mouseVisible = True
17.2304 	EXP 	window1: mouseVisible = True
17.2313 	EXP 	window1: mouseVisible = True
17.2320 	EXP 	window1: mouseVisible = True
17.2384 	EXP 	window1: mouseVisible = True
17.2386 	EXP 	window1: mouseVisible = True
17.2394 	EXP 	window1: mouseVisible = True
17.2401 	EXP 	window1: mouseVisible = True
17.2467 	EXP 	window1: mouseVisible = True
17.2485 	EXP 	window1: mouseVisible = True
17.3588 	EXP 	Created slider_trns = Slider(__class__=<class 'psychopy.visual.slider.Slider'>, autoDraw=False, autoLog=True, borderColor=None, color=None, colorSpace='rgb', depth=0, fillColor=None, flip=False, font='Open Sans', granularity=5.0, labelColor=None, labelHeight=0.05, labelWrapWidth=None, labels=(0, 10, 20, 30, 40, 50, 60, 70, 80, 90, 100), lineColor=None, markerColor=None, name='slider_trns', opacity=None, ori=0.0, pos=array([0., 0.]), readOnly=False, self=UNKNOWN, size=array([1. , 0.1]), startValue=50, style='slider', styleTweaks=[], ticks=ndarray(...), units='height', win=Window(...))
17.3589 	EXP 	window1: mouseVisible = True
17.3590 	EXP 	window1: mouseVisible = True
17.3746 	EXP 	Created text3 = TextStim(__class__=<class 'psychopy.visual.text.TextStim'>, alignHoriz=method-wrapper(...), alignText='center', alignVert=method-wrapper(...), anchorHoriz='center', anchorVert='center', antialias=True, autoDraw=False, autoLog=True, bold=False, color=array([-1., -1., -1.]), colorSpace='rgb', contrast=1.0, depth=0.0, draggable=False, flipHoriz=False, flipVert=False, font='Arial', fontFiles=[], height=0.05, italic=False, languageStyle='Arabic', name='text3', opacity=1.0, ori=0.0, pos=array([0., 0.]), rgb=UNKNOWN, text=str(...), units='height', win=Window(...), wrapWidth=1)
17.3748 	EXP 	window1: mouseVisible = True
17.3775 	EXP 	Created fixation3 = ShapeStim(__class__=<class 'psychopy.visual.shape.ShapeStim'>, anchor=('center', 'center'), autoDraw=False, autoLog=True, closeShape=True, color=method-wrapper(...), colorSpace='rgb', contrast=None, depth=0.0, draggable=False, fillColor=array([-1, -1, -1]), fillColorSpace='rgb', fillRGB=array([-1, -1, -1]), interpolate=True, lineColor=array([-1., -1., -1.]), lineColorSpace='rgb', lineRGB=array([-1., -1., -1.]), lineWidth=0.08, name='fixation3', opacity=1.0, ori=0.0, pos=array([0., 0.]), size=array([0.03, 0.06]), units='norm', vertices=ndarray(...), win=Window(...), windingRule=None)
17.3776 	EXP 	window1: mouseVisible = True
17.3839 	EXP 	Created image_3 = ImageStim(__class__=<class 'psychopy.visual.image.ImageStim'>, anchor=('center', 'center'), autoLog=True, color=array([1., 1., 1.]), colorSpace='rgb', contrast=1.0, depth=-1.0, draggable=False, flipHoriz=False, flipVert=False, image='default.png', interpolate=True, mask=None, maskParams=None, name='image_3', opacity=1.0, ori=0.0, pos=array([0. , 0.2]), size=array([0.5, 0.5]), texRes=128.0, units='height', win=Window(...))
17.3890 	EXP 	window1: mouseVisible = True
17.3898 	EXP 	window1: mouseVisible = True
17.3925 	EXP 	window1: mouseVisible = True
17.3927 	EXP 	window1: mouseVisible = True
17.3937 	EXP 	window1: mouseVisible = True
17.3944 	EXP 	window1: mouseVisible = True
17.4006 	EXP 	window1: mouseVisible = True
17.4008 	EXP 	window1: mouseVisible = True
17.4016 	EXP 	window1: mouseVisible = True
17.4024 	EXP 	window1: mouseVisible = True
17.4090 	EXP 	window1: mouseVisible = True
17.4091 	EXP 	window1: mouseVisible = True
17.4098 	EXP 	window1: mouseVisible = True
17.4104 	EXP 	window1: mouseVisible = True
17.4158 	EXP 	window1: mouseVisible = True
17.4159 	EXP 	window1: mouseVisible = True
17.4165 	EXP 	window1: mouseVisible = True
17.4172 	EXP 	window1: mouseVisible = True
17.4235 	EXP 	window1: mouseVisible = True
17.4236 	EXP 	window1: mouseVisible = True
17.4243 	EXP 	window1: mouseVisible = True
17.4249 	EXP 	window1: mouseVisible = True
17.4301 	EXP 	window1: mouseVisible = True
17.4303 	EXP 	window1: mouseVisible = True
17.4308 	EXP 	window1: mouseVisible = True
17.4314 	EXP 	window1: mouseVisible = True
17.4373 	EXP 	window1: mouseVisible = True
17.4375 	EXP 	window1: mouseVisible = True
17.4382 	EXP 	window1: mouseVisible = True
17.4387 	EXP 	window1: mouseVisible = True
17.4439 	EXP 	window1: mouseVisible = True
17.4441 	EXP 	window1: mouseVisible = True
17.4447 	EXP 	window1: mouseVisible = True
17.4453 	EXP 	window1: mouseVisible = True
17.4505 	EXP 	window1: mouseVisible = True
17.4507 	EXP 	window1: mouseVisible = True
17.4512 	EXP 	window1: mouseVisible = True
17.4518 	EXP 	window1: mouseVisible = True
17.4571 	EXP 	window1: mouseVisible = True
17.4573 	EXP 	window1: mouseVisible = True
17.4584 	EXP 	window1: mouseVisible = True
17.4592 	EXP 	window1: mouseVisible = True
17.4657 	EXP 	window1: mouseVisible = True
17.4660 	EXP 	window1: mouseVisible = True
17.4667 	EXP 	window1: mouseVisible = True
17.4674 	EXP 	window1: mouseVisible = True
17.4735 	EXP 	window1: mouseVisible = True
17.4738 	EXP 	window1: mouseVisible = True
17.4745 	EXP 	window1: mouseVisible = True
17.4751 	EXP 	window1: mouseVisible = True
17.4813 	EXP 	window1: mouseVisible = True
17.4814 	EXP 	window1: mouseVisible = True
17.4820 	EXP 	window1: mouseVisible = True
17.4828 	EXP 	window1: mouseVisible = True
17.4886 	EXP 	window1: mouseVisible = True
17.4889 	EXP 	window1: mouseVisible = True
17.4898 	EXP 	window1: mouseVisible = True
17.4906 	EXP 	window1: mouseVisible = True
17.4972 	EXP 	window1: mouseVisible = True
17.4974 	EXP 	window1: mouseVisible = True
17.4981 	EXP 	window1: mouseVisible = True
17.4987 	EXP 	window1: mouseVisible = True
17.5049 	EXP 	window1: mouseVisible = True
17.5051 	EXP 	window1: mouseVisible = True
17.5061 	EXP 	window1: mouseVisible = True
17.5067 	EXP 	window1: mouseVisible = True
17.5133 	EXP 	window1: mouseVisible = True
17.5135 	EXP 	window1: mouseVisible = True
17.5141 	EXP 	window1: mouseVisible = True
17.5147 	EXP 	window1: mouseVisible = True
17.5205 	EXP 	window1: mouseVisible = True
17.5208 	EXP 	window1: mouseVisible = True
17.5216 	EXP 	window1: mouseVisible = True
17.5223 	EXP 	window1: mouseVisible = True
17.5286 	EXP 	window1: mouseVisible = True
17.5288 	EXP 	window1: mouseVisible = True
17.5295 	EXP 	window1: mouseVisible = True
17.5303 	EXP 	window1: mouseVisible = True
17.5615 	EXP 	window1: mouseVisible = True
17.5618 	EXP 	window1: mouseVisible = True
17.5624 	EXP 	window1: mouseVisible = True
17.5633 	EXP 	window1: mouseVisible = True
17.5719 	EXP 	window1: mouseVisible = True
17.5721 	EXP 	window1: mouseVisible = True
17.5730 	EXP 	window1: mouseVisible = True
17.5738 	EXP 	window1: mouseVisible = True
17.5806 	EXP 	window1: mouseVisible = True
17.5808 	EXP 	window1: mouseVisible = True
17.5816 	EXP 	window1: mouseVisible = True
17.5824 	EXP 	window1: mouseVisible = True
17.5900 	EXP 	window1: mouseVisible = True
17.5922 	EXP 	window1: mouseVisible = True
17.7402 	EXP 	Created slider_estm = Slider(__class__=<class 'psychopy.visual.slider.Slider'>, autoDraw=False, autoLog=True, borderColor=None, color=None, colorSpace='rgb', depth=-2, fillColor=None, flip=False, font='Open Sans', granularity=5.0, labelColor=None, labelHeight=0.05, labelWrapWidth=None, labels=(0, 10, 20, 30, 40, 50, 60, 70, 80, 90, 100), lineColor=None, markerColor=None, name='slider_estm', opacity=None, ori=0.0, pos=array([ 0. , -0.2]), readOnly=False, self=UNKNOWN, size=array([1. , 0.1]), startValue=50, style='slider', styleTweaks=[], ticks=ndarray(...), units='height', win=Window(...))
17.7536 	EXP 	window1: mouseVisible = True
17.7539 	EXP 	window1: mouseVisible = True
17.7634 	EXP 	Created text4 = TextStim(__class__=<class 'psychopy.visual.text.TextStim'>, alignHoriz=method-wrapper(...), alignText='center', alignVert=method-wrapper(...), anchorHoriz='center', anchorVert='center', antialias=True, autoDraw=False, autoLog=True, bold=False, color=array([-1., -1., -1.]), colorSpace='rgb', contrast=1.0, depth=0.0, draggable=False, flipHoriz=False, flipVert=False, font='Arial', fontFiles=[], height=0.05, italic=False, languageStyle='Arabic', name='text4', opacity=1.0, ori=0.0, pos=array([0. , 0.2]), rgb=UNKNOWN, text=str(...), units='height', win=Window(...), wrapWidth=1)
17.7639 	EXP 	window1: mouseVisible = True
17.7642 	EXP 	window1: mouseVisible = True
17.7649 	EXP 	window1: mouseVisible = True
17.7656 	EXP 	window1: mouseVisible = True
17.7717 	EXP 	window1: mouseVisible = True
17.7720 	EXP 	window1: mouseVisible = True
17.7728 	EXP 	window1: mouseVisible = True
17.7734 	EXP 	window1: mouseVisible = True
0.0396 	EXP 	left_learning_reward_0: autoLog = True
0.0396 	EXP 	right_learning_reward_0: autoLog = True
0.0396 	EXP 	left_learning_reward: autoLog = True
0.0396 	EXP 	right_learning_reward: autoLog = True
0.0396 	EXP 	slider_trns: autoLog = True
0.0396 	EXP 	slider_trns: styleTweaks = []
0.0396 	EXP 	slider_trns: styleTweaks = []
0.0396 	EXP 	slider_trns: styleTweaks = []
0.0396 	EXP 	slider_trns: styleTweaks = []
0.0396 	EXP 	slider_trns: contrast = 1.0
0.0396 	EXP 	slider_trns: markerPos = 50
0.0396 	EXP 	slider_trns: autoLog = True
0.0396 	EXP 	slider_estm: autoLog = True
0.0396 	EXP 	slider_estm: styleTweaks = []
0.0396 	EXP 	slider_estm: styleTweaks = []
0.0396 	EXP 	slider_estm: styleTweaks = []
0.0396 	EXP 	slider_estm: styleTweaks = []
0.0396 	EXP 	slider_estm: contrast = 1.0
0.0396 	EXP 	slider_estm: markerPos = 50
0.0396 	EXP 	slider_estm: autoLog = True
0.0396 	EXP 	totalRewardText: autoLog = True
0.0746 	INFO 	Keyboard events cleared
0.0738 	EXP 	text0: autoDraw = True
0.2653 	DATA 	Mouse: Left button down, pos=(521,221)
0.2664 	DATA 	Mouse:  Left button up, pos=(521,221)
1.8879 	EXP 	Created sequence: random, trialTypes=1, nReps=1, seed=None
1.8882 	EXP 	New trial (rep=0, index=0): None
1.8910 	DATA 	Keypress: space
1.9095 	EXP 	text0: autoDraw = False
1.9095 	EXP 	fixation0: autoDraw = True
3.1484 	INFO 	Keyboard events cleared
3.1480 	EXP 	fixation0: autoDraw = False
3.1480 	EXP 	left_image_0: image = '1-2.jpg'
3.1480 	EXP 	right_image_0: image = '1-1.jpg'
3.1480 	EXP 	left_image_0: autoDraw = True
3.1480 	EXP 	right_image_0: autoDraw = True
5.2178 	DEBUG 	TextBox2 loaded 1 chars with 0 blanks and 1 valid
5.2201 	DEBUG 	TextBox2 loaded 1 chars with 0 blanks and 1 valid
5.2221 	DEBUG 	TextBox2 loaded 1 chars with 0 blanks and 1 valid
5.2241 	DEBUG 	TextBox2 loaded 1 chars with 0 blanks and 1 valid
5.2257 	DEBUG 	TextBox2 loaded 1 chars with 0 blanks and 1 valid
5.2279 	DEBUG 	TextBox2 loaded 1 chars with 0 blanks and 1 valid
5.2299 	DEBUG 	TextBox2 loaded 1 chars with 0 blanks and 1 valid
5.2303 	DEBUG 	Uploading Texture Font fontname to graphics card
5.2317 	DEBUG 	Upload of Texture Font fontname complete
5.2334 	DATA 	Keypress: right
6.8943 	EXP 	polygon_0: autoDraw = True
6.8943 	EXP 	left_learning_reward_0: autoDraw = True
6.8943 	EXP 	right_learning_reward_0: autoDraw = True
7.8945 	EXP 	polygon_0: autoDraw = False
7.8945 	EXP 	left_learning_reward_0: autoDraw = False
7.8945 	EXP 	right_learning_reward_0: autoDraw = False
8.1610 	EXP 	left_image_0: autoDraw = False
8.1610 	EXP 	right_image_0: autoDraw = False
8.9261 	INFO 	Keyboard events cleared
8.9257 	EXP 	left_image_0: autoDraw = False
8.9257 	EXP 	right_image_0: autoDraw = False
8.9257 	EXP 	polygon_0: autoDraw = False
8.9257 	EXP 	left_learning_reward_0: autoDraw = False
8.9257 	EXP 	right_learning_reward_0: autoDraw = False
8.9257 	EXP 	text_no_resp_0: autoDraw = False
8.9257 	EXP 	text1: autoDraw = True
9.9146 	EXP 	Created sequence: random, trialTypes=1, nReps=5, seed=None
9.9148 	EXP 	New trial (rep=0, index=0): None
9.9163 	DATA 	Keypress: space
9.9272 	EXP 	text1: autoDraw = False
9.9272 	EXP 	fixation1: autoDraw = True
10.9147 	EXP 	window1: backgroundImage = ''
10.9147 	EXP 	window1: backgroundFit = 'none'
11.0665 	INFO 	Keyboard events cleared
11.0656 	EXP 	fixation1: autoDraw = False
11.0656 	EXP 	fixation1: autoDraw = False
11.0656 	EXP 	left_image: image = '3.jpg'
11.0656 	EXP 	right_image: image = '4.jpg'
11.0656 	EXP 	left_image: autoDraw = True
11.0656 	EXP 	right_image: autoDraw = True
11.7514 	DEBUG 	TextBox2 loaded 1 chars with 0 blanks and 1 valid
11.7535 	DEBUG 	TextBox2 loaded 1 chars with 0 blanks and 1 valid
11.7539 	DEBUG 	Uploading Texture Font fontname to graphics card
11.7550 	DEBUG 	Upload of Texture Font fontname complete
11.7567 	DATA 	Keypress: right
14.9276 	EXP 	polygon: autoDraw = True
14.9276 	EXP 	left_learning_reward: autoDraw = True
14.9276 	EXP 	right_learning_reward: autoDraw = True
15.9274 	EXP 	polygon: autoDraw = False
15.9274 	EXP 	left_learning_reward: autoDraw = False
15.9274 	EXP 	right_learning_reward: autoDraw = False
16.0774 	EXP 	left_image: autoDraw = False
16.0774 	EXP 	right_image: autoDraw = False
16.9318 	DEBUG 	Fullscreen settings ignored as running in pilot mode.
16.9325 	EXP 	window1: backgroundImage = ''
16.9325 	EXP 	window1: backgroundFit = 'none'
16.9325 	EXP 	window1: units = 'height'
16.9350 	EXP 	window1: Attempting to measure frame rate of screen (0) ...
16.9350 	EXP 	window1: recordFrameIntervals = False
16.9439 	EXP 	left_image: autoDraw = False
16.9439 	EXP 	right_image: autoDraw = False
16.9439 	EXP 	polygon: autoDraw = False
16.9439 	EXP 	left_learning_reward: autoDraw = False
16.9439 	EXP 	right_learning_reward: autoDraw = False
16.9439 	EXP 	text_no_resp: autoDraw = False
17.0969 	EXP 	window1: recordFrameIntervals = True
17.2807 	EXP 	Screen (0) actual frame rate measured at 59.86Hz
17.2808 	EXP 	window1: recordFrameIntervals = False
17.2809 	EXP 	window1: mouseVisible = False
17.2816 	EXP 	New trial (rep=1, index=0): None
17.2938 	EXP 	fixation1: autoDraw = True
18.2809 	EXP 	window1: backgroundImage = ''
18.2809 	EXP 	window1: backgroundFit = 'none'
18.3632 	INFO 	Keyboard events cleared
18.3628 	EXP 	fixation1: autoDraw = False
18.3628 	EXP 	fixation1: autoDraw = False
18.3628 	EXP 	left_image: image = '3.jpg'
18.3628 	EXP 	right_image: image = '4.jpg'
18.3628 	EXP 	left_image: autoDraw = True
18.3628 	EXP 	right_image: autoDraw = True
22.2942 	EXP 	polygon: autoDraw = True
22.2942 	EXP 	left_learning_reward: autoDraw = True
22.2942 	EXP 	right_learning_reward: autoDraw = True
23.2943 	EXP 	polygon: autoDraw = False
23.2943 	EXP 	left_learning_reward: autoDraw = False
23.2943 	EXP 	right_learning_reward: autoDraw = False
23.3772 	EXP 	left_image: autoDraw = False
23.3772 	EXP 	right_image: autoDraw = False
24.2936 	EXP 	text_no_resp: autoDraw = True
25.3011 	DEBUG 	Fullscreen settings ignored as running in pilot mode.
25.3018 	EXP 	window1: backgroundImage = ''
25.3018 	EXP 	window1: backgroundFit = 'none'
25.3018 	EXP 	window1: units = 'height'
25.3041 	EXP 	window1: Attempting to measure frame rate of screen (0) ...
25.3041 	EXP 	window1: recordFrameIntervals = False
25.3255 	EXP 	text_no_resp: autoDraw = False
25.3255 	EXP 	left_image: autoDraw = False
25.3255 	EXP 	right_image: autoDraw = False
25.3255 	EXP 	polygon: autoDraw = False
25.3255 	EXP 	left_learning_reward: autoDraw = False
25.3255 	EXP 	right_learning_reward: autoDraw = False
25.3255 	EXP 	text_no_resp: autoDraw = False
25.4817 	EXP 	window1: recordFrameIntervals = True
25.6630 	EXP 	Screen (0) actual frame rate measured at 60.08Hz
25.6631 	EXP 	window1: recordFrameIntervals = False
25.6631 	EXP 	window1: mouseVisible = False
25.6634 	EXP 	New trial (rep=2, index=0): None
25.6770 	EXP 	fixation1: autoDraw = True
26.6645 	EXP 	window1: backgroundImage = ''
26.6645 	EXP 	window1: backgroundFit = 'none'
26.7469 	INFO 	Keyboard events cleared
26.7464 	EXP 	fixation1: autoDraw = False
26.7464 	EXP 	left_image: image = '4.jpg'
26.7464 	EXP 	right_image: image = '3.jpg'
26.7464 	EXP 	left_image: autoDraw = True
26.7464 	EXP 	right_image: autoDraw = True
27.0525 	DEBUG 	TextBox2 loaded 1 chars with 0 blanks and 1 valid
27.0545 	DEBUG 	TextBox2 loaded 1 chars with 0 blanks and 1 valid
27.0550 	DEBUG 	Uploading Texture Font fontname to graphics card
27.0610 	DEBUG 	Upload of Texture Font fontname complete
27.0638 	DATA 	Keypress: right
30.6933 	EXP 	polygon: autoDraw = True
30.6933 	EXP 	left_learning_reward: autoDraw = True
30.6933 	EXP 	right_learning_reward: autoDraw = True
31.6941 	EXP 	polygon: autoDraw = False
31.6941 	EXP 	left_learning_reward: autoDraw = False
31.6941 	EXP 	right_learning_reward: autoDraw = False
31.7603 	EXP 	left_image: autoDraw = False
31.7603 	EXP 	right_image: autoDraw = False
32.6479 	DEBUG 	Fullscreen settings ignored as running in pilot mode.
32.6484 	EXP 	window1: backgroundImage = ''
32.6484 	EXP 	window1: backgroundFit = 'none'
32.6484 	EXP 	window1: units = 'height'
32.6508 	EXP 	window1: Attempting to measure frame rate of screen (0) ...
32.6508 	EXP 	window1: recordFrameIntervals = False
32.6604 	EXP 	left_image: autoDraw = False
32.6604 	EXP 	right_image: autoDraw = False
32.6604 	EXP 	polygon: autoDraw = False
32.6604 	EXP 	left_learning_reward: autoDraw = False
32.6604 	EXP 	right_learning_reward: autoDraw = False
32.6604 	EXP 	text_no_resp: autoDraw = False
32.8128 	EXP 	window1: recordFrameIntervals = True
33.0010 	EXP 	Screen (0) actual frame rate measured at 59.60Hz
33.0011 	EXP 	window1: recordFrameIntervals = False
33.0011 	EXP 	window1: mouseVisible = False
33.0019 	EXP 	New trial (rep=3, index=0): None
33.0114 	EXP 	fixation1: autoDraw = True
34.0135 	EXP 	window1: backgroundImage = ''
34.0135 	EXP 	window1: backgroundFit = 'none'
34.1136 	INFO 	Keyboard events cleared
34.1130 	EXP 	fixation1: autoDraw = False
34.1130 	EXP 	left_image: image = '3.jpg'
34.1130 	EXP 	right_image: image = '4.jpg'
34.1130 	EXP 	left_image: autoDraw = True
34.1130 	EXP 	right_image: autoDraw = True
35.9854 	DEBUG 	TextBox2 loaded 1 chars with 0 blanks and 1 valid
35.9879 	DEBUG 	TextBox2 loaded 1 chars with 0 blanks and 1 valid
35.9883 	DEBUG 	Uploading Texture Font fontname to graphics card
35.9907 	DEBUG 	Upload of Texture Font fontname complete
35.9936 	DATA 	Keypress: left
38.0107 	EXP 	polygon: autoDraw = True
38.0107 	EXP 	left_learning_reward: autoDraw = True
38.0107 	EXP 	right_learning_reward: autoDraw = True
39.0269 	EXP 	polygon: autoDraw = False
39.0269 	EXP 	left_learning_reward: autoDraw = False
39.0269 	EXP 	right_learning_reward: autoDraw = False
39.1267 	EXP 	left_image: autoDraw = False
39.1267 	EXP 	right_image: autoDraw = False
39.9992 	DEBUG 	Fullscreen settings ignored as running in pilot mode.
39.9999 	EXP 	window1: backgroundImage = ''
39.9999 	EXP 	window1: backgroundFit = 'none'
39.9999 	EXP 	window1: units = 'height'
40.0025 	EXP 	window1: Attempting to measure frame rate of screen (0) ...
40.0025 	EXP 	window1: recordFrameIntervals = False
40.0102 	EXP 	left_image: autoDraw = False
40.0102 	EXP 	right_image: autoDraw = False
40.0102 	EXP 	polygon: autoDraw = False
40.0102 	EXP 	left_learning_reward: autoDraw = False
40.0102 	EXP 	right_learning_reward: autoDraw = False
40.0102 	EXP 	text_no_resp: autoDraw = False
40.1630 	EXP 	window1: recordFrameIntervals = True
40.3466 	EXP 	Screen (0) actual frame rate measured at 59.91Hz
40.3467 	EXP 	window1: recordFrameIntervals = False
40.3467 	EXP 	window1: mouseVisible = False
40.3472 	EXP 	New trial (rep=4, index=0): None
40.3599 	EXP 	fixation1: autoDraw = True
41.3473 	EXP 	window1: backgroundImage = ''
41.3473 	EXP 	window1: backgroundFit = 'none'
41.4295 	INFO 	Keyboard events cleared
41.4291 	EXP 	fixation1: autoDraw = False
41.4291 	EXP 	fixation1: autoDraw = False
41.4291 	EXP 	left_image: image = '3.jpg'
41.4291 	EXP 	right_image: image = '4.jpg'
41.4291 	EXP 	left_image: autoDraw = True
41.4291 	EXP 	right_image: autoDraw = True
45.3603 	EXP 	polygon: autoDraw = True
45.3603 	EXP 	left_learning_reward: autoDraw = True
45.3603 	EXP 	right_learning_reward: autoDraw = True
46.3606 	EXP 	polygon: autoDraw = False
46.3606 	EXP 	left_learning_reward: autoDraw = False
46.3606 	EXP 	right_learning_reward: autoDraw = False
46.4426 	EXP 	left_image: autoDraw = False
46.4426 	EXP 	right_image: autoDraw = False
47.3599 	EXP 	text_no_resp: autoDraw = True
48.3524 	DEBUG 	Fullscreen settings ignored as running in pilot mode.
48.3531 	EXP 	window1: backgroundImage = ''
48.3532 	EXP 	window1: backgroundFit = 'none'
48.3532 	EXP 	window1: units = 'height'
48.3555 	EXP 	window1: Attempting to measure frame rate of screen (0) ...
48.3556 	EXP 	window1: recordFrameIntervals = False
48.3751 	EXP 	text_no_resp: autoDraw = False
48.3751 	EXP 	left_image: autoDraw = False
48.3751 	EXP 	right_image: autoDraw = False
48.3751 	EXP 	polygon: autoDraw = False
48.3751 	EXP 	left_learning_reward: autoDraw = False
48.3751 	EXP 	right_learning_reward: autoDraw = False
48.3751 	EXP 	text_no_resp: autoDraw = False
48.5309 	EXP 	window1: recordFrameIntervals = True
48.7628 	EXP 	Screen (0) actual frame rate measured at 61.21Hz
48.7629 	EXP 	window1: recordFrameIntervals = False
48.7629 	EXP 	window1: mouseVisible = False
48.7772 	INFO 	Keyboard events cleared
48.7767 	EXP 	text2: autoDraw = True
49.4314 	EXP 	Created sequence: random, trialTypes=1, nReps=1, seed=None
49.4316 	EXP 	New trial (rep=0, index=0): None
49.4332 	DATA 	Keypress: space
49.4436 	EXP 	text2: autoDraw = False
49.4436 	EXP 	fixation2: autoDraw = True
50.5576 	INFO 	Keyboard events cleared
50.5566 	EXP 	fixation2: autoDraw = False
50.5566 	EXP 	fixation2: autoDraw = False
50.5566 	EXP 	left_image_2: image = '2.jpg'
50.5566 	EXP 	right_image_2: image = '4.jpg'
50.5566 	EXP 	left_image_2: autoDraw = True
50.5566 	EXP 	right_image_2: autoDraw = True
52.2905 	DATA 	Keypress: right
53.2924 	EXP 	polygon_2: autoDraw = True
54.3087 	EXP 	left_image_2: autoDraw = False
54.3087 	EXP 	right_image_2: autoDraw = False
55.3216 	EXP 	window1: mouseVisible = True
55.3912 	EXP 	polygon_2: autoDraw = False
55.3912 	EXP 	left_image_2: autoDraw = False
55.3912 	EXP 	right_image_2: autoDraw = False
55.3912 	EXP 	polygon_2: autoDraw = False
55.3912 	EXP 	slider_trns: markerPos = None
55.3912 	EXP 	slider_trns: markerPos = 50
55.3912 	EXP 	slider_trns: autoDraw = True
57.8681 	DATA 	Mouse: Left button down, pos=(522,283)
57.9419 	EXP 	slider_trns: markerPos = 70.33333333333334
57.9459 	DATA 	Mouse:  Left button up, pos=(522,283)
57.9747 	EXP 	slider_trns: markerPos = 70.0
57.9936 	INFO 	Keyboard events cleared
57.9933 	EXP 	slider_trns: autoDraw = False
57.9933 	EXP 	text3: autoDraw = True
60.4642 	EXP 	Created sequence: random, trialTypes=1, nReps=1, seed=None
60.4644 	EXP 	New trial (rep=0, index=0): None
60.4662 	DATA 	Keypress: space
60.4767 	EXP 	text3: autoDraw = False
60.4767 	EXP 	fixation3: autoDraw = True
61.5131 	EXP 	window1: mouseVisible = True
61.5579 	EXP 	fixation3: autoDraw = False
61.5579 	EXP 	fixation3: autoDraw = False
61.5579 	EXP 	image_3: image = '3.jpg'
61.5579 	EXP 	slider_estm: markerPos = None
61.5579 	EXP 	slider_estm: markerPos = 50
61.5579 	EXP 	image_3: autoDraw = True
61.5579 	EXP 	slider_estm: autoDraw = True
62.7286 	DATA 	Mouse: Left button down, pos=(367,179)
62.7746 	EXP 	slider_estm: markerPos = 44.5
62.8247 	EXP 	slider_estm: markerPos = 44.5
62.8275 	DATA 	Mouse:  Left button up, pos=(367,179)
62.8580 	EXP 	slider_estm: markerPos = 45.0
62.9204 	EXP 	window1: mouseVisible = True
62.9354 	DEBUG 	Saving data for article1 ExperimentHandler
62.9370 	INFO 	saved data to D:\UT\semester 4 - courses\Cognitive science\HWs\HW1\answer\article1\data/009269_article1_2024-05-28_12h59.12.584.psydat
62.9410 	INFO 	saved data to 'D:\\UT\\semester 4 - courses\\Cognitive science\\HWs\\HW1\\answer\\article1\\data/009269_article1_2024-05-28_12h59.12.584.csv'
