6.0080 	DEBUG 	Fullscreen settings ignored as running in pilot mode.
6.0089 	INFO 	Loaded monitor calibration from ['2024_05_21 12:08']
6.1685 	EXP 	Created window1 = Window(allowGUI=True, allowStencil=True, autoLog=True, backendConf=UNKNOWN, backgroundFit=<method-wrapper '__getattribute__' of attributeSetter object at 0x0000015DB55F2D90>, backgroundImage=<method-wrapper '__getattribute__' of attributeSetter object at 0x0000015DB55F2D30>, bitsMode=UNKNOWN, blendMode='avg', bpc=(8, 8, 8), color=array([1, 1, 1]), colorSpace='rgb', depthBits=8, fullscr=<method-wrapper '__getattribute__' of attributeSetter object at 0x0000015DB55F2B80>, gamma=None, gammaErrorPolicy='raise', infoMsg=UNKNOWN, lms=UNKNOWN, monitor=<psychopy.monitors.calibTools.Monitor object at 0x0000015DB5968A00>, multiSample=False, name='window1', numSamples=2, pos=[560.0, 240.0], screen=0, size=array([800, 600]), stencilBits=8, stereo=False, title='PsychoPy', units='height', useFBO=True, useRetina=False, viewOri=0.0, viewPos=None, viewScale=None, waitBlanking=True, winType='pyglet')
6.1686 	EXP 	window1: mouseVisible = True
6.1686 	EXP 	window1: backgroundImage = ''
6.1686 	EXP 	window1: backgroundFit = 'none'
6.1688 	EXP 	window1: mouseVisible = True
6.1690 	EXP 	window1: mouseVisible = True
6.1704 	EXP 	window1: mouseVisible = True
6.1708 	EXP 	window1: mouseVisible = True
6.1745 	DEBUG 	TextBox2 loaded 1 chars with 0 blanks and 1 valid
6.1753 	DEBUG 	TextBox2 loaded 1 chars with 0 blanks and 1 valid
6.1761 	DEBUG 	TextBox2 loaded 1 chars with 0 blanks and 1 valid
6.1771 	DEBUG 	TextBox2 loaded 1 chars with 0 blanks and 1 valid
6.1780 	DEBUG 	TextBox2 loaded 1 chars with 0 blanks and 1 valid
6.1785 	DEBUG 	TextBox2 loaded 1 chars with 0 blanks and 1 valid
6.1795 	DEBUG 	TextBox2 loaded 1 chars with 0 blanks and 1 valid
6.1809 	DEBUG 	TextBox2 loaded 1 chars with 0 blanks and 1 valid
6.1816 	DEBUG 	TextBox2 loaded 1 chars with 0 blanks and 1 valid
6.1822 	DEBUG 	TextBox2 loaded 1 chars with 0 blanks and 1 valid
6.1831 	DEBUG 	TextBox2 loaded 1 chars with 0 blanks and 1 valid
6.1839 	DEBUG 	TextBox2 loaded 1 chars with 0 blanks and 1 valid
6.1846 	DEBUG 	TextBox2 loaded 1 chars with 0 blanks and 1 valid
6.1853 	DEBUG 	TextBox2 loaded 1 chars with 0 blanks and 1 valid
6.1860 	DEBUG 	TextBox2 loaded 1 chars with 0 blanks and 1 valid
6.1867 	DEBUG 	TextBox2 loaded 1 chars with 0 blanks and 1 valid
6.1875 	DEBUG 	TextBox2 loaded 1 chars with 0 blanks and 1 valid
6.1882 	DEBUG 	TextBox2 loaded 1 chars with 0 blanks and 1 valid
6.1888 	DEBUG 	TextBox2 loaded 1 chars with 0 blanks and 1 valid
6.1897 	DEBUG 	TextBox2 loaded 1 chars with 0 blanks and 1 valid
6.1902 	DEBUG 	TextBox2 loaded 1 chars with 0 blanks and 1 valid
6.1905 	DEBUG 	Uploading Texture Font fontname to graphics card
6.2019 	DEBUG 	Upload of Texture Font fontname complete
6.2044 	EXP 	window1: mouseVisible = True
6.2046 	EXP 	window1: mouseVisible = True
6.2050 	EXP 	window1: mouseVisible = True
6.2053 	EXP 	window1: mouseVisible = True
6.2083 	DEBUG 	TextBox2 loaded 1 chars with 0 blanks and 1 valid
6.2093 	DEBUG 	TextBox2 loaded 1 chars with 0 blanks and 1 valid
6.2103 	DEBUG 	TextBox2 loaded 1 chars with 0 blanks and 1 valid
6.2108 	DEBUG 	Uploading Texture Font fontname to graphics card
6.2177 	DEBUG 	Upload of Texture Font fontname complete
6.2200 	EXP 	window1: Attempting to measure frame rate of screen (0) ...
6.2200 	EXP 	window1: recordFrameIntervals = False
6.4008 	EXP 	window1: recordFrameIntervals = True
6.5838 	EXP 	Screen (0) actual frame rate measured at 59.94Hz
6.5839 	EXP 	window1: recordFrameIntervals = False
6.5840 	EXP 	window1: mouseVisible = False
6.5848 	EXP 	window1: mouseVisible = True
6.5851 	EXP 	window1: mouseVisible = True
6.5861 	EXP 	window1: mouseVisible = True
6.5869 	EXP 	window1: mouseVisible = True
6.5925 	DEBUG 	TextBox2 loaded 1 chars with 0 blanks and 1 valid
6.5933 	DEBUG 	TextBox2 loaded 1 chars with 0 blanks and 1 valid
6.5944 	DEBUG 	TextBox2 loaded 1 chars with 0 blanks and 1 valid
6.5956 	DEBUG 	TextBox2 loaded 1 chars with 0 blanks and 1 valid
6.5972 	DEBUG 	TextBox2 loaded 1 chars with 0 blanks and 1 valid
6.5984 	DEBUG 	TextBox2 loaded 1 chars with 0 blanks and 1 valid
6.5992 	DEBUG 	TextBox2 loaded 1 chars with 0 blanks and 1 valid
6.6003 	DEBUG 	TextBox2 loaded 1 chars with 0 blanks and 1 valid
6.6013 	DEBUG 	TextBox2 loaded 1 chars with 0 blanks and 1 valid
6.6021 	DEBUG 	TextBox2 loaded 1 chars with 0 blanks and 1 valid
6.6024 	DEBUG 	Uploading Texture Font fontname to graphics card
6.6030 	DEBUG 	Upload of Texture Font fontname complete
6.6041 	EXP 	window1: mouseVisible = True
6.6042 	EXP 	window1: mouseVisible = True
6.6045 	EXP 	window1: mouseVisible = True
6.6048 	EXP 	window1: mouseVisible = True
6.6408 	WARNING 	launchHubServer: If using the iohub mouse or eyetracker devices, fullScr should be True.
8.9209 	INFO 	keyboard.Keyboard is using iohub backend.
8.9210 	INFO 	keyboard.Keyboard is using iohub backend.
8.9210 	INFO 	keyboard.Keyboard is using iohub backend.
8.9210 	INFO 	keyboard.Keyboard is using iohub backend.
8.9210 	INFO 	keyboard.Keyboard is using iohub backend.
8.9211 	EXP 	article1: status = STARTED
8.9214 	EXP 	window1: mouseVisible = True
9.1458 	EXP 	Created text1 = TextStim(__class__=<class 'psychopy.visual.text.TextStim'>, alignHoriz=method-wrapper(...), alignText='center', alignVert=method-wrapper(...), anchorHoriz='center', anchorVert='center', antialias=True, autoDraw=False, autoLog=True, bold=False, color=array([-1., -1., -1.]), colorSpace='rgb', contrast=1.0, depth=0.0, draggable=False, flipHoriz=False, flipVert=False, font='Arial', fontFiles=[], height=0.05, italic=False, languageStyle='Arabic', name='text1', opacity=1.0, ori=0.0, pos=array([0., 0.]), rgb=UNKNOWN, text=str(...), units='height', win=Window(...), wrapWidth=1)
9.1460 	EXP 	window1: mouseVisible = True
9.1506 	EXP 	Created fixation1 = ShapeStim(__class__=<class 'psychopy.visual.shape.ShapeStim'>, anchor=('center', 'center'), autoDraw=False, autoLog=True, closeShape=True, color=method-wrapper(...), colorSpace='rgb', contrast=None, depth=0.0, draggable=False, fillColor=array([-1, -1, -1]), fillColorSpace='rgb', fillRGB=array([-1, -1, -1]), interpolate=True, lineColor=array([-1., -1., -1.]), lineColorSpace='rgb', lineRGB=array([-1., -1., -1.]), lineWidth=0.08, name='fixation1', opacity=1.0, ori=0.0, pos=array([0., 0.]), size=array([0.03, 0.06]), units='norm', vertices=ndarray(...), win=Window(...), windingRule=None)
9.1509 	EXP 	window1: mouseVisible = True
9.1622 	EXP 	Created left_image = ImageStim(__class__=<class 'psychopy.visual.image.ImageStim'>, anchor=('center', 'center'), autoLog=True, color=array([1., 1., 1.]), colorSpace='rgb', contrast=1.0, depth=-1.0, draggable=False, flipHoriz=False, flipVert=False, image='default.png', interpolate=True, mask=None, maskParams=None, name='left_image', opacity=1.0, ori=0.0, pos=array([-0.5,  0. ]), size=array([0.5, 0.5]), texRes=128.0, units='height', win=Window(...))
9.1624 	EXP 	window1: mouseVisible = True
9.1709 	EXP 	Created right_image = ImageStim(__class__=<class 'psychopy.visual.image.ImageStim'>, anchor=('center', 'center'), autoLog=True, color=array([1., 1., 1.]), colorSpace='rgb', contrast=1.0, depth=-2.0, draggable=False, flipHoriz=False, flipVert=False, image='default.png', interpolate=True, mask=None, maskParams=None, name='right_image', opacity=1.0, ori=0.0, pos=array([0.5, 0. ]), size=array([0.5, 0.5]), texRes=128.0, units='height', win=Window(...))
9.1711 	EXP 	window1: mouseVisible = True
9.1739 	EXP 	Created polygon = Rect(__class__=<class 'psychopy.visual.rect.Rect'>, anchor=('center', 'center'), autoDraw=False, autoLog=True, closeShape=True, color=method-wrapper(...), colorSpace='rgb', contrast=None, depth=-5.0, draggable=False, fillColor=array([0., 0., 0.]), fillColorSpace='rgb', fillRGB=array([0., 0., 0.]), interpolate=True, lineColor=array([-0.5765,  0.0039,  1.    ]), lineColorSpace='rgb', lineRGB=array([-0.5765,  0.0039,  1.    ]), lineWidth=20.0, name='polygon', opacity=0.3, ori=0.0, pos=array([0., 0.]), size=array([0.5, 0.5]), units='height', vertices=ndarray(...), win=Window(...))
9.1742 	EXP 	window1: mouseVisible = True
9.1745 	EXP 	window1: mouseVisible = True
9.1759 	EXP 	window1: mouseVisible = True
9.1772 	EXP 	window1: mouseVisible = True
9.1859 	EXP 	window1: mouseVisible = True
9.1862 	EXP 	window1: mouseVisible = True
9.1875 	EXP 	window1: mouseVisible = True
9.1888 	EXP 	window1: mouseVisible = True
9.1980 	DEBUG 	TextBox2 loaded 1 chars with 0 blanks and 1 valid
9.2008 	DEBUG 	TextBox2 loaded 1 chars with 0 blanks and 1 valid
9.2034 	DEBUG 	TextBox2 loaded 1 chars with 0 blanks and 1 valid
9.2058 	DEBUG 	TextBox2 loaded 1 chars with 0 blanks and 1 valid
9.2074 	DEBUG 	TextBox2 loaded 1 chars with 0 blanks and 1 valid
9.2093 	DEBUG 	TextBox2 loaded 1 chars with 0 blanks and 1 valid
9.2110 	DEBUG 	TextBox2 loaded 1 chars with 0 blanks and 1 valid
9.2131 	DEBUG 	TextBox2 loaded 1 chars with 0 blanks and 1 valid
9.2153 	DEBUG 	TextBox2 loaded 1 chars with 0 blanks and 1 valid
9.2161 	DEBUG 	Uploading Texture Font fontname to graphics card
9.2186 	DEBUG 	Upload of Texture Font fontname complete
9.2218 	EXP 	window1: mouseVisible = True
9.2221 	EXP 	window1: mouseVisible = True
9.2230 	EXP 	window1: mouseVisible = True
9.2243 	EXP 	window1: mouseVisible = True
9.2330 	EXP 	window1: mouseVisible = True
9.2334 	EXP 	window1: mouseVisible = True
9.2343 	EXP 	window1: mouseVisible = True
9.2354 	EXP 	window1: mouseVisible = True
9.2431 	EXP 	window1: mouseVisible = True
9.2461 	EXP 	Created text_no_resp = TextStim(__class__=<class 'psychopy.visual.text.TextStim'>, alignHoriz=method-wrapper(...), alignText='center', alignVert=method-wrapper(...), anchorHoriz='center', anchorVert='center', antialias=True, autoDraw=False, autoLog=True, bold=False, color=array([-1., -1., -1.]), colorSpace='rgb', contrast=1.0, depth=-8.0, draggable=False, flipHoriz=False, flipVert=False, font='Arial', fontFiles=[], height=0.05, italic=False, languageStyle='Arabic', name='text_no_resp', opacity=1.0, ori=0.0, pos=array([0., 0.]), rgb=UNKNOWN, text='', units='height', win=Window(...), wrapWidth=1)
9.2463 	EXP 	window1: mouseVisible = True
9.2918 	EXP 	Created text2 = TextStim(__class__=<class 'psychopy.visual.text.TextStim'>, alignHoriz=method-wrapper(...), alignText='center', alignVert=method-wrapper(...), anchorHoriz='center', anchorVert='center', antialias=True, autoDraw=False, autoLog=True, bold=False, color=array([-1., -1., -1.]), colorSpace='rgb', contrast=1.0, depth=0.0, draggable=False, flipHoriz=False, flipVert=False, font='Arial', fontFiles=[], height=0.05, italic=False, languageStyle='Arabic', name='text2', opacity=1.0, ori=0.0, pos=array([0., 0.]), rgb=UNKNOWN, text=str(...), units='height', win=Window(...), wrapWidth=1)
9.2920 	EXP 	window1: mouseVisible = True
9.2957 	EXP 	Created fixation2 = ShapeStim(__class__=<class 'psychopy.visual.shape.ShapeStim'>, anchor=('center', 'center'), autoDraw=False, autoLog=True, closeShape=True, color=method-wrapper(...), colorSpace='rgb', contrast=None, depth=0.0, draggable=False, fillColor=array([-1, -1, -1]), fillColorSpace='rgb', fillRGB=array([-1, -1, -1]), interpolate=True, lineColor=array([-1., -1., -1.]), lineColorSpace='rgb', lineRGB=array([-1., -1., -1.]), lineWidth=0.08, name='fixation2', opacity=1.0, ori=0.0, pos=array([0., 0.]), size=array([0.03, 0.06]), units='norm', vertices=ndarray(...), win=Window(...), windingRule=None)
9.2958 	EXP 	window1: mouseVisible = True
9.3038 	EXP 	Created left_image_2 = ImageStim(__class__=<class 'psychopy.visual.image.ImageStim'>, anchor=('center', 'center'), autoLog=True, color=array([1., 1., 1.]), colorSpace='rgb', contrast=1.0, depth=-1.0, draggable=False, flipHoriz=False, flipVert=False, image='default.png', interpolate=True, mask=None, maskParams=None, name='left_image_2', opacity=1.0, ori=0.0, pos=array([-0.5,  0. ]), size=array([0.5, 0.5]), texRes=128.0, units='height', win=Window(...))
9.3039 	EXP 	window1: mouseVisible = True
9.3108 	EXP 	Created right_image_2 = ImageStim(__class__=<class 'psychopy.visual.image.ImageStim'>, anchor=('center', 'center'), autoLog=True, color=array([1., 1., 1.]), colorSpace='rgb', contrast=1.0, depth=-2.0, draggable=False, flipHoriz=False, flipVert=False, image='default.png', interpolate=True, mask=None, maskParams=None, name='right_image_2', opacity=1.0, ori=0.0, pos=array([0.5, 0. ]), size=array([0.5, 0.5]), texRes=128.0, units='height', win=Window(...))
9.3110 	EXP 	window1: mouseVisible = True
9.3142 	EXP 	Created polygon_2 = Rect(__class__=<class 'psychopy.visual.rect.Rect'>, anchor=('center', 'center'), autoDraw=False, autoLog=True, closeShape=True, color=method-wrapper(...), colorSpace='rgb', contrast=None, depth=-5.0, draggable=False, fillColor=array([0., 0., 0.]), fillColorSpace='rgb', fillRGB=array([0., 0., 0.]), interpolate=True, lineColor=array([-0.5765,  0.0039,  1.    ]), lineColorSpace='rgb', lineRGB=array([-0.5765,  0.0039,  1.    ]), lineWidth=20.0, name='polygon_2', opacity=0.3, ori=0.0, pos=array([0., 0.]), size=array([0.5, 0.5]), units='height', vertices=ndarray(...), win=Window(...))
9.3290 	EXP 	window1: mouseVisible = True
9.3301 	EXP 	window1: mouseVisible = True
9.3357 	EXP 	window1: mouseVisible = True
9.3361 	EXP 	window1: mouseVisible = True
9.3382 	EXP 	window1: mouseVisible = True
9.3398 	EXP 	window1: mouseVisible = True
9.3497 	DEBUG 	TextBox2 loaded 1 chars with 0 blanks and 1 valid
9.3500 	DEBUG 	Uploading Texture Font fontname to graphics card
9.3539 	DEBUG 	Upload of Texture Font fontname complete
9.3576 	EXP 	window1: mouseVisible = True
9.3580 	EXP 	window1: mouseVisible = True
9.3595 	EXP 	window1: mouseVisible = True
9.3608 	EXP 	window1: mouseVisible = True
9.3694 	DEBUG 	TextBox2 loaded 1 chars with 0 blanks and 1 valid
9.3724 	DEBUG 	Uploading Texture Font fontname to graphics card
9.3752 	DEBUG 	Upload of Texture Font fontname complete
9.3786 	EXP 	window1: mouseVisible = True
9.3790 	EXP 	window1: mouseVisible = True
9.3813 	EXP 	window1: mouseVisible = True
9.3832 	EXP 	window1: mouseVisible = True
9.3930 	DEBUG 	TextBox2 loaded 1 chars with 0 blanks and 1 valid
9.3936 	DEBUG 	Uploading Texture Font fontname to graphics card
9.3981 	DEBUG 	Upload of Texture Font fontname complete
9.4016 	EXP 	window1: mouseVisible = True
9.4020 	EXP 	window1: mouseVisible = True
9.4034 	EXP 	window1: mouseVisible = True
9.4048 	EXP 	window1: mouseVisible = True
9.4159 	EXP 	window1: mouseVisible = True
9.4163 	EXP 	window1: mouseVisible = True
9.4178 	EXP 	window1: mouseVisible = True
9.4190 	EXP 	window1: mouseVisible = True
9.4285 	DEBUG 	TextBox2 loaded 1 chars with 0 blanks and 1 valid
9.4290 	DEBUG 	Uploading Texture Font fontname to graphics card
9.4322 	DEBUG 	Upload of Texture Font fontname complete
9.4366 	EXP 	window1: mouseVisible = True
9.4370 	EXP 	window1: mouseVisible = True
9.4390 	EXP 	window1: mouseVisible = True
9.4403 	EXP 	window1: mouseVisible = True
9.4536 	EXP 	window1: mouseVisible = True
9.4539 	EXP 	window1: mouseVisible = True
9.4552 	EXP 	window1: mouseVisible = True
9.4565 	EXP 	window1: mouseVisible = True
9.4653 	DEBUG 	TextBox2 loaded 1 chars with 0 blanks and 1 valid
9.4658 	DEBUG 	Uploading Texture Font fontname to graphics card
9.4727 	DEBUG 	Upload of Texture Font fontname complete
9.4762 	EXP 	window1: mouseVisible = True
9.4765 	EXP 	window1: mouseVisible = True
9.4781 	EXP 	window1: mouseVisible = True
9.4789 	EXP 	window1: mouseVisible = True
9.4906 	EXP 	window1: mouseVisible = True
9.4910 	EXP 	window1: mouseVisible = True
9.4924 	EXP 	window1: mouseVisible = True
9.4937 	EXP 	window1: mouseVisible = True
9.5032 	DEBUG 	TextBox2 loaded 1 chars with 0 blanks and 1 valid
9.5037 	DEBUG 	Uploading Texture Font fontname to graphics card
9.5074 	DEBUG 	Upload of Texture Font fontname complete
9.5103 	EXP 	window1: mouseVisible = True
9.5106 	EXP 	window1: mouseVisible = True
9.5121 	EXP 	window1: mouseVisible = True
9.5129 	EXP 	window1: mouseVisible = True
9.5250 	EXP 	window1: mouseVisible = True
9.5252 	EXP 	window1: mouseVisible = True
9.5266 	EXP 	window1: mouseVisible = True
9.5278 	EXP 	window1: mouseVisible = True
9.5369 	DEBUG 	TextBox2 loaded 1 chars with 0 blanks and 1 valid
9.5373 	DEBUG 	Uploading Texture Font fontname to graphics card
9.5423 	DEBUG 	Upload of Texture Font fontname complete
9.5455 	EXP 	window1: mouseVisible = True
9.5459 	EXP 	window1: mouseVisible = True
9.5475 	EXP 	window1: mouseVisible = True
9.5491 	EXP 	window1: mouseVisible = True
9.5636 	EXP 	window1: mouseVisible = True
9.5639 	EXP 	window1: mouseVisible = True
9.5653 	EXP 	window1: mouseVisible = True
9.5665 	EXP 	window1: mouseVisible = True
9.5751 	DEBUG 	TextBox2 loaded 1 chars with 0 blanks and 1 valid
9.5756 	DEBUG 	Uploading Texture Font fontname to graphics card
9.5859 	DEBUG 	Upload of Texture Font fontname complete
9.5894 	EXP 	window1: mouseVisible = True
9.5898 	EXP 	window1: mouseVisible = True
9.5915 	EXP 	window1: mouseVisible = True
9.5933 	EXP 	window1: mouseVisible = True
9.6106 	EXP 	window1: mouseVisible = True
9.6112 	EXP 	window1: mouseVisible = True
9.6134 	EXP 	window1: mouseVisible = True
9.6154 	EXP 	window1: mouseVisible = True
9.6276 	DEBUG 	TextBox2 loaded 1 chars with 0 blanks and 1 valid
9.6290 	DEBUG 	Uploading Texture Font fontname to graphics card
9.6505 	DEBUG 	Upload of Texture Font fontname complete
9.6555 	EXP 	window1: mouseVisible = True
9.6560 	EXP 	window1: mouseVisible = True
9.6583 	EXP 	window1: mouseVisible = True
9.6605 	EXP 	window1: mouseVisible = True
9.6782 	EXP 	window1: mouseVisible = True
9.6788 	EXP 	window1: mouseVisible = True
9.6808 	EXP 	window1: mouseVisible = True
9.6827 	EXP 	window1: mouseVisible = True
9.6932 	DEBUG 	TextBox2 loaded 1 chars with 0 blanks and 1 valid
9.6937 	DEBUG 	Uploading Texture Font fontname to graphics card
9.7052 	DEBUG 	Upload of Texture Font fontname complete
9.7100 	EXP 	window1: mouseVisible = True
9.7106 	EXP 	window1: mouseVisible = True
9.7128 	EXP 	window1: mouseVisible = True
9.7151 	EXP 	window1: mouseVisible = True
9.7303 	EXP 	window1: mouseVisible = True
9.7306 	EXP 	window1: mouseVisible = True
9.7319 	EXP 	window1: mouseVisible = True
9.7332 	EXP 	window1: mouseVisible = True
9.7421 	DEBUG 	TextBox2 loaded 1 chars with 0 blanks and 1 valid
9.7424 	DEBUG 	Uploading Texture Font fontname to graphics card
9.7510 	DEBUG 	Upload of Texture Font fontname complete
9.7573 	EXP 	window1: mouseVisible = True
9.7575 	EXP 	window1: mouseVisible = True
9.7593 	EXP 	window1: mouseVisible = True
9.7614 	EXP 	window1: mouseVisible = True
9.7784 	EXP 	window1: mouseVisible = True
9.7788 	EXP 	window1: mouseVisible = True
9.7805 	EXP 	window1: mouseVisible = True
9.7818 	EXP 	window1: mouseVisible = True
9.7916 	EXP 	window1: mouseVisible = True
9.7919 	EXP 	window1: mouseVisible = True
9.7932 	EXP 	window1: mouseVisible = True
9.7945 	EXP 	window1: mouseVisible = True
9.8059 	EXP 	window1: mouseVisible = True
9.8092 	EXP 	window1: mouseVisible = True
10.0623 	EXP 	Created slider_trns = Slider(__class__=<class 'psychopy.visual.slider.Slider'>, autoDraw=False, autoLog=True, borderColor=None, color=None, colorSpace='rgb', depth=0, fillColor=None, flip=False, font='Open Sans', granularity=10.0, labelColor=None, labelHeight=0.05, labelWrapWidth=None, labels=(0, 10, 20, 30, 40, 50, 60, 70, 80, 90, 100), lineColor=None, markerColor=None, name='slider_trns', opacity=None, ori=0.0, pos=array([0., 0.]), readOnly=False, self=UNKNOWN, size=array([1. , 0.1]), startValue=50, style='slider', styleTweaks=[], ticks=ndarray(...), units='height', win=Window(...))
10.0624 	EXP 	window1: mouseVisible = True
0.0355 	EXP 	left_learning_reward: autoLog = True
0.0355 	EXP 	right_learning_reward: autoLog = True
0.0355 	EXP 	slider_trns: autoLog = True
0.0355 	EXP 	slider_trns: styleTweaks = []
0.0355 	EXP 	slider_trns: styleTweaks = []
0.0355 	EXP 	slider_trns: styleTweaks = []
0.0355 	EXP 	slider_trns: styleTweaks = []
0.0355 	EXP 	slider_trns: contrast = 1.0
0.0355 	EXP 	slider_trns: markerPos = 50
0.0355 	EXP 	slider_trns: autoLog = True
0.0788 	INFO 	Keyboard events cleared
0.0782 	EXP 	text1: autoDraw = True
1.4721 	EXP 	Created sequence: random, trialTypes=1, nReps=1, seed=None
1.4723 	EXP 	New trial (rep=0, index=0): None
1.4735 	DATA 	Keypress: space
1.4846 	EXP 	text1: autoDraw = False
1.4846 	EXP 	fixation1: autoDraw = True
2.4719 	EXP 	window1: backgroundImage = ''
2.4719 	EXP 	window1: backgroundFit = 'none'
2.5744 	INFO 	Keyboard events cleared
2.5740 	EXP 	fixation1: autoDraw = False
2.5740 	EXP 	fixation1: autoDraw = False
2.5740 	EXP 	left_image: image = '1.jpg'
2.5740 	EXP 	right_image: image = '2.jpg'
2.5740 	EXP 	left_image: autoDraw = True
2.5740 	EXP 	right_image: autoDraw = True
6.4849 	EXP 	polygon: autoDraw = True
6.4849 	EXP 	left_learning_reward: autoDraw = True
6.4849 	EXP 	right_learning_reward: autoDraw = True
7.4857 	EXP 	polygon: autoDraw = False
7.4857 	EXP 	left_learning_reward: autoDraw = False
7.4857 	EXP 	right_learning_reward: autoDraw = False
7.5847 	EXP 	left_image: autoDraw = False
7.5847 	EXP 	right_image: autoDraw = False
8.5011 	EXP 	text_no_resp: autoDraw = True
9.4945 	DEBUG 	Fullscreen settings ignored as running in pilot mode.
9.4949 	EXP 	window1: backgroundImage = ''
9.4949 	EXP 	window1: backgroundFit = 'none'
9.4949 	EXP 	window1: units = 'height'
9.4958 	EXP 	window1: Attempting to measure frame rate of screen (0) ...
9.4959 	EXP 	window1: recordFrameIntervals = False
9.5011 	EXP 	text_no_resp: autoDraw = False
9.5011 	EXP 	left_image: autoDraw = False
9.5011 	EXP 	right_image: autoDraw = False
9.5011 	EXP 	polygon: autoDraw = False
9.5011 	EXP 	left_learning_reward: autoDraw = False
9.5011 	EXP 	right_learning_reward: autoDraw = False
9.5011 	EXP 	text_no_resp: autoDraw = False
9.6541 	EXP 	window1: recordFrameIntervals = True
9.8375 	EXP 	Screen (0) actual frame rate measured at 60.29Hz
9.8376 	EXP 	window1: recordFrameIntervals = False
9.8377 	EXP 	window1: mouseVisible = False
9.8531 	INFO 	Keyboard events cleared
9.8525 	EXP 	text2: autoDraw = True
11.6557 	EXP 	Created sequence: random, trialTypes=1, nReps=10, seed=None
11.6560 	EXP 	New trial (rep=0, index=0): None
11.6581 	DATA 	Keypress: space
11.6676 	EXP 	text2: autoDraw = False
11.6676 	EXP 	fixation2: autoDraw = True
12.7386 	INFO 	Keyboard events cleared
12.7381 	EXP 	fixation2: autoDraw = False
12.7381 	EXP 	fixation2: autoDraw = False
12.7381 	EXP 	left_image_2: image = '1.jpg'
12.7381 	EXP 	right_image_2: image = '2.jpg'
12.7381 	EXP 	left_image_2: autoDraw = True
12.7381 	EXP 	right_image_2: autoDraw = True
13.4672 	DATA 	Keypress: right
14.4674 	EXP 	polygon_2: autoDraw = True
15.4842 	EXP 	left_image_2: autoDraw = False
15.4842 	EXP 	right_image_2: autoDraw = False
16.4983 	EXP 	window1: mouseVisible = True
16.5266 	EXP 	window1: mouseVisible = True
16.5323 	DEBUG 	Saving data for article1 ExperimentHandler
16.5329 	INFO 	saved data to D:\UT\semester 4 - courses\Cognitive science\HWs\HW1\answer\article1\data/026976_article1_2024-05-28_01h40.07.371.psydat
16.5341 	INFO 	saved data to 'D:\\UT\\semester 4 - courses\\Cognitive science\\HWs\\HW1\\answer\\article1\\data/026976_article1_2024-05-28_01h40.07.371.csv'
