8.9313 	DEBUG 	Fullscreen settings ignored as running in pilot mode.
8.9325 	INFO 	Loaded monitor calibration from ['2024_05_21 12:08']
9.3694 	EXP 	Created window1 = Window(allowGUI=True, allowStencil=True, autoLog=True, backendConf=UNKNOWN, backgroundFit=<method-wrapper '__getattribute__' of attributeSetter object at 0x0000024CC3390D30>, backgroundImage=<method-wrapper '__getattribute__' of attributeSetter object at 0x0000024CC3390CD0>, bitsMode=UNKNOWN, blendMode='avg', bpc=(8, 8, 8), color=array([1, 1, 1]), colorSpace='rgb', depthBits=8, fullscr=<method-wrapper '__getattribute__' of attributeSetter object at 0x0000024CC3390B20>, gamma=None, gammaErrorPolicy='raise', infoMsg=UNKNOWN, lms=UNKNOWN, monitor=<psychopy.monitors.calibTools.Monitor object at 0x0000024CC47189A0>, multiSample=False, name='window1', numSamples=2, pos=[560.0, 240.0], screen=0, size=array([800, 600]), stencilBits=8, stereo=False, title='PsychoPy', units='height', useFBO=True, useRetina=False, viewOri=0.0, viewPos=None, viewScale=None, waitBlanking=True, winType='pyglet')
9.3696 	EXP 	window1: mouseVisible = True
9.3696 	EXP 	window1: backgroundImage = ''
9.3696 	EXP 	window1: backgroundFit = 'none'
9.3699 	EXP 	window1: mouseVisible = True
9.3701 	EXP 	window1: mouseVisible = True
9.3723 	EXP 	window1: mouseVisible = True
9.3730 	EXP 	window1: mouseVisible = True
9.3800 	DEBUG 	TextBox2 loaded 1 chars with 0 blanks and 1 valid
9.3818 	DEBUG 	TextBox2 loaded 1 chars with 0 blanks and 1 valid
9.3834 	DEBUG 	TextBox2 loaded 1 chars with 0 blanks and 1 valid
9.3852 	DEBUG 	TextBox2 loaded 1 chars with 0 blanks and 1 valid
9.3870 	DEBUG 	TextBox2 loaded 1 chars with 0 blanks and 1 valid
9.3882 	DEBUG 	TextBox2 loaded 1 chars with 0 blanks and 1 valid
9.3896 	DEBUG 	TextBox2 loaded 1 chars with 0 blanks and 1 valid
9.3914 	DEBUG 	TextBox2 loaded 1 chars with 0 blanks and 1 valid
9.3923 	DEBUG 	TextBox2 loaded 1 chars with 0 blanks and 1 valid
9.3933 	DEBUG 	TextBox2 loaded 1 chars with 0 blanks and 1 valid
9.3947 	DEBUG 	TextBox2 loaded 1 chars with 0 blanks and 1 valid
9.3963 	DEBUG 	TextBox2 loaded 1 chars with 0 blanks and 1 valid
9.3977 	DEBUG 	TextBox2 loaded 1 chars with 0 blanks and 1 valid
9.3992 	DEBUG 	TextBox2 loaded 1 chars with 0 blanks and 1 valid
9.4007 	DEBUG 	TextBox2 loaded 1 chars with 0 blanks and 1 valid
9.4026 	DEBUG 	TextBox2 loaded 1 chars with 0 blanks and 1 valid
9.4045 	DEBUG 	TextBox2 loaded 1 chars with 0 blanks and 1 valid
9.4060 	DEBUG 	TextBox2 loaded 1 chars with 0 blanks and 1 valid
9.4073 	DEBUG 	TextBox2 loaded 1 chars with 0 blanks and 1 valid
9.4093 	DEBUG 	TextBox2 loaded 1 chars with 0 blanks and 1 valid
9.4107 	DEBUG 	TextBox2 loaded 1 chars with 0 blanks and 1 valid
9.4112 	DEBUG 	Uploading Texture Font fontname to graphics card
9.4212 	DEBUG 	Upload of Texture Font fontname complete
9.4232 	EXP 	window1: mouseVisible = True
9.4234 	EXP 	window1: mouseVisible = True
9.4242 	EXP 	window1: mouseVisible = True
9.4248 	EXP 	window1: mouseVisible = True
9.4305 	DEBUG 	TextBox2 loaded 1 chars with 0 blanks and 1 valid
9.4323 	DEBUG 	TextBox2 loaded 1 chars with 0 blanks and 1 valid
9.4341 	DEBUG 	TextBox2 loaded 1 chars with 0 blanks and 1 valid
9.4345 	DEBUG 	Uploading Texture Font fontname to graphics card
9.4420 	DEBUG 	Upload of Texture Font fontname complete
9.4446 	EXP 	window1: Attempting to measure frame rate of screen (0) ...
9.4446 	EXP 	window1: recordFrameIntervals = False
9.6182 	EXP 	window1: recordFrameIntervals = True
9.7012 	WARNING 	t of last frame was 28.43ms (=1/35)
9.8697 	EXP 	Screen (0) actual frame rate measured at 59.55Hz
9.8698 	EXP 	window1: recordFrameIntervals = False
9.8699 	EXP 	window1: mouseVisible = False
9.8707 	EXP 	window1: mouseVisible = True
9.8711 	EXP 	window1: mouseVisible = True
9.8725 	EXP 	window1: mouseVisible = True
9.8735 	EXP 	window1: mouseVisible = True
9.8808 	DEBUG 	TextBox2 loaded 1 chars with 0 blanks and 1 valid
9.8830 	DEBUG 	TextBox2 loaded 1 chars with 0 blanks and 1 valid
9.8858 	DEBUG 	TextBox2 loaded 1 chars with 0 blanks and 1 valid
9.8882 	DEBUG 	TextBox2 loaded 1 chars with 0 blanks and 1 valid
9.8902 	DEBUG 	TextBox2 loaded 1 chars with 0 blanks and 1 valid
9.8922 	DEBUG 	TextBox2 loaded 1 chars with 0 blanks and 1 valid
9.8936 	DEBUG 	TextBox2 loaded 1 chars with 0 blanks and 1 valid
9.8953 	DEBUG 	TextBox2 loaded 1 chars with 0 blanks and 1 valid
9.8980 	DEBUG 	TextBox2 loaded 1 chars with 0 blanks and 1 valid
9.9007 	DEBUG 	TextBox2 loaded 1 chars with 0 blanks and 1 valid
9.9011 	DEBUG 	Uploading Texture Font fontname to graphics card
9.9021 	DEBUG 	Upload of Texture Font fontname complete
9.9046 	EXP 	window1: mouseVisible = True
9.9048 	EXP 	window1: mouseVisible = True
9.9055 	EXP 	window1: mouseVisible = True
9.9062 	EXP 	window1: mouseVisible = True
9.9803 	WARNING 	launchHubServer: If using the iohub mouse or eyetracker devices, fullScr should be True.
14.0968 	INFO 	keyboard.Keyboard is using iohub backend.
14.0969 	INFO 	keyboard.Keyboard is using iohub backend.
14.0970 	INFO 	keyboard.Keyboard is using iohub backend.
14.0971 	INFO 	keyboard.Keyboard is using iohub backend.
14.0971 	INFO 	keyboard.Keyboard is using iohub backend.
14.0972 	EXP 	article1: status = STARTED
14.0975 	EXP 	window1: mouseVisible = True
14.2252 	EXP 	Created text1 = TextStim(__class__=<class 'psychopy.visual.text.TextStim'>, alignHoriz=method-wrapper(...), alignText='center', alignVert=method-wrapper(...), anchorHoriz='center', anchorVert='center', antialias=True, autoDraw=False, autoLog=True, bold=False, color=array([-1., -1., -1.]), colorSpace='rgb', contrast=1.0, depth=0.0, draggable=False, flipHoriz=False, flipVert=False, font='Arial', fontFiles=[], height=0.05, italic=False, languageStyle='Arabic', name='text1', opacity=1.0, ori=0.0, pos=array([0., 0.]), rgb=UNKNOWN, text=str(...), units='height', win=Window(...), wrapWidth=1)
14.2254 	EXP 	window1: mouseVisible = True
14.2278 	EXP 	Created fixation1 = ShapeStim(__class__=<class 'psychopy.visual.shape.ShapeStim'>, anchor=('center', 'center'), autoDraw=False, autoLog=True, closeShape=True, color=method-wrapper(...), colorSpace='rgb', contrast=None, depth=0.0, draggable=False, fillColor=array([-1, -1, -1]), fillColorSpace='rgb', fillRGB=array([-1, -1, -1]), interpolate=True, lineColor=array([-1., -1., -1.]), lineColorSpace='rgb', lineRGB=array([-1., -1., -1.]), lineWidth=0.08, name='fixation1', opacity=1.0, ori=0.0, pos=array([0., 0.]), size=array([0.03, 0.06]), units='norm', vertices=ndarray(...), win=Window(...), windingRule=None)
14.2280 	EXP 	window1: mouseVisible = True
14.2332 	EXP 	Created left_image = ImageStim(__class__=<class 'psychopy.visual.image.ImageStim'>, anchor=('center', 'center'), autoLog=True, color=array([1., 1., 1.]), colorSpace='rgb', contrast=1.0, depth=-1.0, draggable=False, flipHoriz=False, flipVert=False, image='default.png', interpolate=True, mask=None, maskParams=None, name='left_image', opacity=1.0, ori=0.0, pos=array([-0.5,  0. ]), size=array([0.5, 0.5]), texRes=128.0, units='height', win=Window(...))
14.2333 	EXP 	window1: mouseVisible = True
14.2372 	EXP 	Created right_image = ImageStim(__class__=<class 'psychopy.visual.image.ImageStim'>, anchor=('center', 'center'), autoLog=True, color=array([1., 1., 1.]), colorSpace='rgb', contrast=1.0, depth=-2.0, draggable=False, flipHoriz=False, flipVert=False, image='default.png', interpolate=True, mask=None, maskParams=None, name='right_image', opacity=1.0, ori=0.0, pos=array([0.5, 0. ]), size=array([0.5, 0.5]), texRes=128.0, units='height', win=Window(...))
14.2373 	EXP 	window1: mouseVisible = True
14.2385 	EXP 	Created polygon = Rect(__class__=<class 'psychopy.visual.rect.Rect'>, anchor=('center', 'center'), autoDraw=False, autoLog=True, closeShape=True, color=method-wrapper(...), colorSpace='rgb', contrast=None, depth=-5.0, draggable=False, fillColor=array([0., 0., 0.]), fillColorSpace='rgb', fillRGB=array([0., 0., 0.]), interpolate=True, lineColor=array([-0.5765,  0.0039,  1.    ]), lineColorSpace='rgb', lineRGB=array([-0.5765,  0.0039,  1.    ]), lineWidth=20.0, name='polygon', opacity=0.3, ori=0.0, pos=array([0., 0.]), size=array([0.5, 0.5]), units='height', vertices=ndarray(...), win=Window(...))
14.2387 	EXP 	window1: mouseVisible = True
14.2388 	EXP 	window1: mouseVisible = True
14.2394 	EXP 	window1: mouseVisible = True
14.2400 	EXP 	window1: mouseVisible = True
14.2449 	EXP 	window1: mouseVisible = True
14.2451 	EXP 	window1: mouseVisible = True
14.2457 	EXP 	window1: mouseVisible = True
14.2472 	EXP 	window1: mouseVisible = True
14.2545 	DEBUG 	TextBox2 loaded 1 chars with 0 blanks and 1 valid
14.2571 	DEBUG 	TextBox2 loaded 1 chars with 0 blanks and 1 valid
14.2588 	DEBUG 	TextBox2 loaded 1 chars with 0 blanks and 1 valid
14.2603 	DEBUG 	TextBox2 loaded 1 chars with 0 blanks and 1 valid
14.2613 	DEBUG 	TextBox2 loaded 1 chars with 0 blanks and 1 valid
14.2623 	DEBUG 	TextBox2 loaded 1 chars with 0 blanks and 1 valid
14.2644 	DEBUG 	TextBox2 loaded 1 chars with 0 blanks and 1 valid
14.2658 	DEBUG 	TextBox2 loaded 1 chars with 0 blanks and 1 valid
14.2669 	DEBUG 	TextBox2 loaded 1 chars with 0 blanks and 1 valid
14.2672 	DEBUG 	Uploading Texture Font fontname to graphics card
14.2688 	DEBUG 	Upload of Texture Font fontname complete
14.2704 	EXP 	window1: mouseVisible = True
14.2706 	EXP 	window1: mouseVisible = True
14.2713 	EXP 	window1: mouseVisible = True
14.2719 	EXP 	window1: mouseVisible = True
14.2789 	EXP 	window1: mouseVisible = True
14.2795 	EXP 	window1: mouseVisible = True
14.2807 	EXP 	window1: mouseVisible = True
14.2818 	EXP 	window1: mouseVisible = True
14.2877 	EXP 	window1: mouseVisible = True
14.2896 	EXP 	Created text_no_resp = TextStim(__class__=<class 'psychopy.visual.text.TextStim'>, alignHoriz=method-wrapper(...), alignText='center', alignVert=method-wrapper(...), anchorHoriz='center', anchorVert='center', antialias=True, autoDraw=False, autoLog=True, bold=False, color=array([-1., -1., -1.]), colorSpace='rgb', contrast=1.0, depth=-8.0, draggable=False, flipHoriz=False, flipVert=False, font='Arial', fontFiles=[], height=0.05, italic=False, languageStyle='Arabic', name='text_no_resp', opacity=1.0, ori=0.0, pos=array([0., 0.]), rgb=UNKNOWN, text='', units='height', win=Window(...), wrapWidth=1)
14.2897 	EXP 	window1: mouseVisible = True
14.3192 	EXP 	Created text2 = TextStim(__class__=<class 'psychopy.visual.text.TextStim'>, alignHoriz=method-wrapper(...), alignText='center', alignVert=method-wrapper(...), anchorHoriz='center', anchorVert='center', antialias=True, autoDraw=False, autoLog=True, bold=False, color=array([-1., -1., -1.]), colorSpace='rgb', contrast=1.0, depth=0.0, draggable=False, flipHoriz=False, flipVert=False, font='Arial', fontFiles=[], height=0.05, italic=False, languageStyle='Arabic', name='text2', opacity=1.0, ori=0.0, pos=array([0., 0.]), rgb=UNKNOWN, text=str(...), units='height', win=Window(...), wrapWidth=1)
14.3197 	EXP 	window1: mouseVisible = True
14.3220 	EXP 	Created fixation2 = ShapeStim(__class__=<class 'psychopy.visual.shape.ShapeStim'>, anchor=('center', 'center'), autoDraw=False, autoLog=True, closeShape=True, color=method-wrapper(...), colorSpace='rgb', contrast=None, depth=0.0, draggable=False, fillColor=array([-1, -1, -1]), fillColorSpace='rgb', fillRGB=array([-1, -1, -1]), interpolate=True, lineColor=array([-1., -1., -1.]), lineColorSpace='rgb', lineRGB=array([-1., -1., -1.]), lineWidth=0.08, name='fixation2', opacity=1.0, ori=0.0, pos=array([0., 0.]), size=array([0.03, 0.06]), units='norm', vertices=ndarray(...), win=Window(...), windingRule=None)
14.3221 	EXP 	window1: mouseVisible = True
14.3267 	EXP 	Created left_image_2 = ImageStim(__class__=<class 'psychopy.visual.image.ImageStim'>, anchor=('center', 'center'), autoLog=True, color=array([1., 1., 1.]), colorSpace='rgb', contrast=1.0, depth=-1.0, draggable=False, flipHoriz=False, flipVert=False, image='default.png', interpolate=True, mask=None, maskParams=None, name='left_image_2', opacity=1.0, ori=0.0, pos=array([-0.5,  0. ]), size=array([0.5, 0.5]), texRes=128.0, units='height', win=Window(...))
14.3268 	EXP 	window1: mouseVisible = True
14.3313 	EXP 	Created right_image_2 = ImageStim(__class__=<class 'psychopy.visual.image.ImageStim'>, anchor=('center', 'center'), autoLog=True, color=array([1., 1., 1.]), colorSpace='rgb', contrast=1.0, depth=-2.0, draggable=False, flipHoriz=False, flipVert=False, image='default.png', interpolate=True, mask=None, maskParams=None, name='right_image_2', opacity=1.0, ori=0.0, pos=array([0.5, 0. ]), size=array([0.5, 0.5]), texRes=128.0, units='height', win=Window(...))
14.3314 	EXP 	window1: mouseVisible = True
14.3328 	EXP 	Created polygon_2 = Rect(__class__=<class 'psychopy.visual.rect.Rect'>, anchor=('center', 'center'), autoDraw=False, autoLog=True, closeShape=True, color=method-wrapper(...), colorSpace='rgb', contrast=None, depth=-5.0, draggable=False, fillColor=array([0., 0., 0.]), fillColorSpace='rgb', fillRGB=array([0., 0., 0.]), interpolate=True, lineColor=array([-0.5765,  0.0039,  1.    ]), lineColorSpace='rgb', lineRGB=array([-0.5765,  0.0039,  1.    ]), lineWidth=20.0, name='polygon_2', opacity=0.3, ori=0.0, pos=array([0., 0.]), size=array([0.5, 0.5]), units='height', vertices=ndarray(...), win=Window(...))
0.0580 	EXP 	left_learning_reward: autoLog = True
0.0580 	EXP 	right_learning_reward: autoLog = True
0.0875 	INFO 	Keyboard events cleared
0.0869 	EXP 	text1: autoDraw = True
3.7260 	EXP 	Created sequence: random, trialTypes=1, nReps=1, seed=None
3.7263 	EXP 	New trial (rep=0, index=0): None
3.7297 	DATA 	Keypress: space
3.7497 	EXP 	text1: autoDraw = False
3.7497 	EXP 	fixation1: autoDraw = True
4.7396 	EXP 	window1: backgroundImage = ''
4.7397 	EXP 	window1: backgroundFit = 'none'
4.8945 	INFO 	Keyboard events cleared
4.8935 	EXP 	fixation1: autoDraw = False
4.8935 	EXP 	left_image: image = '2.jpg'
4.8935 	EXP 	right_image: image = '1.jpg'
4.8935 	EXP 	left_image: autoDraw = True
4.8935 	EXP 	right_image: autoDraw = True
8.7495 	EXP 	polygon: autoDraw = True
8.7495 	EXP 	left_learning_reward: autoDraw = True
8.7495 	EXP 	right_learning_reward: autoDraw = True
9.7514 	EXP 	polygon: autoDraw = False
9.7514 	EXP 	left_learning_reward: autoDraw = False
9.7514 	EXP 	right_learning_reward: autoDraw = False
9.9018 	EXP 	left_image: autoDraw = False
9.9018 	EXP 	right_image: autoDraw = False
10.7654 	EXP 	text_no_resp: autoDraw = True
11.7610 	DEBUG 	Fullscreen settings ignored as running in pilot mode.
11.7617 	EXP 	window1: backgroundImage = ''
11.7618 	EXP 	window1: backgroundFit = 'none'
11.7618 	EXP 	window1: units = 'height'
11.7651 	EXP 	window1: Attempting to measure frame rate of screen (0) ...
11.7651 	EXP 	window1: recordFrameIntervals = False
11.7821 	EXP 	text_no_resp: autoDraw = False
11.7821 	EXP 	left_image: autoDraw = False
11.7821 	EXP 	right_image: autoDraw = False
11.7821 	EXP 	polygon: autoDraw = False
11.7821 	EXP 	left_learning_reward: autoDraw = False
11.7821 	EXP 	right_learning_reward: autoDraw = False
11.7821 	EXP 	text_no_resp: autoDraw = False
11.9384 	EXP 	window1: recordFrameIntervals = True
12.1227 	EXP 	Screen (0) actual frame rate measured at 59.93Hz
12.1228 	EXP 	window1: recordFrameIntervals = False
12.1228 	EXP 	window1: mouseVisible = False
12.1357 	INFO 	Keyboard events cleared
12.1348 	EXP 	text2: autoDraw = True
13.2738 	EXP 	Created sequence: random, trialTypes=1, nReps=10, seed=None
13.2740 	EXP 	New trial (rep=0, index=0): None
13.2774 	DATA 	Keypress: space
13.2843 	EXP 	text2: autoDraw = False
13.2843 	EXP 	fixation2: autoDraw = True
14.4652 	EXP 	window1: mouseVisible = True
14.4758 	DEBUG 	Saving data for article1 ExperimentHandler
14.4776 	INFO 	saved data to D:\UT\semester 4 - courses\Cognitive science\HWs\HW1\answer\article1\data/031986_article1_2024-05-27_22h58.54.875.psydat
14.4816 	INFO 	saved data to 'D:\\UT\\semester 4 - courses\\Cognitive science\\HWs\\HW1\\answer\\article1\\data/031986_article1_2024-05-27_22h58.54.875.csv'
