4.6474 	DEBUG 	Fullscreen settings ignored as running in pilot mode.
4.6482 	INFO 	Loaded monitor calibration from ['2024_05_21 12:08']
4.8011 	EXP 	Created window1 = Window(allowGUI=True, allowStencil=True, autoLog=True, backendConf=UNKNOWN, backgroundFit=<method-wrapper '__getattribute__' of attributeSetter object at 0x000001C759B42A00>, backgroundImage=<method-wrapper '__getattribute__' of attributeSetter object at 0x000001C759B429A0>, bitsMode=UNKNOWN, blendMode='avg', bpc=(8, 8, 8), color=array([1, 1, 1]), colorSpace='rgb', depthBits=8, fullscr=<method-wrapper '__getattribute__' of attributeSetter object at 0x000001C759B427F0>, gamma=None, gammaErrorPolicy='raise', infoMsg=UNKNOWN, lms=UNKNOWN, monitor=<psychopy.monitors.calibTools.Monitor object at 0x000001C759EBA670>, multiSample=False, name='window1', numSamples=2, pos=[560.0, 240.0], screen=0, size=array([800, 600]), stencilBits=8, stereo=False, title='PsychoPy', units='height', useFBO=True, useRetina=False, viewOri=0.0, viewPos=None, viewScale=None, waitBlanking=True, winType='pyglet')
4.8011 	EXP 	window1: mouseVisible = True
4.8011 	EXP 	window1: backgroundImage = ''
4.8012 	EXP 	window1: backgroundFit = 'none'
4.8013 	EXP 	window1: mouseVisible = True
4.8014 	EXP 	window1: mouseVisible = True
4.8029 	EXP 	window1: mouseVisible = True
4.8034 	EXP 	window1: mouseVisible = True
4.8075 	DEBUG 	TextBox2 loaded 1 chars with 0 blanks and 1 valid
4.8084 	DEBUG 	TextBox2 loaded 1 chars with 0 blanks and 1 valid
4.8092 	DEBUG 	TextBox2 loaded 1 chars with 0 blanks and 1 valid
4.8101 	DEBUG 	TextBox2 loaded 1 chars with 0 blanks and 1 valid
4.8113 	DEBUG 	TextBox2 loaded 1 chars with 0 blanks and 1 valid
4.8122 	DEBUG 	TextBox2 loaded 1 chars with 0 blanks and 1 valid
4.8135 	DEBUG 	TextBox2 loaded 1 chars with 0 blanks and 1 valid
4.8145 	DEBUG 	TextBox2 loaded 1 chars with 0 blanks and 1 valid
4.8150 	DEBUG 	TextBox2 loaded 1 chars with 0 blanks and 1 valid
4.8155 	DEBUG 	TextBox2 loaded 1 chars with 0 blanks and 1 valid
4.8162 	DEBUG 	TextBox2 loaded 1 chars with 0 blanks and 1 valid
4.8170 	DEBUG 	TextBox2 loaded 1 chars with 0 blanks and 1 valid
4.8177 	DEBUG 	TextBox2 loaded 1 chars with 0 blanks and 1 valid
4.8184 	DEBUG 	TextBox2 loaded 1 chars with 0 blanks and 1 valid
4.8190 	DEBUG 	TextBox2 loaded 1 chars with 0 blanks and 1 valid
4.8198 	DEBUG 	TextBox2 loaded 1 chars with 0 blanks and 1 valid
4.8205 	DEBUG 	TextBox2 loaded 1 chars with 0 blanks and 1 valid
4.8210 	DEBUG 	TextBox2 loaded 1 chars with 0 blanks and 1 valid
4.8216 	DEBUG 	TextBox2 loaded 1 chars with 0 blanks and 1 valid
4.8224 	DEBUG 	TextBox2 loaded 1 chars with 0 blanks and 1 valid
4.8230 	DEBUG 	TextBox2 loaded 1 chars with 0 blanks and 1 valid
4.8232 	DEBUG 	Uploading Texture Font fontname to graphics card
4.8272 	DEBUG 	Upload of Texture Font fontname complete
4.8310 	EXP 	window1: mouseVisible = True
4.8311 	EXP 	window1: mouseVisible = True
4.8316 	EXP 	window1: mouseVisible = True
4.8319 	EXP 	window1: mouseVisible = True
4.8352 	DEBUG 	TextBox2 loaded 1 chars with 0 blanks and 1 valid
4.8361 	DEBUG 	TextBox2 loaded 1 chars with 0 blanks and 1 valid
4.8370 	DEBUG 	TextBox2 loaded 1 chars with 0 blanks and 1 valid
4.8372 	DEBUG 	Uploading Texture Font fontname to graphics card
4.8397 	DEBUG 	Upload of Texture Font fontname complete
4.8411 	EXP 	window1: Attempting to measure frame rate of screen (0) ...
4.8411 	EXP 	window1: recordFrameIntervals = False
5.0130 	EXP 	window1: recordFrameIntervals = True
5.4487 	EXP 	Screen (0) actual frame rate measured at 58.88Hz
5.4488 	EXP 	window1: recordFrameIntervals = False
5.4488 	EXP 	window1: mouseVisible = False
5.4495 	EXP 	window1: mouseVisible = True
5.4498 	EXP 	window1: mouseVisible = True
5.4515 	EXP 	window1: mouseVisible = True
5.4527 	EXP 	window1: mouseVisible = True
5.4588 	DEBUG 	TextBox2 loaded 1 chars with 0 blanks and 1 valid
5.4597 	DEBUG 	TextBox2 loaded 1 chars with 0 blanks and 1 valid
5.4613 	DEBUG 	TextBox2 loaded 1 chars with 0 blanks and 1 valid
5.4624 	DEBUG 	TextBox2 loaded 1 chars with 0 blanks and 1 valid
5.4633 	DEBUG 	TextBox2 loaded 1 chars with 0 blanks and 1 valid
5.4642 	DEBUG 	TextBox2 loaded 1 chars with 0 blanks and 1 valid
5.4649 	DEBUG 	TextBox2 loaded 1 chars with 0 blanks and 1 valid
5.4657 	DEBUG 	TextBox2 loaded 1 chars with 0 blanks and 1 valid
5.4669 	DEBUG 	TextBox2 loaded 1 chars with 0 blanks and 1 valid
5.4681 	DEBUG 	TextBox2 loaded 1 chars with 0 blanks and 1 valid
5.4683 	DEBUG 	Uploading Texture Font fontname to graphics card
5.4689 	DEBUG 	Upload of Texture Font fontname complete
5.4703 	EXP 	window1: mouseVisible = True
5.4704 	EXP 	window1: mouseVisible = True
5.4709 	EXP 	window1: mouseVisible = True
5.4712 	EXP 	window1: mouseVisible = True
5.5066 	WARNING 	launchHubServer: If using the iohub mouse or eyetracker devices, fullScr should be True.
7.7646 	INFO 	keyboard.Keyboard is using iohub backend.
7.7646 	INFO 	keyboard.Keyboard is using iohub backend.
7.7646 	INFO 	keyboard.Keyboard is using iohub backend.
7.7647 	INFO 	keyboard.Keyboard is using iohub backend.
7.7647 	INFO 	keyboard.Keyboard is using iohub backend.
7.7647 	EXP 	article1: status = STARTED
7.7649 	EXP 	window1: mouseVisible = True
7.8378 	EXP 	Created text1 = TextStim(__class__=<class 'psychopy.visual.text.TextStim'>, alignHoriz=method-wrapper(...), alignText='center', alignVert=method-wrapper(...), anchorHoriz='center', anchorVert='center', antialias=True, autoDraw=False, autoLog=True, bold=False, color=array([-1., -1., -1.]), colorSpace='rgb', contrast=1.0, depth=0.0, draggable=False, flipHoriz=False, flipVert=False, font='Arial', fontFiles=[], height=0.05, italic=False, languageStyle='Arabic', name='text1', opacity=1.0, ori=0.0, pos=array([0., 0.]), rgb=UNKNOWN, text=str(...), units='height', win=Window(...), wrapWidth=1)
7.8379 	EXP 	window1: mouseVisible = True
7.8390 	EXP 	Created fixation1 = ShapeStim(__class__=<class 'psychopy.visual.shape.ShapeStim'>, anchor=('center', 'center'), autoDraw=False, autoLog=True, closeShape=True, color=method-wrapper(...), colorSpace='rgb', contrast=None, depth=0.0, draggable=False, fillColor=array([-1, -1, -1]), fillColorSpace='rgb', fillRGB=array([-1, -1, -1]), interpolate=True, lineColor=array([-1., -1., -1.]), lineColorSpace='rgb', lineRGB=array([-1., -1., -1.]), lineWidth=0.08, name='fixation1', opacity=1.0, ori=0.0, pos=array([0., 0.]), size=array([0.03, 0.06]), units='norm', vertices=ndarray(...), win=Window(...), windingRule=None)
7.8391 	EXP 	window1: mouseVisible = True
7.8447 	EXP 	Created left_image = ImageStim(__class__=<class 'psychopy.visual.image.ImageStim'>, anchor=('center', 'center'), autoLog=True, color=array([1., 1., 1.]), colorSpace='rgb', contrast=1.0, depth=-1.0, draggable=False, flipHoriz=False, flipVert=False, image='default.png', interpolate=True, mask=None, maskParams=None, name='left_image', opacity=1.0, ori=0.0, pos=array([-0.5,  0. ]), size=array([0.5, 0.5]), texRes=128.0, units='height', win=Window(...))
7.8448 	EXP 	window1: mouseVisible = True
7.8474 	EXP 	Created right_image = ImageStim(__class__=<class 'psychopy.visual.image.ImageStim'>, anchor=('center', 'center'), autoLog=True, color=array([1., 1., 1.]), colorSpace='rgb', contrast=1.0, depth=-2.0, draggable=False, flipHoriz=False, flipVert=False, image='default.png', interpolate=True, mask=None, maskParams=None, name='right_image', opacity=1.0, ori=0.0, pos=array([0.5, 0. ]), size=array([0.5, 0.5]), texRes=128.0, units='height', win=Window(...))
7.8475 	EXP 	window1: mouseVisible = True
7.8483 	EXP 	Created polygon = Rect(__class__=<class 'psychopy.visual.rect.Rect'>, anchor=('center', 'center'), autoDraw=False, autoLog=True, closeShape=True, color=method-wrapper(...), colorSpace='rgb', contrast=None, depth=-5.0, draggable=False, fillColor=array([0., 0., 0.]), fillColorSpace='rgb', fillRGB=array([0., 0., 0.]), interpolate=True, lineColor=array([-0.5765,  0.0039,  1.    ]), lineColorSpace='rgb', lineRGB=array([-0.5765,  0.0039,  1.    ]), lineWidth=20.0, name='polygon', opacity=0.3, ori=0.0, pos=array([0., 0.]), size=array([0.5, 0.5]), units='height', vertices=ndarray(...), win=Window(...))
7.8484 	EXP 	window1: mouseVisible = True
7.8484 	EXP 	window1: mouseVisible = True
7.8488 	EXP 	window1: mouseVisible = True
7.8492 	EXP 	window1: mouseVisible = True
7.8519 	EXP 	window1: mouseVisible = True
7.8520 	EXP 	window1: mouseVisible = True
7.8523 	EXP 	window1: mouseVisible = True
7.8526 	EXP 	window1: mouseVisible = True
7.8553 	DEBUG 	TextBox2 loaded 1 chars with 0 blanks and 1 valid
7.8561 	DEBUG 	TextBox2 loaded 1 chars with 0 blanks and 1 valid
7.8568 	DEBUG 	TextBox2 loaded 1 chars with 0 blanks and 1 valid
7.8575 	DEBUG 	TextBox2 loaded 1 chars with 0 blanks and 1 valid
7.8580 	DEBUG 	TextBox2 loaded 1 chars with 0 blanks and 1 valid
7.8584 	DEBUG 	TextBox2 loaded 1 chars with 0 blanks and 1 valid
7.8593 	DEBUG 	TextBox2 loaded 1 chars with 0 blanks and 1 valid
7.8599 	DEBUG 	TextBox2 loaded 1 chars with 0 blanks and 1 valid
7.8605 	DEBUG 	TextBox2 loaded 1 chars with 0 blanks and 1 valid
7.8606 	DEBUG 	Uploading Texture Font fontname to graphics card
7.8633 	DEBUG 	Upload of Texture Font fontname complete
7.8642 	EXP 	window1: mouseVisible = True
7.8643 	EXP 	window1: mouseVisible = True
7.8647 	EXP 	window1: mouseVisible = True
7.8651 	EXP 	window1: mouseVisible = True
7.8681 	EXP 	window1: mouseVisible = True
7.8682 	EXP 	window1: mouseVisible = True
7.8686 	EXP 	window1: mouseVisible = True
7.8690 	EXP 	window1: mouseVisible = True
7.8724 	EXP 	window1: mouseVisible = True
7.8736 	EXP 	Created text_no_resp = TextStim(__class__=<class 'psychopy.visual.text.TextStim'>, alignHoriz=method-wrapper(...), alignText='center', alignVert=method-wrapper(...), anchorHoriz='center', anchorVert='center', antialias=True, autoDraw=False, autoLog=True, bold=False, color=array([-1., -1., -1.]), colorSpace='rgb', contrast=1.0, depth=-8.0, draggable=False, flipHoriz=False, flipVert=False, font='Arial', fontFiles=[], height=0.05, italic=False, languageStyle='Arabic', name='text_no_resp', opacity=1.0, ori=0.0, pos=array([0., 0.]), rgb=UNKNOWN, text='', units='height', win=Window(...), wrapWidth=1)
7.8737 	EXP 	window1: mouseVisible = True
7.8952 	EXP 	Created text2 = TextStim(__class__=<class 'psychopy.visual.text.TextStim'>, alignHoriz=method-wrapper(...), alignText='center', alignVert=method-wrapper(...), anchorHoriz='center', anchorVert='center', antialias=True, autoDraw=False, autoLog=True, bold=False, color=array([-1., -1., -1.]), colorSpace='rgb', contrast=1.0, depth=0.0, draggable=False, flipHoriz=False, flipVert=False, font='Arial', fontFiles=[], height=0.05, italic=False, languageStyle='Arabic', name='text2', opacity=1.0, ori=0.0, pos=array([0., 0.]), rgb=UNKNOWN, text=str(...), units='height', win=Window(...), wrapWidth=1)
7.8953 	EXP 	window1: mouseVisible = True
7.8965 	EXP 	Created fixation2 = ShapeStim(__class__=<class 'psychopy.visual.shape.ShapeStim'>, anchor=('center', 'center'), autoDraw=False, autoLog=True, closeShape=True, color=method-wrapper(...), colorSpace='rgb', contrast=None, depth=0.0, draggable=False, fillColor=array([-1, -1, -1]), fillColorSpace='rgb', fillRGB=array([-1, -1, -1]), interpolate=True, lineColor=array([-1., -1., -1.]), lineColorSpace='rgb', lineRGB=array([-1., -1., -1.]), lineWidth=0.08, name='fixation2', opacity=1.0, ori=0.0, pos=array([0., 0.]), size=array([0.03, 0.06]), units='norm', vertices=ndarray(...), win=Window(...), windingRule=None)
7.8965 	EXP 	window1: mouseVisible = True
7.9006 	EXP 	Created left_image_2 = ImageStim(__class__=<class 'psychopy.visual.image.ImageStim'>, anchor=('center', 'center'), autoLog=True, color=array([1., 1., 1.]), colorSpace='rgb', contrast=1.0, depth=-1.0, draggable=False, flipHoriz=False, flipVert=False, image='default.png', interpolate=True, mask=None, maskParams=None, name='left_image_2', opacity=1.0, ori=0.0, pos=array([-0.5,  0. ]), size=array([0.5, 0.5]), texRes=128.0, units='height', win=Window(...))
7.9007 	EXP 	window1: mouseVisible = True
7.9052 	EXP 	Created right_image_2 = ImageStim(__class__=<class 'psychopy.visual.image.ImageStim'>, anchor=('center', 'center'), autoLog=True, color=array([1., 1., 1.]), colorSpace='rgb', contrast=1.0, depth=-2.0, draggable=False, flipHoriz=False, flipVert=False, image='default.png', interpolate=True, mask=None, maskParams=None, name='right_image_2', opacity=1.0, ori=0.0, pos=array([0.5, 0. ]), size=array([0.5, 0.5]), texRes=128.0, units='height', win=Window(...))
7.9053 	EXP 	window1: mouseVisible = True
7.9065 	EXP 	Created polygon_2 = Rect(__class__=<class 'psychopy.visual.rect.Rect'>, anchor=('center', 'center'), autoDraw=False, autoLog=True, closeShape=True, color=method-wrapper(...), colorSpace='rgb', contrast=None, depth=-5.0, draggable=False, fillColor=array([0., 0., 0.]), fillColorSpace='rgb', fillRGB=array([0., 0., 0.]), interpolate=True, lineColor=array([-0.5765,  0.0039,  1.    ]), lineColorSpace='rgb', lineRGB=array([-0.5765,  0.0039,  1.    ]), lineWidth=20.0, name='polygon_2', opacity=0.3, ori=0.0, pos=array([0., 0.]), size=array([0.5, 0.5]), units='height', vertices=ndarray(...), win=Window(...))
7.9134 	EXP 	window1: mouseVisible = True
7.9137 	EXP 	window1: mouseVisible = True
7.9152 	EXP 	window1: mouseVisible = True
7.9153 	EXP 	window1: mouseVisible = True
7.9160 	EXP 	window1: mouseVisible = True
7.9168 	EXP 	window1: mouseVisible = True
7.9202 	DEBUG 	TextBox2 loaded 1 chars with 0 blanks and 1 valid
7.9204 	DEBUG 	Uploading Texture Font fontname to graphics card
7.9227 	DEBUG 	Upload of Texture Font fontname complete
7.9244 	EXP 	window1: mouseVisible = True
7.9246 	EXP 	window1: mouseVisible = True
7.9253 	EXP 	window1: mouseVisible = True
7.9260 	EXP 	window1: mouseVisible = True
7.9305 	DEBUG 	TextBox2 loaded 1 chars with 0 blanks and 1 valid
7.9321 	DEBUG 	Uploading Texture Font fontname to graphics card
7.9348 	DEBUG 	Upload of Texture Font fontname complete
7.9368 	EXP 	window1: mouseVisible = True
7.9370 	EXP 	window1: mouseVisible = True
7.9378 	EXP 	window1: mouseVisible = True
7.9385 	EXP 	window1: mouseVisible = True
7.9445 	DEBUG 	TextBox2 loaded 1 chars with 0 blanks and 1 valid
7.9449 	DEBUG 	Uploading Texture Font fontname to graphics card
7.9490 	DEBUG 	Upload of Texture Font fontname complete
7.9513 	EXP 	window1: mouseVisible = True
7.9515 	EXP 	window1: mouseVisible = True
7.9523 	EXP 	window1: mouseVisible = True
7.9530 	EXP 	window1: mouseVisible = True
7.9594 	EXP 	window1: mouseVisible = True
7.9596 	EXP 	window1: mouseVisible = True
7.9604 	EXP 	window1: mouseVisible = True
7.9610 	EXP 	window1: mouseVisible = True
7.9650 	DEBUG 	TextBox2 loaded 1 chars with 0 blanks and 1 valid
7.9651 	DEBUG 	Uploading Texture Font fontname to graphics card
7.9664 	DEBUG 	Upload of Texture Font fontname complete
7.9678 	EXP 	window1: mouseVisible = True
7.9680 	EXP 	window1: mouseVisible = True
7.9689 	EXP 	window1: mouseVisible = True
7.9697 	EXP 	window1: mouseVisible = True
7.9768 	EXP 	window1: mouseVisible = True
7.9770 	EXP 	window1: mouseVisible = True
7.9779 	EXP 	window1: mouseVisible = True
7.9786 	EXP 	window1: mouseVisible = True
7.9841 	DEBUG 	TextBox2 loaded 1 chars with 0 blanks and 1 valid
7.9842 	DEBUG 	Uploading Texture Font fontname to graphics card
7.9859 	DEBUG 	Upload of Texture Font fontname complete
7.9873 	EXP 	window1: mouseVisible = True
7.9874 	EXP 	window1: mouseVisible = True
7.9880 	EXP 	window1: mouseVisible = True
7.9887 	EXP 	window1: mouseVisible = True
7.9955 	EXP 	window1: mouseVisible = True
7.9957 	EXP 	window1: mouseVisible = True
7.9964 	EXP 	window1: mouseVisible = True
7.9970 	EXP 	window1: mouseVisible = True
8.0030 	DEBUG 	TextBox2 loaded 1 chars with 0 blanks and 1 valid
8.0033 	DEBUG 	Uploading Texture Font fontname to graphics card
8.0066 	DEBUG 	Upload of Texture Font fontname complete
8.0085 	EXP 	window1: mouseVisible = True
8.0087 	EXP 	window1: mouseVisible = True
8.0093 	EXP 	window1: mouseVisible = True
8.0099 	EXP 	window1: mouseVisible = True
8.0148 	EXP 	window1: mouseVisible = True
8.0150 	EXP 	window1: mouseVisible = True
8.0155 	EXP 	window1: mouseVisible = True
8.0160 	EXP 	window1: mouseVisible = True
8.0197 	DEBUG 	TextBox2 loaded 1 chars with 0 blanks and 1 valid
8.0199 	DEBUG 	Uploading Texture Font fontname to graphics card
8.0224 	DEBUG 	Upload of Texture Font fontname complete
8.0236 	EXP 	window1: mouseVisible = True
8.0237 	EXP 	window1: mouseVisible = True
8.0241 	EXP 	window1: mouseVisible = True
8.0244 	EXP 	window1: mouseVisible = True
8.0281 	EXP 	window1: mouseVisible = True
8.0282 	EXP 	window1: mouseVisible = True
8.0286 	EXP 	window1: mouseVisible = True
8.0290 	EXP 	window1: mouseVisible = True
8.0324 	DEBUG 	TextBox2 loaded 1 chars with 0 blanks and 1 valid
8.0325 	DEBUG 	Uploading Texture Font fontname to graphics card
8.0340 	DEBUG 	Upload of Texture Font fontname complete
8.0351 	EXP 	window1: mouseVisible = True
8.0352 	EXP 	window1: mouseVisible = True
8.0356 	EXP 	window1: mouseVisible = True
8.0360 	EXP 	window1: mouseVisible = True
8.0391 	EXP 	window1: mouseVisible = True
8.0393 	EXP 	window1: mouseVisible = True
8.0399 	EXP 	window1: mouseVisible = True
8.0402 	EXP 	window1: mouseVisible = True
8.0436 	DEBUG 	TextBox2 loaded 1 chars with 0 blanks and 1 valid
8.0437 	DEBUG 	Uploading Texture Font fontname to graphics card
8.0452 	DEBUG 	Upload of Texture Font fontname complete
8.0461 	EXP 	window1: mouseVisible = True
8.0462 	EXP 	window1: mouseVisible = True
8.0465 	EXP 	window1: mouseVisible = True
8.0468 	EXP 	window1: mouseVisible = True
8.0501 	EXP 	window1: mouseVisible = True
8.0502 	EXP 	window1: mouseVisible = True
8.0504 	EXP 	window1: mouseVisible = True
8.0507 	EXP 	window1: mouseVisible = True
8.0540 	DEBUG 	TextBox2 loaded 1 chars with 0 blanks and 1 valid
8.0542 	DEBUG 	Uploading Texture Font fontname to graphics card
8.0560 	DEBUG 	Upload of Texture Font fontname complete
8.0570 	EXP 	window1: mouseVisible = True
8.0570 	EXP 	window1: mouseVisible = True
8.0573 	EXP 	window1: mouseVisible = True
8.0576 	EXP 	window1: mouseVisible = True
8.0611 	EXP 	window1: mouseVisible = True
8.0612 	EXP 	window1: mouseVisible = True
8.0615 	EXP 	window1: mouseVisible = True
8.0617 	EXP 	window1: mouseVisible = True
8.0643 	DEBUG 	TextBox2 loaded 1 chars with 0 blanks and 1 valid
8.0644 	DEBUG 	Uploading Texture Font fontname to graphics card
8.0661 	DEBUG 	Upload of Texture Font fontname complete
8.0672 	EXP 	window1: mouseVisible = True
8.0673 	EXP 	window1: mouseVisible = True
8.0675 	EXP 	window1: mouseVisible = True
8.0678 	EXP 	window1: mouseVisible = True
8.0706 	EXP 	window1: mouseVisible = True
8.0707 	EXP 	window1: mouseVisible = True
8.0712 	EXP 	window1: mouseVisible = True
8.0714 	EXP 	window1: mouseVisible = True
8.0738 	EXP 	window1: mouseVisible = True
8.0739 	EXP 	window1: mouseVisible = True
8.0742 	EXP 	window1: mouseVisible = True
8.0745 	EXP 	window1: mouseVisible = True
8.0773 	EXP 	window1: mouseVisible = True
8.0781 	EXP 	window1: mouseVisible = True
8.1372 	EXP 	Created slider_trns = Slider(__class__=<class 'psychopy.visual.slider.Slider'>, autoDraw=False, autoLog=True, borderColor=None, color=None, colorSpace='rgb', depth=0, fillColor=None, flip=False, font='Open Sans', granularity=10.0, labelColor=None, labelHeight=0.05, labelWrapWidth=None, labels=(0, 10, 20, 30, 40, 50, 60, 70, 80, 90, 100), lineColor=None, markerColor=None, name='slider_trns', opacity=None, ori=0.0, pos=array([0., 0.]), readOnly=False, self=UNKNOWN, size=array([1. , 0.1]), startValue=50, style='slider', styleTweaks=[], ticks=ndarray(...), units='height', win=Window(...))
8.1372 	EXP 	window1: mouseVisible = True
0.0487 	EXP 	left_learning_reward: autoLog = True
0.0487 	EXP 	right_learning_reward: autoLog = True
0.0487 	EXP 	slider_trns: autoLog = True
0.0487 	EXP 	slider_trns: styleTweaks = []
0.0487 	EXP 	slider_trns: styleTweaks = []
0.0487 	EXP 	slider_trns: styleTweaks = []
0.0487 	EXP 	slider_trns: styleTweaks = []
0.0487 	EXP 	slider_trns: contrast = 1.0
0.0487 	EXP 	slider_trns: markerPos = 50
0.0487 	EXP 	slider_trns: autoLog = True
0.0814 	INFO 	Keyboard events cleared
0.0808 	EXP 	text1: autoDraw = True
7.8628 	DATA 	Mouse: Left button down, pos=(504,119)
7.9772 	DATA 	Mouse:  Left button up, pos=(504,119)
8.4631 	EXP 	Created sequence: random, trialTypes=1, nReps=1, seed=None
8.4633 	EXP 	New trial (rep=0, index=0): None
8.4652 	DATA 	Keypress: space
8.4738 	EXP 	text1: autoDraw = False
8.4738 	EXP 	fixation1: autoDraw = True
9.4634 	EXP 	window1: backgroundImage = ''
9.4634 	EXP 	window1: backgroundFit = 'none'
9.5846 	INFO 	Keyboard events cleared
9.5839 	EXP 	fixation1: autoDraw = False
9.5839 	EXP 	fixation1: autoDraw = False
9.5839 	EXP 	left_image: image = '3.jpg'
9.5839 	EXP 	right_image: image = '4.jpg'
9.5839 	EXP 	left_image: autoDraw = True
9.5839 	EXP 	right_image: autoDraw = True
13.4751 	EXP 	polygon: autoDraw = True
13.4751 	EXP 	left_learning_reward: autoDraw = True
13.4751 	EXP 	right_learning_reward: autoDraw = True
14.4749 	EXP 	polygon: autoDraw = False
14.4749 	EXP 	left_learning_reward: autoDraw = False
14.4749 	EXP 	right_learning_reward: autoDraw = False
14.5923 	EXP 	left_image: autoDraw = False
14.5923 	EXP 	right_image: autoDraw = False
15.4906 	EXP 	text_no_resp: autoDraw = True
16.4805 	DEBUG 	Fullscreen settings ignored as running in pilot mode.
16.4810 	EXP 	window1: backgroundImage = ''
16.4810 	EXP 	window1: backgroundFit = 'none'
16.4810 	EXP 	window1: units = 'height'
16.4827 	EXP 	window1: Attempting to measure frame rate of screen (0) ...
16.4827 	EXP 	window1: recordFrameIntervals = False
16.4914 	EXP 	text_no_resp: autoDraw = False
16.4914 	EXP 	left_image: autoDraw = False
16.4914 	EXP 	right_image: autoDraw = False
16.4914 	EXP 	polygon: autoDraw = False
16.4914 	EXP 	left_learning_reward: autoDraw = False
16.4914 	EXP 	right_learning_reward: autoDraw = False
16.4914 	EXP 	text_no_resp: autoDraw = False
16.6424 	EXP 	window1: recordFrameIntervals = True
16.8259 	EXP 	Screen (0) actual frame rate measured at 60.00Hz
16.8259 	EXP 	window1: recordFrameIntervals = False
16.8260 	EXP 	window1: mouseVisible = False
16.8416 	INFO 	Keyboard events cleared
16.8413 	EXP 	text2: autoDraw = True
19.2129 	EXP 	Created sequence: random, trialTypes=1, nReps=10, seed=None
19.2132 	EXP 	New trial (rep=0, index=0): None
19.2147 	DATA 	Keypress: space
19.2245 	EXP 	text2: autoDraw = False
19.2245 	EXP 	fixation2: autoDraw = True
20.2779 	INFO 	Keyboard events cleared
20.2776 	EXP 	fixation2: autoDraw = False
20.2776 	EXP 	fixation2: autoDraw = False
20.2776 	EXP 	left_image_2: image = '3.jpg'
20.2776 	EXP 	right_image_2: image = '4.jpg'
20.2776 	EXP 	left_image_2: autoDraw = True
20.2776 	EXP 	right_image_2: autoDraw = True
21.9884 	DATA 	Keypress: right
22.9904 	EXP 	polygon_2: autoDraw = True
24.0068 	EXP 	left_image_2: autoDraw = False
24.0068 	EXP 	right_image_2: autoDraw = False
25.0206 	EXP 	window1: mouseVisible = True
25.0475 	EXP 	window1: mouseVisible = True
25.0503 	DEBUG 	Saving data for article1 ExperimentHandler
25.0508 	INFO 	saved data to D:\UT\semester 4 - courses\Cognitive science\HWs\HW1\answer\article1\data/037013_article1_2024-05-28_01h41.49.756.psydat
25.0512 	INFO 	saved data to 'D:\\UT\\semester 4 - courses\\Cognitive science\\HWs\\HW1\\answer\\article1\\data/037013_article1_2024-05-28_01h41.49.756.csv'
