5.9975 	DEBUG 	Fullscreen settings ignored as running in pilot mode.
5.9982 	INFO 	Loaded monitor calibration from ['2024_05_21 12:08']
6.1538 	EXP 	Created window1 = Window(allowGUI=True, allowStencil=True, autoLog=True, backendConf=UNKNOWN, backgroundFit=<method-wrapper '__getattribute__' of attributeSetter object at 0x0000016C9FBECFA0>, backgroundImage=<method-wrapper '__getattribute__' of attributeSetter object at 0x0000016C9FBECF40>, bitsMode=UNKNOWN, blendMode='avg', bpc=(8, 8, 8), color=array([1, 1, 1]), colorSpace='rgb', depthBits=8, fullscr=<method-wrapper '__getattribute__' of attributeSetter object at 0x0000016C9FBECD90>, gamma=None, gammaErrorPolicy='raise', infoMsg=UNKNOWN, lms=UNKNOWN, monitor=<psychopy.monitors.calibTools.Monitor object at 0x0000016C9FF78C10>, multiSample=False, name='window1', numSamples=2, pos=[560.0, 240.0], screen=0, size=array([800, 600]), stencilBits=8, stereo=False, title='PsychoPy', units='height', useFBO=True, useRetina=False, viewOri=0.0, viewPos=None, viewScale=None, waitBlanking=True, winType='pyglet')
6.1539 	EXP 	window1: mouseVisible = True
6.1539 	EXP 	window1: backgroundImage = ''
6.1539 	EXP 	window1: backgroundFit = 'none'
6.1541 	EXP 	window1: mouseVisible = True
6.1543 	EXP 	window1: mouseVisible = True
6.1560 	EXP 	window1: mouseVisible = True
6.1566 	EXP 	window1: mouseVisible = True
6.1607 	DEBUG 	TextBox2 loaded 1 chars with 0 blanks and 1 valid
6.1615 	DEBUG 	TextBox2 loaded 1 chars with 0 blanks and 1 valid
6.1623 	DEBUG 	TextBox2 loaded 1 chars with 0 blanks and 1 valid
6.1634 	DEBUG 	TextBox2 loaded 1 chars with 0 blanks and 1 valid
6.1650 	DEBUG 	TextBox2 loaded 1 chars with 0 blanks and 1 valid
6.1657 	DEBUG 	TextBox2 loaded 1 chars with 0 blanks and 1 valid
6.1666 	DEBUG 	TextBox2 loaded 1 chars with 0 blanks and 1 valid
6.1676 	DEBUG 	TextBox2 loaded 1 chars with 0 blanks and 1 valid
6.1681 	DEBUG 	TextBox2 loaded 1 chars with 0 blanks and 1 valid
6.1686 	DEBUG 	TextBox2 loaded 1 chars with 0 blanks and 1 valid
6.1694 	DEBUG 	TextBox2 loaded 1 chars with 0 blanks and 1 valid
6.1701 	DEBUG 	TextBox2 loaded 1 chars with 0 blanks and 1 valid
6.1708 	DEBUG 	TextBox2 loaded 1 chars with 0 blanks and 1 valid
6.1715 	DEBUG 	TextBox2 loaded 1 chars with 0 blanks and 1 valid
6.1721 	DEBUG 	TextBox2 loaded 1 chars with 0 blanks and 1 valid
6.1728 	DEBUG 	TextBox2 loaded 1 chars with 0 blanks and 1 valid
6.1735 	DEBUG 	TextBox2 loaded 1 chars with 0 blanks and 1 valid
6.1741 	DEBUG 	TextBox2 loaded 1 chars with 0 blanks and 1 valid
6.1746 	DEBUG 	TextBox2 loaded 1 chars with 0 blanks and 1 valid
6.1755 	DEBUG 	TextBox2 loaded 1 chars with 0 blanks and 1 valid
6.1760 	DEBUG 	TextBox2 loaded 1 chars with 0 blanks and 1 valid
6.1762 	DEBUG 	Uploading Texture Font fontname to graphics card
6.1851 	DEBUG 	Upload of Texture Font fontname complete
6.1867 	EXP 	window1: mouseVisible = True
6.1870 	EXP 	window1: mouseVisible = True
6.1877 	EXP 	window1: mouseVisible = True
6.1883 	EXP 	window1: mouseVisible = True
6.1922 	DEBUG 	TextBox2 loaded 1 chars with 0 blanks and 1 valid
6.1931 	DEBUG 	TextBox2 loaded 1 chars with 0 blanks and 1 valid
6.1941 	DEBUG 	TextBox2 loaded 1 chars with 0 blanks and 1 valid
6.1943 	DEBUG 	Uploading Texture Font fontname to graphics card
6.1974 	DEBUG 	Upload of Texture Font fontname complete
6.2020 	EXP 	window1: Attempting to measure frame rate of screen (0) ...
6.2020 	EXP 	window1: recordFrameIntervals = False
6.3663 	EXP 	window1: recordFrameIntervals = True
6.6176 	EXP 	Screen (0) actual frame rate measured at 59.97Hz
6.6177 	EXP 	window1: recordFrameIntervals = False
6.6178 	EXP 	window1: mouseVisible = False
6.6186 	EXP 	window1: mouseVisible = True
6.6190 	EXP 	window1: mouseVisible = True
6.6201 	EXP 	window1: mouseVisible = True
6.6210 	EXP 	window1: mouseVisible = True
6.6274 	DEBUG 	TextBox2 loaded 1 chars with 0 blanks and 1 valid
6.6284 	DEBUG 	TextBox2 loaded 1 chars with 0 blanks and 1 valid
6.6297 	DEBUG 	TextBox2 loaded 1 chars with 0 blanks and 1 valid
6.6310 	DEBUG 	TextBox2 loaded 1 chars with 0 blanks and 1 valid
6.6320 	DEBUG 	TextBox2 loaded 1 chars with 0 blanks and 1 valid
6.6331 	DEBUG 	TextBox2 loaded 1 chars with 0 blanks and 1 valid
6.6340 	DEBUG 	TextBox2 loaded 1 chars with 0 blanks and 1 valid
6.6350 	DEBUG 	TextBox2 loaded 1 chars with 0 blanks and 1 valid
6.6359 	DEBUG 	TextBox2 loaded 1 chars with 0 blanks and 1 valid
6.6367 	DEBUG 	TextBox2 loaded 1 chars with 0 blanks and 1 valid
6.6370 	DEBUG 	Uploading Texture Font fontname to graphics card
6.6376 	DEBUG 	Upload of Texture Font fontname complete
6.6387 	EXP 	window1: mouseVisible = True
6.6388 	EXP 	window1: mouseVisible = True
6.6392 	EXP 	window1: mouseVisible = True
6.6395 	EXP 	window1: mouseVisible = True
6.6734 	WARNING 	launchHubServer: If using the iohub mouse or eyetracker devices, fullScr should be True.
8.8458 	INFO 	keyboard.Keyboard is using iohub backend.
8.8459 	INFO 	keyboard.Keyboard is using iohub backend.
8.8460 	INFO 	keyboard.Keyboard is using iohub backend.
8.8460 	EXP 	article1: status = STARTED
8.8467 	EXP 	window1: mouseVisible = True
8.9583 	EXP 	Created text1 = TextStim(__class__=<class 'psychopy.visual.text.TextStim'>, alignHoriz=method-wrapper(...), alignText='center', alignVert=method-wrapper(...), anchorHoriz='center', anchorVert='center', antialias=True, autoDraw=False, autoLog=True, bold=False, color=array([-1., -1., -1.]), colorSpace='rgb', contrast=1.0, depth=0.0, draggable=False, flipHoriz=False, flipVert=False, font='Arial', fontFiles=[], height=0.05, italic=False, languageStyle='Arabic', name='text1', opacity=1.0, ori=0.0, pos=array([0., 0.]), rgb=UNKNOWN, text=str(...), units='height', win=Window(...), wrapWidth=1)
8.9585 	EXP 	window1: mouseVisible = True
8.9601 	EXP 	Created fixation1 = ShapeStim(__class__=<class 'psychopy.visual.shape.ShapeStim'>, anchor=('center', 'center'), autoDraw=False, autoLog=True, closeShape=True, color=method-wrapper(...), colorSpace='rgb', contrast=None, depth=0.0, draggable=False, fillColor=array([-1, -1, -1]), fillColorSpace='rgb', fillRGB=array([-1, -1, -1]), interpolate=True, lineColor=array([-1., -1., -1.]), lineColorSpace='rgb', lineRGB=array([-1., -1., -1.]), lineWidth=0.08, name='fixation1', opacity=1.0, ori=0.0, pos=array([0., 0.]), size=array([0.03, 0.06]), units='norm', vertices=ndarray(...), win=Window(...), windingRule=None)
8.9602 	EXP 	window1: mouseVisible = True
8.9637 	EXP 	Created left_image = ImageStim(__class__=<class 'psychopy.visual.image.ImageStim'>, anchor=('center', 'center'), autoLog=True, color=array([1., 1., 1.]), colorSpace='rgb', contrast=1.0, depth=-1.0, draggable=False, flipHoriz=False, flipVert=False, image='default.png', interpolate=True, mask=None, maskParams=None, name='left_image', opacity=1.0, ori=0.0, pos=array([-0.5,  0. ]), size=array([0.5, 0.5]), texRes=128.0, units='height', win=Window(...))
8.9639 	EXP 	window1: mouseVisible = True
8.9666 	EXP 	Created right_image = ImageStim(__class__=<class 'psychopy.visual.image.ImageStim'>, anchor=('center', 'center'), autoLog=True, color=array([1., 1., 1.]), colorSpace='rgb', contrast=1.0, depth=-2.0, draggable=False, flipHoriz=False, flipVert=False, image='default.png', interpolate=True, mask=None, maskParams=None, name='right_image', opacity=1.0, ori=0.0, pos=array([0.5, 0. ]), size=array([0.5, 0.5]), texRes=128.0, units='height', win=Window(...))
8.9667 	EXP 	window1: mouseVisible = True
8.9674 	EXP 	Created polygon = Rect(__class__=<class 'psychopy.visual.rect.Rect'>, anchor=('center', 'center'), autoDraw=False, autoLog=True, closeShape=True, color=method-wrapper(...), colorSpace='rgb', contrast=None, depth=-5.0, draggable=False, fillColor=array([0., 0., 0.]), fillColorSpace='rgb', fillRGB=array([0., 0., 0.]), interpolate=True, lineColor=array([-0.5765,  0.0039,  1.    ]), lineColorSpace='rgb', lineRGB=array([-0.5765,  0.0039,  1.    ]), lineWidth=20.0, name='polygon', opacity=0.3, ori=0.0, pos=array([0., 0.]), size=array([0.5, 0.5]), units='height', vertices=ndarray(...), win=Window(...))
8.9675 	EXP 	window1: mouseVisible = True
8.9675 	EXP 	window1: mouseVisible = True
8.9679 	EXP 	window1: mouseVisible = True
8.9683 	EXP 	window1: mouseVisible = True
8.9711 	EXP 	window1: mouseVisible = True
8.9712 	EXP 	window1: mouseVisible = True
8.9716 	EXP 	window1: mouseVisible = True
8.9719 	EXP 	window1: mouseVisible = True
8.9754 	DEBUG 	TextBox2 loaded 1 chars with 0 blanks and 1 valid
8.9771 	DEBUG 	TextBox2 loaded 1 chars with 0 blanks and 1 valid
8.9788 	DEBUG 	TextBox2 loaded 1 chars with 0 blanks and 1 valid
8.9804 	DEBUG 	TextBox2 loaded 1 chars with 0 blanks and 1 valid
8.9816 	DEBUG 	TextBox2 loaded 1 chars with 0 blanks and 1 valid
8.9829 	DEBUG 	TextBox2 loaded 1 chars with 0 blanks and 1 valid
8.9844 	DEBUG 	TextBox2 loaded 1 chars with 0 blanks and 1 valid
8.9858 	DEBUG 	TextBox2 loaded 1 chars with 0 blanks and 1 valid
8.9871 	DEBUG 	TextBox2 loaded 1 chars with 0 blanks and 1 valid
8.9873 	DEBUG 	Uploading Texture Font fontname to graphics card
8.9885 	DEBUG 	Upload of Texture Font fontname complete
8.9896 	EXP 	window1: mouseVisible = True
8.9897 	EXP 	window1: mouseVisible = True
8.9902 	EXP 	window1: mouseVisible = True
8.9905 	EXP 	window1: mouseVisible = True
8.9930 	EXP 	window1: mouseVisible = True
8.9931 	EXP 	window1: mouseVisible = True
8.9935 	EXP 	window1: mouseVisible = True
8.9939 	EXP 	window1: mouseVisible = True
0.0276 	EXP 	left_learning_reward: autoLog = True
0.0276 	EXP 	right_learning_reward: autoLog = True
0.0605 	INFO 	Keyboard events cleared
0.0599 	EXP 	text1: autoDraw = True
32.3419 	EXP 	Created sequence: random, trialTypes=1, nReps=20, seed=None
32.3422 	EXP 	New trial (rep=0, index=0): None
32.3444 	DATA 	Keypress: space
32.3498 	EXP 	text1: autoDraw = False
32.3498 	EXP 	fixation1: autoDraw = True
33.3399 	EXP 	window1: backgroundImage = ''
33.3399 	EXP 	window1: backgroundFit = 'none'
33.3971 	DEBUG 	TextBox2 loaded 1 chars with 0 blanks and 1 valid
33.3989 	DEBUG 	TextBox2 loaded 1 chars with 0 blanks and 1 valid
33.4026 	DEBUG 	TextBox2 loaded 1 chars with 0 blanks and 1 valid
33.4076 	DEBUG 	TextBox2 loaded 1 chars with 0 blanks and 1 valid
33.4109 	DEBUG 	TextBox2 loaded 1 chars with 0 blanks and 1 valid
33.4139 	DEBUG 	TextBox2 loaded 1 chars with 0 blanks and 1 valid
33.4155 	DEBUG 	TextBox2 loaded 1 chars with 0 blanks and 1 valid
33.4157 	DEBUG 	Uploading Texture Font fontname to graphics card
33.4209 	DEBUG 	Upload of Texture Font fontname complete
33.4252 	DEBUG 	TextBox2 loaded 1 chars with 0 blanks and 1 valid
33.4256 	DEBUG 	Uploading Texture Font fontname to graphics card
33.4304 	DEBUG 	Upload of Texture Font fontname complete
33.4736 	INFO 	Keyboard events cleared
33.4725 	EXP 	fixation1: autoDraw = False
33.4725 	EXP 	fixation1: autoDraw = False
33.4725 	EXP 	left_image: image = '1.jpg'
33.4725 	EXP 	right_image: image = '2.jpg'
33.4725 	EXP 	left_image: autoDraw = True
33.4725 	EXP 	right_image: autoDraw = True
37.3496 	EXP 	polygon: autoDraw = True
37.3496 	EXP 	left_learning_reward: autoDraw = True
37.3496 	EXP 	right_learning_reward: autoDraw = True
38.3507 	EXP 	polygon: autoDraw = False
38.3507 	EXP 	left_learning_reward: autoDraw = False
38.3507 	EXP 	right_learning_reward: autoDraw = False
38.3538 	DEBUG 	Fullscreen settings ignored as running in pilot mode.
38.3543 	EXP 	window1: backgroundImage = ''
38.3543 	EXP 	window1: backgroundFit = 'none'
38.3543 	EXP 	window1: units = 'height'
38.3560 	EXP 	window1: Attempting to measure frame rate of screen (0) ...
38.3561 	EXP 	window1: recordFrameIntervals = False
38.3662 	EXP 	left_image: autoDraw = False
38.3662 	EXP 	right_image: autoDraw = False
38.3662 	EXP 	polygon: autoDraw = False
38.3662 	EXP 	left_learning_reward: autoDraw = False
38.3662 	EXP 	right_learning_reward: autoDraw = False
38.5191 	EXP 	window1: recordFrameIntervals = True
38.7032 	EXP 	Screen (0) actual frame rate measured at 59.81Hz
38.7033 	EXP 	window1: recordFrameIntervals = False
38.7034 	EXP 	window1: mouseVisible = False
38.7039 	EXP 	New trial (rep=1, index=0): None
38.7167 	EXP 	fixation1: autoDraw = True
39.3538 	EXP 	window1: backgroundImage = ''
39.3538 	EXP 	window1: backgroundFit = 'none'
39.3975 	DEBUG 	TextBox2 loaded 1 chars with 0 blanks and 1 valid
39.3992 	DEBUG 	TextBox2 loaded 1 chars with 0 blanks and 1 valid
39.3994 	DEBUG 	Uploading Texture Font fontname to graphics card
39.4001 	DEBUG 	Upload of Texture Font fontname complete
39.4019 	DEBUG 	TextBox2 loaded 1 chars with 0 blanks and 1 valid
39.4020 	DEBUG 	Uploading Texture Font fontname to graphics card
39.4028 	DEBUG 	Upload of Texture Font fontname complete
39.4205 	INFO 	Keyboard events cleared
39.4199 	EXP 	fixation1: autoDraw = False
39.4199 	EXP 	left_image: image = '3.jpg'
39.4199 	EXP 	right_image: image = '4.jpg'
39.4199 	EXP 	left_image: autoDraw = True
39.4199 	EXP 	right_image: autoDraw = True
43.3497 	EXP 	polygon: autoDraw = True
43.3497 	EXP 	left_learning_reward: autoDraw = True
43.3497 	EXP 	right_learning_reward: autoDraw = True
44.3505 	EXP 	polygon: autoDraw = False
44.3505 	EXP 	left_learning_reward: autoDraw = False
44.3505 	EXP 	right_learning_reward: autoDraw = False
44.3541 	DEBUG 	Fullscreen settings ignored as running in pilot mode.
44.3546 	EXP 	window1: backgroundImage = ''
44.3546 	EXP 	window1: backgroundFit = 'none'
44.3546 	EXP 	window1: units = 'height'
44.3564 	EXP 	window1: Attempting to measure frame rate of screen (0) ...
44.3564 	EXP 	window1: recordFrameIntervals = False
44.3660 	EXP 	left_image: autoDraw = False
44.3660 	EXP 	right_image: autoDraw = False
44.3660 	EXP 	polygon: autoDraw = False
44.3660 	EXP 	left_learning_reward: autoDraw = False
44.3660 	EXP 	right_learning_reward: autoDraw = False
44.5213 	EXP 	window1: recordFrameIntervals = True
44.7022 	EXP 	Screen (0) actual frame rate measured at 59.82Hz
44.7022 	EXP 	window1: recordFrameIntervals = False
44.7023 	EXP 	window1: mouseVisible = False
44.7026 	EXP 	New trial (rep=2, index=0): None
44.7165 	EXP 	fixation1: autoDraw = True
45.3523 	EXP 	window1: backgroundImage = ''
45.3523 	EXP 	window1: backgroundFit = 'none'
45.3981 	DEBUG 	TextBox2 loaded 1 chars with 0 blanks and 1 valid
45.3984 	DEBUG 	Uploading Texture Font fontname to graphics card
45.3992 	DEBUG 	Upload of Texture Font fontname complete
45.4014 	DEBUG 	TextBox2 loaded 1 chars with 0 blanks and 1 valid
45.4016 	DEBUG 	Uploading Texture Font fontname to graphics card
45.4023 	DEBUG 	Upload of Texture Font fontname complete
45.4202 	INFO 	Keyboard events cleared
45.4199 	EXP 	fixation1: autoDraw = False
45.4199 	EXP 	left_image: image = '3.jpg'
45.4199 	EXP 	right_image: image = '4.jpg'
45.4199 	EXP 	left_image: autoDraw = True
45.4199 	EXP 	right_image: autoDraw = True
49.3495 	EXP 	polygon: autoDraw = True
49.3495 	EXP 	left_learning_reward: autoDraw = True
49.3495 	EXP 	right_learning_reward: autoDraw = True
50.3496 	EXP 	polygon: autoDraw = False
50.3496 	EXP 	left_learning_reward: autoDraw = False
50.3496 	EXP 	right_learning_reward: autoDraw = False
50.3516 	DEBUG 	Fullscreen settings ignored as running in pilot mode.
50.3519 	EXP 	window1: backgroundImage = ''
50.3519 	EXP 	window1: backgroundFit = 'none'
50.3519 	EXP 	window1: units = 'height'
50.3534 	EXP 	window1: Attempting to measure frame rate of screen (0) ...
50.3534 	EXP 	window1: recordFrameIntervals = False
50.3656 	EXP 	left_image: autoDraw = False
50.3656 	EXP 	right_image: autoDraw = False
50.3656 	EXP 	polygon: autoDraw = False
50.3656 	EXP 	left_learning_reward: autoDraw = False
50.3656 	EXP 	right_learning_reward: autoDraw = False
50.5191 	EXP 	window1: recordFrameIntervals = True
50.7029 	EXP 	Screen (0) actual frame rate measured at 59.93Hz
50.7029 	EXP 	window1: recordFrameIntervals = False
50.7030 	EXP 	window1: mouseVisible = False
50.7034 	EXP 	New trial (rep=3, index=0): None
50.7170 	EXP 	fixation1: autoDraw = True
51.3531 	EXP 	window1: backgroundImage = ''
51.3531 	EXP 	window1: backgroundFit = 'none'
51.4178 	DEBUG 	TextBox2 loaded 1 chars with 0 blanks and 1 valid
51.4180 	DEBUG 	Uploading Texture Font fontname to graphics card
51.4187 	DEBUG 	Upload of Texture Font fontname complete
51.4360 	INFO 	Keyboard events cleared
51.4357 	EXP 	fixation1: autoDraw = False
51.4357 	EXP 	left_image: image = '1.jpg'
51.4357 	EXP 	right_image: image = '2.jpg'
51.4357 	EXP 	left_image: autoDraw = True
51.4357 	EXP 	right_image: autoDraw = True
52.3869 	DATA 	Keypress: left
55.3494 	EXP 	polygon: autoDraw = True
55.3494 	EXP 	left_learning_reward: autoDraw = True
55.3494 	EXP 	right_learning_reward: autoDraw = True
56.3497 	EXP 	polygon: autoDraw = False
56.3497 	EXP 	left_learning_reward: autoDraw = False
56.3497 	EXP 	right_learning_reward: autoDraw = False
56.3525 	DEBUG 	Fullscreen settings ignored as running in pilot mode.
56.3529 	EXP 	window1: backgroundImage = ''
56.3529 	EXP 	window1: backgroundFit = 'none'
56.3530 	EXP 	window1: units = 'height'
56.3545 	EXP 	window1: Attempting to measure frame rate of screen (0) ...
56.3545 	EXP 	window1: recordFrameIntervals = False
56.3656 	EXP 	left_image: autoDraw = False
56.3656 	EXP 	right_image: autoDraw = False
56.3656 	EXP 	polygon: autoDraw = False
56.3656 	EXP 	left_learning_reward: autoDraw = False
56.3656 	EXP 	right_learning_reward: autoDraw = False
56.5211 	EXP 	window1: recordFrameIntervals = True
56.7023 	EXP 	Screen (0) actual frame rate measured at 60.01Hz
56.7023 	EXP 	window1: recordFrameIntervals = False
56.7024 	EXP 	window1: mouseVisible = False
56.7029 	EXP 	New trial (rep=4, index=0): None
56.7165 	EXP 	fixation1: autoDraw = True
57.3541 	EXP 	window1: backgroundImage = ''
57.3541 	EXP 	window1: backgroundFit = 'none'
57.4183 	INFO 	Keyboard events cleared
57.4179 	EXP 	fixation1: autoDraw = False
57.4179 	EXP 	left_image: image = '3.jpg'
57.4179 	EXP 	right_image: image = '4.jpg'
57.4179 	EXP 	left_image: autoDraw = True
57.4179 	EXP 	right_image: autoDraw = True
61.3492 	EXP 	polygon: autoDraw = True
61.3492 	EXP 	left_learning_reward: autoDraw = True
61.3492 	EXP 	right_learning_reward: autoDraw = True
62.3496 	EXP 	polygon: autoDraw = False
62.3496 	EXP 	left_learning_reward: autoDraw = False
62.3496 	EXP 	right_learning_reward: autoDraw = False
62.3516 	DEBUG 	Fullscreen settings ignored as running in pilot mode.
62.3520 	EXP 	window1: backgroundImage = ''
62.3520 	EXP 	window1: backgroundFit = 'none'
62.3520 	EXP 	window1: units = 'height'
62.3534 	EXP 	window1: Attempting to measure frame rate of screen (0) ...
62.3535 	EXP 	window1: recordFrameIntervals = False
62.3656 	EXP 	left_image: autoDraw = False
62.3656 	EXP 	right_image: autoDraw = False
62.3656 	EXP 	polygon: autoDraw = False
62.3656 	EXP 	left_learning_reward: autoDraw = False
62.3656 	EXP 	right_learning_reward: autoDraw = False
62.5168 	EXP 	window1: recordFrameIntervals = True
62.7012 	EXP 	Screen (0) actual frame rate measured at 59.83Hz
62.7013 	EXP 	window1: recordFrameIntervals = False
62.7013 	EXP 	window1: mouseVisible = False
62.7015 	EXP 	New trial (rep=5, index=0): None
62.7160 	EXP 	fixation1: autoDraw = True
63.3536 	EXP 	window1: backgroundImage = ''
63.3536 	EXP 	window1: backgroundFit = 'none'
63.4181 	INFO 	Keyboard events cleared
63.4176 	EXP 	fixation1: autoDraw = False
63.4176 	EXP 	left_image: image = '3.jpg'
63.4176 	EXP 	right_image: image = '4.jpg'
63.4176 	EXP 	left_image: autoDraw = True
63.4176 	EXP 	right_image: autoDraw = True
67.3505 	EXP 	polygon: autoDraw = True
67.3505 	EXP 	left_learning_reward: autoDraw = True
67.3505 	EXP 	right_learning_reward: autoDraw = True
68.3515 	DEBUG 	Fullscreen settings ignored as running in pilot mode.
68.3518 	EXP 	window1: backgroundImage = ''
68.3518 	EXP 	window1: backgroundFit = 'none'
68.3519 	EXP 	window1: units = 'height'
68.3532 	EXP 	window1: Attempting to measure frame rate of screen (0) ...
68.3532 	EXP 	window1: recordFrameIntervals = False
68.3658 	EXP 	left_image: autoDraw = False
68.3658 	EXP 	right_image: autoDraw = False
68.3658 	EXP 	polygon: autoDraw = False
68.3658 	EXP 	left_learning_reward: autoDraw = False
68.3658 	EXP 	right_learning_reward: autoDraw = False
68.5185 	EXP 	window1: recordFrameIntervals = True
68.7030 	EXP 	Screen (0) actual frame rate measured at 60.07Hz
68.7030 	EXP 	window1: recordFrameIntervals = False
68.7032 	EXP 	window1: mouseVisible = False
68.7037 	EXP 	New trial (rep=6, index=0): None
68.7166 	EXP 	fixation1: autoDraw = True
69.3523 	EXP 	window1: backgroundImage = ''
69.3524 	EXP 	window1: backgroundFit = 'none'
69.4181 	INFO 	Keyboard events cleared
69.4175 	EXP 	fixation1: autoDraw = False
69.4175 	EXP 	left_image: image = '1.jpg'
69.4175 	EXP 	right_image: image = '2.jpg'
69.4175 	EXP 	left_image: autoDraw = True
69.4175 	EXP 	right_image: autoDraw = True
70.2565 	DATA 	Keypress: right
73.3488 	EXP 	polygon: autoDraw = True
73.3488 	EXP 	left_learning_reward: autoDraw = True
73.3488 	EXP 	right_learning_reward: autoDraw = True
74.3495 	EXP 	polygon: autoDraw = False
74.3495 	EXP 	left_learning_reward: autoDraw = False
74.3495 	EXP 	right_learning_reward: autoDraw = False
74.3520 	DEBUG 	Fullscreen settings ignored as running in pilot mode.
74.3525 	EXP 	window1: backgroundImage = ''
74.3526 	EXP 	window1: backgroundFit = 'none'
74.3526 	EXP 	window1: units = 'height'
74.3540 	EXP 	window1: Attempting to measure frame rate of screen (0) ...
74.3541 	EXP 	window1: recordFrameIntervals = False
74.3659 	EXP 	left_image: autoDraw = False
74.3659 	EXP 	right_image: autoDraw = False
74.3659 	EXP 	polygon: autoDraw = False
74.3659 	EXP 	left_learning_reward: autoDraw = False
74.3659 	EXP 	right_learning_reward: autoDraw = False
74.5179 	EXP 	window1: recordFrameIntervals = True
74.7012 	EXP 	Screen (0) actual frame rate measured at 59.92Hz
74.7013 	EXP 	window1: recordFrameIntervals = False
74.7013 	EXP 	window1: mouseVisible = False
74.7017 	EXP 	New trial (rep=7, index=0): None
74.7158 	EXP 	fixation1: autoDraw = True
75.3503 	EXP 	window1: backgroundImage = ''
75.3503 	EXP 	window1: backgroundFit = 'none'
75.4012 	INFO 	Keyboard events cleared
75.4008 	EXP 	fixation1: autoDraw = False
75.4008 	EXP 	left_image: image = '3.jpg'
75.4008 	EXP 	right_image: image = '4.jpg'
75.4008 	EXP 	left_image: autoDraw = True
75.4008 	EXP 	right_image: autoDraw = True
76.3383 	DATA 	Keypress: escape
76.6041 	EXP 	article1: status = STOPPED
76.6161 	EXP 	left_image: autoDraw = False
76.6161 	EXP 	right_image: autoDraw = False
76.6190 	EXP 	article1: status = STOPPED
76.6269 	INFO 	saved data to 'D:\\UT\\semester 4 - courses\\Cognitive science\\HWs\\HW1\\answer\\article1\\data/046242_article1_2024-05-27_13h26.19.066.csv'
76.6274 	INFO 	saved data to D:\UT\semester 4 - courses\Cognitive science\HWs\HW1\answer\article1\data/046242_article1_2024-05-27_13h26.19.066.psydat
76.6597 	EXP 	window1: mouseVisible = True
77.2366 	DEBUG 	Saving data for article1 ExperimentHandler
