8.6870 	DEBUG 	Fullscreen settings ignored as running in pilot mode.
8.6889 	INFO 	Loaded monitor calibration from ['2024_05_21 12:08']
9.1768 	EXP 	Created window1 = Window(allowGUI=True, allowStencil=True, autoLog=True, backendConf=UNKNOWN, backgroundFit=<method-wrapper '__getattribute__' of attributeSetter object at 0x000002486B47E7F0>, backgroundImage=<method-wrapper '__getattribute__' of attributeSetter object at 0x000002486B47E790>, bitsMode=UNKNOWN, blendMode='avg', bpc=(8, 8, 8), color=array([1, 1, 1]), colorSpace='rgb', depthBits=8, fullscr=<method-wrapper '__getattribute__' of attributeSetter object at 0x000002486B47E5E0>, gamma=None, gammaErrorPolicy='raise', infoMsg=UNKNOWN, lms=UNKNOWN, monitor=<psychopy.monitors.calibTools.Monitor object at 0x000002486C828460>, multiSample=False, name='window1', numSamples=2, pos=[560.0, 240.0], screen=0, size=array([800, 600]), stencilBits=8, stereo=False, title='PsychoPy', units='height', useFBO=True, useRetina=False, viewOri=0.0, viewPos=None, viewScale=None, waitBlanking=True, winType='pyglet')
9.1771 	EXP 	window1: mouseVisible = True
9.1772 	EXP 	window1: backgroundImage = ''
9.1772 	EXP 	window1: backgroundFit = 'none'
9.1777 	EXP 	window1: mouseVisible = True
9.1782 	EXP 	window1: mouseVisible = True
9.1835 	EXP 	window1: mouseVisible = True
9.1852 	EXP 	window1: mouseVisible = True
9.1993 	DEBUG 	TextBox2 loaded 1 chars with 0 blanks and 1 valid
9.2019 	DEBUG 	TextBox2 loaded 1 chars with 0 blanks and 1 valid
9.2042 	DEBUG 	TextBox2 loaded 1 chars with 0 blanks and 1 valid
9.2066 	DEBUG 	TextBox2 loaded 1 chars with 0 blanks and 1 valid
9.2088 	DEBUG 	TextBox2 loaded 1 chars with 0 blanks and 1 valid
9.2102 	DEBUG 	TextBox2 loaded 1 chars with 0 blanks and 1 valid
9.2118 	DEBUG 	TextBox2 loaded 1 chars with 0 blanks and 1 valid
9.2136 	DEBUG 	TextBox2 loaded 1 chars with 0 blanks and 1 valid
9.2145 	DEBUG 	TextBox2 loaded 1 chars with 0 blanks and 1 valid
9.2156 	DEBUG 	TextBox2 loaded 1 chars with 0 blanks and 1 valid
9.2169 	DEBUG 	TextBox2 loaded 1 chars with 0 blanks and 1 valid
9.2182 	DEBUG 	TextBox2 loaded 1 chars with 0 blanks and 1 valid
9.2194 	DEBUG 	TextBox2 loaded 1 chars with 0 blanks and 1 valid
9.2207 	DEBUG 	TextBox2 loaded 1 chars with 0 blanks and 1 valid
9.2219 	DEBUG 	TextBox2 loaded 1 chars with 0 blanks and 1 valid
9.2232 	DEBUG 	TextBox2 loaded 1 chars with 0 blanks and 1 valid
9.2244 	DEBUG 	TextBox2 loaded 1 chars with 0 blanks and 1 valid
9.2256 	DEBUG 	TextBox2 loaded 1 chars with 0 blanks and 1 valid
9.2266 	DEBUG 	TextBox2 loaded 1 chars with 0 blanks and 1 valid
9.2282 	DEBUG 	TextBox2 loaded 1 chars with 0 blanks and 1 valid
9.2292 	DEBUG 	TextBox2 loaded 1 chars with 0 blanks and 1 valid
9.2296 	DEBUG 	Uploading Texture Font fontname to graphics card
9.2396 	DEBUG 	Upload of Texture Font fontname complete
9.2428 	EXP 	window1: mouseVisible = True
9.2436 	EXP 	window1: mouseVisible = True
9.2450 	EXP 	window1: mouseVisible = True
9.2461 	EXP 	window1: mouseVisible = True
9.2531 	DEBUG 	TextBox2 loaded 1 chars with 0 blanks and 1 valid
9.2549 	DEBUG 	TextBox2 loaded 1 chars with 0 blanks and 1 valid
9.2565 	DEBUG 	TextBox2 loaded 1 chars with 0 blanks and 1 valid
9.2569 	DEBUG 	Uploading Texture Font fontname to graphics card
9.2708 	DEBUG 	Upload of Texture Font fontname complete
9.2765 	EXP 	window1: Attempting to measure frame rate of screen (0) ...
9.2766 	EXP 	window1: recordFrameIntervals = False
9.4810 	EXP 	window1: recordFrameIntervals = True
9.6636 	EXP 	Screen (0) actual frame rate measured at 60.26Hz
9.6637 	EXP 	window1: recordFrameIntervals = False
9.6639 	EXP 	window1: mouseVisible = False
9.6653 	EXP 	window1: mouseVisible = True
9.6661 	EXP 	window1: mouseVisible = True
9.6680 	EXP 	window1: mouseVisible = True
9.6695 	EXP 	window1: mouseVisible = True
9.6794 	DEBUG 	TextBox2 loaded 1 chars with 0 blanks and 1 valid
9.6817 	DEBUG 	TextBox2 loaded 1 chars with 0 blanks and 1 valid
9.6848 	DEBUG 	TextBox2 loaded 1 chars with 0 blanks and 1 valid
9.6882 	DEBUG 	TextBox2 loaded 1 chars with 0 blanks and 1 valid
9.6943 	DEBUG 	TextBox2 loaded 1 chars with 0 blanks and 1 valid
9.6981 	DEBUG 	TextBox2 loaded 1 chars with 0 blanks and 1 valid
9.7000 	DEBUG 	TextBox2 loaded 1 chars with 0 blanks and 1 valid
9.7024 	DEBUG 	TextBox2 loaded 1 chars with 0 blanks and 1 valid
9.7045 	DEBUG 	TextBox2 loaded 1 chars with 0 blanks and 1 valid
9.7063 	DEBUG 	TextBox2 loaded 1 chars with 0 blanks and 1 valid
9.7069 	DEBUG 	Uploading Texture Font fontname to graphics card
9.7080 	DEBUG 	Upload of Texture Font fontname complete
9.7113 	EXP 	window1: mouseVisible = True
9.7115 	EXP 	window1: mouseVisible = True
9.7124 	EXP 	window1: mouseVisible = True
9.7133 	EXP 	window1: mouseVisible = True
9.7873 	WARNING 	launchHubServer: If using the iohub mouse or eyetracker devices, fullScr should be True.
14.5197 	INFO 	keyboard.Keyboard is using iohub backend.
14.5198 	INFO 	keyboard.Keyboard is using iohub backend.
14.5198 	INFO 	keyboard.Keyboard is using iohub backend.
14.5198 	EXP 	article1: status = STARTED
14.5202 	EXP 	window1: mouseVisible = True
14.6974 	EXP 	Created text1 = TextStim(__class__=<class 'psychopy.visual.text.TextStim'>, alignHoriz=method-wrapper(...), alignText='center', alignVert=method-wrapper(...), anchorHoriz='center', anchorVert='center', antialias=True, autoDraw=False, autoLog=True, bold=False, color=array([-1., -1., -1.]), colorSpace='rgb', contrast=1.0, depth=0.0, draggable=False, flipHoriz=False, flipVert=False, font='Arial', fontFiles=[], height=0.05, italic=False, languageStyle='Arabic', name='text1', opacity=1.0, ori=0.0, pos=array([0., 0.]), rgb=UNKNOWN, text=str(...), units='height', win=Window(...), wrapWidth=1)
14.6976 	EXP 	window1: mouseVisible = True
14.7000 	EXP 	Created fixation1 = ShapeStim(__class__=<class 'psychopy.visual.shape.ShapeStim'>, anchor=('center', 'center'), autoDraw=False, autoLog=True, closeShape=True, color=method-wrapper(...), colorSpace='rgb', contrast=None, depth=0.0, draggable=False, fillColor=array([-1, -1, -1]), fillColorSpace='rgb', fillRGB=array([-1, -1, -1]), interpolate=True, lineColor=array([-1., -1., -1.]), lineColorSpace='rgb', lineRGB=array([-1., -1., -1.]), lineWidth=0.08, name='fixation1', opacity=1.0, ori=0.0, pos=array([0., 0.]), size=array([0.03, 0.06]), units='norm', vertices=ndarray(...), win=Window(...), windingRule=None)
14.7001 	EXP 	window1: mouseVisible = True
14.7104 	EXP 	Created left_image = ImageStim(__class__=<class 'psychopy.visual.image.ImageStim'>, anchor=('center', 'center'), autoLog=True, color=array([1., 1., 1.]), colorSpace='rgb', contrast=1.0, depth=-1.0, draggable=False, flipHoriz=False, flipVert=False, image='default.png', interpolate=True, mask=None, maskParams=None, name='left_image', opacity=1.0, ori=0.0, pos=array([-0.5,  0. ]), size=array([0.5, 0.5]), texRes=128.0, units='height', win=Window(...))
14.7106 	EXP 	window1: mouseVisible = True
14.7172 	EXP 	Created right_image = ImageStim(__class__=<class 'psychopy.visual.image.ImageStim'>, anchor=('center', 'center'), autoLog=True, color=array([1., 1., 1.]), colorSpace='rgb', contrast=1.0, depth=-2.0, draggable=False, flipHoriz=False, flipVert=False, image='default.png', interpolate=True, mask=None, maskParams=None, name='right_image', opacity=1.0, ori=0.0, pos=array([0.5, 0. ]), size=array([0.5, 0.5]), texRes=128.0, units='height', win=Window(...))
14.7174 	EXP 	window1: mouseVisible = True
14.7187 	EXP 	Created polygon = Rect(__class__=<class 'psychopy.visual.rect.Rect'>, anchor=('center', 'center'), autoDraw=False, autoLog=True, closeShape=True, color=method-wrapper(...), colorSpace='rgb', contrast=None, depth=-5.0, draggable=False, fillColor=array([0., 0., 0.]), fillColorSpace='rgb', fillRGB=array([0., 0., 0.]), interpolate=True, lineColor=array([-0.5765,  0.0039,  1.    ]), lineColorSpace='rgb', lineRGB=array([-0.5765,  0.0039,  1.    ]), lineWidth=20.0, name='polygon', opacity=0.3, ori=0.0, pos=array([0., 0.]), size=array([0.5, 0.5]), units='height', vertices=ndarray(...), win=Window(...))
14.7188 	EXP 	window1: mouseVisible = True
14.7190 	EXP 	window1: mouseVisible = True
14.7196 	EXP 	window1: mouseVisible = True
14.7202 	EXP 	window1: mouseVisible = True
14.7253 	EXP 	window1: mouseVisible = True
14.7255 	EXP 	window1: mouseVisible = True
14.7261 	EXP 	window1: mouseVisible = True
14.7266 	EXP 	window1: mouseVisible = True
14.7329 	DEBUG 	TextBox2 loaded 1 chars with 0 blanks and 1 valid
14.7359 	DEBUG 	TextBox2 loaded 1 chars with 0 blanks and 1 valid
14.7387 	DEBUG 	TextBox2 loaded 1 chars with 0 blanks and 1 valid
14.7414 	DEBUG 	TextBox2 loaded 1 chars with 0 blanks and 1 valid
14.7435 	DEBUG 	TextBox2 loaded 1 chars with 0 blanks and 1 valid
14.7456 	DEBUG 	TextBox2 loaded 1 chars with 0 blanks and 1 valid
14.7483 	DEBUG 	TextBox2 loaded 1 chars with 0 blanks and 1 valid
14.7508 	DEBUG 	TextBox2 loaded 1 chars with 0 blanks and 1 valid
14.7532 	DEBUG 	TextBox2 loaded 1 chars with 0 blanks and 1 valid
14.7536 	DEBUG 	Uploading Texture Font fontname to graphics card
14.7569 	DEBUG 	Upload of Texture Font fontname complete
14.7587 	EXP 	window1: mouseVisible = True
14.7588 	EXP 	window1: mouseVisible = True
14.7596 	EXP 	window1: mouseVisible = True
14.7602 	EXP 	window1: mouseVisible = True
14.7659 	EXP 	window1: mouseVisible = True
14.7662 	EXP 	window1: mouseVisible = True
14.7672 	EXP 	window1: mouseVisible = True
14.7681 	EXP 	window1: mouseVisible = True
14.7755 	EXP 	window1: mouseVisible = True
14.7786 	EXP 	Created text_no_resp = TextStim(__class__=<class 'psychopy.visual.text.TextStim'>, alignHoriz=method-wrapper(...), alignText='center', alignVert=method-wrapper(...), anchorHoriz='center', anchorVert='center', antialias=True, autoDraw=False, autoLog=True, bold=False, color=array([-1., -1., -1.]), colorSpace='rgb', contrast=1.0, depth=-8.0, draggable=False, flipHoriz=False, flipVert=False, font='Arial', fontFiles=[], height=0.05, italic=False, languageStyle='Arabic', name='text_no_resp', opacity=1.0, ori=0.0, pos=array([0., 0.]), rgb=UNKNOWN, text='', units='height', win=Window(...), wrapWidth=1)
14.7788 	EXP 	window1: mouseVisible = True
14.7814 	EXP 	Created fixation2 = ShapeStim(__class__=<class 'psychopy.visual.shape.ShapeStim'>, anchor=('center', 'center'), autoDraw=False, autoLog=True, closeShape=True, color=method-wrapper(...), colorSpace='rgb', contrast=None, depth=0.0, draggable=False, fillColor=array([-1, -1, -1]), fillColorSpace='rgb', fillRGB=array([-1, -1, -1]), interpolate=True, lineColor=array([-1., -1., -1.]), lineColorSpace='rgb', lineRGB=array([-1., -1., -1.]), lineWidth=0.08, name='fixation2', opacity=1.0, ori=0.0, pos=array([0., 0.]), size=array([0.03, 0.06]), units='norm', vertices=ndarray(...), win=Window(...), windingRule=None)
0.0131 	EXP 	left_learning_reward: autoLog = True
0.0131 	EXP 	right_learning_reward: autoLog = True
0.0294 	INFO 	Keyboard events cleared
0.0290 	EXP 	text1: autoDraw = True
1.2722 	EXP 	Created sequence: random, trialTypes=1, nReps=20, seed=None
1.2725 	EXP 	New trial (rep=0, index=0): None
1.2760 	DATA 	Keypress: space
1.2964 	EXP 	text1: autoDraw = False
1.2964 	EXP 	fixation1: autoDraw = True
2.2848 	EXP 	window1: backgroundImage = ''
2.2848 	EXP 	window1: backgroundFit = 'none'
2.4352 	DEBUG 	TextBox2 loaded 1 chars with 0 blanks and 1 valid
2.4386 	DEBUG 	TextBox2 loaded 1 chars with 0 blanks and 1 valid
2.4415 	DEBUG 	TextBox2 loaded 1 chars with 0 blanks and 1 valid
2.4446 	DEBUG 	TextBox2 loaded 1 chars with 0 blanks and 1 valid
2.4472 	DEBUG 	TextBox2 loaded 1 chars with 0 blanks and 1 valid
2.4501 	DEBUG 	TextBox2 loaded 1 chars with 0 blanks and 1 valid
2.4530 	DEBUG 	TextBox2 loaded 1 chars with 0 blanks and 1 valid
2.4533 	DEBUG 	Uploading Texture Font fontname to graphics card
2.4559 	DEBUG 	Upload of Texture Font fontname complete
2.4601 	DEBUG 	TextBox2 loaded 1 chars with 0 blanks and 1 valid
2.4636 	DEBUG 	TextBox2 loaded 1 chars with 0 blanks and 1 valid
2.4640 	DEBUG 	Uploading Texture Font fontname to graphics card
2.4651 	DEBUG 	Upload of Texture Font fontname complete
2.5061 	INFO 	Keyboard events cleared
2.5050 	EXP 	fixation1: autoDraw = False
2.5050 	EXP 	left_image: image = '1.jpg'
2.5050 	EXP 	right_image: image = '2.jpg'
2.5050 	EXP 	left_image: autoDraw = True
2.5050 	EXP 	right_image: autoDraw = True
6.2954 	EXP 	polygon: autoDraw = True
6.2954 	EXP 	left_learning_reward: autoDraw = True
6.2954 	EXP 	right_learning_reward: autoDraw = True
7.2968 	EXP 	polygon: autoDraw = False
7.2968 	EXP 	left_learning_reward: autoDraw = False
7.2968 	EXP 	right_learning_reward: autoDraw = False
7.5130 	EXP 	left_image: autoDraw = False
7.5130 	EXP 	right_image: autoDraw = False
8.2959 	EXP 	text_no_resp: autoDraw = True
9.2886 	DEBUG 	Fullscreen settings ignored as running in pilot mode.
9.2891 	EXP 	window1: backgroundImage = ''
9.2892 	EXP 	window1: backgroundFit = 'none'
9.2892 	EXP 	window1: units = 'height'
9.2909 	EXP 	window1: Attempting to measure frame rate of screen (0) ...
9.2910 	EXP 	window1: recordFrameIntervals = False
9.3113 	EXP 	text_no_resp: autoDraw = False
9.3113 	EXP 	left_image: autoDraw = False
9.3113 	EXP 	right_image: autoDraw = False
9.3113 	EXP 	polygon: autoDraw = False
9.3113 	EXP 	left_learning_reward: autoDraw = False
9.3113 	EXP 	right_learning_reward: autoDraw = False
9.3113 	EXP 	text_no_resp: autoDraw = False
9.4680 	EXP 	window1: recordFrameIntervals = True
9.5362 	DATA 	Keypress: down
9.6505 	EXP 	Screen (0) actual frame rate measured at 60.02Hz
9.6505 	EXP 	window1: recordFrameIntervals = False
9.6507 	EXP 	window1: mouseVisible = False
9.6514 	EXP 	New trial (rep=1, index=0): None
9.6625 	EXP 	fixation1: autoDraw = True
10.6540 	EXP 	window1: backgroundImage = ''
10.6540 	EXP 	window1: backgroundFit = 'none'
10.7324 	DEBUG 	TextBox2 loaded 1 chars with 0 blanks and 1 valid
10.7328 	DEBUG 	Uploading Texture Font fontname to graphics card
10.7338 	DEBUG 	Upload of Texture Font fontname complete
10.7503 	INFO 	Keyboard events cleared
10.7494 	EXP 	fixation1: autoDraw = False
10.7494 	EXP 	left_image: image = '3.jpg'
10.7494 	EXP 	right_image: image = '4.jpg'
10.7494 	EXP 	left_image: autoDraw = True
10.7494 	EXP 	right_image: autoDraw = True
10.9552 	DEBUG 	Fullscreen settings ignored as running in pilot mode.
10.9559 	EXP 	window1: backgroundImage = ''
10.9560 	EXP 	window1: backgroundFit = 'none'
10.9560 	EXP 	window1: units = 'height'
10.9584 	EXP 	window1: Attempting to measure frame rate of screen (0) ...
10.9584 	EXP 	window1: recordFrameIntervals = False
10.9625 	DATA 	Keypress: right
10.9783 	EXP 	left_image: autoDraw = False
10.9783 	EXP 	right_image: autoDraw = False
10.9783 	EXP 	polygon: autoDraw = False
10.9783 	EXP 	left_learning_reward: autoDraw = False
10.9783 	EXP 	right_learning_reward: autoDraw = False
10.9783 	EXP 	text_no_resp: autoDraw = False
11.1333 	EXP 	window1: recordFrameIntervals = True
11.3173 	EXP 	Screen (0) actual frame rate measured at 59.88Hz
11.3174 	EXP 	window1: recordFrameIntervals = False
11.3174 	EXP 	window1: mouseVisible = False
11.3183 	EXP 	New trial (rep=2, index=0): None
11.3294 	EXP 	fixation1: autoDraw = True
12.3177 	EXP 	window1: backgroundImage = ''
12.3177 	EXP 	window1: backgroundFit = 'none'
12.3989 	INFO 	Keyboard events cleared
12.3981 	EXP 	fixation1: autoDraw = False
12.3981 	EXP 	fixation1: autoDraw = False
12.3981 	EXP 	left_image: image = '3.jpg'
12.3981 	EXP 	right_image: image = '4.jpg'
12.3981 	EXP 	left_image: autoDraw = True
12.3981 	EXP 	right_image: autoDraw = True
13.4220 	DEBUG 	Fullscreen settings ignored as running in pilot mode.
13.4226 	EXP 	window1: backgroundImage = ''
13.4226 	EXP 	window1: backgroundFit = 'none'
13.4226 	EXP 	window1: units = 'height'
13.4252 	EXP 	window1: Attempting to measure frame rate of screen (0) ...
13.4253 	EXP 	window1: recordFrameIntervals = False
13.4301 	DATA 	Keypress: right
13.4452 	EXP 	left_image: autoDraw = False
13.4452 	EXP 	right_image: autoDraw = False
13.4452 	EXP 	polygon: autoDraw = False
13.4452 	EXP 	left_learning_reward: autoDraw = False
13.4452 	EXP 	right_learning_reward: autoDraw = False
13.4452 	EXP 	text_no_resp: autoDraw = False
13.6009 	EXP 	window1: recordFrameIntervals = True
13.7847 	EXP 	Screen (0) actual frame rate measured at 60.05Hz
13.7848 	EXP 	window1: recordFrameIntervals = False
13.7848 	EXP 	window1: mouseVisible = False
13.7855 	EXP 	New trial (rep=3, index=0): None
13.7968 	EXP 	fixation1: autoDraw = True
13.8693 	DATA 	Keypress: right
14.2860 	DATA 	Keypress: right
14.6391 	DATA 	Keypress: right
14.7848 	EXP 	window1: backgroundImage = ''
14.7849 	EXP 	window1: backgroundFit = 'none'
14.9009 	DEBUG 	TextBox2 loaded 1 chars with 0 blanks and 1 valid
14.9012 	DEBUG 	Uploading Texture Font fontname to graphics card
14.9023 	DEBUG 	Upload of Texture Font fontname complete
14.9057 	DEBUG 	TextBox2 loaded 1 chars with 0 blanks and 1 valid
14.9086 	DEBUG 	TextBox2 loaded 1 chars with 0 blanks and 1 valid
14.9089 	DEBUG 	Uploading Texture Font fontname to graphics card
14.9118 	DEBUG 	Upload of Texture Font fontname complete
14.9340 	INFO 	Keyboard events cleared
14.9332 	EXP 	fixation1: autoDraw = False
14.9332 	EXP 	fixation1: autoDraw = False
14.9332 	EXP 	left_image: image = '2.jpg'
14.9332 	EXP 	right_image: image = '1.jpg'
14.9332 	EXP 	left_image: autoDraw = True
14.9332 	EXP 	right_image: autoDraw = True
14.9409 	DEBUG 	Fullscreen settings ignored as running in pilot mode.
14.9416 	EXP 	window1: backgroundImage = ''
14.9416 	EXP 	window1: backgroundFit = 'none'
14.9416 	EXP 	window1: units = 'height'
14.9446 	EXP 	window1: Attempting to measure frame rate of screen (0) ...
14.9447 	EXP 	window1: recordFrameIntervals = False
14.9479 	DATA 	Keypress: right
14.9618 	EXP 	left_image: autoDraw = False
14.9618 	EXP 	right_image: autoDraw = False
14.9618 	EXP 	polygon: autoDraw = False
14.9618 	EXP 	left_learning_reward: autoDraw = False
14.9618 	EXP 	right_learning_reward: autoDraw = False
14.9618 	EXP 	text_no_resp: autoDraw = False
15.1182 	EXP 	window1: recordFrameIntervals = True
15.2998 	EXP 	Screen (0) actual frame rate measured at 60.30Hz
15.2999 	EXP 	window1: recordFrameIntervals = False
15.2999 	EXP 	window1: mouseVisible = False
15.3006 	EXP 	New trial (rep=4, index=0): None
15.3128 	EXP 	fixation1: autoDraw = True
15.3362 	DATA 	Keypress: right
15.7361 	DATA 	Keypress: right
16.0537 	DATA 	Keypress: right
16.3021 	EXP 	window1: backgroundImage = ''
16.3022 	EXP 	window1: backgroundFit = 'none'
16.3840 	DATA 	Keypress: right
16.3988 	INFO 	Keyboard events cleared
16.3979 	EXP 	fixation1: autoDraw = False
16.3979 	EXP 	left_image: image = '3.jpg'
16.3979 	EXP 	right_image: image = '4.jpg'
16.3979 	EXP 	left_image: autoDraw = True
16.3979 	EXP 	right_image: autoDraw = True
16.6366 	DEBUG 	Fullscreen settings ignored as running in pilot mode.
16.6373 	EXP 	window1: backgroundImage = ''
16.6373 	EXP 	window1: backgroundFit = 'none'
16.6373 	EXP 	window1: units = 'height'
16.6397 	EXP 	window1: Attempting to measure frame rate of screen (0) ...
16.6397 	EXP 	window1: recordFrameIntervals = False
16.6435 	DATA 	Keypress: right
16.6614 	EXP 	left_image: autoDraw = False
16.6614 	EXP 	right_image: autoDraw = False
16.6614 	EXP 	polygon: autoDraw = False
16.6614 	EXP 	left_learning_reward: autoDraw = False
16.6614 	EXP 	right_learning_reward: autoDraw = False
16.6614 	EXP 	text_no_resp: autoDraw = False
16.8170 	EXP 	window1: recordFrameIntervals = True
16.8873 	DATA 	Keypress: right
17.0012 	EXP 	Screen (0) actual frame rate measured at 59.91Hz
17.0012 	EXP 	window1: recordFrameIntervals = False
17.0012 	EXP 	window1: mouseVisible = False
17.0019 	EXP 	New trial (rep=5, index=0): None
17.0128 	EXP 	fixation1: autoDraw = True
17.1684 	DATA 	Keypress: right
17.4375 	DATA 	Keypress: right
17.6524 	DATA 	Keypress: right
18.0012 	EXP 	window1: backgroundImage = ''
18.0012 	EXP 	window1: backgroundFit = 'none'
18.0998 	INFO 	Keyboard events cleared
18.0986 	EXP 	fixation1: autoDraw = False
18.0986 	EXP 	fixation1: autoDraw = False
18.0986 	EXP 	left_image: image = '2.jpg'
18.0986 	EXP 	right_image: image = '1.jpg'
18.0986 	EXP 	left_image: autoDraw = True
18.0986 	EXP 	right_image: autoDraw = True
18.3704 	DEBUG 	Fullscreen settings ignored as running in pilot mode.
18.3710 	EXP 	window1: backgroundImage = ''
18.3710 	EXP 	window1: backgroundFit = 'none'
18.3710 	EXP 	window1: units = 'height'
18.3732 	EXP 	window1: Attempting to measure frame rate of screen (0) ...
18.3732 	EXP 	window1: recordFrameIntervals = False
18.3766 	DATA 	Keypress: right
18.3949 	EXP 	left_image: autoDraw = False
18.3949 	EXP 	right_image: autoDraw = False
18.3949 	EXP 	polygon: autoDraw = False
18.3949 	EXP 	left_learning_reward: autoDraw = False
18.3949 	EXP 	right_learning_reward: autoDraw = False
18.3949 	EXP 	text_no_resp: autoDraw = False
18.5499 	EXP 	window1: recordFrameIntervals = True
18.7344 	EXP 	Screen (0) actual frame rate measured at 59.89Hz
18.7345 	EXP 	window1: recordFrameIntervals = False
18.7346 	EXP 	window1: mouseVisible = False
18.7352 	EXP 	New trial (rep=6, index=0): None
18.7465 	EXP 	fixation1: autoDraw = True
19.2700 	DATA 	Keypress: right
19.3028 	DATA 	Keypress: right
19.6192 	DATA 	Keypress: right
19.7352 	EXP 	window1: backgroundImage = ''
19.7352 	EXP 	window1: backgroundFit = 'none'
19.8319 	INFO 	Keyboard events cleared
19.8309 	EXP 	fixation1: autoDraw = False
19.8309 	EXP 	fixation1: autoDraw = False
19.8309 	EXP 	left_image: image = '3.jpg'
19.8309 	EXP 	right_image: image = '4.jpg'
19.8309 	EXP 	left_image: autoDraw = True
19.8309 	EXP 	right_image: autoDraw = True
19.9542 	DEBUG 	Fullscreen settings ignored as running in pilot mode.
19.9549 	EXP 	window1: backgroundImage = ''
19.9549 	EXP 	window1: backgroundFit = 'none'
19.9549 	EXP 	window1: units = 'height'
19.9572 	EXP 	window1: Attempting to measure frame rate of screen (0) ...
19.9572 	EXP 	window1: recordFrameIntervals = False
19.9614 	DATA 	Keypress: right
19.9790 	EXP 	left_image: autoDraw = False
19.9790 	EXP 	right_image: autoDraw = False
19.9790 	EXP 	polygon: autoDraw = False
19.9790 	EXP 	left_learning_reward: autoDraw = False
19.9790 	EXP 	right_learning_reward: autoDraw = False
19.9790 	EXP 	text_no_resp: autoDraw = False
20.1334 	EXP 	window1: recordFrameIntervals = True
20.2196 	DATA 	Keypress: right
20.3172 	EXP 	Screen (0) actual frame rate measured at 60.06Hz
20.3172 	EXP 	window1: recordFrameIntervals = False
20.3173 	EXP 	window1: mouseVisible = False
20.3180 	EXP 	New trial (rep=7, index=0): None
20.3297 	EXP 	fixation1: autoDraw = True
21.3027 	DATA 	Keypress: escape
21.3181 	EXP 	window1: backgroundImage = ''
21.3182 	EXP 	window1: backgroundFit = 'none'
21.3895 	DEBUG 	TextBox2 loaded 1 chars with 0 blanks and 1 valid
21.3898 	DEBUG 	Uploading Texture Font fontname to graphics card
21.3908 	DEBUG 	Upload of Texture Font fontname complete
21.4163 	INFO 	Keyboard events cleared
21.4157 	EXP 	fixation1: autoDraw = False
21.4157 	EXP 	fixation1: autoDraw = False
21.4157 	EXP 	left_image: image = '1.jpg'
21.4157 	EXP 	right_image: image = '2.jpg'
21.4157 	EXP 	left_image: autoDraw = True
21.4157 	EXP 	right_image: autoDraw = True
23.8530 	DATA 	Keypress: escape
23.9710 	EXP 	article1: status = STOPPED
23.9798 	EXP 	left_image: autoDraw = False
23.9798 	EXP 	right_image: autoDraw = False
23.9859 	EXP 	article1: status = STOPPED
24.0244 	INFO 	saved data to 'D:\\UT\\semester 4 - courses\\Cognitive science\\HWs\\HW1\\answer\\article1\\data/047074_article1_2024-05-27_20h55.55.891.csv'
24.0256 	INFO 	saved data to D:\UT\semester 4 - courses\Cognitive science\HWs\HW1\answer\article1\data/047074_article1_2024-05-27_20h55.55.891.psydat
24.1125 	EXP 	window1: mouseVisible = True
24.8705 	DEBUG 	Saving data for article1 ExperimentHandler
