9.4394 	DEBUG 	Fullscreen settings ignored as running in pilot mode.
9.4406 	INFO 	Loaded monitor calibration from ['2024_05_21 12:08']
9.8868 	EXP 	Created window1 = Window(allowGUI=True, allowStencil=True, autoLog=True, backendConf=UNKNOWN, backgroundFit=<method-wrapper '__getattribute__' of attributeSetter object at 0x0000018D9BF11CA0>, backgroundImage=<method-wrapper '__getattribute__' of attributeSetter object at 0x0000018D9BF11C40>, bitsMode=UNKNOWN, blendMode='avg', bpc=(8, 8, 8), color=array([1, 1, 1]), colorSpace='rgb', depthBits=8, fullscr=<method-wrapper '__getattribute__' of attributeSetter object at 0x0000018D9BF11A90>, gamma=None, gammaErrorPolicy='raise', infoMsg=UNKNOWN, lms=UNKNOWN, monitor=<psychopy.monitors.calibTools.Monitor object at 0x0000018D9D338910>, multiSample=False, name='window1', numSamples=2, pos=[560.0, 240.0], screen=0, size=array([800, 600]), stencilBits=8, stereo=False, title='PsychoPy', units='height', useFBO=True, useRetina=False, viewOri=0.0, viewPos=None, viewScale=None, waitBlanking=True, winType='pyglet')
9.8870 	EXP 	window1: mouseVisible = True
9.8871 	EXP 	window1: backgroundImage = ''
9.8871 	EXP 	window1: backgroundFit = 'none'
9.8873 	EXP 	window1: mouseVisible = True
9.8876 	EXP 	window1: mouseVisible = True
9.8900 	EXP 	window1: mouseVisible = True
9.8907 	EXP 	window1: mouseVisible = True
9.8982 	DEBUG 	TextBox2 loaded 1 chars with 0 blanks and 1 valid
9.8998 	DEBUG 	TextBox2 loaded 1 chars with 0 blanks and 1 valid
9.9012 	DEBUG 	TextBox2 loaded 1 chars with 0 blanks and 1 valid
9.9028 	DEBUG 	TextBox2 loaded 1 chars with 0 blanks and 1 valid
9.9044 	DEBUG 	TextBox2 loaded 1 chars with 0 blanks and 1 valid
9.9054 	DEBUG 	TextBox2 loaded 1 chars with 0 blanks and 1 valid
9.9068 	DEBUG 	TextBox2 loaded 1 chars with 0 blanks and 1 valid
9.9086 	DEBUG 	TextBox2 loaded 1 chars with 0 blanks and 1 valid
9.9101 	DEBUG 	TextBox2 loaded 1 chars with 0 blanks and 1 valid
9.9113 	DEBUG 	TextBox2 loaded 1 chars with 0 blanks and 1 valid
9.9132 	DEBUG 	TextBox2 loaded 1 chars with 0 blanks and 1 valid
9.9151 	DEBUG 	TextBox2 loaded 1 chars with 0 blanks and 1 valid
9.9169 	DEBUG 	TextBox2 loaded 1 chars with 0 blanks and 1 valid
9.9186 	DEBUG 	TextBox2 loaded 1 chars with 0 blanks and 1 valid
9.9198 	DEBUG 	TextBox2 loaded 1 chars with 0 blanks and 1 valid
9.9212 	DEBUG 	TextBox2 loaded 1 chars with 0 blanks and 1 valid
9.9225 	DEBUG 	TextBox2 loaded 1 chars with 0 blanks and 1 valid
9.9234 	DEBUG 	TextBox2 loaded 1 chars with 0 blanks and 1 valid
9.9245 	DEBUG 	TextBox2 loaded 1 chars with 0 blanks and 1 valid
9.9261 	DEBUG 	TextBox2 loaded 1 chars with 0 blanks and 1 valid
9.9271 	DEBUG 	TextBox2 loaded 1 chars with 0 blanks and 1 valid
9.9274 	DEBUG 	Uploading Texture Font fontname to graphics card
9.9481 	DEBUG 	Upload of Texture Font fontname complete
9.9518 	EXP 	window1: mouseVisible = True
9.9521 	EXP 	window1: mouseVisible = True
9.9536 	EXP 	window1: mouseVisible = True
9.9551 	EXP 	window1: mouseVisible = True
9.9644 	DEBUG 	TextBox2 loaded 1 chars with 0 blanks and 1 valid
9.9661 	DEBUG 	TextBox2 loaded 1 chars with 0 blanks and 1 valid
9.9678 	DEBUG 	TextBox2 loaded 1 chars with 0 blanks and 1 valid
9.9682 	DEBUG 	Uploading Texture Font fontname to graphics card
9.9910 	DEBUG 	Upload of Texture Font fontname complete
9.9962 	EXP 	window1: Attempting to measure frame rate of screen (0) ...
9.9963 	EXP 	window1: recordFrameIntervals = False
10.2023 	EXP 	window1: recordFrameIntervals = True
10.3847 	EXP 	Screen (0) actual frame rate measured at 60.44Hz
10.3848 	EXP 	window1: recordFrameIntervals = False
10.3850 	EXP 	window1: mouseVisible = False
10.3864 	EXP 	window1: mouseVisible = True
10.3871 	EXP 	window1: mouseVisible = True
10.3891 	EXP 	window1: mouseVisible = True
10.3901 	EXP 	window1: mouseVisible = True
10.4027 	DEBUG 	TextBox2 loaded 1 chars with 0 blanks and 1 valid
10.4050 	DEBUG 	TextBox2 loaded 1 chars with 0 blanks and 1 valid
10.4075 	DEBUG 	TextBox2 loaded 1 chars with 0 blanks and 1 valid
10.4100 	DEBUG 	TextBox2 loaded 1 chars with 0 blanks and 1 valid
10.4119 	DEBUG 	TextBox2 loaded 1 chars with 0 blanks and 1 valid
10.4139 	DEBUG 	TextBox2 loaded 1 chars with 0 blanks and 1 valid
10.4150 	DEBUG 	TextBox2 loaded 1 chars with 0 blanks and 1 valid
10.4165 	DEBUG 	TextBox2 loaded 1 chars with 0 blanks and 1 valid
10.4182 	DEBUG 	TextBox2 loaded 1 chars with 0 blanks and 1 valid
10.4198 	DEBUG 	TextBox2 loaded 1 chars with 0 blanks and 1 valid
10.4202 	DEBUG 	Uploading Texture Font fontname to graphics card
10.4211 	DEBUG 	Upload of Texture Font fontname complete
10.4231 	EXP 	window1: mouseVisible = True
10.4232 	EXP 	window1: mouseVisible = True
10.4245 	EXP 	window1: mouseVisible = True
10.4253 	EXP 	window1: mouseVisible = True
10.5044 	WARNING 	launchHubServer: If using the iohub mouse or eyetracker devices, fullScr should be True.
14.6316 	INFO 	keyboard.Keyboard is using iohub backend.
14.6317 	INFO 	keyboard.Keyboard is using iohub backend.
14.6318 	INFO 	keyboard.Keyboard is using iohub backend.
14.6319 	INFO 	keyboard.Keyboard is using iohub backend.
14.6319 	INFO 	keyboard.Keyboard is using iohub backend.
14.6319 	EXP 	article1: status = STARTED
14.6325 	EXP 	window1: mouseVisible = True
14.7982 	EXP 	Created text1 = TextStim(__class__=<class 'psychopy.visual.text.TextStim'>, alignHoriz=method-wrapper(...), alignText='center', alignVert=method-wrapper(...), anchorHoriz='center', anchorVert='center', antialias=True, autoDraw=False, autoLog=True, bold=False, color=array([-1., -1., -1.]), colorSpace='rgb', contrast=1.0, depth=0.0, draggable=False, flipHoriz=False, flipVert=False, font='Arial', fontFiles=[], height=0.05, italic=False, languageStyle='Arabic', name='text1', opacity=1.0, ori=0.0, pos=array([0., 0.]), rgb=UNKNOWN, text=str(...), units='height', win=Window(...), wrapWidth=1)
14.7985 	EXP 	window1: mouseVisible = True
14.8008 	EXP 	Created fixation1 = ShapeStim(__class__=<class 'psychopy.visual.shape.ShapeStim'>, anchor=('center', 'center'), autoDraw=False, autoLog=True, closeShape=True, color=method-wrapper(...), colorSpace='rgb', contrast=None, depth=0.0, draggable=False, fillColor=array([-1, -1, -1]), fillColorSpace='rgb', fillRGB=array([-1, -1, -1]), interpolate=True, lineColor=array([-1., -1., -1.]), lineColorSpace='rgb', lineRGB=array([-1., -1., -1.]), lineWidth=0.08, name='fixation1', opacity=1.0, ori=0.0, pos=array([0., 0.]), size=array([0.03, 0.06]), units='norm', vertices=ndarray(...), win=Window(...), windingRule=None)
14.8010 	EXP 	window1: mouseVisible = True
14.8059 	EXP 	Created left_image = ImageStim(__class__=<class 'psychopy.visual.image.ImageStim'>, anchor=('center', 'center'), autoLog=True, color=array([1., 1., 1.]), colorSpace='rgb', contrast=1.0, depth=-1.0, draggable=False, flipHoriz=False, flipVert=False, image='default.png', interpolate=True, mask=None, maskParams=None, name='left_image', opacity=1.0, ori=0.0, pos=array([-0.5,  0. ]), size=array([0.5, 0.5]), texRes=128.0, units='height', win=Window(...))
14.8060 	EXP 	window1: mouseVisible = True
14.8102 	EXP 	Created right_image = ImageStim(__class__=<class 'psychopy.visual.image.ImageStim'>, anchor=('center', 'center'), autoLog=True, color=array([1., 1., 1.]), colorSpace='rgb', contrast=1.0, depth=-2.0, draggable=False, flipHoriz=False, flipVert=False, image='default.png', interpolate=True, mask=None, maskParams=None, name='right_image', opacity=1.0, ori=0.0, pos=array([0.5, 0. ]), size=array([0.5, 0.5]), texRes=128.0, units='height', win=Window(...))
14.8104 	EXP 	window1: mouseVisible = True
14.8120 	EXP 	Created polygon = Rect(__class__=<class 'psychopy.visual.rect.Rect'>, anchor=('center', 'center'), autoDraw=False, autoLog=True, closeShape=True, color=method-wrapper(...), colorSpace='rgb', contrast=None, depth=-5.0, draggable=False, fillColor=array([0., 0., 0.]), fillColorSpace='rgb', fillRGB=array([0., 0., 0.]), interpolate=True, lineColor=array([-0.5765,  0.0039,  1.    ]), lineColorSpace='rgb', lineRGB=array([-0.5765,  0.0039,  1.    ]), lineWidth=20.0, name='polygon', opacity=0.3, ori=0.0, pos=array([0., 0.]), size=array([0.5, 0.5]), units='height', vertices=ndarray(...), win=Window(...))
14.8122 	EXP 	window1: mouseVisible = True
14.8124 	EXP 	window1: mouseVisible = True
14.8130 	EXP 	window1: mouseVisible = True
14.8135 	EXP 	window1: mouseVisible = True
14.8181 	EXP 	window1: mouseVisible = True
14.8183 	EXP 	window1: mouseVisible = True
14.8189 	EXP 	window1: mouseVisible = True
14.8195 	EXP 	window1: mouseVisible = True
14.8243 	DEBUG 	TextBox2 loaded 1 chars with 0 blanks and 1 valid
14.8259 	DEBUG 	TextBox2 loaded 1 chars with 0 blanks and 1 valid
14.8274 	DEBUG 	TextBox2 loaded 1 chars with 0 blanks and 1 valid
14.8290 	DEBUG 	TextBox2 loaded 1 chars with 0 blanks and 1 valid
14.8303 	DEBUG 	TextBox2 loaded 1 chars with 0 blanks and 1 valid
14.8314 	DEBUG 	TextBox2 loaded 1 chars with 0 blanks and 1 valid
14.8330 	DEBUG 	TextBox2 loaded 1 chars with 0 blanks and 1 valid
14.8342 	DEBUG 	TextBox2 loaded 1 chars with 0 blanks and 1 valid
14.8353 	DEBUG 	TextBox2 loaded 1 chars with 0 blanks and 1 valid
14.8357 	DEBUG 	Uploading Texture Font fontname to graphics card
14.8374 	DEBUG 	Upload of Texture Font fontname complete
14.8391 	EXP 	window1: mouseVisible = True
14.8393 	EXP 	window1: mouseVisible = True
14.8400 	EXP 	window1: mouseVisible = True
14.8406 	EXP 	window1: mouseVisible = True
14.8461 	EXP 	window1: mouseVisible = True
14.8463 	EXP 	window1: mouseVisible = True
14.8470 	EXP 	window1: mouseVisible = True
14.8476 	EXP 	window1: mouseVisible = True
14.8518 	EXP 	window1: mouseVisible = True
14.8534 	EXP 	Created text_no_resp = TextStim(__class__=<class 'psychopy.visual.text.TextStim'>, alignHoriz=method-wrapper(...), alignText='center', alignVert=method-wrapper(...), anchorHoriz='center', anchorVert='center', antialias=True, autoDraw=False, autoLog=True, bold=False, color=array([-1., -1., -1.]), colorSpace='rgb', contrast=1.0, depth=-8.0, draggable=False, flipHoriz=False, flipVert=False, font='Arial', fontFiles=[], height=0.05, italic=False, languageStyle='Arabic', name='text_no_resp', opacity=1.0, ori=0.0, pos=array([0., 0.]), rgb=UNKNOWN, text='', units='height', win=Window(...), wrapWidth=1)
14.8535 	EXP 	window1: mouseVisible = True
14.8838 	EXP 	Created text2 = TextStim(__class__=<class 'psychopy.visual.text.TextStim'>, alignHoriz=method-wrapper(...), alignText='center', alignVert=method-wrapper(...), anchorHoriz='center', anchorVert='center', antialias=True, autoDraw=False, autoLog=True, bold=False, color=array([-1., -1., -1.]), colorSpace='rgb', contrast=1.0, depth=0.0, draggable=False, flipHoriz=False, flipVert=False, font='Arial', fontFiles=[], height=0.05, italic=False, languageStyle='Arabic', name='text2', opacity=1.0, ori=0.0, pos=array([0., 0.]), rgb=UNKNOWN, text=str(...), units='height', win=Window(...), wrapWidth=1)
14.8839 	EXP 	window1: mouseVisible = True
14.8860 	EXP 	Created fixation2 = ShapeStim(__class__=<class 'psychopy.visual.shape.ShapeStim'>, anchor=('center', 'center'), autoDraw=False, autoLog=True, closeShape=True, color=method-wrapper(...), colorSpace='rgb', contrast=None, depth=0.0, draggable=False, fillColor=array([-1, -1, -1]), fillColorSpace='rgb', fillRGB=array([-1, -1, -1]), interpolate=True, lineColor=array([-1., -1., -1.]), lineColorSpace='rgb', lineRGB=array([-1., -1., -1.]), lineWidth=0.08, name='fixation2', opacity=1.0, ori=0.0, pos=array([0., 0.]), size=array([0.03, 0.06]), units='norm', vertices=ndarray(...), win=Window(...), windingRule=None)
14.8861 	EXP 	window1: mouseVisible = True
14.8907 	EXP 	Created left_image_2 = ImageStim(__class__=<class 'psychopy.visual.image.ImageStim'>, anchor=('center', 'center'), autoLog=True, color=array([1., 1., 1.]), colorSpace='rgb', contrast=1.0, depth=-1.0, draggable=False, flipHoriz=False, flipVert=False, image='default.png', interpolate=True, mask=None, maskParams=None, name='left_image_2', opacity=1.0, ori=0.0, pos=array([-0.5,  0. ]), size=array([0.5, 0.5]), texRes=128.0, units='height', win=Window(...))
14.8908 	EXP 	window1: mouseVisible = True
14.8957 	EXP 	Created right_image_2 = ImageStim(__class__=<class 'psychopy.visual.image.ImageStim'>, anchor=('center', 'center'), autoLog=True, color=array([1., 1., 1.]), colorSpace='rgb', contrast=1.0, depth=-2.0, draggable=False, flipHoriz=False, flipVert=False, image='default.png', interpolate=True, mask=None, maskParams=None, name='right_image_2', opacity=1.0, ori=0.0, pos=array([0.5, 0. ]), size=array([0.5, 0.5]), texRes=128.0, units='height', win=Window(...))
14.8958 	EXP 	window1: mouseVisible = True
14.8971 	EXP 	Created polygon_2 = Rect(__class__=<class 'psychopy.visual.rect.Rect'>, anchor=('center', 'center'), autoDraw=False, autoLog=True, closeShape=True, color=method-wrapper(...), colorSpace='rgb', contrast=None, depth=-5.0, draggable=False, fillColor=array([0., 0., 0.]), fillColorSpace='rgb', fillRGB=array([0., 0., 0.]), interpolate=True, lineColor=array([-0.5765,  0.0039,  1.    ]), lineColorSpace='rgb', lineRGB=array([-0.5765,  0.0039,  1.    ]), lineWidth=20.0, name='polygon_2', opacity=0.3, ori=0.0, pos=array([0., 0.]), size=array([0.5, 0.5]), units='height', vertices=ndarray(...), win=Window(...))
0.0022 	DATA 	Keypress: lctrl
0.0246 	EXP 	left_learning_reward: autoLog = True
0.0246 	EXP 	right_learning_reward: autoLog = True
0.0753 	INFO 	Keyboard events cleared
0.0747 	EXP 	text1: autoDraw = True
2.8297 	EXP 	Created sequence: random, trialTypes=1, nReps=1, seed=None
2.8302 	EXP 	New trial (rep=0, index=0): None
2.8339 	DATA 	Keypress: space
2.8527 	EXP 	text1: autoDraw = False
2.8527 	EXP 	fixation1: autoDraw = True
3.8385 	EXP 	window1: backgroundImage = ''
3.8385 	EXP 	window1: backgroundFit = 'none'
4.0401 	INFO 	Keyboard events cleared
4.0391 	EXP 	fixation1: autoDraw = False
4.0391 	EXP 	left_image: image = '1.jpg'
4.0391 	EXP 	right_image: image = '2.jpg'
4.0391 	EXP 	left_image: autoDraw = True
4.0391 	EXP 	right_image: autoDraw = True
7.8503 	EXP 	polygon: autoDraw = True
7.8503 	EXP 	left_learning_reward: autoDraw = True
7.8503 	EXP 	right_learning_reward: autoDraw = True
8.8508 	EXP 	polygon: autoDraw = False
8.8508 	EXP 	left_learning_reward: autoDraw = False
8.8508 	EXP 	right_learning_reward: autoDraw = False
9.0509 	EXP 	left_image: autoDraw = False
9.0509 	EXP 	right_image: autoDraw = False
9.8501 	EXP 	text_no_resp: autoDraw = True
10.8448 	DEBUG 	Fullscreen settings ignored as running in pilot mode.
10.8455 	EXP 	window1: backgroundImage = ''
10.8455 	EXP 	window1: backgroundFit = 'none'
10.8455 	EXP 	window1: units = 'height'
10.8478 	EXP 	window1: Attempting to measure frame rate of screen (0) ...
10.8479 	EXP 	window1: recordFrameIntervals = False
10.8665 	EXP 	text_no_resp: autoDraw = False
10.8665 	EXP 	left_image: autoDraw = False
10.8665 	EXP 	right_image: autoDraw = False
10.8665 	EXP 	polygon: autoDraw = False
10.8665 	EXP 	left_learning_reward: autoDraw = False
10.8665 	EXP 	right_learning_reward: autoDraw = False
10.8665 	EXP 	text_no_resp: autoDraw = False
11.0218 	EXP 	window1: recordFrameIntervals = True
11.2059 	EXP 	Screen (0) actual frame rate measured at 60.14Hz
11.2060 	EXP 	window1: recordFrameIntervals = False
11.2061 	EXP 	window1: mouseVisible = False
11.2176 	INFO 	Keyboard events cleared
11.2171 	EXP 	text2: autoDraw = True
12.2090 	EXP 	Created sequence: random, trialTypes=1, nReps=10, seed=None
12.2093 	EXP 	New trial (rep=0, index=0): None
12.2117 	DATA 	Keypress: space
12.2174 	EXP 	text2: autoDraw = False
12.2174 	EXP 	fixation2: autoDraw = True
13.3184 	INFO 	Keyboard events cleared
13.3175 	EXP 	fixation2: autoDraw = False
13.3175 	EXP 	fixation2: autoDraw = False
13.3175 	EXP 	left_image_2: image = '1.jpg'
13.3175 	EXP 	right_image_2: image = '2.jpg'
13.3175 	EXP 	left_image_2: autoDraw = True
13.3175 	EXP 	right_image_2: autoDraw = True
16.2928 	DATA 	Keypress: right
17.2186 	EXP 	polygon_2: autoDraw = True
17.3175 	EXP 	left_image_2: autoDraw = False
17.3175 	EXP 	right_image_2: autoDraw = False
18.2178 	EXP 	polygon_2: autoDraw = False
33.8567 	DATA 	Keypress: escape
33.9573 	EXP 	article1: status = STOPPED
33.9713 	EXP 	article1: status = STOPPED
33.9776 	INFO 	saved data to 'D:\\UT\\semester 4 - courses\\Cognitive science\\HWs\\HW1\\answer\\article1\\data/054481_article1_2024-05-27_23h03.41.731.csv'
33.9786 	INFO 	saved data to D:\UT\semester 4 - courses\Cognitive science\HWs\HW1\answer\article1\data/054481_article1_2024-05-27_23h03.41.731.psydat
34.0284 	EXP 	window1: mouseVisible = True
34.4773 	DEBUG 	Saving data for article1 ExperimentHandler
