17.3819 	DEBUG 	Fullscreen settings ignored as running in pilot mode.
17.3827 	INFO 	Loaded monitor calibration from ['2024_05_21 12:08']
17.5208 	EXP 	Created window1 = Window(allowGUI=True, allowStencil=True, autoLog=True, backendConf=UNKNOWN, backgroundFit=<method-wrapper '__getattribute__' of attributeSetter object at 0x0000013650F85FD0>, backgroundImage=<method-wrapper '__getattribute__' of attributeSetter object at 0x0000013650F85F70>, bitsMode=UNKNOWN, blendMode='avg', bpc=(8, 8, 8), color=array([1, 1, 1]), colorSpace='rgb', depthBits=8, fullscr=<method-wrapper '__getattribute__' of attributeSetter object at 0x0000013650F85DC0>, gamma=None, gammaErrorPolicy='raise', infoMsg=UNKNOWN, lms=UNKNOWN, monitor=<psychopy.monitors.calibTools.Monitor object at 0x0000013652376C40>, multiSample=False, name='window1', numSamples=2, pos=[560.0, 240.0], screen=0, size=array([800, 600]), stencilBits=8, stereo=False, title='PsychoPy', units='height', useFBO=True, useRetina=False, viewOri=0.0, viewPos=None, viewScale=None, waitBlanking=True, winType='pyglet')
17.5209 	EXP 	window1: mouseVisible = True
17.5209 	EXP 	window1: backgroundImage = ''
17.5209 	EXP 	window1: backgroundFit = 'none'
17.5210 	EXP 	window1: mouseVisible = True
17.5221 	EXP 	window1: mouseVisible = True
17.5254 	EXP 	window1: mouseVisible = True
17.5258 	EXP 	window1: mouseVisible = True
17.5296 	DEBUG 	TextBox2 loaded 1 chars with 0 blanks and 1 valid
17.5304 	DEBUG 	TextBox2 loaded 1 chars with 0 blanks and 1 valid
17.5312 	DEBUG 	TextBox2 loaded 1 chars with 0 blanks and 1 valid
17.5320 	DEBUG 	TextBox2 loaded 1 chars with 0 blanks and 1 valid
17.5328 	DEBUG 	TextBox2 loaded 1 chars with 0 blanks and 1 valid
17.5334 	DEBUG 	TextBox2 loaded 1 chars with 0 blanks and 1 valid
17.5341 	DEBUG 	TextBox2 loaded 1 chars with 0 blanks and 1 valid
17.5350 	DEBUG 	TextBox2 loaded 1 chars with 0 blanks and 1 valid
17.5358 	DEBUG 	TextBox2 loaded 1 chars with 0 blanks and 1 valid
17.5363 	DEBUG 	TextBox2 loaded 1 chars with 0 blanks and 1 valid
17.5370 	DEBUG 	TextBox2 loaded 1 chars with 0 blanks and 1 valid
17.5379 	DEBUG 	TextBox2 loaded 1 chars with 0 blanks and 1 valid
17.5390 	DEBUG 	TextBox2 loaded 1 chars with 0 blanks and 1 valid
17.5400 	DEBUG 	TextBox2 loaded 1 chars with 0 blanks and 1 valid
17.5409 	DEBUG 	TextBox2 loaded 1 chars with 0 blanks and 1 valid
17.5417 	DEBUG 	TextBox2 loaded 1 chars with 0 blanks and 1 valid
17.5427 	DEBUG 	TextBox2 loaded 1 chars with 0 blanks and 1 valid
17.5433 	DEBUG 	TextBox2 loaded 1 chars with 0 blanks and 1 valid
17.5439 	DEBUG 	TextBox2 loaded 1 chars with 0 blanks and 1 valid
17.5448 	DEBUG 	TextBox2 loaded 1 chars with 0 blanks and 1 valid
17.5454 	DEBUG 	TextBox2 loaded 1 chars with 0 blanks and 1 valid
17.5456 	DEBUG 	Uploading Texture Font fontname to graphics card
17.5491 	DEBUG 	Upload of Texture Font fontname complete
17.5501 	EXP 	window1: mouseVisible = True
17.5502 	EXP 	window1: mouseVisible = True
17.5507 	EXP 	window1: mouseVisible = True
17.5510 	EXP 	window1: mouseVisible = True
17.5543 	DEBUG 	TextBox2 loaded 1 chars with 0 blanks and 1 valid
17.5555 	DEBUG 	TextBox2 loaded 1 chars with 0 blanks and 1 valid
17.5567 	DEBUG 	TextBox2 loaded 1 chars with 0 blanks and 1 valid
17.5575 	DEBUG 	Uploading Texture Font fontname to graphics card
17.5603 	DEBUG 	Upload of Texture Font fontname complete
17.5618 	EXP 	window1: Attempting to measure frame rate of screen (0) ...
17.5618 	EXP 	window1: recordFrameIntervals = False
17.7257 	EXP 	window1: recordFrameIntervals = True
17.9424 	EXP 	Screen (0) actual frame rate measured at 60.30Hz
17.9425 	EXP 	window1: recordFrameIntervals = False
17.9426 	EXP 	window1: mouseVisible = False
17.9434 	EXP 	window1: mouseVisible = True
17.9439 	EXP 	window1: mouseVisible = True
17.9455 	EXP 	window1: mouseVisible = True
17.9468 	EXP 	window1: mouseVisible = True
17.9540 	DEBUG 	TextBox2 loaded 1 chars with 0 blanks and 1 valid
17.9553 	DEBUG 	TextBox2 loaded 1 chars with 0 blanks and 1 valid
17.9567 	DEBUG 	TextBox2 loaded 1 chars with 0 blanks and 1 valid
17.9580 	DEBUG 	TextBox2 loaded 1 chars with 0 blanks and 1 valid
17.9591 	DEBUG 	TextBox2 loaded 1 chars with 0 blanks and 1 valid
17.9600 	DEBUG 	TextBox2 loaded 1 chars with 0 blanks and 1 valid
17.9606 	DEBUG 	TextBox2 loaded 1 chars with 0 blanks and 1 valid
17.9614 	DEBUG 	TextBox2 loaded 1 chars with 0 blanks and 1 valid
17.9624 	DEBUG 	TextBox2 loaded 1 chars with 0 blanks and 1 valid
17.9632 	DEBUG 	TextBox2 loaded 1 chars with 0 blanks and 1 valid
17.9634 	DEBUG 	Uploading Texture Font fontname to graphics card
17.9640 	DEBUG 	Upload of Texture Font fontname complete
17.9651 	EXP 	window1: mouseVisible = True
17.9652 	EXP 	window1: mouseVisible = True
17.9655 	EXP 	window1: mouseVisible = True
17.9658 	EXP 	window1: mouseVisible = True
17.9986 	WARNING 	launchHubServer: If using the iohub mouse or eyetracker devices, fullScr should be True.
20.0647 	INFO 	keyboard.Keyboard is using iohub backend.
20.0647 	INFO 	keyboard.Keyboard is using iohub backend.
20.0648 	INFO 	keyboard.Keyboard is using iohub backend.
20.0648 	EXP 	article1: status = STARTED
20.0650 	EXP 	window1: mouseVisible = True
20.1277 	EXP 	Created text1 = TextStim(__class__=<class 'psychopy.visual.text.TextStim'>, alignHoriz=method-wrapper(...), alignText='center', alignVert=method-wrapper(...), anchorHoriz='center', anchorVert='center', antialias=True, autoDraw=False, autoLog=True, bold=False, color=array([-1., -1., -1.]), colorSpace='rgb', contrast=1.0, depth=0.0, draggable=False, flipHoriz=False, flipVert=False, font='Arial', fontFiles=[], height=0.05, italic=False, languageStyle='Arabic', name='text1', opacity=1.0, ori=0.0, pos=array([0., 0.]), rgb=UNKNOWN, text=str(...), units='height', win=Window(...), wrapWidth=1)
20.1279 	EXP 	window1: mouseVisible = True
20.1291 	EXP 	Created fixation1 = ShapeStim(__class__=<class 'psychopy.visual.shape.ShapeStim'>, anchor=('center', 'center'), autoDraw=False, autoLog=True, closeShape=True, color=method-wrapper(...), colorSpace='rgb', contrast=None, depth=0.0, draggable=False, fillColor=array([-1, -1, -1]), fillColorSpace='rgb', fillRGB=array([-1, -1, -1]), interpolate=True, lineColor=array([-1., -1., -1.]), lineColorSpace='rgb', lineRGB=array([-1., -1., -1.]), lineWidth=0.08, name='fixation1', opacity=1.0, ori=0.0, pos=array([0., 0.]), size=array([0.03, 0.06]), units='norm', vertices=ndarray(...), win=Window(...), windingRule=None)
20.1292 	EXP 	window1: mouseVisible = True
20.1320 	EXP 	Created left_image = ImageStim(__class__=<class 'psychopy.visual.image.ImageStim'>, anchor=('center', 'center'), autoLog=True, color=array([1., 1., 1.]), colorSpace='rgb', contrast=1.0, depth=-1.0, draggable=False, flipHoriz=False, flipVert=False, image='default.png', interpolate=True, mask=None, maskParams=None, name='left_image', opacity=1.0, ori=0.0, pos=array([-0.5,  0. ]), size=array([0.5, 0.5]), texRes=128.0, units='height', win=Window(...))
20.1321 	EXP 	window1: mouseVisible = True
20.1346 	EXP 	Created right_image = ImageStim(__class__=<class 'psychopy.visual.image.ImageStim'>, anchor=('center', 'center'), autoLog=True, color=array([1., 1., 1.]), colorSpace='rgb', contrast=1.0, depth=-2.0, draggable=False, flipHoriz=False, flipVert=False, image='default.png', interpolate=True, mask=None, maskParams=None, name='right_image', opacity=1.0, ori=0.0, pos=array([0.5, 0. ]), size=array([0.5, 0.5]), texRes=128.0, units='height', win=Window(...))
20.1346 	EXP 	window1: mouseVisible = True
20.1353 	EXP 	Created polygon = Rect(__class__=<class 'psychopy.visual.rect.Rect'>, anchor=('center', 'center'), autoDraw=False, autoLog=True, closeShape=True, color=method-wrapper(...), colorSpace='rgb', contrast=None, depth=-5.0, draggable=False, fillColor=array([0., 0., 0.]), fillColorSpace='rgb', fillRGB=array([0., 0., 0.]), interpolate=True, lineColor=array([-0.5765,  0.0039,  1.    ]), lineColorSpace='rgb', lineRGB=array([-0.5765,  0.0039,  1.    ]), lineWidth=20.0, name='polygon', opacity=0.3, ori=0.0, pos=array([0., 0.]), size=array([0.5, 0.5]), units='height', vertices=ndarray(...), win=Window(...))
20.1354 	EXP 	window1: mouseVisible = True
20.1355 	EXP 	window1: mouseVisible = True
20.1360 	EXP 	window1: mouseVisible = True
20.1364 	EXP 	window1: mouseVisible = True
20.1391 	EXP 	window1: mouseVisible = True
20.1392 	EXP 	window1: mouseVisible = True
20.1396 	EXP 	window1: mouseVisible = True
20.1398 	EXP 	window1: mouseVisible = True
20.1423 	DEBUG 	TextBox2 loaded 1 chars with 0 blanks and 1 valid
20.1431 	DEBUG 	TextBox2 loaded 1 chars with 0 blanks and 1 valid
20.1438 	DEBUG 	TextBox2 loaded 1 chars with 0 blanks and 1 valid
20.1445 	DEBUG 	TextBox2 loaded 1 chars with 0 blanks and 1 valid
20.1450 	DEBUG 	TextBox2 loaded 1 chars with 0 blanks and 1 valid
20.1454 	DEBUG 	TextBox2 loaded 1 chars with 0 blanks and 1 valid
20.1462 	DEBUG 	TextBox2 loaded 1 chars with 0 blanks and 1 valid
20.1469 	DEBUG 	TextBox2 loaded 1 chars with 0 blanks and 1 valid
20.1474 	DEBUG 	TextBox2 loaded 1 chars with 0 blanks and 1 valid
20.1476 	DEBUG 	Uploading Texture Font fontname to graphics card
20.1486 	DEBUG 	Upload of Texture Font fontname complete
20.1494 	EXP 	window1: mouseVisible = True
20.1495 	EXP 	window1: mouseVisible = True
20.1499 	EXP 	window1: mouseVisible = True
20.1502 	EXP 	window1: mouseVisible = True
20.1526 	EXP 	window1: mouseVisible = True
20.1526 	EXP 	window1: mouseVisible = True
20.1530 	EXP 	window1: mouseVisible = True
20.1532 	EXP 	window1: mouseVisible = True
20.1554 	EXP 	window1: mouseVisible = True
20.1587 	EXP 	Created text_no_resp = TextStim(__class__=<class 'psychopy.visual.text.TextStim'>, alignHoriz=method-wrapper(...), alignText='center', alignVert=method-wrapper(...), anchorHoriz='center', anchorVert='center', antialias=True, autoDraw=False, autoLog=True, bold=False, color=array([-1., -1., -1.]), colorSpace='rgb', contrast=1.0, depth=-8.0, draggable=False, flipHoriz=False, flipVert=False, font='Arial', fontFiles=[], height=0.05, italic=False, languageStyle='Arabic', name='text_no_resp', opacity=1.0, ori=0.0, pos=array([0., 0.]), rgb=UNKNOWN, text='.ﺪﺸﻧ ﺖﻓﺎﯾﺭﺩ ﯽﺨﺳﺎﭘ', units='height', win=Window(...), wrapWidth=1)
0.0218 	EXP 	left_learning_reward: autoLog = True
0.0218 	EXP 	right_learning_reward: autoLog = True
0.0573 	INFO 	Keyboard events cleared
0.0566 	EXP 	text1: autoDraw = True
2.6025 	DATA 	Keypress: space
2.6211 	EXP 	Created sequence: random, trialTypes=1, nReps=20, seed=None
2.6213 	EXP 	New trial (rep=0, index=0): None
2.6302 	EXP 	text1: autoDraw = False
2.6302 	EXP 	fixation1: autoDraw = True
3.6178 	EXP 	window1: backgroundImage = ''
3.6178 	EXP 	window1: backgroundFit = 'none'
3.7063 	DEBUG 	TextBox2 loaded 1 chars with 0 blanks and 1 valid
3.7080 	DEBUG 	TextBox2 loaded 1 chars with 0 blanks and 1 valid
3.7095 	DEBUG 	TextBox2 loaded 1 chars with 0 blanks and 1 valid
3.7110 	DEBUG 	TextBox2 loaded 1 chars with 0 blanks and 1 valid
3.7121 	DEBUG 	TextBox2 loaded 1 chars with 0 blanks and 1 valid
3.7135 	DEBUG 	TextBox2 loaded 1 chars with 0 blanks and 1 valid
3.7138 	DEBUG 	Uploading Texture Font fontname to graphics card
3.7158 	DEBUG 	Upload of Texture Font fontname complete
3.7176 	DEBUG 	TextBox2 loaded 1 chars with 0 blanks and 1 valid
3.7187 	DEBUG 	TextBox2 loaded 1 chars with 0 blanks and 1 valid
3.7190 	DEBUG 	Uploading Texture Font fontname to graphics card
3.7199 	DEBUG 	Upload of Texture Font fontname complete
3.7536 	INFO 	Keyboard events cleared
3.7532 	EXP 	fixation1: autoDraw = False
3.7532 	EXP 	fixation1: autoDraw = False
3.7532 	EXP 	left_image: image = '3.jpg'
3.7532 	EXP 	right_image: image = '4.jpg'
3.7532 	EXP 	left_image: autoDraw = True
3.7532 	EXP 	right_image: autoDraw = True
7.6300 	EXP 	polygon: autoDraw = True
7.6300 	EXP 	left_learning_reward: autoDraw = True
7.6300 	EXP 	right_learning_reward: autoDraw = True
8.6306 	EXP 	polygon: autoDraw = False
8.6306 	EXP 	left_learning_reward: autoDraw = False
8.6306 	EXP 	right_learning_reward: autoDraw = False
8.7641 	EXP 	left_image: autoDraw = False
8.7641 	EXP 	right_image: autoDraw = False
9.6303 	EXP 	text_no_resp: autoDraw = True
10.6188 	DEBUG 	Fullscreen settings ignored as running in pilot mode.
10.6194 	EXP 	window1: backgroundImage = ''
10.6194 	EXP 	window1: backgroundFit = 'none'
10.6194 	EXP 	window1: units = 'height'
10.6211 	EXP 	window1: Attempting to measure frame rate of screen (0) ...
10.6211 	EXP 	window1: recordFrameIntervals = False
10.6297 	EXP 	text_no_resp: autoDraw = False
10.6297 	EXP 	left_image: autoDraw = False
10.6297 	EXP 	right_image: autoDraw = False
10.6297 	EXP 	polygon: autoDraw = False
10.6297 	EXP 	left_learning_reward: autoDraw = False
10.6297 	EXP 	right_learning_reward: autoDraw = False
10.6297 	EXP 	text_no_resp: autoDraw = False
10.7848 	EXP 	window1: recordFrameIntervals = True
10.9650 	EXP 	Screen (0) actual frame rate measured at 60.31Hz
10.9650 	EXP 	window1: recordFrameIntervals = False
10.9651 	EXP 	window1: mouseVisible = False
10.9655 	EXP 	New trial (rep=1, index=0): None
10.9802 	EXP 	fixation1: autoDraw = True
11.9667 	EXP 	window1: backgroundImage = ''
11.9667 	EXP 	window1: backgroundFit = 'none'
12.0138 	DEBUG 	TextBox2 loaded 1 chars with 0 blanks and 1 valid
12.0140 	DEBUG 	Uploading Texture Font fontname to graphics card
12.0147 	DEBUG 	Upload of Texture Font fontname complete
12.0158 	DEBUG 	TextBox2 loaded 1 chars with 0 blanks and 1 valid
12.0167 	DEBUG 	TextBox2 loaded 1 chars with 0 blanks and 1 valid
12.0168 	DEBUG 	Uploading Texture Font fontname to graphics card
12.0176 	DEBUG 	Upload of Texture Font fontname complete
12.0342 	INFO 	Keyboard events cleared
12.0337 	EXP 	fixation1: autoDraw = False
12.0337 	EXP 	left_image: image = '1.jpg'
12.0337 	EXP 	right_image: image = '2.jpg'
12.0337 	EXP 	left_image: autoDraw = True
12.0337 	EXP 	right_image: autoDraw = True
13.0187 	DATA 	Keypress: right
15.9804 	EXP 	polygon: autoDraw = True
15.9804 	EXP 	left_learning_reward: autoDraw = True
15.9804 	EXP 	right_learning_reward: autoDraw = True
16.9807 	EXP 	polygon: autoDraw = False
16.9807 	EXP 	left_learning_reward: autoDraw = False
16.9807 	EXP 	right_learning_reward: autoDraw = False
17.0485 	EXP 	left_image: autoDraw = False
17.0485 	EXP 	right_image: autoDraw = False
27.6345 	DATA 	Keypress: escape
28.0325 	EXP 	article1: status = STOPPED
28.0519 	EXP 	article1: status = STOPPED
28.0579 	INFO 	saved data to 'D:\\UT\\semester 4 - courses\\Cognitive science\\HWs\\HW1\\answer\\article1\\data/079339_article1_2024-05-27_16h39.59.019.csv'
28.0583 	INFO 	saved data to D:\UT\semester 4 - courses\Cognitive science\HWs\HW1\answer\article1\data/079339_article1_2024-05-27_16h39.59.019.psydat
28.0908 	EXP 	window1: mouseVisible = True
28.4357 	DEBUG 	Saving data for article1 ExperimentHandler
