6.2680 	DEBUG 	Fullscreen settings ignored as running in pilot mode.
6.2685 	INFO 	Loaded monitor calibration from ['2024_05_21 12:08']
6.4233 	EXP 	Created window1 = Window(allowGUI=True, allowStencil=True, autoLog=True, backendConf=UNKNOWN, backgroundFit=<method-wrapper '__getattribute__' of attributeSetter object at 0x0000021C3AAACFA0>, backgroundImage=<method-wrapper '__getattribute__' of attributeSetter object at 0x0000021C3AAACF40>, bitsMode=UNKNOWN, blendMode='avg', bpc=(8, 8, 8), color=array([1, 1, 1]), colorSpace='rgb', depthBits=8, fullscr=<method-wrapper '__getattribute__' of attributeSetter object at 0x0000021C3AAACD90>, gamma=None, gammaErrorPolicy='raise', infoMsg=UNKNOWN, lms=UNKNOWN, monitor=<psychopy.monitors.calibTools.Monitor object at 0x0000021C3AE38C10>, multiSample=False, name='window1', numSamples=2, pos=[560.0, 240.0], screen=0, size=array([800, 600]), stencilBits=8, stereo=False, title='PsychoPy', units='height', useFBO=True, useRetina=False, viewOri=0.0, viewPos=None, viewScale=None, waitBlanking=True, winType='pyglet')
6.4234 	EXP 	window1: mouseVisible = True
6.4234 	EXP 	window1: backgroundImage = ''
6.4234 	EXP 	window1: backgroundFit = 'none'
6.4235 	EXP 	window1: mouseVisible = True
6.4237 	EXP 	window1: mouseVisible = True
6.4252 	EXP 	window1: mouseVisible = True
6.4256 	EXP 	window1: mouseVisible = True
6.4296 	DEBUG 	TextBox2 loaded 1 chars with 0 blanks and 1 valid
6.4304 	DEBUG 	TextBox2 loaded 1 chars with 0 blanks and 1 valid
6.4313 	DEBUG 	TextBox2 loaded 1 chars with 0 blanks and 1 valid
6.4322 	DEBUG 	TextBox2 loaded 1 chars with 0 blanks and 1 valid
6.4335 	DEBUG 	TextBox2 loaded 1 chars with 0 blanks and 1 valid
6.4347 	DEBUG 	TextBox2 loaded 1 chars with 0 blanks and 1 valid
6.4359 	DEBUG 	TextBox2 loaded 1 chars with 0 blanks and 1 valid
6.4371 	DEBUG 	TextBox2 loaded 1 chars with 0 blanks and 1 valid
6.4376 	DEBUG 	TextBox2 loaded 1 chars with 0 blanks and 1 valid
6.4381 	DEBUG 	TextBox2 loaded 1 chars with 0 blanks and 1 valid
6.4389 	DEBUG 	TextBox2 loaded 1 chars with 0 blanks and 1 valid
6.4397 	DEBUG 	TextBox2 loaded 1 chars with 0 blanks and 1 valid
6.4404 	DEBUG 	TextBox2 loaded 1 chars with 0 blanks and 1 valid
6.4411 	DEBUG 	TextBox2 loaded 1 chars with 0 blanks and 1 valid
6.4418 	DEBUG 	TextBox2 loaded 1 chars with 0 blanks and 1 valid
6.4426 	DEBUG 	TextBox2 loaded 1 chars with 0 blanks and 1 valid
6.4433 	DEBUG 	TextBox2 loaded 1 chars with 0 blanks and 1 valid
6.4439 	DEBUG 	TextBox2 loaded 1 chars with 0 blanks and 1 valid
6.4445 	DEBUG 	TextBox2 loaded 1 chars with 0 blanks and 1 valid
6.4453 	DEBUG 	TextBox2 loaded 1 chars with 0 blanks and 1 valid
6.4459 	DEBUG 	TextBox2 loaded 1 chars with 0 blanks and 1 valid
6.4461 	DEBUG 	Uploading Texture Font fontname to graphics card
6.4595 	DEBUG 	Upload of Texture Font fontname complete
6.4621 	EXP 	window1: mouseVisible = True
6.4624 	EXP 	window1: mouseVisible = True
6.4648 	EXP 	window1: mouseVisible = True
6.4670 	EXP 	window1: mouseVisible = True
6.4737 	DEBUG 	TextBox2 loaded 1 chars with 0 blanks and 1 valid
6.4748 	DEBUG 	TextBox2 loaded 1 chars with 0 blanks and 1 valid
6.4757 	DEBUG 	TextBox2 loaded 1 chars with 0 blanks and 1 valid
6.4759 	DEBUG 	Uploading Texture Font fontname to graphics card
6.4808 	DEBUG 	Upload of Texture Font fontname complete
6.4838 	EXP 	window1: Attempting to measure frame rate of screen (0) ...
6.4838 	EXP 	window1: recordFrameIntervals = False
6.6545 	EXP 	window1: recordFrameIntervals = True
6.8866 	EXP 	Screen (0) actual frame rate measured at 60.23Hz
6.8866 	EXP 	window1: recordFrameIntervals = False
6.8867 	EXP 	window1: mouseVisible = False
6.8877 	EXP 	window1: mouseVisible = True
6.8880 	EXP 	window1: mouseVisible = True
6.8890 	EXP 	window1: mouseVisible = True
6.8896 	EXP 	window1: mouseVisible = True
6.8940 	DEBUG 	TextBox2 loaded 1 chars with 0 blanks and 1 valid
6.8948 	DEBUG 	TextBox2 loaded 1 chars with 0 blanks and 1 valid
6.8957 	DEBUG 	TextBox2 loaded 1 chars with 0 blanks and 1 valid
6.8967 	DEBUG 	TextBox2 loaded 1 chars with 0 blanks and 1 valid
6.8978 	DEBUG 	TextBox2 loaded 1 chars with 0 blanks and 1 valid
6.8987 	DEBUG 	TextBox2 loaded 1 chars with 0 blanks and 1 valid
6.8996 	DEBUG 	TextBox2 loaded 1 chars with 0 blanks and 1 valid
6.9009 	DEBUG 	TextBox2 loaded 1 chars with 0 blanks and 1 valid
6.9019 	DEBUG 	TextBox2 loaded 1 chars with 0 blanks and 1 valid
6.9029 	DEBUG 	TextBox2 loaded 1 chars with 0 blanks and 1 valid
6.9031 	DEBUG 	Uploading Texture Font fontname to graphics card
6.9038 	DEBUG 	Upload of Texture Font fontname complete
6.9049 	EXP 	window1: mouseVisible = True
6.9051 	EXP 	window1: mouseVisible = True
6.9056 	EXP 	window1: mouseVisible = True
6.9059 	EXP 	window1: mouseVisible = True
6.9409 	WARNING 	launchHubServer: If using the iohub mouse or eyetracker devices, fullScr should be True.
9.0071 	INFO 	keyboard.Keyboard is using iohub backend.
9.0071 	INFO 	keyboard.Keyboard is using iohub backend.
9.0071 	INFO 	keyboard.Keyboard is using iohub backend.
9.0071 	EXP 	article1: status = STARTED
9.0074 	EXP 	window1: mouseVisible = True
9.0745 	EXP 	Created text1 = TextStim(__class__=<class 'psychopy.visual.text.TextStim'>, alignHoriz=method-wrapper(...), alignText='center', alignVert=method-wrapper(...), anchorHoriz='center', anchorVert='center', antialias=True, autoDraw=False, autoLog=True, bold=False, color=array([-1., -1., -1.]), colorSpace='rgb', contrast=1.0, depth=0.0, draggable=False, flipHoriz=False, flipVert=False, font='Arial', fontFiles=[], height=0.05, italic=False, languageStyle='Arabic', name='text1', opacity=1.0, ori=0.0, pos=array([0., 0.]), rgb=UNKNOWN, text=str(...), units='height', win=Window(...), wrapWidth=1)
9.0746 	EXP 	window1: mouseVisible = True
9.0758 	EXP 	Created fixation1 = ShapeStim(__class__=<class 'psychopy.visual.shape.ShapeStim'>, anchor=('center', 'center'), autoDraw=False, autoLog=True, closeShape=True, color=method-wrapper(...), colorSpace='rgb', contrast=None, depth=0.0, draggable=False, fillColor=array([-1, -1, -1]), fillColorSpace='rgb', fillRGB=array([-1, -1, -1]), interpolate=True, lineColor=array([-1., -1., -1.]), lineColorSpace='rgb', lineRGB=array([-1., -1., -1.]), lineWidth=0.08, name='fixation1', opacity=1.0, ori=0.0, pos=array([0., 0.]), size=array([0.03, 0.06]), units='norm', vertices=ndarray(...), win=Window(...), windingRule=None)
9.0759 	EXP 	window1: mouseVisible = True
9.0787 	EXP 	Created left_image = ImageStim(__class__=<class 'psychopy.visual.image.ImageStim'>, anchor=('center', 'center'), autoLog=True, color=array([1., 1., 1.]), colorSpace='rgb', contrast=1.0, depth=-1.0, draggable=False, flipHoriz=False, flipVert=False, image='default.png', interpolate=True, mask=None, maskParams=None, name='left_image', opacity=1.0, ori=0.0, pos=array([-0.5,  0. ]), size=array([0.5, 0.5]), texRes=128.0, units='height', win=Window(...))
9.0787 	EXP 	window1: mouseVisible = True
9.0814 	EXP 	Created right_image = ImageStim(__class__=<class 'psychopy.visual.image.ImageStim'>, anchor=('center', 'center'), autoLog=True, color=array([1., 1., 1.]), colorSpace='rgb', contrast=1.0, depth=-2.0, draggable=False, flipHoriz=False, flipVert=False, image='default.png', interpolate=True, mask=None, maskParams=None, name='right_image', opacity=1.0, ori=0.0, pos=array([0.5, 0. ]), size=array([0.5, 0.5]), texRes=128.0, units='height', win=Window(...))
9.0815 	EXP 	window1: mouseVisible = True
9.0822 	EXP 	Created polygon = Rect(__class__=<class 'psychopy.visual.rect.Rect'>, anchor=('center', 'center'), autoDraw=False, autoLog=True, closeShape=True, color=method-wrapper(...), colorSpace='rgb', contrast=None, depth=-5.0, draggable=False, fillColor=array([0., 0., 0.]), fillColorSpace='rgb', fillRGB=array([0., 0., 0.]), interpolate=True, lineColor=array([-0.5765,  0.0039,  1.    ]), lineColorSpace='rgb', lineRGB=array([-0.5765,  0.0039,  1.    ]), lineWidth=20.0, name='polygon', opacity=0.3, ori=0.0, pos=array([0., 0.]), size=array([0.5, 0.5]), units='height', vertices=ndarray(...), win=Window(...))
9.0823 	EXP 	window1: mouseVisible = True
9.0824 	EXP 	window1: mouseVisible = True
9.0827 	EXP 	window1: mouseVisible = True
9.0830 	EXP 	window1: mouseVisible = True
9.0857 	EXP 	window1: mouseVisible = True
9.0858 	EXP 	window1: mouseVisible = True
9.0861 	EXP 	window1: mouseVisible = True
9.0864 	EXP 	window1: mouseVisible = True
9.0888 	DEBUG 	TextBox2 loaded 1 chars with 0 blanks and 1 valid
9.0896 	DEBUG 	TextBox2 loaded 1 chars with 0 blanks and 1 valid
9.0903 	DEBUG 	TextBox2 loaded 1 chars with 0 blanks and 1 valid
9.0910 	DEBUG 	TextBox2 loaded 1 chars with 0 blanks and 1 valid
9.0914 	DEBUG 	TextBox2 loaded 1 chars with 0 blanks and 1 valid
9.0919 	DEBUG 	TextBox2 loaded 1 chars with 0 blanks and 1 valid
9.0926 	DEBUG 	TextBox2 loaded 1 chars with 0 blanks and 1 valid
9.0932 	DEBUG 	TextBox2 loaded 1 chars with 0 blanks and 1 valid
9.0937 	DEBUG 	TextBox2 loaded 1 chars with 0 blanks and 1 valid
9.0938 	DEBUG 	Uploading Texture Font fontname to graphics card
9.0947 	DEBUG 	Upload of Texture Font fontname complete
9.0955 	EXP 	window1: mouseVisible = True
9.0956 	EXP 	window1: mouseVisible = True
9.0959 	EXP 	window1: mouseVisible = True
9.0962 	EXP 	window1: mouseVisible = True
9.0990 	EXP 	window1: mouseVisible = True
9.0991 	EXP 	window1: mouseVisible = True
9.0994 	EXP 	window1: mouseVisible = True
9.0996 	EXP 	window1: mouseVisible = True
9.1019 	EXP 	window1: mouseVisible = True
9.1051 	EXP 	Created text_no_resp = TextStim(__class__=<class 'psychopy.visual.text.TextStim'>, alignHoriz=method-wrapper(...), alignText='center', alignVert=method-wrapper(...), anchorHoriz='center', anchorVert='center', antialias=True, autoDraw=False, autoLog=True, bold=False, color=array([-1., -1., -1.]), colorSpace='rgb', contrast=1.0, depth=-8.0, draggable=False, flipHoriz=False, flipVert=False, font='Arial', fontFiles=[], height=0.05, italic=False, languageStyle='Arabic', name='text_no_resp', opacity=1.0, ori=0.0, pos=array([0., 0.]), rgb=UNKNOWN, text='.ﺪﺸﻧ ﺖﻓﺎﯾﺭﺩ ﯽﺨﺳﺎﭘ', units='height', win=Window(...), wrapWidth=1)
0.0190 	EXP 	left_learning_reward: autoLog = True
0.0190 	EXP 	right_learning_reward: autoLog = True
0.0379 	INFO 	Keyboard events cleared
0.0371 	EXP 	text1: autoDraw = True
1.6850 	EXP 	Created sequence: random, trialTypes=1, nReps=20, seed=None
1.6852 	EXP 	New trial (rep=0, index=0): None
1.6870 	DATA 	Keypress: space
1.6948 	EXP 	text1: autoDraw = False
1.6948 	EXP 	fixation1: autoDraw = True
2.6795 	EXP 	window1: backgroundImage = ''
2.6796 	EXP 	window1: backgroundFit = 'none'
2.7351 	DEBUG 	TextBox2 loaded 1 chars with 0 blanks and 1 valid
2.7367 	DEBUG 	TextBox2 loaded 1 chars with 0 blanks and 1 valid
2.7380 	DEBUG 	TextBox2 loaded 1 chars with 0 blanks and 1 valid
2.7393 	DEBUG 	TextBox2 loaded 1 chars with 0 blanks and 1 valid
2.7403 	DEBUG 	TextBox2 loaded 1 chars with 0 blanks and 1 valid
2.7416 	DEBUG 	TextBox2 loaded 1 chars with 0 blanks and 1 valid
2.7428 	DEBUG 	TextBox2 loaded 1 chars with 0 blanks and 1 valid
2.7431 	DEBUG 	Uploading Texture Font fontname to graphics card
2.7462 	DEBUG 	Upload of Texture Font fontname complete
2.7478 	DEBUG 	TextBox2 loaded 1 chars with 0 blanks and 1 valid
2.7490 	DEBUG 	TextBox2 loaded 1 chars with 0 blanks and 1 valid
2.7492 	DEBUG 	Uploading Texture Font fontname to graphics card
2.7502 	DEBUG 	Upload of Texture Font fontname complete
2.7849 	INFO 	Keyboard events cleared
2.7845 	EXP 	fixation1: autoDraw = False
2.7845 	EXP 	fixation1: autoDraw = False
2.7845 	EXP 	left_image: image = '1.jpg'
2.7845 	EXP 	right_image: image = '2.jpg'
2.7845 	EXP 	text_no_resp: autoDraw = False
2.7845 	EXP 	left_image: autoDraw = True
2.7845 	EXP 	right_image: autoDraw = True
2.7845 	EXP 	text_no_resp: autoDraw = False
2.7950 	EXP 	text_no_resp: autoDraw = False
2.8116 	EXP 	text_no_resp: autoDraw = False
2.8288 	EXP 	text_no_resp: autoDraw = False
2.8457 	EXP 	text_no_resp: autoDraw = False
2.8622 	EXP 	text_no_resp: autoDraw = False
2.8802 	EXP 	text_no_resp: autoDraw = False
2.8956 	EXP 	text_no_resp: autoDraw = False
2.9117 	EXP 	text_no_resp: autoDraw = False
2.9285 	EXP 	text_no_resp: autoDraw = False
2.9461 	EXP 	text_no_resp: autoDraw = False
2.9623 	EXP 	text_no_resp: autoDraw = False
2.9800 	EXP 	text_no_resp: autoDraw = False
2.9956 	EXP 	text_no_resp: autoDraw = False
3.0129 	EXP 	text_no_resp: autoDraw = False
3.0285 	EXP 	text_no_resp: autoDraw = False
3.0448 	EXP 	text_no_resp: autoDraw = False
3.0617 	EXP 	text_no_resp: autoDraw = False
3.0783 	EXP 	text_no_resp: autoDraw = False
3.0953 	EXP 	text_no_resp: autoDraw = False
3.1122 	EXP 	text_no_resp: autoDraw = False
3.1287 	EXP 	text_no_resp: autoDraw = False
3.1450 	EXP 	text_no_resp: autoDraw = False
3.1624 	EXP 	text_no_resp: autoDraw = False
3.1796 	EXP 	text_no_resp: autoDraw = False
3.1959 	EXP 	text_no_resp: autoDraw = False
3.2132 	EXP 	text_no_resp: autoDraw = False
3.2289 	EXP 	text_no_resp: autoDraw = False
3.2455 	EXP 	text_no_resp: autoDraw = False
3.2622 	EXP 	text_no_resp: autoDraw = False
3.2789 	EXP 	text_no_resp: autoDraw = False
3.2955 	EXP 	text_no_resp: autoDraw = False
3.3122 	EXP 	text_no_resp: autoDraw = False
3.3281 	EXP 	text_no_resp: autoDraw = False
3.3451 	EXP 	text_no_resp: autoDraw = False
3.3619 	EXP 	text_no_resp: autoDraw = False
3.3782 	EXP 	text_no_resp: autoDraw = False
3.3961 	EXP 	text_no_resp: autoDraw = False
3.4120 	EXP 	text_no_resp: autoDraw = False
3.4305 	EXP 	text_no_resp: autoDraw = False
3.4452 	EXP 	text_no_resp: autoDraw = False
3.4623 	EXP 	text_no_resp: autoDraw = False
3.4790 	EXP 	text_no_resp: autoDraw = False
3.4963 	EXP 	text_no_resp: autoDraw = False
3.5122 	EXP 	text_no_resp: autoDraw = False
3.5287 	EXP 	text_no_resp: autoDraw = False
3.5454 	EXP 	text_no_resp: autoDraw = False
3.5627 	EXP 	text_no_resp: autoDraw = False
3.5799 	EXP 	text_no_resp: autoDraw = False
3.5958 	EXP 	text_no_resp: autoDraw = False
3.6122 	EXP 	text_no_resp: autoDraw = False
3.6287 	EXP 	text_no_resp: autoDraw = False
3.6456 	EXP 	text_no_resp: autoDraw = False
3.6620 	EXP 	text_no_resp: autoDraw = False
3.6792 	EXP 	text_no_resp: autoDraw = False
3.6960 	EXP 	text_no_resp: autoDraw = False
3.7127 	EXP 	text_no_resp: autoDraw = False
3.7292 	EXP 	text_no_resp: autoDraw = False
3.7460 	EXP 	text_no_resp: autoDraw = False
3.7621 	EXP 	text_no_resp: autoDraw = False
3.7790 	EXP 	text_no_resp: autoDraw = False
3.7957 	EXP 	text_no_resp: autoDraw = False
3.8122 	EXP 	text_no_resp: autoDraw = False
3.8288 	EXP 	text_no_resp: autoDraw = False
3.8453 	EXP 	text_no_resp: autoDraw = False
3.8622 	EXP 	text_no_resp: autoDraw = False
3.8789 	EXP 	text_no_resp: autoDraw = False
3.8955 	EXP 	text_no_resp: autoDraw = False
3.9131 	EXP 	text_no_resp: autoDraw = False
3.9291 	EXP 	text_no_resp: autoDraw = False
3.9469 	EXP 	text_no_resp: autoDraw = False
3.9623 	EXP 	text_no_resp: autoDraw = False
3.9789 	EXP 	text_no_resp: autoDraw = False
3.9953 	EXP 	text_no_resp: autoDraw = False
4.0122 	EXP 	text_no_resp: autoDraw = False
4.0285 	EXP 	text_no_resp: autoDraw = False
4.0453 	EXP 	text_no_resp: autoDraw = False
4.0619 	EXP 	text_no_resp: autoDraw = False
4.0795 	EXP 	text_no_resp: autoDraw = False
4.0951 	EXP 	text_no_resp: autoDraw = False
4.1130 	EXP 	text_no_resp: autoDraw = False
4.1289 	EXP 	text_no_resp: autoDraw = False
4.1457 	EXP 	text_no_resp: autoDraw = False
4.1624 	EXP 	text_no_resp: autoDraw = False
4.1797 	EXP 	text_no_resp: autoDraw = False
4.1961 	EXP 	text_no_resp: autoDraw = False
4.2128 	EXP 	text_no_resp: autoDraw = False
4.2289 	EXP 	text_no_resp: autoDraw = False
4.2463 	EXP 	text_no_resp: autoDraw = False
4.2625 	EXP 	text_no_resp: autoDraw = False
4.2788 	EXP 	text_no_resp: autoDraw = False
4.2954 	EXP 	text_no_resp: autoDraw = False
4.3130 	EXP 	text_no_resp: autoDraw = False
4.3292 	EXP 	text_no_resp: autoDraw = False
4.3461 	EXP 	text_no_resp: autoDraw = False
4.3629 	EXP 	text_no_resp: autoDraw = False
4.3782 	EXP 	text_no_resp: autoDraw = False
4.3951 	EXP 	text_no_resp: autoDraw = False
4.4121 	EXP 	text_no_resp: autoDraw = False
4.4291 	EXP 	text_no_resp: autoDraw = False
4.4457 	EXP 	text_no_resp: autoDraw = False
4.4623 	EXP 	text_no_resp: autoDraw = False
4.4788 	EXP 	text_no_resp: autoDraw = False
4.4954 	EXP 	text_no_resp: autoDraw = False
4.5124 	EXP 	text_no_resp: autoDraw = False
4.5290 	EXP 	text_no_resp: autoDraw = False
4.5459 	EXP 	text_no_resp: autoDraw = False
4.5623 	EXP 	text_no_resp: autoDraw = False
4.5792 	EXP 	text_no_resp: autoDraw = False
4.5959 	EXP 	text_no_resp: autoDraw = False
4.6120 	EXP 	text_no_resp: autoDraw = False
4.6291 	EXP 	text_no_resp: autoDraw = False
4.6451 	EXP 	text_no_resp: autoDraw = False
4.6621 	EXP 	text_no_resp: autoDraw = False
4.6787 	EXP 	text_no_resp: autoDraw = False
4.6965 	EXP 	text_no_resp: autoDraw = False
4.7121 	EXP 	text_no_resp: autoDraw = False
4.7308 	EXP 	text_no_resp: autoDraw = False
4.7455 	EXP 	text_no_resp: autoDraw = False
4.7623 	EXP 	text_no_resp: autoDraw = False
4.7793 	EXP 	text_no_resp: autoDraw = False
4.7955 	EXP 	text_no_resp: autoDraw = False
4.8122 	EXP 	text_no_resp: autoDraw = False
4.8287 	EXP 	text_no_resp: autoDraw = False
4.8460 	EXP 	text_no_resp: autoDraw = False
4.8621 	EXP 	text_no_resp: autoDraw = False
4.8789 	EXP 	text_no_resp: autoDraw = False
4.8956 	EXP 	text_no_resp: autoDraw = False
4.9120 	EXP 	text_no_resp: autoDraw = False
4.9285 	EXP 	text_no_resp: autoDraw = False
4.9457 	EXP 	text_no_resp: autoDraw = False
4.9620 	EXP 	text_no_resp: autoDraw = False
4.9788 	EXP 	text_no_resp: autoDraw = False
4.9950 	EXP 	text_no_resp: autoDraw = False
5.0120 	EXP 	text_no_resp: autoDraw = False
5.0285 	EXP 	text_no_resp: autoDraw = False
5.0453 	EXP 	text_no_resp: autoDraw = False
5.0620 	EXP 	text_no_resp: autoDraw = False
5.0794 	EXP 	text_no_resp: autoDraw = False
5.0953 	EXP 	text_no_resp: autoDraw = False
5.1120 	EXP 	text_no_resp: autoDraw = False
5.1287 	EXP 	text_no_resp: autoDraw = False
5.1460 	EXP 	text_no_resp: autoDraw = False
5.1615 	EXP 	text_no_resp: autoDraw = False
5.1791 	EXP 	text_no_resp: autoDraw = False
5.1955 	EXP 	text_no_resp: autoDraw = False
5.2131 	EXP 	text_no_resp: autoDraw = False
5.2288 	EXP 	text_no_resp: autoDraw = False
5.2462 	EXP 	text_no_resp: autoDraw = False
5.2622 	EXP 	text_no_resp: autoDraw = False
5.2794 	EXP 	text_no_resp: autoDraw = False
5.2953 	EXP 	text_no_resp: autoDraw = False
5.3121 	EXP 	text_no_resp: autoDraw = False
5.3288 	EXP 	text_no_resp: autoDraw = False
5.3453 	EXP 	text_no_resp: autoDraw = False
5.3618 	EXP 	text_no_resp: autoDraw = False
5.3782 	EXP 	text_no_resp: autoDraw = False
5.3953 	EXP 	text_no_resp: autoDraw = False
5.4123 	EXP 	text_no_resp: autoDraw = False
5.4290 	EXP 	text_no_resp: autoDraw = False
5.4451 	EXP 	text_no_resp: autoDraw = False
5.4623 	EXP 	text_no_resp: autoDraw = False
5.4792 	EXP 	text_no_resp: autoDraw = False
5.4957 	EXP 	text_no_resp: autoDraw = False
5.5211 	EXP 	text_no_resp: autoDraw = False
5.5443 	EXP 	text_no_resp: autoDraw = False
5.5621 	EXP 	text_no_resp: autoDraw = False
5.5791 	EXP 	text_no_resp: autoDraw = False
5.5953 	EXP 	text_no_resp: autoDraw = False
5.6130 	EXP 	text_no_resp: autoDraw = False
5.6291 	EXP 	text_no_resp: autoDraw = False
5.6451 	EXP 	text_no_resp: autoDraw = False
5.6627 	EXP 	text_no_resp: autoDraw = False
5.6799 	EXP 	text_no_resp: autoDraw = False
5.6954 	EXP 	text_no_resp: autoDraw = False
5.7124 	EXP 	text_no_resp: autoDraw = False
5.7293 	EXP 	text_no_resp: autoDraw = False
5.7455 	EXP 	text_no_resp: autoDraw = False
5.7621 	EXP 	text_no_resp: autoDraw = False
5.7786 	EXP 	text_no_resp: autoDraw = False
5.7954 	EXP 	text_no_resp: autoDraw = False
5.8118 	EXP 	text_no_resp: autoDraw = False
5.8294 	EXP 	text_no_resp: autoDraw = False
5.8452 	EXP 	text_no_resp: autoDraw = False
5.8620 	EXP 	text_no_resp: autoDraw = False
5.8788 	EXP 	text_no_resp: autoDraw = False
5.8955 	EXP 	text_no_resp: autoDraw = False
5.9124 	EXP 	text_no_resp: autoDraw = False
5.9285 	EXP 	text_no_resp: autoDraw = False
5.9462 	EXP 	text_no_resp: autoDraw = False
5.9625 	EXP 	text_no_resp: autoDraw = False
5.9789 	EXP 	text_no_resp: autoDraw = False
5.9956 	EXP 	text_no_resp: autoDraw = False
6.0126 	EXP 	text_no_resp: autoDraw = False
6.0291 	EXP 	text_no_resp: autoDraw = False
6.0461 	EXP 	text_no_resp: autoDraw = False
6.0627 	EXP 	text_no_resp: autoDraw = False
6.0791 	EXP 	text_no_resp: autoDraw = False
6.0948 	EXP 	text_no_resp: autoDraw = False
6.1124 	EXP 	text_no_resp: autoDraw = False
6.1290 	EXP 	text_no_resp: autoDraw = False
6.1451 	EXP 	text_no_resp: autoDraw = False
6.1626 	EXP 	text_no_resp: autoDraw = False
6.1797 	EXP 	text_no_resp: autoDraw = False
6.1955 	EXP 	text_no_resp: autoDraw = False
6.2122 	EXP 	text_no_resp: autoDraw = False
6.2294 	EXP 	text_no_resp: autoDraw = False
6.2463 	EXP 	text_no_resp: autoDraw = False
6.2624 	EXP 	text_no_resp: autoDraw = False
6.2793 	EXP 	text_no_resp: autoDraw = False
6.2955 	EXP 	text_no_resp: autoDraw = False
6.3123 	EXP 	text_no_resp: autoDraw = False
6.3290 	EXP 	text_no_resp: autoDraw = False
6.3461 	EXP 	text_no_resp: autoDraw = False
6.3631 	EXP 	text_no_resp: autoDraw = False
6.3788 	EXP 	text_no_resp: autoDraw = False
6.3956 	EXP 	text_no_resp: autoDraw = False
6.4128 	EXP 	text_no_resp: autoDraw = False
6.4291 	EXP 	text_no_resp: autoDraw = False
6.4448 	EXP 	text_no_resp: autoDraw = False
6.4621 	EXP 	text_no_resp: autoDraw = False
6.4790 	EXP 	text_no_resp: autoDraw = False
6.4958 	EXP 	text_no_resp: autoDraw = False
6.5123 	EXP 	text_no_resp: autoDraw = False
6.5293 	EXP 	text_no_resp: autoDraw = False
6.5458 	EXP 	text_no_resp: autoDraw = False
6.5621 	EXP 	text_no_resp: autoDraw = False
6.5787 	EXP 	text_no_resp: autoDraw = False
6.5952 	EXP 	text_no_resp: autoDraw = False
6.6118 	EXP 	text_no_resp: autoDraw = False
6.6291 	EXP 	text_no_resp: autoDraw = False
6.6460 	EXP 	text_no_resp: autoDraw = False
6.6627 	EXP 	text_no_resp: autoDraw = False
6.6791 	EXP 	text_no_resp: autoDraw = False
6.6959 	EXP 	text_no_resp: autoDraw = False
6.6959 	EXP 	polygon: autoDraw = True
6.6959 	EXP 	left_learning_reward: autoDraw = True
6.6959 	EXP 	right_learning_reward: autoDraw = True
6.7118 	EXP 	text_no_resp: autoDraw = False
6.7284 	EXP 	text_no_resp: autoDraw = False
6.7453 	EXP 	text_no_resp: autoDraw = False
6.7617 	EXP 	text_no_resp: autoDraw = False
6.7791 	EXP 	text_no_resp: autoDraw = False
6.7952 	EXP 	text_no_resp: autoDraw = False
6.8117 	EXP 	text_no_resp: autoDraw = False
6.8283 	EXP 	text_no_resp: autoDraw = False
6.8450 	EXP 	text_no_resp: autoDraw = False
6.8614 	EXP 	text_no_resp: autoDraw = False
6.8787 	EXP 	text_no_resp: autoDraw = False
6.8952 	EXP 	text_no_resp: autoDraw = False
6.9122 	EXP 	text_no_resp: autoDraw = False
6.9288 	EXP 	text_no_resp: autoDraw = False
6.9452 	EXP 	text_no_resp: autoDraw = False
6.9616 	EXP 	text_no_resp: autoDraw = False
6.9785 	EXP 	text_no_resp: autoDraw = False
6.9951 	EXP 	text_no_resp: autoDraw = False
7.0115 	EXP 	text_no_resp: autoDraw = False
7.0288 	EXP 	text_no_resp: autoDraw = False
7.0451 	EXP 	text_no_resp: autoDraw = False
7.0622 	EXP 	text_no_resp: autoDraw = False
7.0786 	EXP 	text_no_resp: autoDraw = False
7.0949 	EXP 	text_no_resp: autoDraw = False
7.1118 	EXP 	text_no_resp: autoDraw = False
7.1281 	EXP 	text_no_resp: autoDraw = False
7.1447 	EXP 	text_no_resp: autoDraw = False
7.1614 	EXP 	text_no_resp: autoDraw = False
7.1784 	EXP 	text_no_resp: autoDraw = False
7.1955 	EXP 	text_no_resp: autoDraw = False
7.2118 	EXP 	text_no_resp: autoDraw = False
7.2285 	EXP 	text_no_resp: autoDraw = False
7.2451 	EXP 	text_no_resp: autoDraw = False
7.2615 	EXP 	text_no_resp: autoDraw = False
7.2783 	EXP 	text_no_resp: autoDraw = False
7.2957 	EXP 	text_no_resp: autoDraw = False
7.3116 	EXP 	text_no_resp: autoDraw = False
7.3291 	EXP 	text_no_resp: autoDraw = False
7.3451 	EXP 	text_no_resp: autoDraw = False
7.3615 	EXP 	text_no_resp: autoDraw = False
7.3784 	EXP 	text_no_resp: autoDraw = False
7.3948 	EXP 	text_no_resp: autoDraw = False
7.4115 	EXP 	text_no_resp: autoDraw = False
7.4282 	EXP 	text_no_resp: autoDraw = False
7.4449 	EXP 	text_no_resp: autoDraw = False
7.4616 	EXP 	text_no_resp: autoDraw = False
7.4785 	EXP 	text_no_resp: autoDraw = False
7.4951 	EXP 	text_no_resp: autoDraw = False
7.5120 	EXP 	text_no_resp: autoDraw = False
7.5284 	EXP 	text_no_resp: autoDraw = False
7.5451 	EXP 	text_no_resp: autoDraw = False
7.5615 	EXP 	text_no_resp: autoDraw = False
7.5787 	EXP 	text_no_resp: autoDraw = False
7.5949 	EXP 	text_no_resp: autoDraw = False
7.6118 	EXP 	text_no_resp: autoDraw = False
7.6291 	EXP 	text_no_resp: autoDraw = False
7.6448 	EXP 	text_no_resp: autoDraw = False
7.6618 	EXP 	text_no_resp: autoDraw = False
7.6779 	EXP 	text_no_resp: autoDraw = False
7.6955 	EXP 	text_no_resp: autoDraw = False
7.6955 	EXP 	text_no_resp: autoDraw = True
7.7118 	EXP 	text_no_resp: autoDraw = False
7.7118 	EXP 	polygon: autoDraw = False
7.7118 	EXP 	left_learning_reward: autoDraw = False
7.7118 	EXP 	right_learning_reward: autoDraw = False
7.7285 	EXP 	text_no_resp: autoDraw = False
7.7453 	EXP 	text_no_resp: autoDraw = False
7.7622 	EXP 	text_no_resp: autoDraw = False
7.7786 	EXP 	text_no_resp: autoDraw = False
7.7821 	DEBUG 	Fullscreen settings ignored as running in pilot mode.
7.7825 	EXP 	window1: backgroundImage = ''
7.7826 	EXP 	window1: backgroundFit = 'none'
7.7826 	EXP 	window1: units = 'height'
7.7839 	EXP 	window1: Attempting to measure frame rate of screen (0) ...
7.7839 	EXP 	window1: recordFrameIntervals = False
7.7954 	EXP 	left_image: autoDraw = False
7.7954 	EXP 	right_image: autoDraw = False
7.7954 	EXP 	text_no_resp: autoDraw = False
7.7954 	EXP 	left_image: autoDraw = False
7.7954 	EXP 	right_image: autoDraw = False
7.7954 	EXP 	polygon: autoDraw = False
7.7954 	EXP 	left_learning_reward: autoDraw = False
7.7954 	EXP 	right_learning_reward: autoDraw = False
7.7954 	EXP 	text_no_resp: autoDraw = False
7.9482 	EXP 	window1: recordFrameIntervals = True
8.1332 	EXP 	Screen (0) actual frame rate measured at 59.64Hz
8.1332 	EXP 	window1: recordFrameIntervals = False
8.1333 	EXP 	window1: mouseVisible = False
8.1339 	EXP 	New trial (rep=1, index=0): None
8.6957 	EXP 	fixation1: autoDraw = True
9.6842 	EXP 	window1: backgroundImage = ''
9.6842 	EXP 	window1: backgroundFit = 'none'
9.7296 	DEBUG 	TextBox2 loaded 1 chars with 0 blanks and 1 valid
9.7305 	DEBUG 	TextBox2 loaded 1 chars with 0 blanks and 1 valid
9.7306 	DEBUG 	Uploading Texture Font fontname to graphics card
9.7313 	DEBUG 	Upload of Texture Font fontname complete
9.7323 	DEBUG 	TextBox2 loaded 1 chars with 0 blanks and 1 valid
9.7325 	DEBUG 	Uploading Texture Font fontname to graphics card
9.7330 	DEBUG 	Upload of Texture Font fontname complete
9.7491 	INFO 	Keyboard events cleared
9.7486 	EXP 	fixation1: autoDraw = False
9.7486 	EXP 	fixation1: autoDraw = False
9.7486 	EXP 	left_image: image = '1.jpg'
9.7486 	EXP 	right_image: image = '2.jpg'
9.7486 	EXP 	text_no_resp: autoDraw = False
9.7486 	EXP 	left_image: autoDraw = True
9.7486 	EXP 	right_image: autoDraw = True
9.7486 	EXP 	text_no_resp: autoDraw = False
9.7620 	EXP 	text_no_resp: autoDraw = False
9.7789 	EXP 	text_no_resp: autoDraw = False
9.7956 	EXP 	text_no_resp: autoDraw = False
9.8116 	EXP 	text_no_resp: autoDraw = False
9.8289 	EXP 	text_no_resp: autoDraw = False
9.8461 	EXP 	text_no_resp: autoDraw = False
9.8622 	EXP 	text_no_resp: autoDraw = False
9.8788 	EXP 	text_no_resp: autoDraw = False
9.8956 	EXP 	text_no_resp: autoDraw = False
9.9128 	EXP 	text_no_resp: autoDraw = False
9.9294 	EXP 	text_no_resp: autoDraw = False
9.9456 	EXP 	text_no_resp: autoDraw = False
9.9620 	EXP 	text_no_resp: autoDraw = False
9.9797 	EXP 	text_no_resp: autoDraw = False
9.9953 	EXP 	text_no_resp: autoDraw = False
10.0120 	EXP 	text_no_resp: autoDraw = False
10.0286 	EXP 	text_no_resp: autoDraw = False
10.0452 	EXP 	text_no_resp: autoDraw = False
10.0618 	EXP 	text_no_resp: autoDraw = False
10.0801 	EXP 	text_no_resp: autoDraw = False
10.0959 	EXP 	text_no_resp: autoDraw = False
10.1121 	EXP 	text_no_resp: autoDraw = False
10.1287 	EXP 	text_no_resp: autoDraw = False
10.1450 	EXP 	text_no_resp: autoDraw = False
10.1625 	EXP 	text_no_resp: autoDraw = False
10.1789 	EXP 	text_no_resp: autoDraw = False
10.1956 	EXP 	text_no_resp: autoDraw = False
10.2121 	EXP 	text_no_resp: autoDraw = False
10.2297 	EXP 	text_no_resp: autoDraw = False
10.2456 	EXP 	text_no_resp: autoDraw = False
10.2623 	EXP 	text_no_resp: autoDraw = False
10.2783 	EXP 	text_no_resp: autoDraw = False
10.2951 	EXP 	text_no_resp: autoDraw = False
10.3124 	EXP 	text_no_resp: autoDraw = False
10.3296 	EXP 	text_no_resp: autoDraw = False
10.3451 	EXP 	text_no_resp: autoDraw = False
10.3624 	EXP 	text_no_resp: autoDraw = False
10.3786 	EXP 	text_no_resp: autoDraw = False
10.3956 	EXP 	text_no_resp: autoDraw = False
10.4121 	EXP 	text_no_resp: autoDraw = False
10.4297 	EXP 	text_no_resp: autoDraw = False
10.4448 	EXP 	text_no_resp: autoDraw = False
10.4617 	EXP 	text_no_resp: autoDraw = False
10.4792 	EXP 	text_no_resp: autoDraw = False
10.4955 	EXP 	text_no_resp: autoDraw = False
10.5123 	EXP 	text_no_resp: autoDraw = False
10.5288 	EXP 	text_no_resp: autoDraw = False
10.5461 	EXP 	text_no_resp: autoDraw = False
10.5619 	EXP 	text_no_resp: autoDraw = False
10.5789 	EXP 	text_no_resp: autoDraw = False
10.5961 	EXP 	text_no_resp: autoDraw = False
10.6125 	EXP 	text_no_resp: autoDraw = False
10.6295 	EXP 	text_no_resp: autoDraw = False
10.6454 	EXP 	text_no_resp: autoDraw = False
10.6624 	EXP 	text_no_resp: autoDraw = False
10.6789 	EXP 	text_no_resp: autoDraw = False
10.6956 	EXP 	text_no_resp: autoDraw = False
10.7118 	EXP 	text_no_resp: autoDraw = False
10.7285 	EXP 	text_no_resp: autoDraw = False
10.7451 	EXP 	text_no_resp: autoDraw = False
10.7624 	EXP 	text_no_resp: autoDraw = False
10.7795 	EXP 	text_no_resp: autoDraw = False
10.7960 	EXP 	text_no_resp: autoDraw = False
10.8118 	EXP 	text_no_resp: autoDraw = False
10.8293 	EXP 	text_no_resp: autoDraw = False
10.8462 	EXP 	text_no_resp: autoDraw = False
10.8622 	EXP 	text_no_resp: autoDraw = False
10.8783 	EXP 	text_no_resp: autoDraw = False
10.8951 	EXP 	text_no_resp: autoDraw = False
10.9125 	EXP 	text_no_resp: autoDraw = False
10.9291 	EXP 	text_no_resp: autoDraw = False
10.9452 	EXP 	text_no_resp: autoDraw = False
10.9624 	EXP 	text_no_resp: autoDraw = False
10.9792 	EXP 	text_no_resp: autoDraw = False
10.9958 	EXP 	text_no_resp: autoDraw = False
11.0125 	EXP 	text_no_resp: autoDraw = False
11.0289 	EXP 	text_no_resp: autoDraw = False
11.0453 	EXP 	text_no_resp: autoDraw = False
11.0619 	EXP 	text_no_resp: autoDraw = False
11.0786 	EXP 	text_no_resp: autoDraw = False
11.0959 	EXP 	text_no_resp: autoDraw = False
11.1128 	EXP 	text_no_resp: autoDraw = False
11.1295 	EXP 	text_no_resp: autoDraw = False
11.1456 	EXP 	text_no_resp: autoDraw = False
11.1623 	EXP 	text_no_resp: autoDraw = False
11.1790 	EXP 	text_no_resp: autoDraw = False
11.1961 	EXP 	text_no_resp: autoDraw = False
11.2125 	EXP 	text_no_resp: autoDraw = False
11.2293 	EXP 	text_no_resp: autoDraw = False
11.2453 	EXP 	text_no_resp: autoDraw = False
11.2626 	EXP 	text_no_resp: autoDraw = False
11.2789 	EXP 	text_no_resp: autoDraw = False
11.2955 	EXP 	text_no_resp: autoDraw = False
11.3125 	EXP 	text_no_resp: autoDraw = False
11.3288 	EXP 	text_no_resp: autoDraw = False
11.3459 	EXP 	text_no_resp: autoDraw = False
11.3621 	EXP 	text_no_resp: autoDraw = False
11.3791 	EXP 	text_no_resp: autoDraw = False
11.3955 	EXP 	text_no_resp: autoDraw = False
11.4116 	EXP 	text_no_resp: autoDraw = False
11.4297 	EXP 	text_no_resp: autoDraw = False
11.4453 	EXP 	text_no_resp: autoDraw = False
11.4633 	EXP 	text_no_resp: autoDraw = False
11.4792 	EXP 	text_no_resp: autoDraw = False
11.4953 	EXP 	text_no_resp: autoDraw = False
11.5115 	EXP 	text_no_resp: autoDraw = False
11.5287 	EXP 	text_no_resp: autoDraw = False
11.5460 	EXP 	text_no_resp: autoDraw = False
11.5630 	EXP 	text_no_resp: autoDraw = False
11.5797 	EXP 	text_no_resp: autoDraw = False
11.5955 	EXP 	text_no_resp: autoDraw = False
11.6117 	EXP 	text_no_resp: autoDraw = False
11.6291 	EXP 	text_no_resp: autoDraw = False
11.6481 	EXP 	text_no_resp: autoDraw = False
11.6629 	EXP 	text_no_resp: autoDraw = False
11.6798 	EXP 	text_no_resp: autoDraw = False
11.6968 	EXP 	text_no_resp: autoDraw = False
11.7150 	EXP 	text_no_resp: autoDraw = False
11.7289 	EXP 	text_no_resp: autoDraw = False
11.7463 	EXP 	text_no_resp: autoDraw = False
11.7625 	EXP 	text_no_resp: autoDraw = False
11.7787 	EXP 	text_no_resp: autoDraw = False
11.7951 	EXP 	text_no_resp: autoDraw = False
11.8122 	EXP 	text_no_resp: autoDraw = False
11.8287 	EXP 	text_no_resp: autoDraw = False
11.8455 	EXP 	text_no_resp: autoDraw = False
11.8629 	EXP 	text_no_resp: autoDraw = False
11.8785 	EXP 	text_no_resp: autoDraw = False
11.8955 	EXP 	text_no_resp: autoDraw = False
11.9116 	EXP 	text_no_resp: autoDraw = False
11.9286 	EXP 	text_no_resp: autoDraw = False
11.9449 	EXP 	text_no_resp: autoDraw = False
11.9616 	EXP 	text_no_resp: autoDraw = False
11.9794 	EXP 	text_no_resp: autoDraw = False
11.9956 	EXP 	text_no_resp: autoDraw = False
12.0127 	EXP 	text_no_resp: autoDraw = False
12.0289 	EXP 	text_no_resp: autoDraw = False
12.0452 	EXP 	text_no_resp: autoDraw = False
12.0622 	EXP 	text_no_resp: autoDraw = False
12.0794 	EXP 	text_no_resp: autoDraw = False
12.0954 	EXP 	text_no_resp: autoDraw = False
12.1128 	EXP 	text_no_resp: autoDraw = False
12.1289 	EXP 	text_no_resp: autoDraw = False
12.1456 	EXP 	text_no_resp: autoDraw = False
12.1622 	EXP 	text_no_resp: autoDraw = False
12.1787 	EXP 	text_no_resp: autoDraw = False
12.1959 	EXP 	text_no_resp: autoDraw = False
12.2122 	EXP 	text_no_resp: autoDraw = False
12.2296 	EXP 	text_no_resp: autoDraw = False
12.2460 	EXP 	text_no_resp: autoDraw = False
12.2624 	EXP 	text_no_resp: autoDraw = False
12.2782 	EXP 	text_no_resp: autoDraw = False
12.2949 	EXP 	text_no_resp: autoDraw = False
12.3123 	EXP 	text_no_resp: autoDraw = False
12.3289 	EXP 	text_no_resp: autoDraw = False
12.3451 	EXP 	text_no_resp: autoDraw = False
12.3619 	EXP 	text_no_resp: autoDraw = False
12.3786 	EXP 	text_no_resp: autoDraw = False
12.3953 	EXP 	text_no_resp: autoDraw = False
12.4120 	EXP 	text_no_resp: autoDraw = False
12.4285 	EXP 	text_no_resp: autoDraw = False
12.4448 	EXP 	text_no_resp: autoDraw = False
12.4618 	EXP 	text_no_resp: autoDraw = False
12.4785 	EXP 	text_no_resp: autoDraw = False
12.4951 	EXP 	text_no_resp: autoDraw = False
12.5124 	EXP 	text_no_resp: autoDraw = False
12.5283 	EXP 	text_no_resp: autoDraw = False
12.5452 	EXP 	text_no_resp: autoDraw = False
12.5620 	EXP 	text_no_resp: autoDraw = False
12.5789 	EXP 	text_no_resp: autoDraw = False
12.5951 	EXP 	text_no_resp: autoDraw = False
12.6122 	EXP 	text_no_resp: autoDraw = False
12.6299 	EXP 	text_no_resp: autoDraw = False
12.6452 	EXP 	text_no_resp: autoDraw = False
12.6620 	EXP 	text_no_resp: autoDraw = False
12.6787 	EXP 	text_no_resp: autoDraw = False
12.6954 	EXP 	text_no_resp: autoDraw = False
12.7128 	EXP 	text_no_resp: autoDraw = False
12.7291 	EXP 	text_no_resp: autoDraw = False
12.7458 	EXP 	text_no_resp: autoDraw = False
12.7626 	EXP 	text_no_resp: autoDraw = False
12.7793 	EXP 	text_no_resp: autoDraw = False
12.7952 	EXP 	text_no_resp: autoDraw = False
12.8116 	EXP 	text_no_resp: autoDraw = False
12.8293 	EXP 	text_no_resp: autoDraw = False
12.8452 	EXP 	text_no_resp: autoDraw = False
12.8622 	EXP 	text_no_resp: autoDraw = False
12.8787 	EXP 	text_no_resp: autoDraw = False
12.8961 	EXP 	text_no_resp: autoDraw = False
12.9130 	EXP 	text_no_resp: autoDraw = False
12.9288 	EXP 	text_no_resp: autoDraw = False
12.9455 	EXP 	text_no_resp: autoDraw = False
12.9619 	EXP 	text_no_resp: autoDraw = False
12.9792 	EXP 	text_no_resp: autoDraw = False
12.9956 	EXP 	text_no_resp: autoDraw = False
13.0119 	EXP 	text_no_resp: autoDraw = False
13.0293 	EXP 	text_no_resp: autoDraw = False
13.0456 	EXP 	text_no_resp: autoDraw = False
13.0623 	EXP 	text_no_resp: autoDraw = False
13.0795 	EXP 	text_no_resp: autoDraw = False
13.0956 	EXP 	text_no_resp: autoDraw = False
13.1130 	EXP 	text_no_resp: autoDraw = False
13.1283 	EXP 	text_no_resp: autoDraw = False
13.1453 	EXP 	text_no_resp: autoDraw = False
13.1623 	EXP 	text_no_resp: autoDraw = False
13.1784 	EXP 	text_no_resp: autoDraw = False
13.1954 	EXP 	text_no_resp: autoDraw = False
13.2127 	EXP 	text_no_resp: autoDraw = False
13.2289 	EXP 	text_no_resp: autoDraw = False
13.2451 	EXP 	text_no_resp: autoDraw = False
13.2624 	EXP 	text_no_resp: autoDraw = False
13.2786 	EXP 	text_no_resp: autoDraw = False
13.2951 	EXP 	text_no_resp: autoDraw = False
13.3119 	EXP 	text_no_resp: autoDraw = False
13.3286 	EXP 	text_no_resp: autoDraw = False
13.3450 	EXP 	text_no_resp: autoDraw = False
13.3618 	EXP 	text_no_resp: autoDraw = False
13.3790 	EXP 	text_no_resp: autoDraw = False
13.3952 	EXP 	text_no_resp: autoDraw = False
13.4123 	EXP 	text_no_resp: autoDraw = False
13.4287 	EXP 	text_no_resp: autoDraw = False
13.4450 	EXP 	text_no_resp: autoDraw = False
13.4616 	EXP 	text_no_resp: autoDraw = False
13.4794 	EXP 	text_no_resp: autoDraw = False
13.4961 	EXP 	text_no_resp: autoDraw = False
13.5120 	EXP 	text_no_resp: autoDraw = False
13.5286 	EXP 	text_no_resp: autoDraw = False
13.5452 	EXP 	text_no_resp: autoDraw = False
13.5626 	EXP 	text_no_resp: autoDraw = False
13.5789 	EXP 	text_no_resp: autoDraw = False
13.5952 	EXP 	text_no_resp: autoDraw = False
13.6120 	EXP 	text_no_resp: autoDraw = False
13.6285 	EXP 	text_no_resp: autoDraw = False
13.6460 	EXP 	text_no_resp: autoDraw = False
13.6624 	EXP 	text_no_resp: autoDraw = False
13.6788 	EXP 	text_no_resp: autoDraw = False
13.6953 	EXP 	text_no_resp: autoDraw = False
13.6953 	EXP 	polygon: autoDraw = True
13.6953 	EXP 	left_learning_reward: autoDraw = True
13.6953 	EXP 	right_learning_reward: autoDraw = True
13.7117 	EXP 	text_no_resp: autoDraw = False
13.7282 	EXP 	text_no_resp: autoDraw = False
13.7453 	EXP 	text_no_resp: autoDraw = False
13.7616 	EXP 	text_no_resp: autoDraw = False
13.7781 	EXP 	text_no_resp: autoDraw = False
13.7950 	EXP 	text_no_resp: autoDraw = False
13.8117 	EXP 	text_no_resp: autoDraw = False
13.8286 	EXP 	text_no_resp: autoDraw = False
13.8453 	EXP 	text_no_resp: autoDraw = False
13.8619 	EXP 	text_no_resp: autoDraw = False
13.8786 	EXP 	text_no_resp: autoDraw = False
13.8949 	EXP 	text_no_resp: autoDraw = False
13.9118 	EXP 	text_no_resp: autoDraw = False
13.9281 	EXP 	text_no_resp: autoDraw = False
13.9450 	EXP 	text_no_resp: autoDraw = False
13.9616 	EXP 	text_no_resp: autoDraw = False
13.9787 	EXP 	text_no_resp: autoDraw = False
13.9953 	EXP 	text_no_resp: autoDraw = False
14.0114 	EXP 	text_no_resp: autoDraw = False
14.0282 	EXP 	text_no_resp: autoDraw = False
14.0446 	EXP 	text_no_resp: autoDraw = False
14.0617 	EXP 	text_no_resp: autoDraw = False
14.0784 	EXP 	text_no_resp: autoDraw = False
14.0948 	EXP 	text_no_resp: autoDraw = False
14.1118 	EXP 	text_no_resp: autoDraw = False
14.1284 	EXP 	text_no_resp: autoDraw = False
14.1445 	EXP 	text_no_resp: autoDraw = False
14.1614 	EXP 	text_no_resp: autoDraw = False
14.1784 	EXP 	text_no_resp: autoDraw = False
14.1949 	EXP 	text_no_resp: autoDraw = False
14.2119 	EXP 	text_no_resp: autoDraw = False
14.2284 	EXP 	text_no_resp: autoDraw = False
14.2450 	EXP 	text_no_resp: autoDraw = False
14.2620 	EXP 	text_no_resp: autoDraw = False
14.2788 	EXP 	text_no_resp: autoDraw = False
14.2950 	EXP 	text_no_resp: autoDraw = False
14.3113 	EXP 	text_no_resp: autoDraw = False
14.3282 	EXP 	text_no_resp: autoDraw = False
14.3450 	EXP 	text_no_resp: autoDraw = False
14.3617 	EXP 	text_no_resp: autoDraw = False
14.3781 	EXP 	text_no_resp: autoDraw = False
14.3955 	EXP 	text_no_resp: autoDraw = False
14.4115 	EXP 	text_no_resp: autoDraw = False
14.4290 	EXP 	text_no_resp: autoDraw = False
14.4445 	EXP 	text_no_resp: autoDraw = False
14.4619 	EXP 	text_no_resp: autoDraw = False
14.4785 	EXP 	text_no_resp: autoDraw = False
14.4952 	EXP 	text_no_resp: autoDraw = False
14.5116 	EXP 	text_no_resp: autoDraw = False
14.5281 	EXP 	text_no_resp: autoDraw = False
14.5450 	EXP 	text_no_resp: autoDraw = False
14.5617 	EXP 	text_no_resp: autoDraw = False
14.5792 	EXP 	text_no_resp: autoDraw = False
14.5949 	EXP 	text_no_resp: autoDraw = False
14.6115 	EXP 	text_no_resp: autoDraw = False
14.6286 	EXP 	text_no_resp: autoDraw = False
14.6448 	EXP 	text_no_resp: autoDraw = False
14.6617 	EXP 	text_no_resp: autoDraw = False
14.6781 	EXP 	text_no_resp: autoDraw = False
14.6952 	EXP 	text_no_resp: autoDraw = False
14.6952 	EXP 	polygon: autoDraw = False
14.6952 	EXP 	left_learning_reward: autoDraw = False
14.6952 	EXP 	right_learning_reward: autoDraw = False
14.6952 	EXP 	text_no_resp: autoDraw = True
14.7118 	EXP 	text_no_resp: autoDraw = False
14.7285 	EXP 	text_no_resp: autoDraw = False
14.7459 	EXP 	text_no_resp: autoDraw = False
14.7507 	DEBUG 	Fullscreen settings ignored as running in pilot mode.
14.7512 	EXP 	window1: backgroundImage = ''
14.7512 	EXP 	window1: backgroundFit = 'none'
14.7512 	EXP 	window1: units = 'height'
14.7527 	EXP 	window1: Attempting to measure frame rate of screen (0) ...
14.7527 	EXP 	window1: recordFrameIntervals = False
14.7611 	EXP 	left_image: autoDraw = False
14.7611 	EXP 	right_image: autoDraw = False
14.7611 	EXP 	text_no_resp: autoDraw = False
14.7611 	EXP 	left_image: autoDraw = False
14.7611 	EXP 	right_image: autoDraw = False
14.7611 	EXP 	polygon: autoDraw = False
14.7611 	EXP 	left_learning_reward: autoDraw = False
14.7611 	EXP 	right_learning_reward: autoDraw = False
14.7611 	EXP 	text_no_resp: autoDraw = False
14.9159 	EXP 	window1: recordFrameIntervals = True
15.0977 	EXP 	Screen (0) actual frame rate measured at 59.94Hz
15.0978 	EXP 	window1: recordFrameIntervals = False
15.0978 	EXP 	window1: mouseVisible = False
15.0982 	EXP 	New trial (rep=2, index=0): None
15.6958 	EXP 	fixation1: autoDraw = True
16.6824 	EXP 	window1: backgroundImage = ''
16.6825 	EXP 	window1: backgroundFit = 'none'
16.7474 	INFO 	Keyboard events cleared
16.7470 	EXP 	fixation1: autoDraw = False
16.7470 	EXP 	fixation1: autoDraw = False
16.7470 	EXP 	left_image: image = '3.jpg'
16.7470 	EXP 	right_image: image = '4.jpg'
16.7470 	EXP 	text_no_resp: autoDraw = False
16.7470 	EXP 	left_image: autoDraw = True
16.7470 	EXP 	right_image: autoDraw = True
16.7470 	EXP 	text_no_resp: autoDraw = False
16.7617 	EXP 	text_no_resp: autoDraw = False
16.7783 	EXP 	text_no_resp: autoDraw = False
16.7951 	EXP 	text_no_resp: autoDraw = False
16.8124 	EXP 	text_no_resp: autoDraw = False
16.8289 	EXP 	text_no_resp: autoDraw = False
16.8452 	EXP 	text_no_resp: autoDraw = False
16.8616 	EXP 	text_no_resp: autoDraw = False
16.8783 	EXP 	text_no_resp: autoDraw = False
16.8952 	EXP 	text_no_resp: autoDraw = False
16.9119 	EXP 	text_no_resp: autoDraw = False
16.9285 	EXP 	text_no_resp: autoDraw = False
16.9455 	EXP 	text_no_resp: autoDraw = False
16.9618 	EXP 	text_no_resp: autoDraw = False
16.9788 	EXP 	text_no_resp: autoDraw = False
16.9953 	EXP 	text_no_resp: autoDraw = False
17.0110 	EXP 	text_no_resp: autoDraw = False
17.0283 	EXP 	text_no_resp: autoDraw = False
17.0459 	EXP 	text_no_resp: autoDraw = False
17.0629 	EXP 	text_no_resp: autoDraw = False
17.0795 	EXP 	text_no_resp: autoDraw = False
17.0952 	EXP 	text_no_resp: autoDraw = False
17.1024 	DATA 	Keypress: right
17.1117 	EXP 	text_no_resp: autoDraw = False
17.1293 	EXP 	text_no_resp: autoDraw = False
17.1453 	EXP 	text_no_resp: autoDraw = False
17.1619 	EXP 	text_no_resp: autoDraw = False
17.1787 	EXP 	text_no_resp: autoDraw = False
17.1960 	EXP 	text_no_resp: autoDraw = False
17.2126 	EXP 	text_no_resp: autoDraw = False
17.2288 	EXP 	text_no_resp: autoDraw = False
17.2449 	EXP 	text_no_resp: autoDraw = False
17.2620 	EXP 	text_no_resp: autoDraw = False
17.2792 	EXP 	text_no_resp: autoDraw = False
17.2956 	EXP 	text_no_resp: autoDraw = False
17.3124 	EXP 	text_no_resp: autoDraw = False
17.3287 	EXP 	text_no_resp: autoDraw = False
17.3453 	EXP 	text_no_resp: autoDraw = False
17.3621 	EXP 	text_no_resp: autoDraw = False
17.3789 	EXP 	text_no_resp: autoDraw = False
17.3953 	EXP 	text_no_resp: autoDraw = False
17.4124 	EXP 	text_no_resp: autoDraw = False
17.4290 	EXP 	text_no_resp: autoDraw = False
17.4451 	EXP 	text_no_resp: autoDraw = False
17.4620 	EXP 	text_no_resp: autoDraw = False
17.4786 	EXP 	text_no_resp: autoDraw = False
17.4956 	EXP 	text_no_resp: autoDraw = False
17.5125 	EXP 	text_no_resp: autoDraw = False
17.5288 	EXP 	text_no_resp: autoDraw = False
17.5455 	EXP 	text_no_resp: autoDraw = False
17.5626 	EXP 	text_no_resp: autoDraw = False
17.5786 	EXP 	text_no_resp: autoDraw = False
17.5960 	EXP 	text_no_resp: autoDraw = False
17.6118 	EXP 	text_no_resp: autoDraw = False
17.6287 	EXP 	text_no_resp: autoDraw = False
17.6453 	EXP 	text_no_resp: autoDraw = False
17.6623 	EXP 	text_no_resp: autoDraw = False
17.6787 	EXP 	text_no_resp: autoDraw = False
17.6950 	EXP 	text_no_resp: autoDraw = False
17.7117 	EXP 	text_no_resp: autoDraw = False
17.7287 	EXP 	text_no_resp: autoDraw = False
17.7457 	EXP 	text_no_resp: autoDraw = False
17.7619 	EXP 	text_no_resp: autoDraw = False
17.7782 	EXP 	text_no_resp: autoDraw = False
17.7961 	EXP 	text_no_resp: autoDraw = False
17.8119 	EXP 	text_no_resp: autoDraw = False
17.8291 	EXP 	text_no_resp: autoDraw = False
17.8456 	EXP 	text_no_resp: autoDraw = False
17.8623 	EXP 	text_no_resp: autoDraw = False
17.8790 	EXP 	text_no_resp: autoDraw = False
17.8959 	EXP 	text_no_resp: autoDraw = False
17.9120 	EXP 	text_no_resp: autoDraw = False
17.9290 	EXP 	text_no_resp: autoDraw = False
17.9459 	EXP 	text_no_resp: autoDraw = False
17.9622 	EXP 	text_no_resp: autoDraw = False
17.9791 	EXP 	text_no_resp: autoDraw = False
17.9952 	EXP 	text_no_resp: autoDraw = False
18.0126 	EXP 	text_no_resp: autoDraw = False
18.0287 	EXP 	text_no_resp: autoDraw = False
18.0457 	EXP 	text_no_resp: autoDraw = False
18.0626 	EXP 	text_no_resp: autoDraw = False
18.0788 	EXP 	text_no_resp: autoDraw = False
18.0953 	EXP 	text_no_resp: autoDraw = False
18.1127 	EXP 	text_no_resp: autoDraw = False
18.1291 	EXP 	text_no_resp: autoDraw = False
18.1459 	EXP 	text_no_resp: autoDraw = False
18.1624 	EXP 	text_no_resp: autoDraw = False
18.1794 	EXP 	text_no_resp: autoDraw = False
18.1954 	EXP 	text_no_resp: autoDraw = False
18.2124 	EXP 	text_no_resp: autoDraw = False
18.2292 	EXP 	text_no_resp: autoDraw = False
18.2455 	EXP 	text_no_resp: autoDraw = False
18.2622 	EXP 	text_no_resp: autoDraw = False
18.2785 	EXP 	text_no_resp: autoDraw = False
18.2946 	EXP 	text_no_resp: autoDraw = False
18.3117 	EXP 	text_no_resp: autoDraw = False
18.3291 	EXP 	text_no_resp: autoDraw = False
18.3453 	EXP 	text_no_resp: autoDraw = False
18.3619 	EXP 	text_no_resp: autoDraw = False
18.3792 	EXP 	text_no_resp: autoDraw = False
18.3953 	EXP 	text_no_resp: autoDraw = False
18.4121 	EXP 	text_no_resp: autoDraw = False
18.4287 	EXP 	text_no_resp: autoDraw = False
18.4448 	EXP 	text_no_resp: autoDraw = False
18.4622 	EXP 	text_no_resp: autoDraw = False
18.4790 	EXP 	text_no_resp: autoDraw = False
18.4958 	EXP 	text_no_resp: autoDraw = False
18.5121 	EXP 	text_no_resp: autoDraw = False
18.5286 	EXP 	text_no_resp: autoDraw = False
18.5452 	EXP 	text_no_resp: autoDraw = False
18.5618 	EXP 	text_no_resp: autoDraw = False
18.5787 	EXP 	text_no_resp: autoDraw = False
18.5958 	EXP 	text_no_resp: autoDraw = False
18.6121 	EXP 	text_no_resp: autoDraw = False
18.6288 	EXP 	text_no_resp: autoDraw = False
18.6457 	EXP 	text_no_resp: autoDraw = False
18.6622 	EXP 	text_no_resp: autoDraw = False
18.6790 	EXP 	text_no_resp: autoDraw = False
18.6948 	EXP 	text_no_resp: autoDraw = False
18.7116 	EXP 	text_no_resp: autoDraw = False
18.7286 	EXP 	text_no_resp: autoDraw = False
18.7451 	EXP 	text_no_resp: autoDraw = False
18.7623 	EXP 	text_no_resp: autoDraw = False
18.7799 	EXP 	text_no_resp: autoDraw = False
18.7966 	EXP 	text_no_resp: autoDraw = False
18.8121 	EXP 	text_no_resp: autoDraw = False
18.8280 	EXP 	text_no_resp: autoDraw = False
18.8455 	EXP 	text_no_resp: autoDraw = False
18.8620 	EXP 	text_no_resp: autoDraw = False
18.8787 	EXP 	text_no_resp: autoDraw = False
18.8954 	EXP 	text_no_resp: autoDraw = False
18.9124 	EXP 	text_no_resp: autoDraw = False
18.9288 	EXP 	text_no_resp: autoDraw = False
18.9456 	EXP 	text_no_resp: autoDraw = False
18.9618 	EXP 	text_no_resp: autoDraw = False
18.9786 	EXP 	text_no_resp: autoDraw = False
18.9952 	EXP 	text_no_resp: autoDraw = False
19.0119 	EXP 	text_no_resp: autoDraw = False
19.0291 	EXP 	text_no_resp: autoDraw = False
19.0454 	EXP 	text_no_resp: autoDraw = False
19.0628 	EXP 	text_no_resp: autoDraw = False
19.0790 	EXP 	text_no_resp: autoDraw = False
19.0960 	EXP 	text_no_resp: autoDraw = False
19.1118 	EXP 	text_no_resp: autoDraw = False
19.1290 	EXP 	text_no_resp: autoDraw = False
19.1456 	EXP 	text_no_resp: autoDraw = False
19.1621 	EXP 	text_no_resp: autoDraw = False
19.1786 	EXP 	text_no_resp: autoDraw = False
19.1957 	EXP 	text_no_resp: autoDraw = False
19.2120 	EXP 	text_no_resp: autoDraw = False
19.2292 	EXP 	text_no_resp: autoDraw = False
19.2455 	EXP 	text_no_resp: autoDraw = False
19.2622 	EXP 	text_no_resp: autoDraw = False
19.2790 	EXP 	text_no_resp: autoDraw = False
19.2956 	EXP 	text_no_resp: autoDraw = False
19.3122 	EXP 	text_no_resp: autoDraw = False
19.3285 	EXP 	text_no_resp: autoDraw = False
19.3453 	EXP 	text_no_resp: autoDraw = False
19.3617 	EXP 	text_no_resp: autoDraw = False
19.3782 	EXP 	text_no_resp: autoDraw = False
19.3949 	EXP 	text_no_resp: autoDraw = False
19.4132 	EXP 	text_no_resp: autoDraw = False
19.4287 	EXP 	text_no_resp: autoDraw = False
19.4447 	EXP 	text_no_resp: autoDraw = False
19.4620 	EXP 	text_no_resp: autoDraw = False
19.4787 	EXP 	text_no_resp: autoDraw = False
19.4955 	EXP 	text_no_resp: autoDraw = False
19.5121 	EXP 	text_no_resp: autoDraw = False
19.5293 	EXP 	text_no_resp: autoDraw = False
19.5446 	EXP 	text_no_resp: autoDraw = False
19.5614 	EXP 	text_no_resp: autoDraw = False
19.5783 	EXP 	text_no_resp: autoDraw = False
19.5961 	EXP 	text_no_resp: autoDraw = False
19.6126 	EXP 	text_no_resp: autoDraw = False
19.6287 	EXP 	text_no_resp: autoDraw = False
19.6457 	EXP 	text_no_resp: autoDraw = False
19.6624 	EXP 	text_no_resp: autoDraw = False
19.6791 	EXP 	text_no_resp: autoDraw = False
19.6956 	EXP 	text_no_resp: autoDraw = False
19.7124 	EXP 	text_no_resp: autoDraw = False
19.7285 	EXP 	text_no_resp: autoDraw = False
19.7457 	EXP 	text_no_resp: autoDraw = False
19.7623 	EXP 	text_no_resp: autoDraw = False
19.7786 	EXP 	text_no_resp: autoDraw = False
19.7962 	EXP 	text_no_resp: autoDraw = False
19.8122 	EXP 	text_no_resp: autoDraw = False
19.8287 	EXP 	text_no_resp: autoDraw = False
19.8455 	EXP 	text_no_resp: autoDraw = False
19.8621 	EXP 	text_no_resp: autoDraw = False
19.8790 	EXP 	text_no_resp: autoDraw = False
19.8955 	EXP 	text_no_resp: autoDraw = False
19.9115 	EXP 	text_no_resp: autoDraw = False
19.9286 	EXP 	text_no_resp: autoDraw = False
19.9461 	EXP 	text_no_resp: autoDraw = False
19.9620 	EXP 	text_no_resp: autoDraw = False
19.9788 	EXP 	text_no_resp: autoDraw = False
19.9952 	EXP 	text_no_resp: autoDraw = False
20.0125 	EXP 	text_no_resp: autoDraw = False
20.0287 	EXP 	text_no_resp: autoDraw = False
20.0452 	EXP 	text_no_resp: autoDraw = False
20.0618 	EXP 	text_no_resp: autoDraw = False
20.0789 	EXP 	text_no_resp: autoDraw = False
20.0951 	EXP 	text_no_resp: autoDraw = False
20.1126 	EXP 	text_no_resp: autoDraw = False
20.1292 	EXP 	text_no_resp: autoDraw = False
20.1455 	EXP 	text_no_resp: autoDraw = False
20.1620 	EXP 	text_no_resp: autoDraw = False
20.1790 	EXP 	text_no_resp: autoDraw = False
20.1953 	EXP 	text_no_resp: autoDraw = False
20.2119 	EXP 	text_no_resp: autoDraw = False
20.2284 	EXP 	text_no_resp: autoDraw = False
20.2450 	EXP 	text_no_resp: autoDraw = False
20.2623 	EXP 	text_no_resp: autoDraw = False
20.2794 	EXP 	text_no_resp: autoDraw = False
20.2958 	EXP 	text_no_resp: autoDraw = False
20.3119 	EXP 	text_no_resp: autoDraw = False
20.3293 	EXP 	text_no_resp: autoDraw = False
20.3458 	EXP 	text_no_resp: autoDraw = False
20.3621 	EXP 	text_no_resp: autoDraw = False
20.3790 	EXP 	text_no_resp: autoDraw = False
20.3958 	EXP 	text_no_resp: autoDraw = False
20.4121 	EXP 	text_no_resp: autoDraw = False
20.4282 	EXP 	text_no_resp: autoDraw = False
20.4450 	EXP 	text_no_resp: autoDraw = False
20.4613 	EXP 	text_no_resp: autoDraw = False
20.4781 	EXP 	text_no_resp: autoDraw = False
20.4951 	EXP 	text_no_resp: autoDraw = False
20.5121 	EXP 	text_no_resp: autoDraw = False
20.5285 	EXP 	text_no_resp: autoDraw = False
20.5453 	EXP 	text_no_resp: autoDraw = False
20.5618 	EXP 	text_no_resp: autoDraw = False
20.5783 	EXP 	text_no_resp: autoDraw = False
20.5963 	EXP 	text_no_resp: autoDraw = False
20.6119 	EXP 	text_no_resp: autoDraw = False
20.6284 	EXP 	text_no_resp: autoDraw = False
20.6459 	EXP 	text_no_resp: autoDraw = False
20.6622 	EXP 	text_no_resp: autoDraw = False
20.6790 	EXP 	text_no_resp: autoDraw = False
20.6947 	EXP 	text_no_resp: autoDraw = False
20.6947 	EXP 	polygon: autoDraw = True
20.6947 	EXP 	left_learning_reward: autoDraw = True
20.6947 	EXP 	right_learning_reward: autoDraw = True
20.7113 	EXP 	text_no_resp: autoDraw = False
20.7282 	EXP 	text_no_resp: autoDraw = False
20.7454 	EXP 	text_no_resp: autoDraw = False
20.7612 	EXP 	text_no_resp: autoDraw = False
20.7778 	EXP 	text_no_resp: autoDraw = False
20.7948 	EXP 	text_no_resp: autoDraw = False
20.8117 	EXP 	text_no_resp: autoDraw = False
20.8282 	EXP 	text_no_resp: autoDraw = False
20.8447 	EXP 	text_no_resp: autoDraw = False
20.8616 	EXP 	text_no_resp: autoDraw = False
20.8780 	EXP 	text_no_resp: autoDraw = False
20.8952 	EXP 	text_no_resp: autoDraw = False
20.9113 	EXP 	text_no_resp: autoDraw = False
20.9282 	EXP 	text_no_resp: autoDraw = False
20.9447 	EXP 	text_no_resp: autoDraw = False
20.9617 	EXP 	text_no_resp: autoDraw = False
20.9782 	EXP 	text_no_resp: autoDraw = False
20.9949 	EXP 	text_no_resp: autoDraw = False
21.0116 	EXP 	text_no_resp: autoDraw = False
21.0282 	EXP 	text_no_resp: autoDraw = False
21.0450 	EXP 	text_no_resp: autoDraw = False
21.0614 	EXP 	text_no_resp: autoDraw = False
21.0781 	EXP 	text_no_resp: autoDraw = False
21.0957 	EXP 	text_no_resp: autoDraw = False
21.1114 	EXP 	text_no_resp: autoDraw = False
21.1282 	EXP 	text_no_resp: autoDraw = False
21.1452 	EXP 	text_no_resp: autoDraw = False
21.1616 	EXP 	text_no_resp: autoDraw = False
21.1779 	EXP 	text_no_resp: autoDraw = False
21.1950 	EXP 	text_no_resp: autoDraw = False
21.2114 	EXP 	text_no_resp: autoDraw = False
21.2285 	EXP 	text_no_resp: autoDraw = False
21.2447 	EXP 	text_no_resp: autoDraw = False
21.2613 	EXP 	text_no_resp: autoDraw = False
21.2782 	EXP 	text_no_resp: autoDraw = False
21.2948 	EXP 	text_no_resp: autoDraw = False
21.3118 	EXP 	text_no_resp: autoDraw = False
21.3280 	EXP 	text_no_resp: autoDraw = False
21.3449 	EXP 	text_no_resp: autoDraw = False
21.3612 	EXP 	text_no_resp: autoDraw = False
21.3786 	EXP 	text_no_resp: autoDraw = False
21.3946 	EXP 	text_no_resp: autoDraw = False
21.4117 	EXP 	text_no_resp: autoDraw = False
21.4281 	EXP 	text_no_resp: autoDraw = False
21.4448 	EXP 	text_no_resp: autoDraw = False
21.4614 	EXP 	text_no_resp: autoDraw = False
21.4783 	EXP 	text_no_resp: autoDraw = False
21.4948 	EXP 	text_no_resp: autoDraw = False
21.5117 	EXP 	text_no_resp: autoDraw = False
21.5281 	EXP 	text_no_resp: autoDraw = False
21.5447 	EXP 	text_no_resp: autoDraw = False
21.5619 	EXP 	text_no_resp: autoDraw = False
21.5776 	EXP 	text_no_resp: autoDraw = False
21.5946 	EXP 	text_no_resp: autoDraw = False
21.6116 	EXP 	text_no_resp: autoDraw = False
21.6282 	EXP 	text_no_resp: autoDraw = False
21.6451 	EXP 	text_no_resp: autoDraw = False
21.6615 	EXP 	text_no_resp: autoDraw = False
21.6780 	EXP 	text_no_resp: autoDraw = False
21.6957 	EXP 	text_no_resp: autoDraw = False
21.6957 	EXP 	polygon: autoDraw = False
21.6957 	EXP 	left_learning_reward: autoDraw = False
21.6957 	EXP 	right_learning_reward: autoDraw = False
21.6957 	EXP 	text_no_resp: autoDraw = True
21.7119 	EXP 	text_no_resp: autoDraw = False
21.7286 	EXP 	text_no_resp: autoDraw = False
21.7457 	EXP 	text_no_resp: autoDraw = False
21.7502 	DEBUG 	Fullscreen settings ignored as running in pilot mode.
21.7507 	EXP 	window1: backgroundImage = ''
21.7507 	EXP 	window1: backgroundFit = 'none'
21.7507 	EXP 	window1: units = 'height'
21.7522 	EXP 	window1: Attempting to measure frame rate of screen (0) ...
21.7522 	EXP 	window1: recordFrameIntervals = False
21.7609 	EXP 	left_image: autoDraw = False
21.7609 	EXP 	right_image: autoDraw = False
21.7609 	EXP 	text_no_resp: autoDraw = False
21.7609 	EXP 	left_image: autoDraw = False
21.7609 	EXP 	right_image: autoDraw = False
21.7609 	EXP 	polygon: autoDraw = False
21.7609 	EXP 	left_learning_reward: autoDraw = False
21.7609 	EXP 	right_learning_reward: autoDraw = False
21.7609 	EXP 	text_no_resp: autoDraw = False
21.9148 	EXP 	window1: recordFrameIntervals = True
22.0984 	EXP 	Screen (0) actual frame rate measured at 60.23Hz
22.0984 	EXP 	window1: recordFrameIntervals = False
22.0984 	EXP 	window1: mouseVisible = False
22.0991 	EXP 	New trial (rep=3, index=0): None
22.6953 	EXP 	fixation1: autoDraw = True
23.6826 	EXP 	window1: backgroundImage = ''
23.6826 	EXP 	window1: backgroundFit = 'none'
23.7274 	DEBUG 	TextBox2 loaded 1 chars with 0 blanks and 1 valid
23.7276 	DEBUG 	Uploading Texture Font fontname to graphics card
23.7312 	DEBUG 	Upload of Texture Font fontname complete
23.7476 	INFO 	Keyboard events cleared
23.7472 	EXP 	fixation1: autoDraw = False
23.7472 	EXP 	fixation1: autoDraw = False
23.7472 	EXP 	left_image: image = '3.jpg'
23.7472 	EXP 	right_image: image = '4.jpg'
23.7472 	EXP 	text_no_resp: autoDraw = False
23.7472 	EXP 	left_image: autoDraw = True
23.7472 	EXP 	right_image: autoDraw = True
23.7472 	EXP 	text_no_resp: autoDraw = False
23.7607 	EXP 	text_no_resp: autoDraw = False
23.7777 	EXP 	text_no_resp: autoDraw = False
23.7948 	EXP 	text_no_resp: autoDraw = False
23.8114 	EXP 	text_no_resp: autoDraw = False
23.8281 	EXP 	text_no_resp: autoDraw = False
23.8446 	EXP 	text_no_resp: autoDraw = False
23.8615 	EXP 	text_no_resp: autoDraw = False
23.8776 	EXP 	text_no_resp: autoDraw = False
23.8940 	EXP 	text_no_resp: autoDraw = False
23.9108 	EXP 	text_no_resp: autoDraw = False
23.9274 	EXP 	text_no_resp: autoDraw = False
23.9442 	EXP 	text_no_resp: autoDraw = False
23.9608 	EXP 	text_no_resp: autoDraw = False
23.9777 	EXP 	text_no_resp: autoDraw = False
23.9948 	EXP 	text_no_resp: autoDraw = False
24.0112 	EXP 	text_no_resp: autoDraw = False
24.0281 	EXP 	text_no_resp: autoDraw = False
24.0449 	EXP 	text_no_resp: autoDraw = False
24.0616 	EXP 	text_no_resp: autoDraw = False
24.0779 	EXP 	text_no_resp: autoDraw = False
24.0946 	EXP 	text_no_resp: autoDraw = False
24.1114 	EXP 	text_no_resp: autoDraw = False
24.1283 	EXP 	text_no_resp: autoDraw = False
24.1447 	EXP 	text_no_resp: autoDraw = False
24.1614 	EXP 	text_no_resp: autoDraw = False
24.1774 	EXP 	text_no_resp: autoDraw = False
24.1943 	EXP 	text_no_resp: autoDraw = False
24.2110 	EXP 	text_no_resp: autoDraw = False
24.2277 	EXP 	text_no_resp: autoDraw = False
24.2445 	EXP 	text_no_resp: autoDraw = False
24.2618 	EXP 	text_no_resp: autoDraw = False
24.2784 	EXP 	text_no_resp: autoDraw = False
24.2963 	EXP 	text_no_resp: autoDraw = False
24.3123 	EXP 	text_no_resp: autoDraw = False
24.3290 	EXP 	text_no_resp: autoDraw = False
24.3458 	EXP 	text_no_resp: autoDraw = False
24.3621 	EXP 	text_no_resp: autoDraw = False
24.3786 	EXP 	text_no_resp: autoDraw = False
24.3954 	EXP 	text_no_resp: autoDraw = False
24.4768 	EXP 	text_no_resp: autoDraw = False
24.4960 	EXP 	text_no_resp: autoDraw = False
24.5128 	EXP 	text_no_resp: autoDraw = False
24.5295 	EXP 	text_no_resp: autoDraw = False
24.5450 	EXP 	text_no_resp: autoDraw = False
24.5620 	EXP 	text_no_resp: autoDraw = False
24.5780 	EXP 	text_no_resp: autoDraw = False
24.5961 	EXP 	text_no_resp: autoDraw = False
24.6118 	EXP 	text_no_resp: autoDraw = False
24.6288 	EXP 	text_no_resp: autoDraw = False
24.6455 	EXP 	text_no_resp: autoDraw = False
24.6620 	EXP 	text_no_resp: autoDraw = False
24.6786 	EXP 	text_no_resp: autoDraw = False
24.6959 	EXP 	text_no_resp: autoDraw = False
24.7118 	EXP 	text_no_resp: autoDraw = False
24.7286 	EXP 	text_no_resp: autoDraw = False
24.7480 	EXP 	text_no_resp: autoDraw = False
24.7639 	EXP 	text_no_resp: autoDraw = False
24.7793 	EXP 	text_no_resp: autoDraw = False
24.7977 	EXP 	text_no_resp: autoDraw = False
24.8120 	EXP 	text_no_resp: autoDraw = False
24.8289 	EXP 	text_no_resp: autoDraw = False
24.8448 	EXP 	text_no_resp: autoDraw = False
24.8619 	EXP 	text_no_resp: autoDraw = False
24.8790 	EXP 	text_no_resp: autoDraw = False
24.8954 	EXP 	text_no_resp: autoDraw = False
24.9122 	EXP 	text_no_resp: autoDraw = False
24.9290 	EXP 	text_no_resp: autoDraw = False
24.9454 	EXP 	text_no_resp: autoDraw = False
24.9618 	EXP 	text_no_resp: autoDraw = False
24.9785 	EXP 	text_no_resp: autoDraw = False
24.9953 	EXP 	text_no_resp: autoDraw = False
25.0110 	EXP 	text_no_resp: autoDraw = False
25.0277 	EXP 	text_no_resp: autoDraw = False
25.0442 	EXP 	text_no_resp: autoDraw = False
25.0612 	EXP 	text_no_resp: autoDraw = False
25.0777 	EXP 	text_no_resp: autoDraw = False
25.0947 	EXP 	text_no_resp: autoDraw = False
25.1117 	EXP 	text_no_resp: autoDraw = False
25.1278 	EXP 	text_no_resp: autoDraw = False
25.1441 	EXP 	text_no_resp: autoDraw = False
25.1607 	EXP 	text_no_resp: autoDraw = False
25.1779 	EXP 	text_no_resp: autoDraw = False
25.1972 	EXP 	text_no_resp: autoDraw = False
25.2116 	EXP 	text_no_resp: autoDraw = False
25.2286 	EXP 	text_no_resp: autoDraw = False
25.2450 	EXP 	text_no_resp: autoDraw = False
25.2610 	EXP 	text_no_resp: autoDraw = False
25.2775 	EXP 	text_no_resp: autoDraw = False
25.2944 	EXP 	text_no_resp: autoDraw = False
25.3138 	EXP 	text_no_resp: autoDraw = False
25.3301 	EXP 	text_no_resp: autoDraw = False
25.3452 	EXP 	text_no_resp: autoDraw = False
25.3622 	EXP 	text_no_resp: autoDraw = False
25.3784 	EXP 	text_no_resp: autoDraw = False
25.3954 	EXP 	text_no_resp: autoDraw = False
25.4122 	EXP 	text_no_resp: autoDraw = False
25.4285 	EXP 	text_no_resp: autoDraw = False
25.4450 	EXP 	text_no_resp: autoDraw = False
25.4616 	EXP 	text_no_resp: autoDraw = False
25.4790 	EXP 	text_no_resp: autoDraw = False
25.4952 	EXP 	text_no_resp: autoDraw = False
25.5123 	EXP 	text_no_resp: autoDraw = False
25.5289 	EXP 	text_no_resp: autoDraw = False
25.5452 	EXP 	text_no_resp: autoDraw = False
25.5619 	EXP 	text_no_resp: autoDraw = False
25.5785 	EXP 	text_no_resp: autoDraw = False
25.5948 	EXP 	text_no_resp: autoDraw = False
25.6113 	EXP 	text_no_resp: autoDraw = False
25.6287 	EXP 	text_no_resp: autoDraw = False
25.6450 	EXP 	text_no_resp: autoDraw = False
25.6626 	EXP 	text_no_resp: autoDraw = False
25.6782 	EXP 	text_no_resp: autoDraw = False
25.6964 	EXP 	text_no_resp: autoDraw = False
25.7126 	EXP 	text_no_resp: autoDraw = False
25.7283 	EXP 	text_no_resp: autoDraw = False
25.7450 	EXP 	text_no_resp: autoDraw = False
25.7619 	EXP 	text_no_resp: autoDraw = False
25.7787 	EXP 	text_no_resp: autoDraw = False
25.7954 	EXP 	text_no_resp: autoDraw = False
25.8120 	EXP 	text_no_resp: autoDraw = False
25.8292 	EXP 	text_no_resp: autoDraw = False
25.8454 	EXP 	text_no_resp: autoDraw = False
25.8621 	EXP 	text_no_resp: autoDraw = False
25.8788 	EXP 	text_no_resp: autoDraw = False
25.8949 	EXP 	text_no_resp: autoDraw = False
25.9126 	EXP 	text_no_resp: autoDraw = False
25.9282 	EXP 	text_no_resp: autoDraw = False
25.9452 	EXP 	text_no_resp: autoDraw = False
25.9613 	EXP 	text_no_resp: autoDraw = False
25.9786 	EXP 	text_no_resp: autoDraw = False
25.9953 	EXP 	text_no_resp: autoDraw = False
26.0120 	EXP 	text_no_resp: autoDraw = False
26.0285 	EXP 	text_no_resp: autoDraw = False
26.0459 	EXP 	text_no_resp: autoDraw = False
26.0618 	EXP 	text_no_resp: autoDraw = False
26.0790 	EXP 	text_no_resp: autoDraw = False
26.0956 	EXP 	text_no_resp: autoDraw = False
26.1116 	EXP 	text_no_resp: autoDraw = False
26.1282 	EXP 	text_no_resp: autoDraw = False
26.1450 	EXP 	text_no_resp: autoDraw = False
26.1616 	EXP 	text_no_resp: autoDraw = False
26.1780 	EXP 	text_no_resp: autoDraw = False
26.1951 	EXP 	text_no_resp: autoDraw = False
26.2117 	EXP 	text_no_resp: autoDraw = False
26.2281 	EXP 	text_no_resp: autoDraw = False
26.2448 	EXP 	text_no_resp: autoDraw = False
26.2626 	EXP 	text_no_resp: autoDraw = False
26.2779 	EXP 	text_no_resp: autoDraw = False
26.2950 	EXP 	text_no_resp: autoDraw = False
26.3140 	EXP 	text_no_resp: autoDraw = False
26.3186 	DATA 	Keypress: escape
26.3279 	EXP 	text_no_resp: autoDraw = False
26.3447 	EXP 	text_no_resp: autoDraw = False
26.3618 	EXP 	text_no_resp: autoDraw = False
26.3784 	EXP 	text_no_resp: autoDraw = False
26.3957 	EXP 	text_no_resp: autoDraw = False
26.4007 	EXP 	article1: status = STOPPED
26.4108 	EXP 	text_no_resp: autoDraw = False
26.4108 	EXP 	left_image: autoDraw = False
26.4108 	EXP 	right_image: autoDraw = False
26.4139 	EXP 	article1: status = STOPPED
26.4310 	INFO 	saved data to 'D:\\UT\\semester 4 - courses\\Cognitive science\\HWs\\HW1\\answer\\article1\\data/096530_article1_2024-05-27_16h17.42.953.csv'
26.4313 	INFO 	saved data to D:\UT\semester 4 - courses\Cognitive science\HWs\HW1\answer\article1\data/096530_article1_2024-05-27_16h17.42.953.psydat
26.4623 	EXP 	window1: mouseVisible = True
26.9371 	DEBUG 	Saving data for article1 ExperimentHandler
