8.6350 	DEBUG 	Fullscreen settings ignored as running in pilot mode.
8.6391 	INFO 	Loaded monitor calibration from ['2024_05_21 12:08']
9.1219 	EXP 	Created window1 = Window(allowGUI=True, allowStencil=True, autoLog=True, backendConf=UNKNOWN, backgroundFit=<method-wrapper '__getattribute__' of attributeSetter object at 0x000002D63E65DB50>, backgroundImage=<method-wrapper '__getattribute__' of attributeSetter object at 0x000002D63E65DAF0>, bitsMode=UNKNOWN, blendMode='avg', bpc=(8, 8, 8), color=array([1, 1, 1]), colorSpace='rgb', depthBits=8, fullscr=<method-wrapper '__getattribute__' of attributeSetter object at 0x000002D63E65D940>, gamma=None, gammaErrorPolicy='raise', infoMsg=UNKNOWN, lms=UNKNOWN, monitor=<psychopy.monitors.calibTools.Monitor object at 0x000002D63E9F97C0>, multiSample=False, name='window1', numSamples=2, pos=[560.0, 240.0], screen=0, size=array([800, 600]), stencilBits=8, stereo=False, title='PsychoPy', units='height', useFBO=True, useRetina=False, viewOri=0.0, viewPos=None, viewScale=None, waitBlanking=True, winType='pyglet')
9.1222 	EXP 	window1: mouseVisible = True
9.1222 	EXP 	window1: backgroundImage = ''
9.1222 	EXP 	window1: backgroundFit = 'none'
9.1225 	EXP 	window1: mouseVisible = True
9.1229 	EXP 	window1: mouseVisible = True
9.1276 	EXP 	window1: mouseVisible = True
9.1293 	EXP 	window1: mouseVisible = True
9.1397 	DEBUG 	TextBox2 loaded 1 chars with 0 blanks and 1 valid
9.1415 	DEBUG 	TextBox2 loaded 1 chars with 0 blanks and 1 valid
9.1432 	DEBUG 	TextBox2 loaded 1 chars with 0 blanks and 1 valid
9.1451 	DEBUG 	TextBox2 loaded 1 chars with 0 blanks and 1 valid
9.1468 	DEBUG 	TextBox2 loaded 1 chars with 0 blanks and 1 valid
9.1479 	DEBUG 	TextBox2 loaded 1 chars with 0 blanks and 1 valid
9.1493 	DEBUG 	TextBox2 loaded 1 chars with 0 blanks and 1 valid
9.1508 	DEBUG 	TextBox2 loaded 1 chars with 0 blanks and 1 valid
9.1517 	DEBUG 	TextBox2 loaded 1 chars with 0 blanks and 1 valid
9.1526 	DEBUG 	TextBox2 loaded 1 chars with 0 blanks and 1 valid
9.1539 	DEBUG 	TextBox2 loaded 1 chars with 0 blanks and 1 valid
9.1551 	DEBUG 	TextBox2 loaded 1 chars with 0 blanks and 1 valid
9.1564 	DEBUG 	TextBox2 loaded 1 chars with 0 blanks and 1 valid
9.1579 	DEBUG 	TextBox2 loaded 1 chars with 0 blanks and 1 valid
9.1594 	DEBUG 	TextBox2 loaded 1 chars with 0 blanks and 1 valid
9.1610 	DEBUG 	TextBox2 loaded 1 chars with 0 blanks and 1 valid
9.1630 	DEBUG 	TextBox2 loaded 1 chars with 0 blanks and 1 valid
9.1644 	DEBUG 	TextBox2 loaded 1 chars with 0 blanks and 1 valid
9.1658 	DEBUG 	TextBox2 loaded 1 chars with 0 blanks and 1 valid
9.1677 	DEBUG 	TextBox2 loaded 1 chars with 0 blanks and 1 valid
9.1689 	DEBUG 	TextBox2 loaded 1 chars with 0 blanks and 1 valid
9.1693 	DEBUG 	Uploading Texture Font fontname to graphics card
9.1831 	DEBUG 	Upload of Texture Font fontname complete
9.1865 	EXP 	window1: mouseVisible = True
9.1869 	EXP 	window1: mouseVisible = True
9.1881 	EXP 	window1: mouseVisible = True
9.1887 	EXP 	window1: mouseVisible = True
9.1944 	DEBUG 	TextBox2 loaded 1 chars with 0 blanks and 1 valid
9.1962 	DEBUG 	TextBox2 loaded 1 chars with 0 blanks and 1 valid
9.1979 	DEBUG 	TextBox2 loaded 1 chars with 0 blanks and 1 valid
9.1982 	DEBUG 	Uploading Texture Font fontname to graphics card
9.2077 	DEBUG 	Upload of Texture Font fontname complete
9.2124 	EXP 	window1: Attempting to measure frame rate of screen (0) ...
9.2125 	EXP 	window1: recordFrameIntervals = False
9.4139 	EXP 	window1: recordFrameIntervals = True
9.6939 	WARNING 	t of last frame was 25.53ms (=1/39)
9.8808 	EXP 	Screen (0) actual frame rate measured at 59.97Hz
9.8809 	EXP 	window1: recordFrameIntervals = False
9.8810 	EXP 	window1: mouseVisible = False
9.8820 	EXP 	window1: mouseVisible = True
9.8825 	EXP 	window1: mouseVisible = True
9.8837 	EXP 	window1: mouseVisible = True
9.8849 	EXP 	window1: mouseVisible = True
9.8923 	DEBUG 	TextBox2 loaded 1 chars with 0 blanks and 1 valid
9.8942 	DEBUG 	TextBox2 loaded 1 chars with 0 blanks and 1 valid
9.8972 	DEBUG 	TextBox2 loaded 1 chars with 0 blanks and 1 valid
9.9002 	DEBUG 	TextBox2 loaded 1 chars with 0 blanks and 1 valid
9.9028 	DEBUG 	TextBox2 loaded 1 chars with 0 blanks and 1 valid
9.9051 	DEBUG 	TextBox2 loaded 1 chars with 0 blanks and 1 valid
9.9068 	DEBUG 	TextBox2 loaded 1 chars with 0 blanks and 1 valid
9.9090 	DEBUG 	TextBox2 loaded 1 chars with 0 blanks and 1 valid
9.9118 	DEBUG 	TextBox2 loaded 1 chars with 0 blanks and 1 valid
9.9140 	DEBUG 	TextBox2 loaded 1 chars with 0 blanks and 1 valid
9.9145 	DEBUG 	Uploading Texture Font fontname to graphics card
9.9155 	DEBUG 	Upload of Texture Font fontname complete
9.9178 	EXP 	window1: mouseVisible = True
9.9180 	EXP 	window1: mouseVisible = True
9.9188 	EXP 	window1: mouseVisible = True
9.9195 	EXP 	window1: mouseVisible = True
9.9858 	WARNING 	launchHubServer: If using the iohub mouse or eyetracker devices, fullScr should be True.
14.3097 	INFO 	keyboard.Keyboard is using iohub backend.
14.3098 	INFO 	keyboard.Keyboard is using iohub backend.
14.3098 	INFO 	keyboard.Keyboard is using iohub backend.
14.3099 	EXP 	article1: status = STARTED
14.3103 	EXP 	window1: mouseVisible = True
14.4757 	EXP 	Created text1 = TextStim(__class__=<class 'psychopy.visual.text.TextStim'>, alignHoriz=method-wrapper(...), alignText='center', alignVert=method-wrapper(...), anchorHoriz='center', anchorVert='center', antialias=True, autoDraw=False, autoLog=True, bold=False, color=array([-1., -1., -1.]), colorSpace='rgb', contrast=1.0, depth=0.0, draggable=False, flipHoriz=False, flipVert=False, font='Arial', fontFiles=[], height=0.05, italic=False, languageStyle='Arabic', name='text1', opacity=1.0, ori=0.0, pos=array([0., 0.]), rgb=UNKNOWN, text=str(...), units='height', win=Window(...), wrapWidth=1)
14.4759 	EXP 	window1: mouseVisible = True
14.4782 	EXP 	Created fixation1 = ShapeStim(__class__=<class 'psychopy.visual.shape.ShapeStim'>, anchor=('center', 'center'), autoDraw=False, autoLog=True, closeShape=True, color=method-wrapper(...), colorSpace='rgb', contrast=None, depth=0.0, draggable=False, fillColor=array([-1, -1, -1]), fillColorSpace='rgb', fillRGB=array([-1, -1, -1]), interpolate=True, lineColor=array([-1., -1., -1.]), lineColorSpace='rgb', lineRGB=array([-1., -1., -1.]), lineWidth=0.08, name='fixation1', opacity=1.0, ori=0.0, pos=array([0., 0.]), size=array([0.03, 0.06]), units='norm', vertices=ndarray(...), win=Window(...), windingRule=None)
14.4783 	EXP 	window1: mouseVisible = True
14.4841 	EXP 	Created left_image = ImageStim(__class__=<class 'psychopy.visual.image.ImageStim'>, anchor=('center', 'center'), autoLog=True, color=array([1., 1., 1.]), colorSpace='rgb', contrast=1.0, depth=-1.0, draggable=False, flipHoriz=False, flipVert=False, image='default.png', interpolate=True, mask=None, maskParams=None, name='left_image', opacity=1.0, ori=0.0, pos=array([-0.5,  0. ]), size=array([0.5, 0.5]), texRes=128.0, units='height', win=Window(...))
14.4842 	EXP 	window1: mouseVisible = True
14.4886 	EXP 	Created right_image = ImageStim(__class__=<class 'psychopy.visual.image.ImageStim'>, anchor=('center', 'center'), autoLog=True, color=array([1., 1., 1.]), colorSpace='rgb', contrast=1.0, depth=-2.0, draggable=False, flipHoriz=False, flipVert=False, image='default.png', interpolate=True, mask=None, maskParams=None, name='right_image', opacity=1.0, ori=0.0, pos=array([0.5, 0. ]), size=array([0.5, 0.5]), texRes=128.0, units='height', win=Window(...))
14.4888 	EXP 	window1: mouseVisible = True
14.4902 	EXP 	Created polygon = Rect(__class__=<class 'psychopy.visual.rect.Rect'>, anchor=('center', 'center'), autoDraw=False, autoLog=True, closeShape=True, color=method-wrapper(...), colorSpace='rgb', contrast=None, depth=-5.0, draggable=False, fillColor=array([0., 0., 0.]), fillColorSpace='rgb', fillRGB=array([0., 0., 0.]), interpolate=True, lineColor=array([-0.5765,  0.0039,  1.    ]), lineColorSpace='rgb', lineRGB=array([-0.5765,  0.0039,  1.    ]), lineWidth=20.0, name='polygon', opacity=0.3, ori=0.0, pos=array([0., 0.]), size=array([0.5, 0.5]), units='height', vertices=ndarray(...), win=Window(...))
14.4904 	EXP 	window1: mouseVisible = True
14.4907 	EXP 	window1: mouseVisible = True
14.4915 	EXP 	window1: mouseVisible = True
14.4920 	EXP 	window1: mouseVisible = True
14.4969 	EXP 	window1: mouseVisible = True
14.4971 	EXP 	window1: mouseVisible = True
14.4977 	EXP 	window1: mouseVisible = True
14.4982 	EXP 	window1: mouseVisible = True
14.5047 	DEBUG 	TextBox2 loaded 1 chars with 0 blanks and 1 valid
14.5077 	DEBUG 	TextBox2 loaded 1 chars with 0 blanks and 1 valid
14.5105 	DEBUG 	TextBox2 loaded 1 chars with 0 blanks and 1 valid
14.5132 	DEBUG 	TextBox2 loaded 1 chars with 0 blanks and 1 valid
14.5155 	DEBUG 	TextBox2 loaded 1 chars with 0 blanks and 1 valid
14.5180 	DEBUG 	TextBox2 loaded 1 chars with 0 blanks and 1 valid
14.5212 	DEBUG 	TextBox2 loaded 1 chars with 0 blanks and 1 valid
14.5246 	DEBUG 	TextBox2 loaded 1 chars with 0 blanks and 1 valid
14.5272 	DEBUG 	TextBox2 loaded 1 chars with 0 blanks and 1 valid
14.5276 	DEBUG 	Uploading Texture Font fontname to graphics card
14.5295 	DEBUG 	Upload of Texture Font fontname complete
14.5316 	EXP 	window1: mouseVisible = True
14.5319 	EXP 	window1: mouseVisible = True
14.5331 	EXP 	window1: mouseVisible = True
14.5343 	EXP 	window1: mouseVisible = True
14.5416 	EXP 	window1: mouseVisible = True
14.5418 	EXP 	window1: mouseVisible = True
14.5429 	EXP 	window1: mouseVisible = True
14.5438 	EXP 	window1: mouseVisible = True
14.5509 	EXP 	window1: mouseVisible = True
14.5528 	EXP 	Created text_no_resp = TextStim(__class__=<class 'psychopy.visual.text.TextStim'>, alignHoriz=method-wrapper(...), alignText='center', alignVert=method-wrapper(...), anchorHoriz='center', anchorVert='center', antialias=True, autoDraw=False, autoLog=True, bold=False, color=array([-1., -1., -1.]), colorSpace='rgb', contrast=1.0, depth=-8.0, draggable=False, flipHoriz=False, flipVert=False, font='Arial', fontFiles=[], height=0.05, italic=False, languageStyle='Arabic', name='text_no_resp', opacity=1.0, ori=0.0, pos=array([0., 0.]), rgb=UNKNOWN, text='', units='height', win=Window(...), wrapWidth=1)
0.0388 	EXP 	left_learning_reward: autoLog = True
0.0388 	EXP 	right_learning_reward: autoLog = True
0.0885 	INFO 	Keyboard events cleared
0.0878 	EXP 	text1: autoDraw = True
2.6686 	EXP 	Created sequence: random, trialTypes=1, nReps=20, seed=None
2.6689 	EXP 	New trial (rep=0, index=0): None
2.6725 	DATA 	Keypress: space
2.6913 	EXP 	text1: autoDraw = False
2.6913 	EXP 	fixation1: autoDraw = True
3.6798 	EXP 	window1: backgroundImage = ''
3.6798 	EXP 	window1: backgroundFit = 'none'
3.8334 	DEBUG 	TextBox2 loaded 1 chars with 0 blanks and 1 valid
3.8364 	DEBUG 	TextBox2 loaded 1 chars with 0 blanks and 1 valid
3.8396 	DEBUG 	TextBox2 loaded 1 chars with 0 blanks and 1 valid
3.8425 	DEBUG 	TextBox2 loaded 1 chars with 0 blanks and 1 valid
3.8448 	DEBUG 	TextBox2 loaded 1 chars with 0 blanks and 1 valid
3.8478 	DEBUG 	TextBox2 loaded 1 chars with 0 blanks and 1 valid
3.8505 	DEBUG 	TextBox2 loaded 1 chars with 0 blanks and 1 valid
3.8509 	DEBUG 	Uploading Texture Font fontname to graphics card
3.8597 	DEBUG 	Upload of Texture Font fontname complete
3.8669 	DEBUG 	TextBox2 loaded 1 chars with 0 blanks and 1 valid
3.8732 	DEBUG 	TextBox2 loaded 1 chars with 0 blanks and 1 valid
3.8741 	DEBUG 	Uploading Texture Font fontname to graphics card
3.8755 	DEBUG 	Upload of Texture Font fontname complete
3.9370 	EXP 	window1: mouseVisible = True
3.9696 	DEBUG 	Saving data for article1 ExperimentHandler
3.9706 	INFO 	saved data to D:\UT\semester 4 - courses\Cognitive science\HWs\HW1\answer\article1\data/118582_article1_2024-05-27_14h29.37.515.psydat
3.9717 	INFO 	saved data to 'D:\\UT\\semester 4 - courses\\Cognitive science\\HWs\\HW1\\answer\\article1\\data/118582_article1_2024-05-27_14h29.37.515.csv'
