12.5927 	DEBUG 	Fullscreen settings ignored as running in pilot mode.
12.5937 	INFO 	Loaded monitor calibration from ['2024_05_21 12:08']
12.7476 	EXP 	Created window1 = Window(allowGUI=True, allowStencil=True, autoLog=True, backendConf=UNKNOWN, backgroundFit=<method-wrapper '__getattribute__' of attributeSetter object at 0x000001F3908DDB50>, backgroundImage=<method-wrapper '__getattribute__' of attributeSetter object at 0x000001F3908DDAF0>, bitsMode=UNKNOWN, blendMode='avg', bpc=(8, 8, 8), color=array([1, 1, 1]), colorSpace='rgb', depthBits=8, fullscr=<method-wrapper '__getattribute__' of attributeSetter object at 0x000001F3908DD940>, gamma=None, gammaErrorPolicy='raise', infoMsg=UNKNOWN, lms=UNKNOWN, monitor=<psychopy.monitors.calibTools.Monitor object at 0x000001F390C687C0>, multiSample=False, name='window1', numSamples=2, pos=[560.0, 240.0], screen=0, size=array([800, 600]), stencilBits=8, stereo=False, title='PsychoPy', units='height', useFBO=True, useRetina=False, viewOri=0.0, viewPos=None, viewScale=None, waitBlanking=True, winType='pyglet')
12.7477 	EXP 	window1: mouseVisible = True
12.7477 	EXP 	window1: backgroundImage = ''
12.7477 	EXP 	window1: backgroundFit = 'none'
12.7478 	EXP 	window1: mouseVisible = True
12.7480 	EXP 	window1: mouseVisible = True
12.7498 	EXP 	window1: mouseVisible = True
12.7503 	EXP 	window1: mouseVisible = True
12.7540 	DEBUG 	TextBox2 loaded 1 chars with 0 blanks and 1 valid
12.7549 	DEBUG 	TextBox2 loaded 1 chars with 0 blanks and 1 valid
12.7557 	DEBUG 	TextBox2 loaded 1 chars with 0 blanks and 1 valid
12.7565 	DEBUG 	TextBox2 loaded 1 chars with 0 blanks and 1 valid
12.7574 	DEBUG 	TextBox2 loaded 1 chars with 0 blanks and 1 valid
12.7580 	DEBUG 	TextBox2 loaded 1 chars with 0 blanks and 1 valid
12.7587 	DEBUG 	TextBox2 loaded 1 chars with 0 blanks and 1 valid
12.7596 	DEBUG 	TextBox2 loaded 1 chars with 0 blanks and 1 valid
12.7604 	DEBUG 	TextBox2 loaded 1 chars with 0 blanks and 1 valid
12.7610 	DEBUG 	TextBox2 loaded 1 chars with 0 blanks and 1 valid
12.7618 	DEBUG 	TextBox2 loaded 1 chars with 0 blanks and 1 valid
12.7627 	DEBUG 	TextBox2 loaded 1 chars with 0 blanks and 1 valid
12.7635 	DEBUG 	TextBox2 loaded 1 chars with 0 blanks and 1 valid
12.7643 	DEBUG 	TextBox2 loaded 1 chars with 0 blanks and 1 valid
12.7650 	DEBUG 	TextBox2 loaded 1 chars with 0 blanks and 1 valid
12.7658 	DEBUG 	TextBox2 loaded 1 chars with 0 blanks and 1 valid
12.7665 	DEBUG 	TextBox2 loaded 1 chars with 0 blanks and 1 valid
12.7670 	DEBUG 	TextBox2 loaded 1 chars with 0 blanks and 1 valid
12.7676 	DEBUG 	TextBox2 loaded 1 chars with 0 blanks and 1 valid
12.7684 	DEBUG 	TextBox2 loaded 1 chars with 0 blanks and 1 valid
12.7690 	DEBUG 	TextBox2 loaded 1 chars with 0 blanks and 1 valid
12.7693 	DEBUG 	Uploading Texture Font fontname to graphics card
12.7728 	DEBUG 	Upload of Texture Font fontname complete
12.7740 	EXP 	window1: mouseVisible = True
12.7742 	EXP 	window1: mouseVisible = True
12.7750 	EXP 	window1: mouseVisible = True
12.7755 	EXP 	window1: mouseVisible = True
12.7819 	DEBUG 	TextBox2 loaded 1 chars with 0 blanks and 1 valid
12.7832 	DEBUG 	TextBox2 loaded 1 chars with 0 blanks and 1 valid
12.7842 	DEBUG 	TextBox2 loaded 1 chars with 0 blanks and 1 valid
12.7844 	DEBUG 	Uploading Texture Font fontname to graphics card
12.7871 	DEBUG 	Upload of Texture Font fontname complete
12.7885 	EXP 	window1: Attempting to measure frame rate of screen (0) ...
12.7885 	EXP 	window1: recordFrameIntervals = False
12.9628 	EXP 	window1: recordFrameIntervals = True
13.4635 	EXP 	Screen (0) actual frame rate measured at 60.38Hz
13.4635 	EXP 	window1: recordFrameIntervals = False
13.4636 	EXP 	window1: mouseVisible = False
13.4643 	EXP 	window1: mouseVisible = True
13.4645 	EXP 	window1: mouseVisible = True
13.4655 	EXP 	window1: mouseVisible = True
13.4662 	EXP 	window1: mouseVisible = True
13.4708 	DEBUG 	TextBox2 loaded 1 chars with 0 blanks and 1 valid
13.4716 	DEBUG 	TextBox2 loaded 1 chars with 0 blanks and 1 valid
13.4725 	DEBUG 	TextBox2 loaded 1 chars with 0 blanks and 1 valid
13.4734 	DEBUG 	TextBox2 loaded 1 chars with 0 blanks and 1 valid
13.4744 	DEBUG 	TextBox2 loaded 1 chars with 0 blanks and 1 valid
13.4755 	DEBUG 	TextBox2 loaded 1 chars with 0 blanks and 1 valid
13.4764 	DEBUG 	TextBox2 loaded 1 chars with 0 blanks and 1 valid
13.4773 	DEBUG 	TextBox2 loaded 1 chars with 0 blanks and 1 valid
13.4782 	DEBUG 	TextBox2 loaded 1 chars with 0 blanks and 1 valid
13.4791 	DEBUG 	TextBox2 loaded 1 chars with 0 blanks and 1 valid
13.4794 	DEBUG 	Uploading Texture Font fontname to graphics card
13.4800 	DEBUG 	Upload of Texture Font fontname complete
13.4811 	EXP 	window1: mouseVisible = True
13.4812 	EXP 	window1: mouseVisible = True
13.4815 	EXP 	window1: mouseVisible = True
13.4818 	EXP 	window1: mouseVisible = True
13.5158 	WARNING 	launchHubServer: If using the iohub mouse or eyetracker devices, fullScr should be True.
15.5795 	INFO 	keyboard.Keyboard is using iohub backend.
15.5796 	INFO 	keyboard.Keyboard is using iohub backend.
15.5796 	INFO 	keyboard.Keyboard is using iohub backend.
15.5796 	EXP 	article1: status = STARTED
15.5798 	EXP 	window1: mouseVisible = True
15.6392 	EXP 	Created text1 = TextStim(__class__=<class 'psychopy.visual.text.TextStim'>, alignHoriz=method-wrapper(...), alignText='center', alignVert=method-wrapper(...), anchorHoriz='center', anchorVert='center', antialias=True, autoDraw=False, autoLog=True, bold=False, color=array([-1., -1., -1.]), colorSpace='rgb', contrast=1.0, depth=0.0, draggable=False, flipHoriz=False, flipVert=False, font='Arial', fontFiles=[], height=0.05, italic=False, languageStyle='Arabic', name='text1', opacity=1.0, ori=0.0, pos=array([0., 0.]), rgb=UNKNOWN, text=str(...), units='height', win=Window(...), wrapWidth=1)
15.6393 	EXP 	window1: mouseVisible = True
15.6406 	EXP 	Created fixation1 = ShapeStim(__class__=<class 'psychopy.visual.shape.ShapeStim'>, anchor=('center', 'center'), autoDraw=False, autoLog=True, closeShape=True, color=method-wrapper(...), colorSpace='rgb', contrast=None, depth=0.0, draggable=False, fillColor=array([-1, -1, -1]), fillColorSpace='rgb', fillRGB=array([-1, -1, -1]), interpolate=True, lineColor=array([-1., -1., -1.]), lineColorSpace='rgb', lineRGB=array([-1., -1., -1.]), lineWidth=0.08, name='fixation1', opacity=1.0, ori=0.0, pos=array([0., 0.]), size=array([0.03, 0.06]), units='norm', vertices=ndarray(...), win=Window(...), windingRule=None)
15.6407 	EXP 	window1: mouseVisible = True
15.6437 	EXP 	Created left_image = ImageStim(__class__=<class 'psychopy.visual.image.ImageStim'>, anchor=('center', 'center'), autoLog=True, color=array([1., 1., 1.]), colorSpace='rgb', contrast=1.0, depth=-1.0, draggable=False, flipHoriz=False, flipVert=False, image='default.png', interpolate=True, mask=None, maskParams=None, name='left_image', opacity=1.0, ori=0.0, pos=array([-0.5,  0. ]), size=array([0.5, 0.5]), texRes=128.0, units='height', win=Window(...))
15.6437 	EXP 	window1: mouseVisible = True
15.6460 	EXP 	Created right_image = ImageStim(__class__=<class 'psychopy.visual.image.ImageStim'>, anchor=('center', 'center'), autoLog=True, color=array([1., 1., 1.]), colorSpace='rgb', contrast=1.0, depth=-2.0, draggable=False, flipHoriz=False, flipVert=False, image='default.png', interpolate=True, mask=None, maskParams=None, name='right_image', opacity=1.0, ori=0.0, pos=array([0.5, 0. ]), size=array([0.5, 0.5]), texRes=128.0, units='height', win=Window(...))
15.6461 	EXP 	window1: mouseVisible = True
15.6467 	EXP 	Created polygon = Rect(__class__=<class 'psychopy.visual.rect.Rect'>, anchor=('center', 'center'), autoDraw=False, autoLog=True, closeShape=True, color=method-wrapper(...), colorSpace='rgb', contrast=None, depth=-5.0, draggable=False, fillColor=array([0., 0., 0.]), fillColorSpace='rgb', fillRGB=array([0., 0., 0.]), interpolate=True, lineColor=array([-0.5765,  0.0039,  1.    ]), lineColorSpace='rgb', lineRGB=array([-0.5765,  0.0039,  1.    ]), lineWidth=20.0, name='polygon', opacity=0.3, ori=0.0, pos=array([0., 0.]), size=array([0.5, 0.5]), units='height', vertices=ndarray(...), win=Window(...))
15.6468 	EXP 	window1: mouseVisible = True
15.6469 	EXP 	window1: mouseVisible = True
15.6472 	EXP 	window1: mouseVisible = True
15.6475 	EXP 	window1: mouseVisible = True
15.6501 	EXP 	window1: mouseVisible = True
15.6502 	EXP 	window1: mouseVisible = True
15.6505 	EXP 	window1: mouseVisible = True
15.6508 	EXP 	window1: mouseVisible = True
15.6531 	DEBUG 	TextBox2 loaded 1 chars with 0 blanks and 1 valid
15.6538 	DEBUG 	TextBox2 loaded 1 chars with 0 blanks and 1 valid
15.6546 	DEBUG 	TextBox2 loaded 1 chars with 0 blanks and 1 valid
15.6553 	DEBUG 	TextBox2 loaded 1 chars with 0 blanks and 1 valid
15.6559 	DEBUG 	TextBox2 loaded 1 chars with 0 blanks and 1 valid
15.6564 	DEBUG 	TextBox2 loaded 1 chars with 0 blanks and 1 valid
15.6573 	DEBUG 	TextBox2 loaded 1 chars with 0 blanks and 1 valid
15.6580 	DEBUG 	TextBox2 loaded 1 chars with 0 blanks and 1 valid
15.6585 	DEBUG 	TextBox2 loaded 1 chars with 0 blanks and 1 valid
15.6587 	DEBUG 	Uploading Texture Font fontname to graphics card
15.6595 	DEBUG 	Upload of Texture Font fontname complete
15.6602 	EXP 	window1: mouseVisible = True
15.6603 	EXP 	window1: mouseVisible = True
15.6607 	EXP 	window1: mouseVisible = True
15.6610 	EXP 	window1: mouseVisible = True
15.6632 	EXP 	window1: mouseVisible = True
15.6633 	EXP 	window1: mouseVisible = True
15.6636 	EXP 	window1: mouseVisible = True
15.6639 	EXP 	window1: mouseVisible = True
15.6660 	EXP 	window1: mouseVisible = True
15.6692 	EXP 	Created text_no_resp = TextStim(__class__=<class 'psychopy.visual.text.TextStim'>, alignHoriz=method-wrapper(...), alignText='center', alignVert=method-wrapper(...), anchorHoriz='center', anchorVert='center', antialias=True, autoDraw=False, autoLog=True, bold=False, color=array([-1., -1., -1.]), colorSpace='rgb', contrast=1.0, depth=-8.0, draggable=False, flipHoriz=False, flipVert=False, font='Arial', fontFiles=[], height=0.05, italic=False, languageStyle='Arabic', name='text_no_resp', opacity=1.0, ori=0.0, pos=array([0., 0.]), rgb=UNKNOWN, text='.ﺪﺸﻧ ﺖﻓﺎﯾﺭﺩ ﯽﺨﺳﺎﭘ', units='height', win=Window(...), wrapWidth=1)
0.0103 	EXP 	left_learning_reward: autoLog = True
0.0103 	EXP 	right_learning_reward: autoLog = True
0.0353 	INFO 	Keyboard events cleared
0.0349 	EXP 	text1: autoDraw = True
2.5777 	EXP 	Created sequence: random, trialTypes=1, nReps=20, seed=None
2.5778 	EXP 	New trial (rep=0, index=0): None
2.5791 	DATA 	Keypress: space
2.5907 	EXP 	text1: autoDraw = False
2.5907 	EXP 	fixation1: autoDraw = True
3.5759 	EXP 	window1: backgroundImage = ''
3.5759 	EXP 	window1: backgroundFit = 'none'
3.6517 	DEBUG 	TextBox2 loaded 1 chars with 0 blanks and 1 valid
3.6529 	DEBUG 	TextBox2 loaded 1 chars with 0 blanks and 1 valid
3.6540 	DEBUG 	TextBox2 loaded 1 chars with 0 blanks and 1 valid
3.6549 	DEBUG 	TextBox2 loaded 1 chars with 0 blanks and 1 valid
3.6555 	DEBUG 	TextBox2 loaded 1 chars with 0 blanks and 1 valid
3.6563 	DEBUG 	TextBox2 loaded 1 chars with 0 blanks and 1 valid
3.6571 	DEBUG 	TextBox2 loaded 1 chars with 0 blanks and 1 valid
3.6573 	DEBUG 	Uploading Texture Font fontname to graphics card
3.6608 	DEBUG 	Upload of Texture Font fontname complete
3.6629 	DEBUG 	TextBox2 loaded 1 chars with 0 blanks and 1 valid
3.6631 	DEBUG 	Uploading Texture Font fontname to graphics card
3.6657 	DEBUG 	Upload of Texture Font fontname complete
3.6983 	INFO 	Keyboard events cleared
3.6979 	EXP 	fixation1: autoDraw = False
3.6979 	EXP 	fixation1: autoDraw = False
3.6979 	EXP 	left_image: image = '1.jpg'
3.6979 	EXP 	right_image: image = '2.jpg'
3.6979 	EXP 	left_image: autoDraw = True
3.6979 	EXP 	right_image: autoDraw = True
3.6979 	EXP 	text_no_resp: autoDraw = True
4.7081 	EXP 	text_no_resp: autoDraw = False
7.5912 	EXP 	polygon: autoDraw = True
7.5912 	EXP 	left_learning_reward: autoDraw = True
7.5912 	EXP 	right_learning_reward: autoDraw = True
8.5914 	EXP 	polygon: autoDraw = False
8.5914 	EXP 	left_learning_reward: autoDraw = False
8.5914 	EXP 	right_learning_reward: autoDraw = False
8.6970 	DEBUG 	Fullscreen settings ignored as running in pilot mode.
8.6975 	EXP 	window1: backgroundImage = ''
8.6976 	EXP 	window1: backgroundFit = 'none'
8.6976 	EXP 	window1: units = 'height'
8.6991 	EXP 	window1: Attempting to measure frame rate of screen (0) ...
8.6992 	EXP 	window1: recordFrameIntervals = False
8.7075 	EXP 	left_image: autoDraw = False
8.7075 	EXP 	right_image: autoDraw = False
8.7075 	EXP 	left_image: autoDraw = False
8.7075 	EXP 	right_image: autoDraw = False
8.7075 	EXP 	polygon: autoDraw = False
8.7075 	EXP 	left_learning_reward: autoDraw = False
8.7075 	EXP 	right_learning_reward: autoDraw = False
8.7075 	EXP 	text_no_resp: autoDraw = False
8.8601 	EXP 	window1: recordFrameIntervals = True
9.0459 	EXP 	Screen (0) actual frame rate measured at 59.66Hz
9.0459 	EXP 	window1: recordFrameIntervals = False
9.0461 	EXP 	window1: mouseVisible = False
9.0469 	EXP 	New trial (rep=1, index=0): None
9.0579 	EXP 	fixation1: autoDraw = True
10.0443 	EXP 	window1: backgroundImage = ''
10.0444 	EXP 	window1: backgroundFit = 'none'
10.0902 	DEBUG 	TextBox2 loaded 1 chars with 0 blanks and 1 valid
10.0904 	DEBUG 	Uploading Texture Font fontname to graphics card
10.0911 	DEBUG 	Upload of Texture Font fontname complete
10.0922 	DEBUG 	TextBox2 loaded 1 chars with 0 blanks and 1 valid
10.0924 	DEBUG 	Uploading Texture Font fontname to graphics card
10.0930 	DEBUG 	Upload of Texture Font fontname complete
10.1136 	INFO 	Keyboard events cleared
10.1122 	EXP 	fixation1: autoDraw = False
10.1122 	EXP 	fixation1: autoDraw = False
10.1122 	EXP 	left_image: image = '3.jpg'
10.1122 	EXP 	right_image: image = '4.jpg'
10.1122 	EXP 	left_image: autoDraw = True
10.1122 	EXP 	right_image: autoDraw = True
10.1122 	EXP 	text_no_resp: autoDraw = True
11.1247 	EXP 	text_no_resp: autoDraw = False
14.0575 	EXP 	polygon: autoDraw = True
14.0575 	EXP 	left_learning_reward: autoDraw = True
14.0575 	EXP 	right_learning_reward: autoDraw = True
15.0578 	EXP 	polygon: autoDraw = False
15.0578 	EXP 	left_learning_reward: autoDraw = False
15.0578 	EXP 	right_learning_reward: autoDraw = False
15.1134 	DEBUG 	Fullscreen settings ignored as running in pilot mode.
15.1140 	EXP 	window1: backgroundImage = ''
15.1140 	EXP 	window1: backgroundFit = 'none'
15.1140 	EXP 	window1: units = 'height'
15.1156 	EXP 	window1: Attempting to measure frame rate of screen (0) ...
15.1156 	EXP 	window1: recordFrameIntervals = False
15.1245 	EXP 	left_image: autoDraw = False
15.1245 	EXP 	right_image: autoDraw = False
15.1245 	EXP 	left_image: autoDraw = False
15.1245 	EXP 	right_image: autoDraw = False
15.1245 	EXP 	polygon: autoDraw = False
15.1245 	EXP 	left_learning_reward: autoDraw = False
15.1245 	EXP 	right_learning_reward: autoDraw = False
15.1245 	EXP 	text_no_resp: autoDraw = False
15.2617 	DATA 	Keypress: escape
15.2770 	EXP 	window1: recordFrameIntervals = True
15.4616 	EXP 	Screen (0) actual frame rate measured at 59.78Hz
15.4617 	EXP 	window1: recordFrameIntervals = False
15.4617 	EXP 	window1: mouseVisible = False
15.4621 	EXP 	New trial (rep=2, index=0): None
15.4629 	EXP 	article1: status = STOPPED
15.4748 	EXP 	fixation1: autoDraw = True
15.4748 	EXP 	fixation1: autoDraw = False
15.4773 	EXP 	article1: status = STOPPED
15.4822 	INFO 	saved data to 'D:\\UT\\semester 4 - courses\\Cognitive science\\HWs\\HW1\\answer\\article1\\data/128855_article1_2024-05-27_16h31.15.852.csv'
15.4826 	INFO 	saved data to D:\UT\semester 4 - courses\Cognitive science\HWs\HW1\answer\article1\data/128855_article1_2024-05-27_16h31.15.852.psydat
15.5212 	EXP 	window1: mouseVisible = True
15.8947 	DEBUG 	Saving data for article1 ExperimentHandler
