8.0988 	DEBUG 	Fullscreen settings ignored as running in pilot mode.
8.1020 	INFO 	Loaded monitor calibration from ['2024_05_21 12:08']
8.5301 	EXP 	Created window1 = Window(allowGUI=True, allowStencil=True, autoLog=True, backendConf=UNKNOWN, backgroundFit=<method-wrapper '__getattribute__' of attributeSetter object at 0x00000174822AEB20>, backgroundImage=<method-wrapper '__getattribute__' of attributeSetter object at 0x00000174822AEAC0>, bitsMode=UNKNOWN, blendMode='avg', bpc=(8, 8, 8), color=array([1, 1, 1]), colorSpace='rgb', depthBits=8, fullscr=<method-wrapper '__getattribute__' of attributeSetter object at 0x00000174822AE910>, gamma=None, gammaErrorPolicy='raise', infoMsg=UNKNOWN, lms=UNKNOWN, monitor=<psychopy.monitors.calibTools.Monitor object at 0x0000017482697790>, multiSample=False, name='window1', numSamples=2, pos=[560.0, 240.0], screen=0, size=array([800, 600]), stencilBits=8, stereo=False, title='PsychoPy', units='height', useFBO=True, useRetina=False, viewOri=0.0, viewPos=None, viewScale=None, waitBlanking=True, winType='pyglet')
8.5308 	EXP 	window1: mouseVisible = True
8.5309 	EXP 	window1: backgroundImage = ''
8.5310 	EXP 	window1: backgroundFit = 'none'
8.5319 	EXP 	window1: mouseVisible = True
8.5329 	EXP 	window1: mouseVisible = True
8.5421 	EXP 	window1: mouseVisible = True
8.5449 	EXP 	window1: mouseVisible = True
8.5639 	DEBUG 	TextBox2 loaded 1 chars with 0 blanks and 1 valid
8.5657 	DEBUG 	TextBox2 loaded 1 chars with 0 blanks and 1 valid
8.5673 	DEBUG 	TextBox2 loaded 1 chars with 0 blanks and 1 valid
8.5689 	DEBUG 	TextBox2 loaded 1 chars with 0 blanks and 1 valid
8.5705 	DEBUG 	TextBox2 loaded 1 chars with 0 blanks and 1 valid
8.5716 	DEBUG 	TextBox2 loaded 1 chars with 0 blanks and 1 valid
8.5729 	DEBUG 	TextBox2 loaded 1 chars with 0 blanks and 1 valid
8.5744 	DEBUG 	TextBox2 loaded 1 chars with 0 blanks and 1 valid
8.5752 	DEBUG 	TextBox2 loaded 1 chars with 0 blanks and 1 valid
8.5761 	DEBUG 	TextBox2 loaded 1 chars with 0 blanks and 1 valid
8.5775 	DEBUG 	TextBox2 loaded 1 chars with 0 blanks and 1 valid
8.5788 	DEBUG 	TextBox2 loaded 1 chars with 0 blanks and 1 valid
8.5801 	DEBUG 	TextBox2 loaded 1 chars with 0 blanks and 1 valid
8.5815 	DEBUG 	TextBox2 loaded 1 chars with 0 blanks and 1 valid
8.5827 	DEBUG 	TextBox2 loaded 1 chars with 0 blanks and 1 valid
8.5841 	DEBUG 	TextBox2 loaded 1 chars with 0 blanks and 1 valid
8.5854 	DEBUG 	TextBox2 loaded 1 chars with 0 blanks and 1 valid
8.5864 	DEBUG 	TextBox2 loaded 1 chars with 0 blanks and 1 valid
8.5874 	DEBUG 	TextBox2 loaded 1 chars with 0 blanks and 1 valid
8.5890 	DEBUG 	TextBox2 loaded 1 chars with 0 blanks and 1 valid
8.5900 	DEBUG 	TextBox2 loaded 1 chars with 0 blanks and 1 valid
8.5904 	DEBUG 	Uploading Texture Font fontname to graphics card
8.6090 	DEBUG 	Upload of Texture Font fontname complete
8.6118 	EXP 	window1: mouseVisible = True
8.6121 	EXP 	window1: mouseVisible = True
8.6131 	EXP 	window1: mouseVisible = True
8.6142 	EXP 	window1: mouseVisible = True
8.6219 	DEBUG 	TextBox2 loaded 1 chars with 0 blanks and 1 valid
8.6242 	DEBUG 	TextBox2 loaded 1 chars with 0 blanks and 1 valid
8.6263 	DEBUG 	TextBox2 loaded 1 chars with 0 blanks and 1 valid
8.6267 	DEBUG 	Uploading Texture Font fontname to graphics card
8.6460 	DEBUG 	Upload of Texture Font fontname complete
8.6498 	EXP 	window1: Attempting to measure frame rate of screen (0) ...
8.6498 	EXP 	window1: recordFrameIntervals = False
8.8522 	EXP 	window1: recordFrameIntervals = True
9.0351 	EXP 	Screen (0) actual frame rate measured at 60.48Hz
9.0352 	EXP 	window1: recordFrameIntervals = False
9.0354 	EXP 	window1: mouseVisible = False
9.0367 	EXP 	window1: mouseVisible = True
9.0372 	EXP 	window1: mouseVisible = True
9.0394 	EXP 	window1: mouseVisible = True
9.0410 	EXP 	window1: mouseVisible = True
9.0565 	DEBUG 	TextBox2 loaded 1 chars with 0 blanks and 1 valid
9.0594 	DEBUG 	TextBox2 loaded 1 chars with 0 blanks and 1 valid
9.0630 	DEBUG 	TextBox2 loaded 1 chars with 0 blanks and 1 valid
9.0670 	DEBUG 	TextBox2 loaded 1 chars with 0 blanks and 1 valid
9.0694 	DEBUG 	TextBox2 loaded 1 chars with 0 blanks and 1 valid
9.0717 	DEBUG 	TextBox2 loaded 1 chars with 0 blanks and 1 valid
9.0730 	DEBUG 	TextBox2 loaded 1 chars with 0 blanks and 1 valid
9.0749 	DEBUG 	TextBox2 loaded 1 chars with 0 blanks and 1 valid
9.0767 	DEBUG 	TextBox2 loaded 1 chars with 0 blanks and 1 valid
9.0787 	DEBUG 	TextBox2 loaded 1 chars with 0 blanks and 1 valid
9.0792 	DEBUG 	Uploading Texture Font fontname to graphics card
9.0809 	DEBUG 	Upload of Texture Font fontname complete
9.0830 	EXP 	window1: mouseVisible = True
9.0832 	EXP 	window1: mouseVisible = True
9.0839 	EXP 	window1: mouseVisible = True
9.0845 	EXP 	window1: mouseVisible = True
9.1569 	WARNING 	launchHubServer: If using the iohub mouse or eyetracker devices, fullScr should be True.
13.0741 	INFO 	keyboard.Keyboard is using iohub backend.
13.0742 	INFO 	keyboard.Keyboard is using iohub backend.
13.0742 	INFO 	keyboard.Keyboard is using iohub backend.
13.0743 	EXP 	article1: status = STARTED
13.0747 	EXP 	window1: mouseVisible = True
13.2020 	EXP 	Created text1 = TextStim(__class__=<class 'psychopy.visual.text.TextStim'>, alignHoriz=method-wrapper(...), alignText='center', alignVert=method-wrapper(...), anchorHoriz='center', anchorVert='center', antialias=True, autoDraw=False, autoLog=True, bold=False, color=array([-1., -1., -1.]), colorSpace='rgb', contrast=1.0, depth=0.0, draggable=False, flipHoriz=False, flipVert=False, font='Arial', fontFiles=[], height=0.05, italic=False, languageStyle='Arabic', name='text1', opacity=1.0, ori=0.0, pos=array([0., 0.]), rgb=UNKNOWN, text=str(...), units='height', win=Window(...), wrapWidth=1)
13.2023 	EXP 	window1: mouseVisible = True
13.2046 	EXP 	Created fixation1 = ShapeStim(__class__=<class 'psychopy.visual.shape.ShapeStim'>, anchor=('center', 'center'), autoDraw=False, autoLog=True, closeShape=True, color=method-wrapper(...), colorSpace='rgb', contrast=None, depth=0.0, draggable=False, fillColor=array([-1, -1, -1]), fillColorSpace='rgb', fillRGB=array([-1, -1, -1]), interpolate=True, lineColor=array([-1., -1., -1.]), lineColorSpace='rgb', lineRGB=array([-1., -1., -1.]), lineWidth=0.08, name='fixation1', opacity=1.0, ori=0.0, pos=array([0., 0.]), size=array([0.03, 0.06]), units='norm', vertices=ndarray(...), win=Window(...), windingRule=None)
13.2047 	EXP 	window1: mouseVisible = True
13.2101 	EXP 	Created left_image = ImageStim(__class__=<class 'psychopy.visual.image.ImageStim'>, anchor=('center', 'center'), autoLog=True, color=array([1., 1., 1.]), colorSpace='rgb', contrast=1.0, depth=-1.0, draggable=False, flipHoriz=False, flipVert=False, image='default.png', interpolate=True, mask=None, maskParams=None, name='left_image', opacity=1.0, ori=0.0, pos=array([-0.5,  0. ]), size=array([0.5, 0.5]), texRes=128.0, units='height', win=Window(...))
13.2102 	EXP 	window1: mouseVisible = True
13.2148 	EXP 	Created right_image = ImageStim(__class__=<class 'psychopy.visual.image.ImageStim'>, anchor=('center', 'center'), autoLog=True, color=array([1., 1., 1.]), colorSpace='rgb', contrast=1.0, depth=-2.0, draggable=False, flipHoriz=False, flipVert=False, image='default.png', interpolate=True, mask=None, maskParams=None, name='right_image', opacity=1.0, ori=0.0, pos=array([0.5, 0. ]), size=array([0.5, 0.5]), texRes=128.0, units='height', win=Window(...))
13.2150 	EXP 	window1: mouseVisible = True
13.2162 	EXP 	Created polygon = Rect(__class__=<class 'psychopy.visual.rect.Rect'>, anchor=('center', 'center'), autoDraw=False, autoLog=True, closeShape=True, color=method-wrapper(...), colorSpace='rgb', contrast=None, depth=-5.0, draggable=False, fillColor=array([0., 0., 0.]), fillColorSpace='rgb', fillRGB=array([0., 0., 0.]), interpolate=True, lineColor=array([-0.5765,  0.0039,  1.    ]), lineColorSpace='rgb', lineRGB=array([-0.5765,  0.0039,  1.    ]), lineWidth=20.0, name='polygon', opacity=0.3, ori=0.0, pos=array([0., 0.]), size=array([0.5, 0.5]), units='height', vertices=ndarray(...), win=Window(...))
13.2164 	EXP 	window1: mouseVisible = True
13.2165 	EXP 	window1: mouseVisible = True
13.2171 	EXP 	window1: mouseVisible = True
13.2180 	EXP 	window1: mouseVisible = True
13.2231 	EXP 	window1: mouseVisible = True
13.2232 	EXP 	window1: mouseVisible = True
13.2239 	EXP 	window1: mouseVisible = True
13.2244 	EXP 	window1: mouseVisible = True
13.2305 	DEBUG 	TextBox2 loaded 1 chars with 0 blanks and 1 valid
13.2338 	DEBUG 	TextBox2 loaded 1 chars with 0 blanks and 1 valid
13.2368 	DEBUG 	TextBox2 loaded 1 chars with 0 blanks and 1 valid
13.2394 	DEBUG 	TextBox2 loaded 1 chars with 0 blanks and 1 valid
13.2417 	DEBUG 	TextBox2 loaded 1 chars with 0 blanks and 1 valid
13.2438 	DEBUG 	TextBox2 loaded 1 chars with 0 blanks and 1 valid
13.2467 	DEBUG 	TextBox2 loaded 1 chars with 0 blanks and 1 valid
13.2493 	DEBUG 	TextBox2 loaded 1 chars with 0 blanks and 1 valid
13.2515 	DEBUG 	TextBox2 loaded 1 chars with 0 blanks and 1 valid
13.2520 	DEBUG 	Uploading Texture Font fontname to graphics card
13.2538 	DEBUG 	Upload of Texture Font fontname complete
13.2555 	EXP 	window1: mouseVisible = True
13.2557 	EXP 	window1: mouseVisible = True
13.2563 	EXP 	window1: mouseVisible = True
13.2570 	EXP 	window1: mouseVisible = True
13.2618 	EXP 	window1: mouseVisible = True
13.2621 	EXP 	window1: mouseVisible = True
13.2628 	EXP 	window1: mouseVisible = True
13.2634 	EXP 	window1: mouseVisible = True
13.2680 	EXP 	window1: mouseVisible = True
13.2697 	EXP 	Created text_no_resp = TextStim(__class__=<class 'psychopy.visual.text.TextStim'>, alignHoriz=method-wrapper(...), alignText='center', alignVert=method-wrapper(...), anchorHoriz='center', anchorVert='center', antialias=True, autoDraw=False, autoLog=True, bold=False, color=array([-1., -1., -1.]), colorSpace='rgb', contrast=1.0, depth=-8.0, draggable=False, flipHoriz=False, flipVert=False, font='Arial', fontFiles=[], height=0.05, italic=False, languageStyle='Arabic', name='text_no_resp', opacity=1.0, ori=0.0, pos=array([0., 0.]), rgb=UNKNOWN, text='', units='height', win=Window(...), wrapWidth=1)
13.2698 	EXP 	window1: mouseVisible = True
13.2718 	EXP 	Created fixation2 = ShapeStim(__class__=<class 'psychopy.visual.shape.ShapeStim'>, anchor=('center', 'center'), autoDraw=False, autoLog=True, closeShape=True, color=method-wrapper(...), colorSpace='rgb', contrast=None, depth=0.0, draggable=False, fillColor=array([-1, -1, -1]), fillColorSpace='rgb', fillRGB=array([-1, -1, -1]), interpolate=True, lineColor=array([-1., -1., -1.]), lineColorSpace='rgb', lineRGB=array([-1., -1., -1.]), lineWidth=0.08, name='fixation2', opacity=1.0, ori=0.0, pos=array([0., 0.]), size=array([0.03, 0.06]), units='norm', vertices=ndarray(...), win=Window(...), windingRule=None)
0.0472 	EXP 	left_learning_reward: autoLog = True
0.0472 	EXP 	right_learning_reward: autoLog = True
0.0774 	INFO 	Keyboard events cleared
0.0768 	EXP 	text1: autoDraw = True
7.9204 	EXP 	Created sequence: random, trialTypes=1, nReps=20, seed=None
7.9207 	EXP 	New trial (rep=0, index=0): None
7.9237 	DATA 	Keypress: space
7.9416 	EXP 	text1: autoDraw = False
7.9416 	EXP 	fixation1: autoDraw = True
8.9240 	EXP 	window1: backgroundImage = ''
8.9240 	EXP 	window1: backgroundFit = 'none'
9.0505 	DEBUG 	TextBox2 loaded 1 chars with 0 blanks and 1 valid
9.0593 	DEBUG 	TextBox2 loaded 1 chars with 0 blanks and 1 valid
9.0662 	DEBUG 	TextBox2 loaded 1 chars with 0 blanks and 1 valid
9.0713 	DEBUG 	TextBox2 loaded 1 chars with 0 blanks and 1 valid
9.0749 	DEBUG 	TextBox2 loaded 1 chars with 0 blanks and 1 valid
9.0812 	DEBUG 	TextBox2 loaded 1 chars with 0 blanks and 1 valid
9.0882 	DEBUG 	TextBox2 loaded 1 chars with 0 blanks and 1 valid
9.0892 	DEBUG 	Uploading Texture Font fontname to graphics card
9.1020 	DEBUG 	Upload of Texture Font fontname complete
9.1100 	DEBUG 	TextBox2 loaded 1 chars with 0 blanks and 1 valid
9.1158 	DEBUG 	TextBox2 loaded 1 chars with 0 blanks and 1 valid
9.1162 	DEBUG 	Uploading Texture Font fontname to graphics card
9.1252 	DEBUG 	Upload of Texture Font fontname complete
9.1961 	INFO 	Keyboard events cleared
9.1950 	EXP 	fixation1: autoDraw = False
9.1950 	EXP 	left_image: image = '1.jpg'
9.1950 	EXP 	right_image: image = '2.jpg'
9.1950 	EXP 	left_image: autoDraw = True
9.1950 	EXP 	right_image: autoDraw = True
12.9423 	EXP 	polygon: autoDraw = True
12.9423 	EXP 	left_learning_reward: autoDraw = True
12.9423 	EXP 	right_learning_reward: autoDraw = True
13.9438 	EXP 	polygon: autoDraw = False
13.9438 	EXP 	left_learning_reward: autoDraw = False
13.9438 	EXP 	right_learning_reward: autoDraw = False
14.2108 	EXP 	left_image: autoDraw = False
14.2108 	EXP 	right_image: autoDraw = False
14.9258 	EXP 	text_no_resp: autoDraw = True
15.9346 	DEBUG 	Fullscreen settings ignored as running in pilot mode.
15.9352 	EXP 	window1: backgroundImage = ''
15.9352 	EXP 	window1: backgroundFit = 'none'
15.9352 	EXP 	window1: units = 'height'
15.9374 	EXP 	window1: Attempting to measure frame rate of screen (0) ...
15.9374 	EXP 	window1: recordFrameIntervals = False
15.9579 	EXP 	text_no_resp: autoDraw = False
15.9579 	EXP 	left_image: autoDraw = False
15.9579 	EXP 	right_image: autoDraw = False
15.9579 	EXP 	polygon: autoDraw = False
15.9579 	EXP 	left_learning_reward: autoDraw = False
15.9579 	EXP 	right_learning_reward: autoDraw = False
15.9579 	EXP 	text_no_resp: autoDraw = False
16.1135 	EXP 	window1: recordFrameIntervals = True
16.2970 	EXP 	Screen (0) actual frame rate measured at 60.09Hz
16.2970 	EXP 	window1: recordFrameIntervals = False
16.2972 	EXP 	window1: mouseVisible = False
16.2979 	EXP 	New trial (rep=1, index=0): None
16.3097 	EXP 	fixation1: autoDraw = True
17.1833 	DATA 	Keypress: right
17.2982 	EXP 	window1: backgroundImage = ''
17.2982 	EXP 	window1: backgroundFit = 'none'
17.3836 	DEBUG 	TextBox2 loaded 1 chars with 0 blanks and 1 valid
17.3865 	DEBUG 	TextBox2 loaded 1 chars with 0 blanks and 1 valid
17.3869 	DEBUG 	Uploading Texture Font fontname to graphics card
17.3880 	DEBUG 	Upload of Texture Font fontname complete
17.4143 	INFO 	Keyboard events cleared
17.4135 	EXP 	fixation1: autoDraw = False
17.4135 	EXP 	left_image: image = '4.jpg'
17.4135 	EXP 	right_image: image = '3.jpg'
17.4135 	EXP 	left_image: autoDraw = True
17.4135 	EXP 	right_image: autoDraw = True
18.1207 	DATA 	Keypress: right
21.3254 	EXP 	polygon: autoDraw = True
21.3254 	EXP 	left_learning_reward: autoDraw = True
21.3254 	EXP 	right_learning_reward: autoDraw = True
22.3269 	EXP 	polygon: autoDraw = False
22.3269 	EXP 	left_learning_reward: autoDraw = False
22.3269 	EXP 	right_learning_reward: autoDraw = False
22.4262 	EXP 	left_image: autoDraw = False
22.4262 	EXP 	right_image: autoDraw = False
45.0997 	DATA 	Keypress: escape
45.2153 	EXP 	article1: status = STOPPED
45.2296 	EXP 	article1: status = STOPPED
45.2625 	INFO 	saved data to 'D:\\UT\\semester 4 - courses\\Cognitive science\\HWs\\HW1\\answer\\article1\\data/163525_article1_2024-05-27_20h54.23.899.csv'
45.2635 	INFO 	saved data to D:\UT\semester 4 - courses\Cognitive science\HWs\HW1\answer\article1\data/163525_article1_2024-05-27_20h54.23.899.psydat
45.3653 	EXP 	window1: mouseVisible = True
46.1014 	DEBUG 	Saving data for article1 ExperimentHandler
