17.3916 	DEBUG 	Fullscreen settings ignored as running in pilot mode.
17.3931 	INFO 	Loaded monitor calibration from ['2024_05_21 12:08']
17.7060 	EXP 	Created window1 = Window(allowGUI=True, allowStencil=True, autoLog=True, backendConf=UNKNOWN, backgroundFit=<method-wrapper '__getattribute__' of attributeSetter object at 0x0000020D1AE89A00>, backgroundImage=<method-wrapper '__getattribute__' of attributeSetter object at 0x0000020D1AE899A0>, bitsMode=UNKNOWN, blendMode='avg', bpc=(8, 8, 8), color=array([1, 1, 1]), colorSpace='rgb', depthBits=8, fullscr=<method-wrapper '__getattribute__' of attributeSetter object at 0x0000020D1AE897F0>, gamma=None, gammaErrorPolicy='raise', infoMsg=UNKNOWN, lms=UNKNOWN, monitor=<psychopy.monitors.calibTools.Monitor object at 0x0000020D2148F670>, multiSample=False, name='window1', numSamples=2, pos=[560.0, 240.0], screen=0, size=array([800, 600]), stencilBits=8, stereo=False, title='PsychoPy', units='height', useFBO=True, useRetina=False, viewOri=0.0, viewPos=None, viewScale=None, waitBlanking=True, winType='pyglet')
17.7063 	EXP 	window1: mouseVisible = True
17.7063 	EXP 	window1: backgroundImage = ''
17.7063 	EXP 	window1: backgroundFit = 'none'
17.7067 	EXP 	window1: mouseVisible = True
17.7071 	EXP 	window1: mouseVisible = True
17.7123 	EXP 	window1: mouseVisible = True
17.7148 	EXP 	window1: mouseVisible = True
17.7330 	DEBUG 	TextBox2 loaded 1 chars with 0 blanks and 1 valid
17.7364 	DEBUG 	TextBox2 loaded 1 chars with 0 blanks and 1 valid
17.7383 	DEBUG 	TextBox2 loaded 1 chars with 0 blanks and 1 valid
17.7404 	DEBUG 	TextBox2 loaded 1 chars with 0 blanks and 1 valid
17.7427 	DEBUG 	TextBox2 loaded 1 chars with 0 blanks and 1 valid
17.7449 	DEBUG 	TextBox2 loaded 1 chars with 0 blanks and 1 valid
17.7474 	DEBUG 	TextBox2 loaded 1 chars with 0 blanks and 1 valid
17.7498 	DEBUG 	TextBox2 loaded 1 chars with 0 blanks and 1 valid
17.7509 	DEBUG 	TextBox2 loaded 1 chars with 0 blanks and 1 valid
17.7520 	DEBUG 	TextBox2 loaded 1 chars with 0 blanks and 1 valid
17.7535 	DEBUG 	TextBox2 loaded 1 chars with 0 blanks and 1 valid
17.7549 	DEBUG 	TextBox2 loaded 1 chars with 0 blanks and 1 valid
17.7561 	DEBUG 	TextBox2 loaded 1 chars with 0 blanks and 1 valid
17.7575 	DEBUG 	TextBox2 loaded 1 chars with 0 blanks and 1 valid
17.7587 	DEBUG 	TextBox2 loaded 1 chars with 0 blanks and 1 valid
17.7601 	DEBUG 	TextBox2 loaded 1 chars with 0 blanks and 1 valid
17.7621 	DEBUG 	TextBox2 loaded 1 chars with 0 blanks and 1 valid
17.7634 	DEBUG 	TextBox2 loaded 1 chars with 0 blanks and 1 valid
17.7648 	DEBUG 	TextBox2 loaded 1 chars with 0 blanks and 1 valid
17.7666 	DEBUG 	TextBox2 loaded 1 chars with 0 blanks and 1 valid
17.7677 	DEBUG 	TextBox2 loaded 1 chars with 0 blanks and 1 valid
17.7680 	DEBUG 	Uploading Texture Font fontname to graphics card
17.7796 	DEBUG 	Upload of Texture Font fontname complete
17.7818 	EXP 	window1: mouseVisible = True
17.7820 	EXP 	window1: mouseVisible = True
17.7827 	EXP 	window1: mouseVisible = True
17.7833 	EXP 	window1: mouseVisible = True
17.7884 	DEBUG 	TextBox2 loaded 1 chars with 0 blanks and 1 valid
17.7910 	DEBUG 	TextBox2 loaded 1 chars with 0 blanks and 1 valid
17.7928 	DEBUG 	TextBox2 loaded 1 chars with 0 blanks and 1 valid
17.7931 	DEBUG 	Uploading Texture Font fontname to graphics card
17.8032 	DEBUG 	Upload of Texture Font fontname complete
17.8081 	EXP 	window1: Attempting to measure frame rate of screen (0) ...
17.8082 	EXP 	window1: recordFrameIntervals = False
17.9850 	EXP 	window1: recordFrameIntervals = True
18.1688 	EXP 	Screen (0) actual frame rate measured at 59.38Hz
18.1688 	EXP 	window1: recordFrameIntervals = False
18.1690 	EXP 	window1: mouseVisible = False
18.1701 	EXP 	window1: mouseVisible = True
18.1706 	EXP 	window1: mouseVisible = True
18.1718 	EXP 	window1: mouseVisible = True
18.1728 	EXP 	window1: mouseVisible = True
18.1806 	DEBUG 	TextBox2 loaded 1 chars with 0 blanks and 1 valid
18.1825 	DEBUG 	TextBox2 loaded 1 chars with 0 blanks and 1 valid
18.1847 	DEBUG 	TextBox2 loaded 1 chars with 0 blanks and 1 valid
18.1872 	DEBUG 	TextBox2 loaded 1 chars with 0 blanks and 1 valid
18.1894 	DEBUG 	TextBox2 loaded 1 chars with 0 blanks and 1 valid
18.1915 	DEBUG 	TextBox2 loaded 1 chars with 0 blanks and 1 valid
18.1929 	DEBUG 	TextBox2 loaded 1 chars with 0 blanks and 1 valid
18.1948 	DEBUG 	TextBox2 loaded 1 chars with 0 blanks and 1 valid
18.1977 	DEBUG 	TextBox2 loaded 1 chars with 0 blanks and 1 valid
18.2007 	DEBUG 	TextBox2 loaded 1 chars with 0 blanks and 1 valid
18.2013 	DEBUG 	Uploading Texture Font fontname to graphics card
18.2023 	DEBUG 	Upload of Texture Font fontname complete
18.2048 	EXP 	window1: mouseVisible = True
18.2050 	EXP 	window1: mouseVisible = True
18.2058 	EXP 	window1: mouseVisible = True
18.2065 	EXP 	window1: mouseVisible = True
18.2921 	WARNING 	launchHubServer: If using the iohub mouse or eyetracker devices, fullScr should be True.
22.9158 	INFO 	keyboard.Keyboard is using iohub backend.
22.9159 	INFO 	keyboard.Keyboard is using iohub backend.
22.9159 	INFO 	keyboard.Keyboard is using iohub backend.
22.9159 	INFO 	keyboard.Keyboard is using iohub backend.
22.9160 	INFO 	keyboard.Keyboard is using iohub backend.
22.9160 	INFO 	keyboard.Keyboard is using iohub backend.
22.9160 	INFO 	keyboard.Keyboard is using iohub backend.
22.9161 	INFO 	keyboard.Keyboard is using iohub backend.
22.9161 	EXP 	article1: status = STARTED
22.9165 	EXP 	window1: mouseVisible = True
23.0736 	EXP 	Created text0 = TextStim(__class__=<class 'psychopy.visual.text.TextStim'>, alignHoriz=method-wrapper(...), alignText='center', alignVert=method-wrapper(...), anchorHoriz='center', anchorVert='center', antialias=True, autoDraw=False, autoLog=True, bold=False, color=array([-1., -1., -1.]), colorSpace='rgb', contrast=1.0, depth=0.0, draggable=False, flipHoriz=False, flipVert=False, font='Arial', fontFiles=[], height=0.05, italic=False, languageStyle='Arabic', name='text0', opacity=1.0, ori=0.0, pos=array([0., 0.]), rgb=UNKNOWN, text=str(...), units='height', win=Window(...), wrapWidth=1)
23.0738 	EXP 	window1: mouseVisible = True
23.0763 	EXP 	Created fixation0 = ShapeStim(__class__=<class 'psychopy.visual.shape.ShapeStim'>, anchor=('center', 'center'), autoDraw=False, autoLog=True, closeShape=True, color=method-wrapper(...), colorSpace='rgb', contrast=None, depth=0.0, draggable=False, fillColor=array([-1, -1, -1]), fillColorSpace='rgb', fillRGB=array([-1, -1, -1]), interpolate=True, lineColor=array([-1., -1., -1.]), lineColorSpace='rgb', lineRGB=array([-1., -1., -1.]), lineWidth=0.08, name='fixation0', opacity=1.0, ori=0.0, pos=array([0., 0.]), size=array([0.03, 0.06]), units='norm', vertices=ndarray(...), win=Window(...), windingRule=None)
23.0764 	EXP 	window1: mouseVisible = True
23.0827 	EXP 	Created left_image_0 = ImageStim(__class__=<class 'psychopy.visual.image.ImageStim'>, anchor=('center', 'center'), autoLog=True, color=array([1., 1., 1.]), colorSpace='rgb', contrast=1.0, depth=-1.0, draggable=False, flipHoriz=False, flipVert=False, image='default.png', interpolate=True, mask=None, maskParams=None, name='left_image_0', opacity=1.0, ori=0.0, pos=array([-0.5,  0. ]), size=array([0.5, 0.5]), texRes=128.0, units='height', win=Window(...))
23.0828 	EXP 	window1: mouseVisible = True
23.0875 	EXP 	Created right_image_0 = ImageStim(__class__=<class 'psychopy.visual.image.ImageStim'>, anchor=('center', 'center'), autoLog=True, color=array([1., 1., 1.]), colorSpace='rgb', contrast=1.0, depth=-2.0, draggable=False, flipHoriz=False, flipVert=False, image='default.png', interpolate=True, mask=None, maskParams=None, name='right_image_0', opacity=1.0, ori=0.0, pos=array([0.5, 0. ]), size=array([0.5, 0.5]), texRes=128.0, units='height', win=Window(...))
23.0877 	EXP 	window1: mouseVisible = True
23.0892 	EXP 	Created polygon_0 = Rect(__class__=<class 'psychopy.visual.rect.Rect'>, anchor=('center', 'center'), autoDraw=False, autoLog=True, closeShape=True, color=method-wrapper(...), colorSpace='rgb', contrast=None, depth=-5.0, draggable=False, fillColor=array([0., 0., 0.]), fillColorSpace='rgb', fillRGB=array([0., 0., 0.]), interpolate=True, lineColor=array([-0.5765,  0.0039,  1.    ]), lineColorSpace='rgb', lineRGB=array([-0.5765,  0.0039,  1.    ]), lineWidth=20.0, name='polygon_0', opacity=0.3, ori=0.0, pos=array([0., 0.]), size=array([0.5, 0.5]), units='height', vertices=ndarray(...), win=Window(...))
23.0894 	EXP 	window1: mouseVisible = True
23.0896 	EXP 	window1: mouseVisible = True
23.0904 	EXP 	window1: mouseVisible = True
23.0911 	EXP 	window1: mouseVisible = True
23.0982 	EXP 	window1: mouseVisible = True
23.0985 	EXP 	window1: mouseVisible = True
23.0993 	EXP 	window1: mouseVisible = True
23.1000 	EXP 	window1: mouseVisible = True
23.1358 	DEBUG 	TextBox2 loaded 1 chars with 0 blanks and 1 valid
23.1411 	DEBUG 	TextBox2 loaded 1 chars with 0 blanks and 1 valid
23.1463 	DEBUG 	TextBox2 loaded 1 chars with 0 blanks and 1 valid
23.1517 	DEBUG 	TextBox2 loaded 1 chars with 0 blanks and 1 valid
23.1562 	DEBUG 	TextBox2 loaded 1 chars with 0 blanks and 1 valid
23.1607 	DEBUG 	TextBox2 loaded 1 chars with 0 blanks and 1 valid
23.1656 	DEBUG 	TextBox2 loaded 1 chars with 0 blanks and 1 valid
23.1695 	DEBUG 	TextBox2 loaded 1 chars with 0 blanks and 1 valid
23.1730 	DEBUG 	TextBox2 loaded 1 chars with 0 blanks and 1 valid
23.1735 	DEBUG 	Uploading Texture Font fontname to graphics card
23.1821 	DEBUG 	Upload of Texture Font fontname complete
23.1859 	EXP 	window1: mouseVisible = True
23.1864 	EXP 	window1: mouseVisible = True
23.1884 	EXP 	window1: mouseVisible = True
23.1904 	EXP 	window1: mouseVisible = True
23.2041 	EXP 	window1: mouseVisible = True
23.2088 	EXP 	window1: mouseVisible = True
23.2122 	EXP 	window1: mouseVisible = True
23.2180 	EXP 	window1: mouseVisible = True
23.2326 	EXP 	window1: mouseVisible = True
23.2386 	EXP 	Created text_no_resp_0 = TextStim(__class__=<class 'psychopy.visual.text.TextStim'>, alignHoriz=method-wrapper(...), alignText='center', alignVert=method-wrapper(...), anchorHoriz='center', anchorVert='center', antialias=True, autoDraw=False, autoLog=True, bold=False, color=array([-1., -1., -1.]), colorSpace='rgb', contrast=1.0, depth=-8.0, draggable=False, flipHoriz=False, flipVert=False, font='Arial', fontFiles=[], height=0.05, italic=False, languageStyle='Arabic', name='text_no_resp_0', opacity=1.0, ori=0.0, pos=array([0., 0.]), rgb=UNKNOWN, text='', units='height', win=Window(...), wrapWidth=1)
23.2390 	EXP 	window1: mouseVisible = True
23.2995 	EXP 	Created text1 = TextStim(__class__=<class 'psychopy.visual.text.TextStim'>, alignHoriz=method-wrapper(...), alignText='center', alignVert=method-wrapper(...), anchorHoriz='center', anchorVert='center', antialias=True, autoDraw=False, autoLog=True, bold=False, color=array([-1., -1., -1.]), colorSpace='rgb', contrast=1.0, depth=0.0, draggable=False, flipHoriz=False, flipVert=False, font='Arial', fontFiles=[], height=0.05, italic=False, languageStyle='Arabic', name='text1', opacity=1.0, ori=0.0, pos=array([0., 0.]), rgb=UNKNOWN, text=str(...), units='height', win=Window(...), wrapWidth=1)
23.3002 	EXP 	window1: mouseVisible = True
23.3072 	EXP 	Created fixation1 = ShapeStim(__class__=<class 'psychopy.visual.shape.ShapeStim'>, anchor=('center', 'center'), autoDraw=False, autoLog=True, closeShape=True, color=method-wrapper(...), colorSpace='rgb', contrast=None, depth=0.0, draggable=False, fillColor=array([-1, -1, -1]), fillColorSpace='rgb', fillRGB=array([-1, -1, -1]), interpolate=True, lineColor=array([-1., -1., -1.]), lineColorSpace='rgb', lineRGB=array([-1., -1., -1.]), lineWidth=0.08, name='fixation1', opacity=1.0, ori=0.0, pos=array([0., 0.]), size=array([0.03, 0.06]), units='norm', vertices=ndarray(...), win=Window(...), windingRule=None)
23.3078 	EXP 	window1: mouseVisible = True
23.3193 	EXP 	Created left_image = ImageStim(__class__=<class 'psychopy.visual.image.ImageStim'>, anchor=('center', 'center'), autoLog=True, color=array([1., 1., 1.]), colorSpace='rgb', contrast=1.0, depth=-1.0, draggable=False, flipHoriz=False, flipVert=False, image='default.png', interpolate=True, mask=None, maskParams=None, name='left_image', opacity=1.0, ori=0.0, pos=array([-0.5,  0. ]), size=array([0.5, 0.5]), texRes=128.0, units='height', win=Window(...))
23.3242 	EXP 	window1: mouseVisible = True
23.3365 	EXP 	Created right_image = ImageStim(__class__=<class 'psychopy.visual.image.ImageStim'>, anchor=('center', 'center'), autoLog=True, color=array([1., 1., 1.]), colorSpace='rgb', contrast=1.0, depth=-2.0, draggable=False, flipHoriz=False, flipVert=False, image='default.png', interpolate=True, mask=None, maskParams=None, name='right_image', opacity=1.0, ori=0.0, pos=array([0.5, 0. ]), size=array([0.5, 0.5]), texRes=128.0, units='height', win=Window(...))
23.3434 	EXP 	window1: mouseVisible = True
23.3493 	EXP 	Created polygon = Rect(__class__=<class 'psychopy.visual.rect.Rect'>, anchor=('center', 'center'), autoDraw=False, autoLog=True, closeShape=True, color=method-wrapper(...), colorSpace='rgb', contrast=None, depth=-5.0, draggable=False, fillColor=array([0., 0., 0.]), fillColorSpace='rgb', fillRGB=array([0., 0., 0.]), interpolate=True, lineColor=array([-0.5765,  0.0039,  1.    ]), lineColorSpace='rgb', lineRGB=array([-0.5765,  0.0039,  1.    ]), lineWidth=20.0, name='polygon', opacity=0.3, ori=0.0, pos=array([0., 0.]), size=array([0.5, 0.5]), units='height', vertices=ndarray(...), win=Window(...))
23.3505 	EXP 	window1: mouseVisible = True
23.3516 	EXP 	window1: mouseVisible = True
23.3543 	EXP 	window1: mouseVisible = True
23.3564 	EXP 	window1: mouseVisible = True
23.3686 	EXP 	window1: mouseVisible = True
23.3689 	EXP 	window1: mouseVisible = True
23.3699 	EXP 	window1: mouseVisible = True
23.3706 	EXP 	window1: mouseVisible = True
23.3789 	EXP 	window1: mouseVisible = True
23.3792 	EXP 	window1: mouseVisible = True
23.3806 	EXP 	window1: mouseVisible = True
23.3819 	EXP 	window1: mouseVisible = True
23.3932 	EXP 	window1: mouseVisible = True
23.3936 	EXP 	window1: mouseVisible = True
23.3951 	EXP 	window1: mouseVisible = True
23.3964 	EXP 	window1: mouseVisible = True
23.4055 	EXP 	window1: mouseVisible = True
23.4090 	EXP 	Created text_no_resp = TextStim(__class__=<class 'psychopy.visual.text.TextStim'>, alignHoriz=method-wrapper(...), alignText='center', alignVert=method-wrapper(...), anchorHoriz='center', anchorVert='center', antialias=True, autoDraw=False, autoLog=True, bold=False, color=array([-1., -1., -1.]), colorSpace='rgb', contrast=1.0, depth=-8.0, draggable=False, flipHoriz=False, flipVert=False, font='Arial', fontFiles=[], height=0.05, italic=False, languageStyle='Arabic', name='text_no_resp', opacity=1.0, ori=0.0, pos=array([0., 0.]), rgb=UNKNOWN, text='', units='height', win=Window(...), wrapWidth=1)
23.4093 	EXP 	window1: mouseVisible = True
23.4360 	EXP 	Created text2 = TextStim(__class__=<class 'psychopy.visual.text.TextStim'>, alignHoriz=method-wrapper(...), alignText='center', alignVert=method-wrapper(...), anchorHoriz='center', anchorVert='center', antialias=True, autoDraw=False, autoLog=True, bold=False, color=array([-1., -1., -1.]), colorSpace='rgb', contrast=1.0, depth=0.0, draggable=False, flipHoriz=False, flipVert=False, font='Arial', fontFiles=[], height=0.05, italic=False, languageStyle='Arabic', name='text2', opacity=1.0, ori=0.0, pos=array([0., 0.]), rgb=UNKNOWN, text=str(...), units='height', win=Window(...), wrapWidth=1)
23.4361 	EXP 	window1: mouseVisible = True
23.4383 	EXP 	Created fixation2 = ShapeStim(__class__=<class 'psychopy.visual.shape.ShapeStim'>, anchor=('center', 'center'), autoDraw=False, autoLog=True, closeShape=True, color=method-wrapper(...), colorSpace='rgb', contrast=None, depth=0.0, draggable=False, fillColor=array([-1, -1, -1]), fillColorSpace='rgb', fillRGB=array([-1, -1, -1]), interpolate=True, lineColor=array([-1., -1., -1.]), lineColorSpace='rgb', lineRGB=array([-1., -1., -1.]), lineWidth=0.08, name='fixation2', opacity=1.0, ori=0.0, pos=array([0., 0.]), size=array([0.03, 0.06]), units='norm', vertices=ndarray(...), win=Window(...), windingRule=None)
23.4384 	EXP 	window1: mouseVisible = True
23.4429 	EXP 	Created left_image_2 = ImageStim(__class__=<class 'psychopy.visual.image.ImageStim'>, anchor=('center', 'center'), autoLog=True, color=array([1., 1., 1.]), colorSpace='rgb', contrast=1.0, depth=-1.0, draggable=False, flipHoriz=False, flipVert=False, image='default.png', interpolate=True, mask=None, maskParams=None, name='left_image_2', opacity=1.0, ori=0.0, pos=array([-0.5,  0. ]), size=array([0.5, 0.5]), texRes=128.0, units='height', win=Window(...))
23.4430 	EXP 	window1: mouseVisible = True
23.4475 	EXP 	Created right_image_2 = ImageStim(__class__=<class 'psychopy.visual.image.ImageStim'>, anchor=('center', 'center'), autoLog=True, color=array([1., 1., 1.]), colorSpace='rgb', contrast=1.0, depth=-2.0, draggable=False, flipHoriz=False, flipVert=False, image='default.png', interpolate=True, mask=None, maskParams=None, name='right_image_2', opacity=1.0, ori=0.0, pos=array([0.5, 0. ]), size=array([0.5, 0.5]), texRes=128.0, units='height', win=Window(...))
23.4476 	EXP 	window1: mouseVisible = True
23.4489 	EXP 	Created polygon_2 = Rect(__class__=<class 'psychopy.visual.rect.Rect'>, anchor=('center', 'center'), autoDraw=False, autoLog=True, closeShape=True, color=method-wrapper(...), colorSpace='rgb', contrast=None, depth=-5.0, draggable=False, fillColor=array([0., 0., 0.]), fillColorSpace='rgb', fillRGB=array([0., 0., 0.]), interpolate=True, lineColor=array([-0.5765,  0.0039,  1.    ]), lineColorSpace='rgb', lineRGB=array([-0.5765,  0.0039,  1.    ]), lineWidth=20.0, name='polygon_2', opacity=0.3, ori=0.0, pos=array([0., 0.]), size=array([0.5, 0.5]), units='height', vertices=ndarray(...), win=Window(...))
23.4569 	EXP 	window1: mouseVisible = True
23.4574 	EXP 	window1: mouseVisible = True
23.4598 	EXP 	window1: mouseVisible = True
23.4600 	EXP 	window1: mouseVisible = True
23.4612 	EXP 	window1: mouseVisible = True
23.4621 	EXP 	window1: mouseVisible = True
23.4677 	DEBUG 	TextBox2 loaded 1 chars with 0 blanks and 1 valid
23.4679 	DEBUG 	Uploading Texture Font fontname to graphics card
23.4691 	DEBUG 	Upload of Texture Font fontname complete
23.4712 	EXP 	window1: mouseVisible = True
23.4714 	EXP 	window1: mouseVisible = True
23.4720 	EXP 	window1: mouseVisible = True
23.4726 	EXP 	window1: mouseVisible = True
23.4775 	DEBUG 	TextBox2 loaded 1 chars with 0 blanks and 1 valid
23.4789 	DEBUG 	Uploading Texture Font fontname to graphics card
23.4869 	DEBUG 	Upload of Texture Font fontname complete
23.4903 	EXP 	window1: mouseVisible = True
23.4907 	EXP 	window1: mouseVisible = True
23.4920 	EXP 	window1: mouseVisible = True
23.4933 	EXP 	window1: mouseVisible = True
23.4991 	DEBUG 	TextBox2 loaded 1 chars with 0 blanks and 1 valid
23.4994 	DEBUG 	Uploading Texture Font fontname to graphics card
23.5081 	DEBUG 	Upload of Texture Font fontname complete
23.5131 	EXP 	window1: mouseVisible = True
23.5138 	EXP 	window1: mouseVisible = True
23.5153 	EXP 	window1: mouseVisible = True
23.5161 	EXP 	window1: mouseVisible = True
23.5244 	EXP 	window1: mouseVisible = True
23.5247 	EXP 	window1: mouseVisible = True
23.5254 	EXP 	window1: mouseVisible = True
23.5262 	EXP 	window1: mouseVisible = True
23.5326 	DEBUG 	TextBox2 loaded 1 chars with 0 blanks and 1 valid
23.5329 	DEBUG 	Uploading Texture Font fontname to graphics card
23.5367 	DEBUG 	Upload of Texture Font fontname complete
23.5404 	EXP 	window1: mouseVisible = True
23.5408 	EXP 	window1: mouseVisible = True
23.5421 	EXP 	window1: mouseVisible = True
23.5437 	EXP 	window1: mouseVisible = True
23.5525 	EXP 	window1: mouseVisible = True
23.5527 	EXP 	window1: mouseVisible = True
23.5532 	EXP 	window1: mouseVisible = True
23.5538 	EXP 	window1: mouseVisible = True
23.5585 	DEBUG 	TextBox2 loaded 1 chars with 0 blanks and 1 valid
23.5588 	DEBUG 	Uploading Texture Font fontname to graphics card
23.5657 	DEBUG 	Upload of Texture Font fontname complete
23.5705 	EXP 	window1: mouseVisible = True
23.5710 	EXP 	window1: mouseVisible = True
23.5726 	EXP 	window1: mouseVisible = True
23.5741 	EXP 	window1: mouseVisible = True
23.5833 	EXP 	window1: mouseVisible = True
23.5835 	EXP 	window1: mouseVisible = True
23.5844 	EXP 	window1: mouseVisible = True
23.5850 	EXP 	window1: mouseVisible = True
23.5902 	DEBUG 	TextBox2 loaded 1 chars with 0 blanks and 1 valid
23.5905 	DEBUG 	Uploading Texture Font fontname to graphics card
23.5943 	DEBUG 	Upload of Texture Font fontname complete
23.5976 	EXP 	window1: mouseVisible = True
23.5979 	EXP 	window1: mouseVisible = True
23.5992 	EXP 	window1: mouseVisible = True
23.6003 	EXP 	window1: mouseVisible = True
23.6084 	EXP 	window1: mouseVisible = True
23.6085 	EXP 	window1: mouseVisible = True
23.6093 	EXP 	window1: mouseVisible = True
23.6102 	EXP 	window1: mouseVisible = True
23.6161 	DEBUG 	TextBox2 loaded 1 chars with 0 blanks and 1 valid
23.6163 	DEBUG 	Uploading Texture Font fontname to graphics card
23.6283 	DEBUG 	Upload of Texture Font fontname complete
23.6311 	EXP 	window1: mouseVisible = True
23.6315 	EXP 	window1: mouseVisible = True
23.6327 	EXP 	window1: mouseVisible = True
23.6339 	EXP 	window1: mouseVisible = True
23.6469 	EXP 	window1: mouseVisible = True
23.6471 	EXP 	window1: mouseVisible = True
23.6479 	EXP 	window1: mouseVisible = True
23.6488 	EXP 	window1: mouseVisible = True
23.6556 	DEBUG 	TextBox2 loaded 1 chars with 0 blanks and 1 valid
23.6560 	DEBUG 	Uploading Texture Font fontname to graphics card
23.6695 	DEBUG 	Upload of Texture Font fontname complete
23.6731 	EXP 	window1: mouseVisible = True
23.6735 	EXP 	window1: mouseVisible = True
23.6748 	EXP 	window1: mouseVisible = True
23.6760 	EXP 	window1: mouseVisible = True
23.6842 	EXP 	window1: mouseVisible = True
23.6844 	EXP 	window1: mouseVisible = True
23.6850 	EXP 	window1: mouseVisible = True
23.6856 	EXP 	window1: mouseVisible = True
23.6904 	DEBUG 	TextBox2 loaded 1 chars with 0 blanks and 1 valid
23.6907 	DEBUG 	Uploading Texture Font fontname to graphics card
23.6946 	DEBUG 	Upload of Texture Font fontname complete
23.6984 	EXP 	window1: mouseVisible = True
23.6987 	EXP 	window1: mouseVisible = True
23.7003 	EXP 	window1: mouseVisible = True
23.7016 	EXP 	window1: mouseVisible = True
23.7106 	EXP 	window1: mouseVisible = True
23.7109 	EXP 	window1: mouseVisible = True
23.7118 	EXP 	window1: mouseVisible = True
23.7125 	EXP 	window1: mouseVisible = True
23.7182 	DEBUG 	TextBox2 loaded 1 chars with 0 blanks and 1 valid
23.7185 	DEBUG 	Uploading Texture Font fontname to graphics card
23.7294 	DEBUG 	Upload of Texture Font fontname complete
23.7332 	EXP 	window1: mouseVisible = True
23.7337 	EXP 	window1: mouseVisible = True
23.7353 	EXP 	window1: mouseVisible = True
23.7367 	EXP 	window1: mouseVisible = True
23.7449 	EXP 	window1: mouseVisible = True
23.7451 	EXP 	window1: mouseVisible = True
23.7457 	EXP 	window1: mouseVisible = True
23.7463 	EXP 	window1: mouseVisible = True
23.7521 	DEBUG 	TextBox2 loaded 1 chars with 0 blanks and 1 valid
23.7525 	DEBUG 	Uploading Texture Font fontname to graphics card
23.7587 	DEBUG 	Upload of Texture Font fontname complete
23.7624 	EXP 	window1: mouseVisible = True
23.7628 	EXP 	window1: mouseVisible = True
23.7644 	EXP 	window1: mouseVisible = True
23.7656 	EXP 	window1: mouseVisible = True
23.7758 	EXP 	window1: mouseVisible = True
23.7761 	EXP 	window1: mouseVisible = True
23.7771 	EXP 	window1: mouseVisible = True
23.7780 	EXP 	window1: mouseVisible = True
23.7855 	EXP 	window1: mouseVisible = True
23.7861 	EXP 	window1: mouseVisible = True
23.7869 	EXP 	window1: mouseVisible = True
23.7880 	EXP 	window1: mouseVisible = True
23.7977 	EXP 	window1: mouseVisible = True
23.7997 	EXP 	window1: mouseVisible = True
23.9268 	EXP 	Created slider_trns = Slider(__class__=<class 'psychopy.visual.slider.Slider'>, autoDraw=False, autoLog=True, borderColor=None, color=None, colorSpace='rgb', depth=0, fillColor=None, flip=False, font='Open Sans', granularity=10.0, labelColor=None, labelHeight=0.05, labelWrapWidth=None, labels=(0, 10, 20, 30, 40, 50, 60, 70, 80, 90, 100), lineColor=None, markerColor=None, name='slider_trns', opacity=None, ori=0.0, pos=array([0., 0.]), readOnly=False, self=UNKNOWN, size=array([1. , 0.1]), startValue=50, style='slider', styleTweaks=[], ticks=ndarray(...), units='height', win=Window(...))
23.9270 	EXP 	window1: mouseVisible = True
23.9271 	EXP 	window1: mouseVisible = True
23.9414 	EXP 	Created text3 = TextStim(__class__=<class 'psychopy.visual.text.TextStim'>, alignHoriz=method-wrapper(...), alignText='center', alignVert=method-wrapper(...), anchorHoriz='center', anchorVert='center', antialias=True, autoDraw=False, autoLog=True, bold=False, color=array([-1., -1., -1.]), colorSpace='rgb', contrast=1.0, depth=0.0, draggable=False, flipHoriz=False, flipVert=False, font='Arial', fontFiles=[], height=0.05, italic=False, languageStyle='Arabic', name='text3', opacity=1.0, ori=0.0, pos=array([0., 0.]), rgb=UNKNOWN, text=str(...), units='height', win=Window(...), wrapWidth=1)
23.9416 	EXP 	window1: mouseVisible = True
23.9440 	EXP 	Created fixation3 = ShapeStim(__class__=<class 'psychopy.visual.shape.ShapeStim'>, anchor=('center', 'center'), autoDraw=False, autoLog=True, closeShape=True, color=method-wrapper(...), colorSpace='rgb', contrast=None, depth=0.0, draggable=False, fillColor=array([-1, -1, -1]), fillColorSpace='rgb', fillRGB=array([-1, -1, -1]), interpolate=True, lineColor=array([-1., -1., -1.]), lineColorSpace='rgb', lineRGB=array([-1., -1., -1.]), lineWidth=0.08, name='fixation3', opacity=1.0, ori=0.0, pos=array([0., 0.]), size=array([0.03, 0.06]), units='norm', vertices=ndarray(...), win=Window(...), windingRule=None)
23.9442 	EXP 	window1: mouseVisible = True
23.9503 	EXP 	Created image_3 = ImageStim(__class__=<class 'psychopy.visual.image.ImageStim'>, anchor=('center', 'center'), autoLog=True, color=array([1., 1., 1.]), colorSpace='rgb', contrast=1.0, depth=-1.0, draggable=False, flipHoriz=False, flipVert=False, image='default.png', interpolate=True, mask=None, maskParams=None, name='image_3', opacity=1.0, ori=0.0, pos=array([0. , 0.2]), size=array([0.5, 0.5]), texRes=128.0, units='height', win=Window(...))
23.9541 	EXP 	window1: mouseVisible = True
23.9545 	EXP 	window1: mouseVisible = True
23.9567 	EXP 	window1: mouseVisible = True
23.9570 	EXP 	window1: mouseVisible = True
23.9577 	EXP 	window1: mouseVisible = True
23.9582 	EXP 	window1: mouseVisible = True
23.9642 	EXP 	window1: mouseVisible = True
23.9644 	EXP 	window1: mouseVisible = True
23.9651 	EXP 	window1: mouseVisible = True
23.9656 	EXP 	window1: mouseVisible = True
23.9716 	EXP 	window1: mouseVisible = True
23.9718 	EXP 	window1: mouseVisible = True
23.9725 	EXP 	window1: mouseVisible = True
23.9731 	EXP 	window1: mouseVisible = True
23.9786 	EXP 	window1: mouseVisible = True
23.9787 	EXP 	window1: mouseVisible = True
23.9794 	EXP 	window1: mouseVisible = True
23.9800 	EXP 	window1: mouseVisible = True
23.9858 	EXP 	window1: mouseVisible = True
23.9860 	EXP 	window1: mouseVisible = True
23.9866 	EXP 	window1: mouseVisible = True
23.9871 	EXP 	window1: mouseVisible = True
23.9918 	EXP 	window1: mouseVisible = True
23.9920 	EXP 	window1: mouseVisible = True
23.9926 	EXP 	window1: mouseVisible = True
23.9930 	EXP 	window1: mouseVisible = True
23.9995 	EXP 	window1: mouseVisible = True
23.9997 	EXP 	window1: mouseVisible = True
24.0007 	EXP 	window1: mouseVisible = True
24.0016 	EXP 	window1: mouseVisible = True
24.0068 	EXP 	window1: mouseVisible = True
24.0070 	EXP 	window1: mouseVisible = True
24.0077 	EXP 	window1: mouseVisible = True
24.0082 	EXP 	window1: mouseVisible = True
24.0143 	EXP 	window1: mouseVisible = True
24.0146 	EXP 	window1: mouseVisible = True
24.0152 	EXP 	window1: mouseVisible = True
24.0158 	EXP 	window1: mouseVisible = True
24.0211 	EXP 	window1: mouseVisible = True
24.0214 	EXP 	window1: mouseVisible = True
24.0219 	EXP 	window1: mouseVisible = True
24.0225 	EXP 	window1: mouseVisible = True
24.0284 	EXP 	window1: mouseVisible = True
24.0287 	EXP 	window1: mouseVisible = True
24.0294 	EXP 	window1: mouseVisible = True
24.0299 	EXP 	window1: mouseVisible = True
24.0351 	EXP 	window1: mouseVisible = True
24.0353 	EXP 	window1: mouseVisible = True
24.0360 	EXP 	window1: mouseVisible = True
24.0365 	EXP 	window1: mouseVisible = True
24.0421 	EXP 	window1: mouseVisible = True
24.0424 	EXP 	window1: mouseVisible = True
24.0429 	EXP 	window1: mouseVisible = True
24.0434 	EXP 	window1: mouseVisible = True
24.0492 	EXP 	window1: mouseVisible = True
24.0494 	EXP 	window1: mouseVisible = True
24.0501 	EXP 	window1: mouseVisible = True
24.0506 	EXP 	window1: mouseVisible = True
24.0561 	EXP 	window1: mouseVisible = True
24.0563 	EXP 	window1: mouseVisible = True
24.0569 	EXP 	window1: mouseVisible = True
24.0576 	EXP 	window1: mouseVisible = True
24.0638 	EXP 	window1: mouseVisible = True
24.0640 	EXP 	window1: mouseVisible = True
24.0645 	EXP 	window1: mouseVisible = True
24.0652 	EXP 	window1: mouseVisible = True
24.0706 	EXP 	window1: mouseVisible = True
24.0708 	EXP 	window1: mouseVisible = True
24.0713 	EXP 	window1: mouseVisible = True
24.0718 	EXP 	window1: mouseVisible = True
24.0763 	EXP 	window1: mouseVisible = True
24.0764 	EXP 	window1: mouseVisible = True
24.0772 	EXP 	window1: mouseVisible = True
24.0781 	EXP 	window1: mouseVisible = True
24.0845 	EXP 	window1: mouseVisible = True
24.0847 	EXP 	window1: mouseVisible = True
24.0853 	EXP 	window1: mouseVisible = True
24.0859 	EXP 	window1: mouseVisible = True
24.1174 	EXP 	window1: mouseVisible = True
24.1176 	EXP 	window1: mouseVisible = True
24.1184 	EXP 	window1: mouseVisible = True
24.1192 	EXP 	window1: mouseVisible = True
24.1252 	EXP 	window1: mouseVisible = True
24.1254 	EXP 	window1: mouseVisible = True
24.1259 	EXP 	window1: mouseVisible = True
24.1265 	EXP 	window1: mouseVisible = True
24.1318 	EXP 	window1: mouseVisible = True
24.1320 	EXP 	window1: mouseVisible = True
24.1326 	EXP 	window1: mouseVisible = True
24.1331 	EXP 	window1: mouseVisible = True
24.1384 	EXP 	window1: mouseVisible = True
24.1398 	EXP 	window1: mouseVisible = True
24.2793 	EXP 	Created slider_estm = Slider(__class__=<class 'psychopy.visual.slider.Slider'>, autoDraw=False, autoLog=True, borderColor=None, color=None, colorSpace='rgb', depth=-2, fillColor=None, flip=False, font='Open Sans', granularity=10.0, labelColor=None, labelHeight=0.05, labelWrapWidth=None, labels=(0, 10, 20, 30, 40, 50, 60, 70, 80, 90, 100), lineColor=None, markerColor=None, name='slider_estm', opacity=None, ori=0.0, pos=array([ 0. , -0.2]), readOnly=False, self=UNKNOWN, size=array([1. , 0.1]), startValue=50, style='slider', styleTweaks=[], ticks=ndarray(...), units='height', win=Window(...))
24.2794 	EXP 	window1: mouseVisible = True
24.2796 	EXP 	window1: mouseVisible = True
24.2909 	EXP 	Created text4 = TextStim(__class__=<class 'psychopy.visual.text.TextStim'>, alignHoriz=method-wrapper(...), alignText='center', alignVert=method-wrapper(...), anchorHoriz='center', anchorVert='center', antialias=True, autoDraw=False, autoLog=True, bold=False, color=array([-1., -1., -1.]), colorSpace='rgb', contrast=1.0, depth=0.0, draggable=False, flipHoriz=False, flipVert=False, font='Arial', fontFiles=[], height=0.05, italic=False, languageStyle='Arabic', name='text4', opacity=1.0, ori=0.0, pos=array([0., 0.]), rgb=UNKNOWN, text=str(...), units='height', win=Window(...), wrapWidth=1)
24.2912 	EXP 	window1: mouseVisible = True
24.2914 	EXP 	window1: mouseVisible = True
24.2920 	EXP 	window1: mouseVisible = True
24.2925 	EXP 	window1: mouseVisible = True
24.2974 	EXP 	window1: mouseVisible = True
24.2976 	EXP 	window1: mouseVisible = True
24.2983 	EXP 	window1: mouseVisible = True
24.2988 	EXP 	window1: mouseVisible = True
0.0094 	EXP 	left_learning_reward_0: autoLog = True
0.0094 	EXP 	right_learning_reward_0: autoLog = True
0.0094 	EXP 	left_learning_reward: autoLog = True
0.0094 	EXP 	right_learning_reward: autoLog = True
0.0094 	EXP 	slider_trns: autoLog = True
0.0094 	EXP 	slider_trns: styleTweaks = []
0.0094 	EXP 	slider_trns: styleTweaks = []
0.0094 	EXP 	slider_trns: styleTweaks = []
0.0094 	EXP 	slider_trns: styleTweaks = []
0.0094 	EXP 	slider_trns: contrast = 1.0
0.0094 	EXP 	slider_trns: markerPos = 50
0.0094 	EXP 	slider_trns: autoLog = True
0.0094 	EXP 	slider_estm: autoLog = True
0.0094 	EXP 	slider_estm: styleTweaks = []
0.0094 	EXP 	slider_estm: styleTweaks = []
0.0094 	EXP 	slider_estm: styleTweaks = []
0.0094 	EXP 	slider_estm: styleTweaks = []
0.0094 	EXP 	slider_estm: contrast = 1.0
0.0094 	EXP 	slider_estm: markerPos = 50
0.0094 	EXP 	slider_estm: autoLog = True
0.0094 	EXP 	textbox4: autoLog = True
0.0291 	INFO 	Keyboard events cleared
0.0286 	EXP 	text0: autoDraw = True
1.5711 	EXP 	Created sequence: random, trialTypes=1, nReps=5, seed=None
1.5714 	EXP 	New trial (rep=0, index=0): None
1.5746 	DATA 	Keypress: space
1.5934 	EXP 	text0: autoDraw = False
1.5934 	EXP 	fixation0: autoDraw = True
2.9405 	INFO 	Keyboard events cleared
2.9400 	EXP 	fixation0: autoDraw = False
2.9400 	EXP 	left_image_0: image = '1-2.jpg'
2.9400 	EXP 	right_image_0: image = '1-1.jpg'
2.9400 	EXP 	left_image_0: autoDraw = True
2.9400 	EXP 	right_image_0: autoDraw = True
3.9550 	DATA 	Keypress: right
3.9731 	DEBUG 	TextBox2 loaded 1 chars with 0 blanks and 1 valid
3.9784 	DEBUG 	TextBox2 loaded 1 chars with 0 blanks and 1 valid
3.9820 	DEBUG 	TextBox2 loaded 1 chars with 0 blanks and 1 valid
3.9857 	DEBUG 	TextBox2 loaded 1 chars with 0 blanks and 1 valid
3.9883 	DEBUG 	TextBox2 loaded 1 chars with 0 blanks and 1 valid
3.9912 	DEBUG 	TextBox2 loaded 1 chars with 0 blanks and 1 valid
3.9941 	DEBUG 	TextBox2 loaded 1 chars with 0 blanks and 1 valid
3.9944 	DEBUG 	Uploading Texture Font fontname to graphics card
3.9954 	DEBUG 	Upload of Texture Font fontname complete
6.5939 	EXP 	polygon_0: autoDraw = True
6.5939 	EXP 	left_learning_reward_0: autoDraw = True
6.5939 	EXP 	right_learning_reward_0: autoDraw = True
7.5958 	EXP 	polygon_0: autoDraw = False
7.5958 	EXP 	left_learning_reward_0: autoDraw = False
7.5958 	EXP 	right_learning_reward_0: autoDraw = False
7.9446 	EXP 	left_image_0: autoDraw = False
7.9446 	EXP 	right_image_0: autoDraw = False
8.6116 	EXP 	New trial (rep=1, index=0): None
8.6291 	EXP 	left_image_0: autoDraw = False
8.6291 	EXP 	right_image_0: autoDraw = False
8.6291 	EXP 	polygon_0: autoDraw = False
8.6291 	EXP 	left_learning_reward_0: autoDraw = False
8.6291 	EXP 	right_learning_reward_0: autoDraw = False
8.6291 	EXP 	text_no_resp_0: autoDraw = False
8.6291 	EXP 	fixation0: autoDraw = True
9.7492 	INFO 	Keyboard events cleared
9.7482 	EXP 	fixation0: autoDraw = False
9.7482 	EXP 	left_image_0: image = '1-4.jpg'
9.7482 	EXP 	right_image_0: image = '1-3.jpg'
9.7482 	EXP 	left_image_0: autoDraw = True
9.7482 	EXP 	right_image_0: autoDraw = True
10.9063 	DEBUG 	TextBox2 loaded 1 chars with 0 blanks and 1 valid
10.9118 	DEBUG 	TextBox2 loaded 1 chars with 0 blanks and 1 valid
10.9124 	DEBUG 	Uploading Texture Font fontname to graphics card
10.9136 	DEBUG 	Upload of Texture Font fontname complete
10.9159 	DATA 	Keypress: left
13.6281 	EXP 	polygon_0: autoDraw = True
13.6281 	EXP 	left_learning_reward_0: autoDraw = True
13.6281 	EXP 	right_learning_reward_0: autoDraw = True
14.6454 	EXP 	polygon_0: autoDraw = False
14.6454 	EXP 	left_learning_reward_0: autoDraw = False
14.6454 	EXP 	right_learning_reward_0: autoDraw = False
14.7613 	EXP 	left_image_0: autoDraw = False
14.7613 	EXP 	right_image_0: autoDraw = False
15.6192 	EXP 	New trial (rep=2, index=0): None
15.6280 	EXP 	left_image_0: autoDraw = False
15.6280 	EXP 	right_image_0: autoDraw = False
15.6280 	EXP 	polygon_0: autoDraw = False
15.6280 	EXP 	left_learning_reward_0: autoDraw = False
15.6280 	EXP 	right_learning_reward_0: autoDraw = False
15.6280 	EXP 	text_no_resp_0: autoDraw = False
15.6280 	EXP 	fixation0: autoDraw = True
16.5684 	DATA 	Keypress: escape
16.7165 	EXP 	article1: status = STOPPED
16.7301 	INFO 	Keyboard events cleared
16.7294 	EXP 	fixation0: autoDraw = False
16.7294 	EXP 	fixation0: autoDraw = False
16.7294 	EXP 	left_image_0: image = '1-4.jpg'
16.7294 	EXP 	right_image_0: image = '1-3.jpg'
16.7294 	EXP 	left_image_0: autoDraw = True
16.7294 	EXP 	right_image_0: autoDraw = True
16.7294 	EXP 	left_image_0: autoDraw = False
16.7294 	EXP 	right_image_0: autoDraw = False
16.7343 	EXP 	article1: status = STOPPED
16.7612 	INFO 	saved data to 'D:\\UT\\semester 4 - courses\\Cognitive science\\HWs\\HW1\\answer\\article1\\data/207282_article1_2024-05-28_12h25.20.163.csv'
16.7623 	INFO 	saved data to D:\UT\semester 4 - courses\Cognitive science\HWs\HW1\answer\article1\data/207282_article1_2024-05-28_12h25.20.163.psydat
16.8400 	EXP 	window1: mouseVisible = True
17.3589 	DEBUG 	Saving data for article1 ExperimentHandler
