5.9573 	DEBUG 	Fullscreen settings ignored as running in pilot mode.
5.9594 	INFO 	Loaded monitor calibration from ['2024_05_21 12:08']
6.1365 	EXP 	Created window1 = Window(allowGUI=True, allowStencil=True, autoLog=True, backendConf=UNKNOWN, backgroundFit=<method-wrapper '__getattribute__' of attributeSetter object at 0x0000029264A30F70>, backgroundImage=<method-wrapper '__getattribute__' of attributeSetter object at 0x0000029264A30F10>, bitsMode=UNKNOWN, blendMode='avg', bpc=(8, 8, 8), color=array([-1, -1, -1]), colorSpace='rgb', depthBits=8, fullscr=<method-wrapper '__getattribute__' of attributeSetter object at 0x0000029264A30D60>, gamma=None, gammaErrorPolicy='raise', infoMsg=UNKNOWN, lms=UNKNOWN, monitor=<psychopy.monitors.calibTools.Monitor object at 0x0000029264D28BE0>, multiSample=False, name='window1', numSamples=2, pos=[560.0, 240.0], screen=0, size=array([800, 600]), stencilBits=8, stereo=False, title='PsychoPy', units='height', useFBO=True, useRetina=False, viewOri=0.0, viewPos=None, viewScale=None, waitBlanking=True, winType='pyglet')
6.1366 	EXP 	window1: mouseVisible = True
6.1366 	EXP 	window1: backgroundImage = ''
6.1366 	EXP 	window1: backgroundFit = 'none'
6.1368 	EXP 	window1: mouseVisible = True
6.1369 	EXP 	window1: mouseVisible = True
6.1386 	EXP 	window1: mouseVisible = True
6.1391 	EXP 	window1: mouseVisible = True
6.1465 	DEBUG 	TextBox2 loaded 1 chars with 0 blanks and 1 valid
6.1477 	DEBUG 	TextBox2 loaded 1 chars with 0 blanks and 1 valid
6.1489 	DEBUG 	TextBox2 loaded 1 chars with 0 blanks and 1 valid
6.1502 	DEBUG 	TextBox2 loaded 1 chars with 0 blanks and 1 valid
6.1515 	DEBUG 	TextBox2 loaded 1 chars with 0 blanks and 1 valid
6.1524 	DEBUG 	TextBox2 loaded 1 chars with 0 blanks and 1 valid
6.1535 	DEBUG 	TextBox2 loaded 1 chars with 0 blanks and 1 valid
6.1549 	DEBUG 	TextBox2 loaded 1 chars with 0 blanks and 1 valid
6.1556 	DEBUG 	TextBox2 loaded 1 chars with 0 blanks and 1 valid
6.1568 	DEBUG 	TextBox2 loaded 1 chars with 0 blanks and 1 valid
6.1591 	DEBUG 	TextBox2 loaded 1 chars with 0 blanks and 1 valid
6.1610 	DEBUG 	TextBox2 loaded 1 chars with 0 blanks and 1 valid
6.1621 	DEBUG 	TextBox2 loaded 1 chars with 0 blanks and 1 valid
6.1632 	DEBUG 	TextBox2 loaded 1 chars with 0 blanks and 1 valid
6.1643 	DEBUG 	TextBox2 loaded 1 chars with 0 blanks and 1 valid
6.1654 	DEBUG 	TextBox2 loaded 1 chars with 0 blanks and 1 valid
6.1665 	DEBUG 	TextBox2 loaded 1 chars with 0 blanks and 1 valid
6.1674 	DEBUG 	TextBox2 loaded 1 chars with 0 blanks and 1 valid
6.1683 	DEBUG 	TextBox2 loaded 1 chars with 0 blanks and 1 valid
6.1697 	DEBUG 	TextBox2 loaded 1 chars with 0 blanks and 1 valid
6.1706 	DEBUG 	TextBox2 loaded 1 chars with 0 blanks and 1 valid
6.1709 	DEBUG 	Uploading Texture Font fontname to graphics card
6.1774 	DEBUG 	Upload of Texture Font fontname complete
6.1800 	EXP 	window1: mouseVisible = True
6.1801 	EXP 	window1: mouseVisible = True
6.1807 	EXP 	window1: mouseVisible = True
6.1812 	EXP 	window1: mouseVisible = True
6.1856 	DEBUG 	TextBox2 loaded 1 chars with 0 blanks and 1 valid
6.1870 	DEBUG 	TextBox2 loaded 1 chars with 0 blanks and 1 valid
6.1884 	DEBUG 	TextBox2 loaded 1 chars with 0 blanks and 1 valid
6.1887 	DEBUG 	Uploading Texture Font fontname to graphics card
6.1949 	DEBUG 	Upload of Texture Font fontname complete
6.1971 	EXP 	window1: Attempting to measure frame rate of screen (0) ...
6.1971 	EXP 	window1: recordFrameIntervals = False
6.3594 	EXP 	window1: recordFrameIntervals = True
6.5429 	EXP 	Screen (0) actual frame rate measured at 59.97Hz
6.5430 	EXP 	window1: recordFrameIntervals = False
6.5431 	EXP 	window1: mouseVisible = False
6.5435 	EXP 	window1: mouseVisible = True
6.5437 	EXP 	window1: mouseVisible = True
6.5443 	EXP 	window1: mouseVisible = True
6.5449 	EXP 	window1: mouseVisible = True
6.5497 	DEBUG 	TextBox2 loaded 1 chars with 0 blanks and 1 valid
6.5507 	DEBUG 	TextBox2 loaded 1 chars with 0 blanks and 1 valid
6.5520 	DEBUG 	TextBox2 loaded 1 chars with 0 blanks and 1 valid
6.5534 	DEBUG 	TextBox2 loaded 1 chars with 0 blanks and 1 valid
6.5547 	DEBUG 	TextBox2 loaded 1 chars with 0 blanks and 1 valid
6.5562 	DEBUG 	TextBox2 loaded 1 chars with 0 blanks and 1 valid
6.5571 	DEBUG 	TextBox2 loaded 1 chars with 0 blanks and 1 valid
6.5587 	DEBUG 	TextBox2 loaded 1 chars with 0 blanks and 1 valid
6.5601 	DEBUG 	TextBox2 loaded 1 chars with 0 blanks and 1 valid
6.5615 	DEBUG 	TextBox2 loaded 1 chars with 0 blanks and 1 valid
6.5618 	DEBUG 	Uploading Texture Font fontname to graphics card
6.5625 	DEBUG 	Upload of Texture Font fontname complete
6.5642 	EXP 	window1: mouseVisible = True
6.5643 	EXP 	window1: mouseVisible = True
6.5648 	EXP 	window1: mouseVisible = True
6.5653 	EXP 	window1: mouseVisible = True
6.6134 	WARNING 	launchHubServer: If using the iohub mouse or eyetracker devices, fullScr should be True.
9.7971 	INFO 	keyboard.Keyboard is using iohub backend.
9.7972 	INFO 	keyboard.Keyboard is using iohub backend.
9.7972 	INFO 	keyboard.Keyboard is using iohub backend.
9.7973 	INFO 	keyboard.Keyboard is using iohub backend.
9.7973 	INFO 	keyboard.Keyboard is using iohub backend.
9.7973 	EXP 	article1: status = STARTED
9.7976 	EXP 	window1: mouseVisible = True
9.8911 	EXP 	Created text1 = TextStim(__class__=<class 'psychopy.visual.text.TextStim'>, alignHoriz=method-wrapper(...), alignText='center', alignVert=method-wrapper(...), anchorHoriz='center', anchorVert='center', antialias=True, autoDraw=False, autoLog=True, bold=False, color=array([-1., -1., -1.]), colorSpace='rgb', contrast=1.0, depth=0.0, draggable=False, flipHoriz=False, flipVert=False, font='Arial', fontFiles=[], height=0.05, italic=False, languageStyle='Arabic', name='text1', opacity=1.0, ori=0.0, pos=array([0., 0.]), rgb=UNKNOWN, text=str(...), units='height', win=Window(...), wrapWidth=1)
9.8913 	EXP 	window1: mouseVisible = True
9.8932 	EXP 	Created fixation1 = ShapeStim(__class__=<class 'psychopy.visual.shape.ShapeStim'>, anchor=('center', 'center'), autoDraw=False, autoLog=True, closeShape=True, color=method-wrapper(...), colorSpace='rgb', contrast=None, depth=0.0, draggable=False, fillColor=array([-1, -1, -1]), fillColorSpace='rgb', fillRGB=array([-1, -1, -1]), interpolate=True, lineColor=array([-1., -1., -1.]), lineColorSpace='rgb', lineRGB=array([-1., -1., -1.]), lineWidth=0.08, name='fixation1', opacity=1.0, ori=0.0, pos=array([0., 0.]), size=array([0.03, 0.06]), units='norm', vertices=ndarray(...), win=Window(...), windingRule=None)
9.8933 	EXP 	window1: mouseVisible = True
9.8975 	EXP 	Created left_image = ImageStim(__class__=<class 'psychopy.visual.image.ImageStim'>, anchor=('center', 'center'), autoLog=True, color=array([1., 1., 1.]), colorSpace='rgb', contrast=1.0, depth=-1.0, draggable=False, flipHoriz=False, flipVert=False, image='default.png', interpolate=True, mask=None, maskParams=None, name='left_image', opacity=1.0, ori=0.0, pos=array([-0.5,  0. ]), size=array([0.5, 0.5]), texRes=128.0, units='height', win=Window(...))
9.8976 	EXP 	window1: mouseVisible = True
9.9011 	EXP 	Created right_image = ImageStim(__class__=<class 'psychopy.visual.image.ImageStim'>, anchor=('center', 'center'), autoLog=True, color=array([1., 1., 1.]), colorSpace='rgb', contrast=1.0, depth=-2.0, draggable=False, flipHoriz=False, flipVert=False, image='default.png', interpolate=True, mask=None, maskParams=None, name='right_image', opacity=1.0, ori=0.0, pos=array([0.5, 0. ]), size=array([0.5, 0.5]), texRes=128.0, units='height', win=Window(...))
9.9012 	EXP 	window1: mouseVisible = True
9.9023 	EXP 	Created polygon = Rect(__class__=<class 'psychopy.visual.rect.Rect'>, anchor=('center', 'center'), autoDraw=False, autoLog=True, closeShape=True, color=method-wrapper(...), colorSpace='rgb', contrast=None, depth=-5.0, draggable=False, fillColor=array([0., 0., 0.]), fillColorSpace='rgb', fillRGB=array([0., 0., 0.]), interpolate=True, lineColor=array([-0.5765,  0.0039,  1.    ]), lineColorSpace='rgb', lineRGB=array([-0.5765,  0.0039,  1.    ]), lineWidth=20.0, name='polygon', opacity=0.3, ori=0.0, pos=array([0., 0.]), size=array([0.5, 0.5]), units='height', vertices=ndarray(...), win=Window(...))
9.9024 	EXP 	window1: mouseVisible = True
9.9025 	EXP 	window1: mouseVisible = True
9.9030 	EXP 	window1: mouseVisible = True
9.9035 	EXP 	window1: mouseVisible = True
9.9078 	EXP 	window1: mouseVisible = True
9.9079 	EXP 	window1: mouseVisible = True
9.9084 	EXP 	window1: mouseVisible = True
9.9089 	EXP 	window1: mouseVisible = True
9.9140 	DEBUG 	TextBox2 loaded 1 chars with 0 blanks and 1 valid
9.9165 	DEBUG 	TextBox2 loaded 1 chars with 0 blanks and 1 valid
9.9190 	DEBUG 	TextBox2 loaded 1 chars with 0 blanks and 1 valid
9.9213 	DEBUG 	TextBox2 loaded 1 chars with 0 blanks and 1 valid
9.9233 	DEBUG 	TextBox2 loaded 1 chars with 0 blanks and 1 valid
9.9253 	DEBUG 	TextBox2 loaded 1 chars with 0 blanks and 1 valid
9.9277 	DEBUG 	TextBox2 loaded 1 chars with 0 blanks and 1 valid
9.9299 	DEBUG 	TextBox2 loaded 1 chars with 0 blanks and 1 valid
9.9318 	DEBUG 	TextBox2 loaded 1 chars with 0 blanks and 1 valid
9.9321 	DEBUG 	Uploading Texture Font fontname to graphics card
9.9332 	DEBUG 	Upload of Texture Font fontname complete
9.9345 	EXP 	window1: mouseVisible = True
9.9346 	EXP 	window1: mouseVisible = True
9.9352 	EXP 	window1: mouseVisible = True
9.9356 	EXP 	window1: mouseVisible = True
9.9393 	EXP 	window1: mouseVisible = True
9.9395 	EXP 	window1: mouseVisible = True
9.9401 	EXP 	window1: mouseVisible = True
9.9405 	EXP 	window1: mouseVisible = True
9.9442 	EXP 	window1: mouseVisible = True
9.9456 	EXP 	Created text_no_resp = TextStim(__class__=<class 'psychopy.visual.text.TextStim'>, alignHoriz=method-wrapper(...), alignText='center', alignVert=method-wrapper(...), anchorHoriz='center', anchorVert='center', antialias=True, autoDraw=False, autoLog=True, bold=False, color=array([-1., -1., -1.]), colorSpace='rgb', contrast=1.0, depth=-8.0, draggable=False, flipHoriz=False, flipVert=False, font='Arial', fontFiles=[], height=0.05, italic=False, languageStyle='Arabic', name='text_no_resp', opacity=1.0, ori=0.0, pos=array([0., 0.]), rgb=UNKNOWN, text='', units='height', win=Window(...), wrapWidth=1)
9.9457 	EXP 	window1: mouseVisible = True
9.9683 	EXP 	Created text2 = TextStim(__class__=<class 'psychopy.visual.text.TextStim'>, alignHoriz=method-wrapper(...), alignText='center', alignVert=method-wrapper(...), anchorHoriz='center', anchorVert='center', antialias=True, autoDraw=False, autoLog=True, bold=False, color=array([-1., -1., -1.]), colorSpace='rgb', contrast=1.0, depth=0.0, draggable=False, flipHoriz=False, flipVert=False, font='Arial', fontFiles=[], height=0.05, italic=False, languageStyle='Arabic', name='text2', opacity=1.0, ori=0.0, pos=array([0., 0.]), rgb=UNKNOWN, text=str(...), units='height', win=Window(...), wrapWidth=1)
9.9685 	EXP 	window1: mouseVisible = True
9.9702 	EXP 	Created fixation2 = ShapeStim(__class__=<class 'psychopy.visual.shape.ShapeStim'>, anchor=('center', 'center'), autoDraw=False, autoLog=True, closeShape=True, color=method-wrapper(...), colorSpace='rgb', contrast=None, depth=0.0, draggable=False, fillColor=array([-1, -1, -1]), fillColorSpace='rgb', fillRGB=array([-1, -1, -1]), interpolate=True, lineColor=array([-1., -1., -1.]), lineColorSpace='rgb', lineRGB=array([-1., -1., -1.]), lineWidth=0.08, name='fixation2', opacity=1.0, ori=0.0, pos=array([0., 0.]), size=array([0.03, 0.06]), units='norm', vertices=ndarray(...), win=Window(...), windingRule=None)
9.9703 	EXP 	window1: mouseVisible = True
9.9744 	EXP 	Created left_image_2 = ImageStim(__class__=<class 'psychopy.visual.image.ImageStim'>, anchor=('center', 'center'), autoLog=True, color=array([1., 1., 1.]), colorSpace='rgb', contrast=1.0, depth=-1.0, draggable=False, flipHoriz=False, flipVert=False, image='default.png', interpolate=True, mask=None, maskParams=None, name='left_image_2', opacity=1.0, ori=0.0, pos=array([-0.5,  0. ]), size=array([0.5, 0.5]), texRes=128.0, units='height', win=Window(...))
9.9745 	EXP 	window1: mouseVisible = True
9.9782 	EXP 	Created right_image_2 = ImageStim(__class__=<class 'psychopy.visual.image.ImageStim'>, anchor=('center', 'center'), autoLog=True, color=array([1., 1., 1.]), colorSpace='rgb', contrast=1.0, depth=-2.0, draggable=False, flipHoriz=False, flipVert=False, image='default.png', interpolate=True, mask=None, maskParams=None, name='right_image_2', opacity=1.0, ori=0.0, pos=array([0.5, 0. ]), size=array([0.5, 0.5]), texRes=128.0, units='height', win=Window(...))
9.9783 	EXP 	window1: mouseVisible = True
9.9793 	EXP 	Created polygon_2 = Rect(__class__=<class 'psychopy.visual.rect.Rect'>, anchor=('center', 'center'), autoDraw=False, autoLog=True, closeShape=True, color=method-wrapper(...), colorSpace='rgb', contrast=None, depth=-5.0, draggable=False, fillColor=array([0., 0., 0.]), fillColorSpace='rgb', fillRGB=array([0., 0., 0.]), interpolate=True, lineColor=array([-0.5765,  0.0039,  1.    ]), lineColorSpace='rgb', lineRGB=array([-0.5765,  0.0039,  1.    ]), lineWidth=20.0, name='polygon_2', opacity=0.3, ori=0.0, pos=array([0., 0.]), size=array([0.5, 0.5]), units='height', vertices=ndarray(...), win=Window(...))
9.9855 	EXP 	window1: mouseVisible = True
9.9859 	EXP 	window1: mouseVisible = True
9.9879 	EXP 	window1: mouseVisible = True
9.9880 	EXP 	window1: mouseVisible = True
9.9885 	EXP 	window1: mouseVisible = True
9.9890 	EXP 	window1: mouseVisible = True
9.9934 	DEBUG 	TextBox2 loaded 1 chars with 0 blanks and 1 valid
9.9936 	DEBUG 	Uploading Texture Font fontname to graphics card
9.9958 	DEBUG 	Upload of Texture Font fontname complete
9.9974 	EXP 	window1: mouseVisible = True
9.9975 	EXP 	window1: mouseVisible = True
9.9980 	EXP 	window1: mouseVisible = True
9.9984 	EXP 	window1: mouseVisible = True
10.0019 	DEBUG 	TextBox2 loaded 1 chars with 0 blanks and 1 valid
10.0029 	DEBUG 	Uploading Texture Font fontname to graphics card
10.0049 	DEBUG 	Upload of Texture Font fontname complete
10.0064 	EXP 	window1: mouseVisible = True
10.0065 	EXP 	window1: mouseVisible = True
10.0070 	EXP 	window1: mouseVisible = True
10.0075 	EXP 	window1: mouseVisible = True
10.0113 	DEBUG 	TextBox2 loaded 1 chars with 0 blanks and 1 valid
10.0115 	DEBUG 	Uploading Texture Font fontname to graphics card
10.0135 	DEBUG 	Upload of Texture Font fontname complete
10.0150 	EXP 	window1: mouseVisible = True
10.0151 	EXP 	window1: mouseVisible = True
10.0156 	EXP 	window1: mouseVisible = True
10.0160 	EXP 	window1: mouseVisible = True
10.0205 	EXP 	window1: mouseVisible = True
10.0207 	EXP 	window1: mouseVisible = True
10.0212 	EXP 	window1: mouseVisible = True
10.0217 	EXP 	window1: mouseVisible = True
10.0261 	DEBUG 	TextBox2 loaded 1 chars with 0 blanks and 1 valid
10.0263 	DEBUG 	Uploading Texture Font fontname to graphics card
10.0280 	DEBUG 	Upload of Texture Font fontname complete
10.0295 	EXP 	window1: mouseVisible = True
10.0297 	EXP 	window1: mouseVisible = True
10.0302 	EXP 	window1: mouseVisible = True
10.0307 	EXP 	window1: mouseVisible = True
10.0353 	EXP 	window1: mouseVisible = True
10.0354 	EXP 	window1: mouseVisible = True
10.0359 	EXP 	window1: mouseVisible = True
10.0364 	EXP 	window1: mouseVisible = True
10.0407 	DEBUG 	TextBox2 loaded 1 chars with 0 blanks and 1 valid
10.0410 	DEBUG 	Uploading Texture Font fontname to graphics card
10.0442 	DEBUG 	Upload of Texture Font fontname complete
10.0458 	EXP 	window1: mouseVisible = True
10.0460 	EXP 	window1: mouseVisible = True
10.0465 	EXP 	window1: mouseVisible = True
10.0469 	EXP 	window1: mouseVisible = True
10.0515 	EXP 	window1: mouseVisible = True
10.0517 	EXP 	window1: mouseVisible = True
10.0521 	EXP 	window1: mouseVisible = True
10.0526 	EXP 	window1: mouseVisible = True
10.0574 	DEBUG 	TextBox2 loaded 1 chars with 0 blanks and 1 valid
10.0577 	DEBUG 	Uploading Texture Font fontname to graphics card
10.0614 	DEBUG 	Upload of Texture Font fontname complete
10.0631 	EXP 	window1: mouseVisible = True
10.0633 	EXP 	window1: mouseVisible = True
10.0638 	EXP 	window1: mouseVisible = True
10.0642 	EXP 	window1: mouseVisible = True
10.0690 	EXP 	window1: mouseVisible = True
10.0693 	EXP 	window1: mouseVisible = True
10.0699 	EXP 	window1: mouseVisible = True
10.0704 	EXP 	window1: mouseVisible = True
10.0752 	DEBUG 	TextBox2 loaded 1 chars with 0 blanks and 1 valid
10.0755 	DEBUG 	Uploading Texture Font fontname to graphics card
10.0800 	DEBUG 	Upload of Texture Font fontname complete
10.0819 	EXP 	window1: mouseVisible = True
10.0821 	EXP 	window1: mouseVisible = True
10.0826 	EXP 	window1: mouseVisible = True
10.0831 	EXP 	window1: mouseVisible = True
10.0888 	EXP 	window1: mouseVisible = True
10.0891 	EXP 	window1: mouseVisible = True
10.0899 	EXP 	window1: mouseVisible = True
10.0905 	EXP 	window1: mouseVisible = True
10.0951 	DEBUG 	TextBox2 loaded 1 chars with 0 blanks and 1 valid
10.0953 	DEBUG 	Uploading Texture Font fontname to graphics card
10.0984 	DEBUG 	Upload of Texture Font fontname complete
10.1002 	EXP 	window1: mouseVisible = True
10.1004 	EXP 	window1: mouseVisible = True
10.1010 	EXP 	window1: mouseVisible = True
10.1018 	EXP 	window1: mouseVisible = True
10.1074 	EXP 	window1: mouseVisible = True
10.1076 	EXP 	window1: mouseVisible = True
10.1081 	EXP 	window1: mouseVisible = True
10.1086 	EXP 	window1: mouseVisible = True
10.1132 	DEBUG 	TextBox2 loaded 1 chars with 0 blanks and 1 valid
10.1135 	DEBUG 	Uploading Texture Font fontname to graphics card
10.1190 	DEBUG 	Upload of Texture Font fontname complete
10.1209 	EXP 	window1: mouseVisible = True
10.1211 	EXP 	window1: mouseVisible = True
10.1218 	EXP 	window1: mouseVisible = True
10.1226 	EXP 	window1: mouseVisible = True
10.1279 	EXP 	window1: mouseVisible = True
10.1280 	EXP 	window1: mouseVisible = True
10.1286 	EXP 	window1: mouseVisible = True
10.1291 	EXP 	window1: mouseVisible = True
10.1335 	DEBUG 	TextBox2 loaded 1 chars with 0 blanks and 1 valid
10.1337 	DEBUG 	Uploading Texture Font fontname to graphics card
10.1382 	DEBUG 	Upload of Texture Font fontname complete
10.1399 	EXP 	window1: mouseVisible = True
10.1401 	EXP 	window1: mouseVisible = True
10.1406 	EXP 	window1: mouseVisible = True
10.1411 	EXP 	window1: mouseVisible = True
10.1461 	EXP 	window1: mouseVisible = True
10.1463 	EXP 	window1: mouseVisible = True
10.1468 	EXP 	window1: mouseVisible = True
10.1473 	EXP 	window1: mouseVisible = True
10.1518 	DEBUG 	TextBox2 loaded 1 chars with 0 blanks and 1 valid
10.1521 	DEBUG 	Uploading Texture Font fontname to graphics card
10.1566 	DEBUG 	Upload of Texture Font fontname complete
10.1590 	EXP 	window1: mouseVisible = True
10.1592 	EXP 	window1: mouseVisible = True
10.1598 	EXP 	window1: mouseVisible = True
10.1603 	EXP 	window1: mouseVisible = True
10.1655 	EXP 	window1: mouseVisible = True
10.1657 	EXP 	window1: mouseVisible = True
10.1662 	EXP 	window1: mouseVisible = True
10.1668 	EXP 	window1: mouseVisible = True
10.1714 	EXP 	window1: mouseVisible = True
10.1716 	EXP 	window1: mouseVisible = True
10.1722 	EXP 	window1: mouseVisible = True
10.1727 	EXP 	window1: mouseVisible = True
10.1778 	EXP 	window1: mouseVisible = True
10.1794 	EXP 	window1: mouseVisible = True
10.2928 	EXP 	Created slider_trns = Slider(__class__=<class 'psychopy.visual.slider.Slider'>, autoDraw=False, autoLog=True, borderColor=None, color=None, colorSpace='rgb', depth=0, fillColor=None, flip=False, font='Open Sans', granularity=10.0, labelColor=None, labelHeight=0.05, labelWrapWidth=None, labels=(0, 10, 20, 30, 40, 50, 60, 70, 80, 90, 100), lineColor=None, markerColor=None, name='slider_trns', opacity=None, ori=0.0, pos=array([0., 0.]), readOnly=False, self=UNKNOWN, size=array([1. , 0.1]), startValue=50, style='slider', styleTweaks=[], ticks=ndarray(...), units='height', win=Window(...))
10.2929 	EXP 	window1: mouseVisible = True
0.0339 	EXP 	left_learning_reward: autoLog = True
0.0339 	EXP 	right_learning_reward: autoLog = True
0.0339 	EXP 	slider_trns: autoLog = True
0.0339 	EXP 	slider_trns: styleTweaks = []
0.0339 	EXP 	slider_trns: styleTweaks = []
0.0339 	EXP 	slider_trns: styleTweaks = []
0.0339 	EXP 	slider_trns: styleTweaks = []
0.0339 	EXP 	slider_trns: contrast = 1.0
0.0339 	EXP 	slider_trns: markerPos = 50
0.0339 	EXP 	slider_trns: autoLog = True
0.0548 	INFO 	Keyboard events cleared
0.0542 	EXP 	text1: autoDraw = True
3.5538 	EXP 	Created sequence: random, trialTypes=1, nReps=1, seed=None
3.5539 	EXP 	New trial (rep=0, index=0): None
3.5557 	DATA 	Keypress: space
3.5657 	EXP 	text1: autoDraw = False
3.5657 	EXP 	fixation1: autoDraw = True
4.5509 	EXP 	window1: backgroundImage = ''
4.5510 	EXP 	window1: backgroundFit = 'none'
4.6360 	INFO 	Keyboard events cleared
4.6356 	EXP 	fixation1: autoDraw = False
4.6356 	EXP 	fixation1: autoDraw = False
4.6356 	EXP 	left_image: image = '1.jpg'
4.6356 	EXP 	right_image: image = '2.jpg'
4.6356 	EXP 	left_image: autoDraw = True
4.6356 	EXP 	right_image: autoDraw = True
7.6541 	DEBUG 	TextBox2 loaded 1 chars with 0 blanks and 1 valid
7.6566 	DEBUG 	TextBox2 loaded 1 chars with 0 blanks and 1 valid
7.6588 	DEBUG 	TextBox2 loaded 1 chars with 0 blanks and 1 valid
7.6611 	DEBUG 	TextBox2 loaded 1 chars with 0 blanks and 1 valid
7.6632 	DEBUG 	TextBox2 loaded 1 chars with 0 blanks and 1 valid
7.6657 	DEBUG 	TextBox2 loaded 1 chars with 0 blanks and 1 valid
7.6680 	DEBUG 	TextBox2 loaded 1 chars with 0 blanks and 1 valid
7.6682 	DEBUG 	Uploading Texture Font fontname to graphics card
7.6694 	DEBUG 	Upload of Texture Font fontname complete
7.6706 	DATA 	Keypress: right
8.5654 	EXP 	polygon: autoDraw = True
8.5654 	EXP 	left_learning_reward: autoDraw = True
8.5654 	EXP 	right_learning_reward: autoDraw = True
9.5654 	EXP 	polygon: autoDraw = False
9.5654 	EXP 	left_learning_reward: autoDraw = False
9.5654 	EXP 	right_learning_reward: autoDraw = False
9.6484 	EXP 	left_image: autoDraw = False
9.6484 	EXP 	right_image: autoDraw = False
10.5670 	DEBUG 	Fullscreen settings ignored as running in pilot mode.
10.5673 	EXP 	window1: backgroundImage = ''
10.5673 	EXP 	window1: backgroundFit = 'none'
10.5674 	EXP 	window1: units = 'height'
10.5688 	EXP 	window1: Attempting to measure frame rate of screen (0) ...
10.5688 	EXP 	window1: recordFrameIntervals = False
10.5809 	EXP 	left_image: autoDraw = False
10.5809 	EXP 	right_image: autoDraw = False
10.5809 	EXP 	polygon: autoDraw = False
10.5809 	EXP 	left_learning_reward: autoDraw = False
10.5809 	EXP 	right_learning_reward: autoDraw = False
10.5809 	EXP 	text_no_resp: autoDraw = False
10.7337 	EXP 	window1: recordFrameIntervals = True
10.9167 	EXP 	Screen (0) actual frame rate measured at 60.12Hz
10.9167 	EXP 	window1: recordFrameIntervals = False
10.9168 	EXP 	window1: mouseVisible = False
10.9321 	INFO 	Keyboard events cleared
10.9318 	EXP 	text2: autoDraw = True
12.3196 	DATA 	Keypress: right
12.9853 	EXP 	Created sequence: random, trialTypes=1, nReps=10, seed=None
12.9855 	EXP 	New trial (rep=0, index=0): None
12.9868 	DATA 	Keypress: space
12.9986 	EXP 	text2: autoDraw = False
12.9986 	EXP 	fixation2: autoDraw = True
14.0526 	INFO 	Keyboard events cleared
14.0522 	EXP 	fixation2: autoDraw = False
14.0522 	EXP 	fixation2: autoDraw = False
14.0522 	EXP 	left_image_2: image = '1.jpg'
14.0522 	EXP 	right_image_2: image = '2.jpg'
14.0522 	EXP 	left_image_2: autoDraw = True
14.0522 	EXP 	right_image_2: autoDraw = True
16.4116 	DATA 	Keypress: right
17.4143 	EXP 	polygon_2: autoDraw = True
18.4305 	EXP 	left_image_2: autoDraw = False
18.4305 	EXP 	right_image_2: autoDraw = False
19.4638 	EXP 	polygon_2: autoDraw = False
19.4638 	EXP 	left_image_2: autoDraw = False
19.4638 	EXP 	right_image_2: autoDraw = False
19.4638 	EXP 	polygon_2: autoDraw = False
19.4638 	EXP 	slider_trns: markerPos = None
19.4638 	EXP 	slider_trns: markerPos = 50
19.4638 	EXP 	slider_trns: autoDraw = True
29.9629 	DATA 	Mouse: Left button down, pos=(430,449)
30.0461 	DATA 	Mouse:  Left button up, pos=(430,449)
60.4986 	DATA 	Keypress: escape
60.6327 	EXP 	article1: status = STOPPED
60.6473 	EXP 	slider_trns: autoDraw = False
60.6491 	EXP 	article1: status = STOPPED
60.6569 	INFO 	saved data to 'D:\\UT\\semester 4 - courses\\Cognitive science\\HWs\\HW1\\answer\\article1\\data/229366_article1_2024-05-28_01h44.15.028.csv'
60.6574 	INFO 	saved data to D:\UT\semester 4 - courses\Cognitive science\HWs\HW1\answer\article1\data/229366_article1_2024-05-28_01h44.15.028.psydat
60.6870 	EXP 	window1: mouseVisible = True
61.0735 	DEBUG 	Saving data for article1 ExperimentHandler
