9.7381 	DEBUG 	Fullscreen settings ignored as running in pilot mode.
9.7398 	INFO 	Loaded monitor calibration from ['2024_05_21 12:08']
10.0717 	EXP 	Created window1 = Window(allowGUI=True, allowStencil=True, autoLog=True, backendConf=UNKNOWN, backgroundFit=<method-wrapper '__getattribute__' of attributeSetter object at 0x0000024C69801880>, backgroundImage=<method-wrapper '__getattribute__' of attributeSetter object at 0x0000024C69801820>, bitsMode=UNKNOWN, blendMode='avg', bpc=(8, 8, 8), color=array([1, 1, 1]), colorSpace='rgb', depthBits=8, fullscr=<method-wrapper '__getattribute__' of attributeSetter object at 0x0000024C69801670>, gamma=None, gammaErrorPolicy='raise', infoMsg=UNKNOWN, lms=UNKNOWN, monitor=<psychopy.monitors.calibTools.Monitor object at 0x0000024C69C294F0>, multiSample=False, name='window1', numSamples=2, pos=[560.0, 240.0], screen=0, size=array([800, 600]), stencilBits=8, stereo=False, title='PsychoPy', units='height', useFBO=True, useRetina=False, viewOri=0.0, viewPos=None, viewScale=None, waitBlanking=True, winType='pyglet')
10.0719 	EXP 	window1: mouseVisible = True
10.0720 	EXP 	window1: backgroundImage = ''
10.0720 	EXP 	window1: backgroundFit = 'none'
10.0723 	EXP 	window1: mouseVisible = True
10.0726 	EXP 	window1: mouseVisible = True
10.0762 	EXP 	window1: mouseVisible = True
10.0774 	EXP 	window1: mouseVisible = True
10.0876 	DEBUG 	TextBox2 loaded 1 chars with 0 blanks and 1 valid
10.0912 	DEBUG 	TextBox2 loaded 1 chars with 0 blanks and 1 valid
10.0938 	DEBUG 	TextBox2 loaded 1 chars with 0 blanks and 1 valid
10.0963 	DEBUG 	TextBox2 loaded 1 chars with 0 blanks and 1 valid
10.0986 	DEBUG 	TextBox2 loaded 1 chars with 0 blanks and 1 valid
10.1001 	DEBUG 	TextBox2 loaded 1 chars with 0 blanks and 1 valid
10.1025 	DEBUG 	TextBox2 loaded 1 chars with 0 blanks and 1 valid
10.1060 	DEBUG 	TextBox2 loaded 1 chars with 0 blanks and 1 valid
10.1086 	DEBUG 	TextBox2 loaded 1 chars with 0 blanks and 1 valid
10.1106 	DEBUG 	TextBox2 loaded 1 chars with 0 blanks and 1 valid
10.1127 	DEBUG 	TextBox2 loaded 1 chars with 0 blanks and 1 valid
10.1147 	DEBUG 	TextBox2 loaded 1 chars with 0 blanks and 1 valid
10.1166 	DEBUG 	TextBox2 loaded 1 chars with 0 blanks and 1 valid
10.1200 	DEBUG 	TextBox2 loaded 1 chars with 0 blanks and 1 valid
10.1226 	DEBUG 	TextBox2 loaded 1 chars with 0 blanks and 1 valid
10.1252 	DEBUG 	TextBox2 loaded 1 chars with 0 blanks and 1 valid
10.1275 	DEBUG 	TextBox2 loaded 1 chars with 0 blanks and 1 valid
10.1291 	DEBUG 	TextBox2 loaded 1 chars with 0 blanks and 1 valid
10.1306 	DEBUG 	TextBox2 loaded 1 chars with 0 blanks and 1 valid
10.1328 	DEBUG 	TextBox2 loaded 1 chars with 0 blanks and 1 valid
10.1353 	DEBUG 	TextBox2 loaded 1 chars with 0 blanks and 1 valid
10.1359 	DEBUG 	Uploading Texture Font fontname to graphics card
10.1445 	DEBUG 	Upload of Texture Font fontname complete
10.1466 	EXP 	window1: mouseVisible = True
10.1468 	EXP 	window1: mouseVisible = True
10.1477 	EXP 	window1: mouseVisible = True
10.1483 	EXP 	window1: mouseVisible = True
10.1553 	DEBUG 	TextBox2 loaded 1 chars with 0 blanks and 1 valid
10.1575 	DEBUG 	TextBox2 loaded 1 chars with 0 blanks and 1 valid
10.1594 	DEBUG 	TextBox2 loaded 1 chars with 0 blanks and 1 valid
10.1599 	DEBUG 	Uploading Texture Font fontname to graphics card
10.1650 	DEBUG 	Upload of Texture Font fontname complete
10.1683 	EXP 	window1: Attempting to measure frame rate of screen (0) ...
10.1684 	EXP 	window1: recordFrameIntervals = False
10.3376 	EXP 	window1: recordFrameIntervals = True
10.7878 	EXP 	Screen (0) actual frame rate measured at 59.80Hz
10.7879 	EXP 	window1: recordFrameIntervals = False
10.7881 	EXP 	window1: mouseVisible = False
10.7890 	EXP 	window1: mouseVisible = True
10.7894 	EXP 	window1: mouseVisible = True
10.7908 	EXP 	window1: mouseVisible = True
10.7919 	EXP 	window1: mouseVisible = True
10.7991 	DEBUG 	TextBox2 loaded 1 chars with 0 blanks and 1 valid
10.8008 	DEBUG 	TextBox2 loaded 1 chars with 0 blanks and 1 valid
10.8035 	DEBUG 	TextBox2 loaded 1 chars with 0 blanks and 1 valid
10.8063 	DEBUG 	TextBox2 loaded 1 chars with 0 blanks and 1 valid
10.8087 	DEBUG 	TextBox2 loaded 1 chars with 0 blanks and 1 valid
10.8112 	DEBUG 	TextBox2 loaded 1 chars with 0 blanks and 1 valid
10.8128 	DEBUG 	TextBox2 loaded 1 chars with 0 blanks and 1 valid
10.8149 	DEBUG 	TextBox2 loaded 1 chars with 0 blanks and 1 valid
10.8179 	DEBUG 	TextBox2 loaded 1 chars with 0 blanks and 1 valid
10.8209 	DEBUG 	TextBox2 loaded 1 chars with 0 blanks and 1 valid
10.8219 	DEBUG 	Uploading Texture Font fontname to graphics card
10.8233 	DEBUG 	Upload of Texture Font fontname complete
10.8274 	EXP 	window1: mouseVisible = True
10.8277 	EXP 	window1: mouseVisible = True
10.8287 	EXP 	window1: mouseVisible = True
10.8295 	EXP 	window1: mouseVisible = True
10.9063 	WARNING 	launchHubServer: If using the iohub mouse or eyetracker devices, fullScr should be True.
14.8159 	INFO 	keyboard.Keyboard is using iohub backend.
14.8160 	INFO 	keyboard.Keyboard is using iohub backend.
14.8161 	INFO 	keyboard.Keyboard is using iohub backend.
14.8161 	INFO 	keyboard.Keyboard is using iohub backend.
14.8162 	INFO 	keyboard.Keyboard is using iohub backend.
14.8162 	EXP 	article1: status = STARTED
14.8167 	EXP 	window1: mouseVisible = True
14.9887 	EXP 	Created text1 = TextStim(__class__=<class 'psychopy.visual.text.TextStim'>, alignHoriz=method-wrapper(...), alignText='center', alignVert=method-wrapper(...), anchorHoriz='center', anchorVert='center', antialias=True, autoDraw=False, autoLog=True, bold=False, color=array([-1., -1., -1.]), colorSpace='rgb', contrast=1.0, depth=0.0, draggable=False, flipHoriz=False, flipVert=False, font='Arial', fontFiles=[], height=0.05, italic=False, languageStyle='Arabic', name='text1', opacity=1.0, ori=0.0, pos=array([0., 0.]), rgb=UNKNOWN, text=str(...), units='height', win=Window(...), wrapWidth=1)
14.9889 	EXP 	window1: mouseVisible = True
14.9911 	EXP 	Created fixation1 = ShapeStim(__class__=<class 'psychopy.visual.shape.ShapeStim'>, anchor=('center', 'center'), autoDraw=False, autoLog=True, closeShape=True, color=method-wrapper(...), colorSpace='rgb', contrast=None, depth=0.0, draggable=False, fillColor=array([-1, -1, -1]), fillColorSpace='rgb', fillRGB=array([-1, -1, -1]), interpolate=True, lineColor=array([-1., -1., -1.]), lineColorSpace='rgb', lineRGB=array([-1., -1., -1.]), lineWidth=0.08, name='fixation1', opacity=1.0, ori=0.0, pos=array([0., 0.]), size=array([0.03, 0.06]), units='norm', vertices=ndarray(...), win=Window(...), windingRule=None)
14.9913 	EXP 	window1: mouseVisible = True
14.9969 	EXP 	Created left_image = ImageStim(__class__=<class 'psychopy.visual.image.ImageStim'>, anchor=('center', 'center'), autoLog=True, color=array([1., 1., 1.]), colorSpace='rgb', contrast=1.0, depth=-1.0, draggable=False, flipHoriz=False, flipVert=False, image='default.png', interpolate=True, mask=None, maskParams=None, name='left_image', opacity=1.0, ori=0.0, pos=array([-0.5,  0. ]), size=array([0.5, 0.5]), texRes=128.0, units='height', win=Window(...))
14.9971 	EXP 	window1: mouseVisible = True
15.0016 	EXP 	Created right_image = ImageStim(__class__=<class 'psychopy.visual.image.ImageStim'>, anchor=('center', 'center'), autoLog=True, color=array([1., 1., 1.]), colorSpace='rgb', contrast=1.0, depth=-2.0, draggable=False, flipHoriz=False, flipVert=False, image='default.png', interpolate=True, mask=None, maskParams=None, name='right_image', opacity=1.0, ori=0.0, pos=array([0.5, 0. ]), size=array([0.5, 0.5]), texRes=128.0, units='height', win=Window(...))
15.0018 	EXP 	window1: mouseVisible = True
15.0039 	EXP 	Created polygon = Rect(__class__=<class 'psychopy.visual.rect.Rect'>, anchor=('center', 'center'), autoDraw=False, autoLog=True, closeShape=True, color=method-wrapper(...), colorSpace='rgb', contrast=None, depth=-5.0, draggable=False, fillColor=array([0., 0., 0.]), fillColorSpace='rgb', fillRGB=array([0., 0., 0.]), interpolate=True, lineColor=array([-0.5765,  0.0039,  1.    ]), lineColorSpace='rgb', lineRGB=array([-0.5765,  0.0039,  1.    ]), lineWidth=20.0, name='polygon', opacity=0.3, ori=0.0, pos=array([0., 0.]), size=array([0.5, 0.5]), units='height', vertices=ndarray(...), win=Window(...))
15.0042 	EXP 	window1: mouseVisible = True
15.0044 	EXP 	window1: mouseVisible = True
15.0053 	EXP 	window1: mouseVisible = True
15.0062 	EXP 	window1: mouseVisible = True
15.0134 	EXP 	window1: mouseVisible = True
15.0138 	EXP 	window1: mouseVisible = True
15.0148 	EXP 	window1: mouseVisible = True
15.0154 	EXP 	window1: mouseVisible = True
15.0220 	DEBUG 	TextBox2 loaded 1 chars with 0 blanks and 1 valid
15.0253 	DEBUG 	TextBox2 loaded 1 chars with 0 blanks and 1 valid
15.0281 	DEBUG 	TextBox2 loaded 1 chars with 0 blanks and 1 valid
15.0307 	DEBUG 	TextBox2 loaded 1 chars with 0 blanks and 1 valid
15.0329 	DEBUG 	TextBox2 loaded 1 chars with 0 blanks and 1 valid
15.0352 	DEBUG 	TextBox2 loaded 1 chars with 0 blanks and 1 valid
15.0379 	DEBUG 	TextBox2 loaded 1 chars with 0 blanks and 1 valid
15.0403 	DEBUG 	TextBox2 loaded 1 chars with 0 blanks and 1 valid
15.0423 	DEBUG 	TextBox2 loaded 1 chars with 0 blanks and 1 valid
15.0427 	DEBUG 	Uploading Texture Font fontname to graphics card
15.0471 	DEBUG 	Upload of Texture Font fontname complete
15.0488 	EXP 	window1: mouseVisible = True
15.0490 	EXP 	window1: mouseVisible = True
15.0501 	EXP 	window1: mouseVisible = True
15.0508 	EXP 	window1: mouseVisible = True
15.0554 	EXP 	window1: mouseVisible = True
15.0555 	EXP 	window1: mouseVisible = True
15.0561 	EXP 	window1: mouseVisible = True
15.0566 	EXP 	window1: mouseVisible = True
15.0607 	EXP 	window1: mouseVisible = True
15.0624 	EXP 	Created text_no_resp = TextStim(__class__=<class 'psychopy.visual.text.TextStim'>, alignHoriz=method-wrapper(...), alignText='center', alignVert=method-wrapper(...), anchorHoriz='center', anchorVert='center', antialias=True, autoDraw=False, autoLog=True, bold=False, color=array([-1., -1., -1.]), colorSpace='rgb', contrast=1.0, depth=-8.0, draggable=False, flipHoriz=False, flipVert=False, font='Arial', fontFiles=[], height=0.05, italic=False, languageStyle='Arabic', name='text_no_resp', opacity=1.0, ori=0.0, pos=array([0., 0.]), rgb=UNKNOWN, text='', units='height', win=Window(...), wrapWidth=1)
15.0625 	EXP 	window1: mouseVisible = True
15.0904 	EXP 	Created text2 = TextStim(__class__=<class 'psychopy.visual.text.TextStim'>, alignHoriz=method-wrapper(...), alignText='center', alignVert=method-wrapper(...), anchorHoriz='center', anchorVert='center', antialias=True, autoDraw=False, autoLog=True, bold=False, color=array([-1., -1., -1.]), colorSpace='rgb', contrast=1.0, depth=0.0, draggable=False, flipHoriz=False, flipVert=False, font='Arial', fontFiles=[], height=0.05, italic=False, languageStyle='Arabic', name='text2', opacity=1.0, ori=0.0, pos=array([0., 0.]), rgb=UNKNOWN, text=str(...), units='height', win=Window(...), wrapWidth=1)
15.0906 	EXP 	window1: mouseVisible = True
15.0930 	EXP 	Created fixation2 = ShapeStim(__class__=<class 'psychopy.visual.shape.ShapeStim'>, anchor=('center', 'center'), autoDraw=False, autoLog=True, closeShape=True, color=method-wrapper(...), colorSpace='rgb', contrast=None, depth=0.0, draggable=False, fillColor=array([-1, -1, -1]), fillColorSpace='rgb', fillRGB=array([-1, -1, -1]), interpolate=True, lineColor=array([-1., -1., -1.]), lineColorSpace='rgb', lineRGB=array([-1., -1., -1.]), lineWidth=0.08, name='fixation2', opacity=1.0, ori=0.0, pos=array([0., 0.]), size=array([0.03, 0.06]), units='norm', vertices=ndarray(...), win=Window(...), windingRule=None)
15.0932 	EXP 	window1: mouseVisible = True
15.0984 	EXP 	Created left_image_2 = ImageStim(__class__=<class 'psychopy.visual.image.ImageStim'>, anchor=('center', 'center'), autoLog=True, color=array([1., 1., 1.]), colorSpace='rgb', contrast=1.0, depth=-1.0, draggable=False, flipHoriz=False, flipVert=False, image='default.png', interpolate=True, mask=None, maskParams=None, name='left_image_2', opacity=1.0, ori=0.0, pos=array([-0.5,  0. ]), size=array([0.5, 0.5]), texRes=128.0, units='height', win=Window(...))
15.0985 	EXP 	window1: mouseVisible = True
15.1035 	EXP 	Created right_image_2 = ImageStim(__class__=<class 'psychopy.visual.image.ImageStim'>, anchor=('center', 'center'), autoLog=True, color=array([1., 1., 1.]), colorSpace='rgb', contrast=1.0, depth=-2.0, draggable=False, flipHoriz=False, flipVert=False, image='default.png', interpolate=True, mask=None, maskParams=None, name='right_image_2', opacity=1.0, ori=0.0, pos=array([0.5, 0. ]), size=array([0.5, 0.5]), texRes=128.0, units='height', win=Window(...))
15.1037 	EXP 	window1: mouseVisible = True
15.1061 	EXP 	Created polygon_2 = Rect(__class__=<class 'psychopy.visual.rect.Rect'>, anchor=('center', 'center'), autoDraw=False, autoLog=True, closeShape=True, color=method-wrapper(...), colorSpace='rgb', contrast=None, depth=-5.0, draggable=False, fillColor=array([0., 0., 0.]), fillColorSpace='rgb', fillRGB=array([0., 0., 0.]), interpolate=True, lineColor=array([-0.5765,  0.0039,  1.    ]), lineColorSpace='rgb', lineRGB=array([-0.5765,  0.0039,  1.    ]), lineWidth=20.0, name='polygon_2', opacity=0.3, ori=0.0, pos=array([0., 0.]), size=array([0.5, 0.5]), units='height', vertices=ndarray(...), win=Window(...))
0.0339 	EXP 	left_learning_reward: autoLog = True
0.0339 	EXP 	right_learning_reward: autoLog = True
0.0701 	INFO 	Keyboard events cleared
0.0695 	EXP 	text1: autoDraw = True
2.5934 	EXP 	Created sequence: random, trialTypes=1, nReps=1, seed=None
2.5937 	EXP 	New trial (rep=0, index=0): None
2.5984 	DATA 	Keypress: space
2.6330 	EXP 	text1: autoDraw = False
2.6330 	EXP 	fixation1: autoDraw = True
3.6029 	EXP 	window1: backgroundImage = ''
3.6030 	EXP 	window1: backgroundFit = 'none'
3.7838 	INFO 	Keyboard events cleared
3.7829 	EXP 	fixation1: autoDraw = False
3.7829 	EXP 	left_image: image = '4.jpg'
3.7829 	EXP 	right_image: image = '3.jpg'
3.7829 	EXP 	left_image: autoDraw = True
3.7829 	EXP 	right_image: autoDraw = True
7.5953 	EXP 	polygon: autoDraw = True
7.5953 	EXP 	left_learning_reward: autoDraw = True
7.5953 	EXP 	right_learning_reward: autoDraw = True
8.5955 	EXP 	polygon: autoDraw = False
8.5955 	EXP 	left_learning_reward: autoDraw = False
8.5955 	EXP 	right_learning_reward: autoDraw = False
8.7956 	EXP 	left_image: autoDraw = False
8.7956 	EXP 	right_image: autoDraw = False
9.6115 	EXP 	text_no_resp: autoDraw = True
10.6207 	DEBUG 	Fullscreen settings ignored as running in pilot mode.
10.6213 	EXP 	window1: backgroundImage = ''
10.6213 	EXP 	window1: backgroundFit = 'none'
10.6213 	EXP 	window1: units = 'height'
10.6234 	EXP 	window1: Attempting to measure frame rate of screen (0) ...
10.6234 	EXP 	window1: recordFrameIntervals = False
10.6445 	EXP 	text_no_resp: autoDraw = False
10.6445 	EXP 	left_image: autoDraw = False
10.6445 	EXP 	right_image: autoDraw = False
10.6445 	EXP 	polygon: autoDraw = False
10.6445 	EXP 	left_learning_reward: autoDraw = False
10.6445 	EXP 	right_learning_reward: autoDraw = False
10.6445 	EXP 	text_no_resp: autoDraw = False
10.8020 	EXP 	window1: recordFrameIntervals = True
10.9837 	EXP 	Screen (0) actual frame rate measured at 60.00Hz
10.9837 	EXP 	window1: recordFrameIntervals = False
10.9839 	EXP 	window1: mouseVisible = False
10.9968 	INFO 	Keyboard events cleared
10.9960 	EXP 	text2: autoDraw = True
11.8682 	EXP 	Created sequence: random, trialTypes=1, nReps=10, seed=None
11.8685 	EXP 	New trial (rep=0, index=0): None
11.8703 	DATA 	Keypress: space
11.8784 	EXP 	text2: autoDraw = False
11.8784 	EXP 	fixation2: autoDraw = True
12.9935 	INFO 	Keyboard events cleared
12.9925 	EXP 	fixation2: autoDraw = False
12.9925 	EXP 	fixation2: autoDraw = False
12.9925 	EXP 	left_image_2: image = '4.jpg'
12.9925 	EXP 	right_image_2: image = '3.jpg'
12.9925 	EXP 	left_image_2: autoDraw = True
12.9925 	EXP 	right_image_2: autoDraw = True
18.5048 	DATA 	Keypress: right
18.5118 	EXP 	polygon_2: autoDraw = True
18.5284 	EXP 	left_image_2: autoDraw = False
18.5284 	EXP 	right_image_2: autoDraw = False
19.5014 	EXP 	New trial (rep=1, index=0): None
19.5121 	EXP 	polygon_2: autoDraw = False
19.5121 	EXP 	left_image_2: autoDraw = False
19.5121 	EXP 	right_image_2: autoDraw = False
19.5121 	EXP 	polygon_2: autoDraw = False
19.5121 	EXP 	fixation2: autoDraw = True
20.5804 	INFO 	Keyboard events cleared
20.5800 	EXP 	fixation2: autoDraw = False
20.5800 	EXP 	fixation2: autoDraw = False
20.5800 	EXP 	left_image_2: image = '2.jpg'
20.5800 	EXP 	right_image_2: image = '1.jpg'
20.5800 	EXP 	left_image_2: autoDraw = True
20.5800 	EXP 	right_image_2: autoDraw = True
24.8362 	DATA 	Keypress: escape
24.9521 	EXP 	article1: status = STOPPED
24.9613 	EXP 	left_image_2: autoDraw = False
24.9613 	EXP 	right_image_2: autoDraw = False
24.9657 	EXP 	article1: status = STOPPED
25.0009 	INFO 	saved data to 'D:\\UT\\semester 4 - courses\\Cognitive science\\HWs\\HW1\\answer\\article1\\data/287803_article1_2024-05-27_23h39.24.339.csv'
25.0019 	INFO 	saved data to D:\UT\semester 4 - courses\Cognitive science\HWs\HW1\answer\article1\data/287803_article1_2024-05-27_23h39.24.339.psydat
25.0749 	EXP 	window1: mouseVisible = True
25.9249 	DEBUG 	Saving data for article1 ExperimentHandler
