10.3831 	DEBUG 	Fullscreen settings ignored as running in pilot mode.
10.3852 	INFO 	Loaded monitor calibration from ['2024_05_21 12:08']
10.7784 	EXP 	Created window1 = Window(allowGUI=True, allowStencil=True, autoLog=True, backendConf=UNKNOWN, backgroundFit=<method-wrapper '__getattribute__' of attributeSetter object at 0x0000029884E89EB0>, backgroundImage=<method-wrapper '__getattribute__' of attributeSetter object at 0x0000029884E89E50>, bitsMode=UNKNOWN, blendMode='avg', bpc=(8, 8, 8), color=array([1, 1, 1]), colorSpace='rgb', depthBits=8, fullscr=<method-wrapper '__getattribute__' of attributeSetter object at 0x0000029884E89CA0>, gamma=None, gammaErrorPolicy='raise', infoMsg=UNKNOWN, lms=UNKNOWN, monitor=<psychopy.monitors.calibTools.Monitor object at 0x000002988B48FB20>, multiSample=False, name='window1', numSamples=2, pos=[560.0, 240.0], screen=0, size=array([800, 600]), stencilBits=8, stereo=False, title='PsychoPy', units='height', useFBO=True, useRetina=False, viewOri=0.0, viewPos=None, viewScale=None, waitBlanking=True, winType='pyglet')
10.7788 	EXP 	window1: mouseVisible = True
10.7789 	EXP 	window1: backgroundImage = ''
10.7789 	EXP 	window1: backgroundFit = 'none'
10.7796 	EXP 	window1: mouseVisible = True
10.7804 	EXP 	window1: mouseVisible = True
10.7873 	EXP 	window1: mouseVisible = True
10.7900 	EXP 	window1: mouseVisible = True
10.8020 	DEBUG 	TextBox2 loaded 1 chars with 0 blanks and 1 valid
10.8059 	DEBUG 	TextBox2 loaded 1 chars with 0 blanks and 1 valid
10.8095 	DEBUG 	TextBox2 loaded 1 chars with 0 blanks and 1 valid
10.8127 	DEBUG 	TextBox2 loaded 1 chars with 0 blanks and 1 valid
10.8158 	DEBUG 	TextBox2 loaded 1 chars with 0 blanks and 1 valid
10.8176 	DEBUG 	TextBox2 loaded 1 chars with 0 blanks and 1 valid
10.8203 	DEBUG 	TextBox2 loaded 1 chars with 0 blanks and 1 valid
10.8229 	DEBUG 	TextBox2 loaded 1 chars with 0 blanks and 1 valid
10.8243 	DEBUG 	TextBox2 loaded 1 chars with 0 blanks and 1 valid
10.8256 	DEBUG 	TextBox2 loaded 1 chars with 0 blanks and 1 valid
10.8276 	DEBUG 	TextBox2 loaded 1 chars with 0 blanks and 1 valid
10.8294 	DEBUG 	TextBox2 loaded 1 chars with 0 blanks and 1 valid
10.8312 	DEBUG 	TextBox2 loaded 1 chars with 0 blanks and 1 valid
10.8345 	DEBUG 	TextBox2 loaded 1 chars with 0 blanks and 1 valid
10.8366 	DEBUG 	TextBox2 loaded 1 chars with 0 blanks and 1 valid
10.8385 	DEBUG 	TextBox2 loaded 1 chars with 0 blanks and 1 valid
10.8403 	DEBUG 	TextBox2 loaded 1 chars with 0 blanks and 1 valid
10.8417 	DEBUG 	TextBox2 loaded 1 chars with 0 blanks and 1 valid
10.8429 	DEBUG 	TextBox2 loaded 1 chars with 0 blanks and 1 valid
10.8446 	DEBUG 	TextBox2 loaded 1 chars with 0 blanks and 1 valid
10.8457 	DEBUG 	TextBox2 loaded 1 chars with 0 blanks and 1 valid
10.8462 	DEBUG 	Uploading Texture Font fontname to graphics card
10.8624 	DEBUG 	Upload of Texture Font fontname complete
10.8679 	EXP 	window1: mouseVisible = True
10.8686 	EXP 	window1: mouseVisible = True
10.8708 	EXP 	window1: mouseVisible = True
10.8735 	EXP 	window1: mouseVisible = True
10.8790 	DEBUG 	TextBox2 loaded 1 chars with 0 blanks and 1 valid
10.8808 	DEBUG 	TextBox2 loaded 1 chars with 0 blanks and 1 valid
10.8826 	DEBUG 	TextBox2 loaded 1 chars with 0 blanks and 1 valid
10.8830 	DEBUG 	Uploading Texture Font fontname to graphics card
10.8932 	DEBUG 	Upload of Texture Font fontname complete
10.8989 	EXP 	window1: Attempting to measure frame rate of screen (0) ...
10.8990 	EXP 	window1: recordFrameIntervals = False
11.0913 	EXP 	window1: recordFrameIntervals = True
11.2741 	EXP 	Screen (0) actual frame rate measured at 60.09Hz
11.2742 	EXP 	window1: recordFrameIntervals = False
11.2743 	EXP 	window1: mouseVisible = False
11.2754 	EXP 	window1: mouseVisible = True
11.2759 	EXP 	window1: mouseVisible = True
11.2776 	EXP 	window1: mouseVisible = True
11.2791 	EXP 	window1: mouseVisible = True
11.2917 	DEBUG 	TextBox2 loaded 1 chars with 0 blanks and 1 valid
11.2946 	DEBUG 	TextBox2 loaded 1 chars with 0 blanks and 1 valid
11.2985 	DEBUG 	TextBox2 loaded 1 chars with 0 blanks and 1 valid
11.3030 	DEBUG 	TextBox2 loaded 1 chars with 0 blanks and 1 valid
11.3064 	DEBUG 	TextBox2 loaded 1 chars with 0 blanks and 1 valid
11.3084 	DEBUG 	TextBox2 loaded 1 chars with 0 blanks and 1 valid
11.3116 	DEBUG 	TextBox2 loaded 1 chars with 0 blanks and 1 valid
11.3182 	DEBUG 	TextBox2 loaded 1 chars with 0 blanks and 1 valid
11.3202 	DEBUG 	TextBox2 loaded 1 chars with 0 blanks and 1 valid
11.3219 	DEBUG 	TextBox2 loaded 1 chars with 0 blanks and 1 valid
11.3223 	DEBUG 	Uploading Texture Font fontname to graphics card
11.3233 	DEBUG 	Upload of Texture Font fontname complete
11.3256 	EXP 	window1: mouseVisible = True
11.3257 	EXP 	window1: mouseVisible = True
11.3264 	EXP 	window1: mouseVisible = True
11.3270 	EXP 	window1: mouseVisible = True
11.4163 	WARNING 	launchHubServer: If using the iohub mouse or eyetracker devices, fullScr should be True.
16.0828 	INFO 	keyboard.Keyboard is using iohub backend.
16.0829 	INFO 	keyboard.Keyboard is using iohub backend.
16.0829 	INFO 	keyboard.Keyboard is using iohub backend.
16.0830 	INFO 	keyboard.Keyboard is using iohub backend.
16.0830 	INFO 	keyboard.Keyboard is using iohub backend.
16.0831 	INFO 	keyboard.Keyboard is using iohub backend.
16.0831 	INFO 	keyboard.Keyboard is using iohub backend.
16.0831 	INFO 	keyboard.Keyboard is using iohub backend.
16.0832 	EXP 	article1: status = STARTED
16.0836 	EXP 	window1: mouseVisible = True
16.2494 	EXP 	Created text0 = TextStim(__class__=<class 'psychopy.visual.text.TextStim'>, alignHoriz=method-wrapper(...), alignText='center', alignVert=method-wrapper(...), anchorHoriz='center', anchorVert='center', antialias=True, autoDraw=False, autoLog=True, bold=False, color=array([-1., -1., -1.]), colorSpace='rgb', contrast=1.0, depth=0.0, draggable=False, flipHoriz=False, flipVert=False, font='Arial', fontFiles=[], height=0.05, italic=False, languageStyle='Arabic', name='text0', opacity=1.0, ori=0.0, pos=array([0., 0.]), rgb=UNKNOWN, text=str(...), units='height', win=Window(...), wrapWidth=1)
16.2497 	EXP 	window1: mouseVisible = True
16.2524 	EXP 	Created fixation0 = ShapeStim(__class__=<class 'psychopy.visual.shape.ShapeStim'>, anchor=('center', 'center'), autoDraw=False, autoLog=True, closeShape=True, color=method-wrapper(...), colorSpace='rgb', contrast=None, depth=0.0, draggable=False, fillColor=array([-1, -1, -1]), fillColorSpace='rgb', fillRGB=array([-1, -1, -1]), interpolate=True, lineColor=array([-1., -1., -1.]), lineColorSpace='rgb', lineRGB=array([-1., -1., -1.]), lineWidth=0.08, name='fixation0', opacity=1.0, ori=0.0, pos=array([0., 0.]), size=array([0.03, 0.06]), units='norm', vertices=ndarray(...), win=Window(...), windingRule=None)
16.2525 	EXP 	window1: mouseVisible = True
16.2577 	EXP 	Created left_image_0 = ImageStim(__class__=<class 'psychopy.visual.image.ImageStim'>, anchor=('center', 'center'), autoLog=True, color=array([1., 1., 1.]), colorSpace='rgb', contrast=1.0, depth=-1.0, draggable=False, flipHoriz=False, flipVert=False, image='default.png', interpolate=True, mask=None, maskParams=None, name='left_image_0', opacity=1.0, ori=0.0, pos=array([-0.5,  0. ]), size=array([0.5, 0.5]), texRes=128.0, units='height', win=Window(...))
16.2578 	EXP 	window1: mouseVisible = True
16.2631 	EXP 	Created right_image_0 = ImageStim(__class__=<class 'psychopy.visual.image.ImageStim'>, anchor=('center', 'center'), autoLog=True, color=array([1., 1., 1.]), colorSpace='rgb', contrast=1.0, depth=-2.0, draggable=False, flipHoriz=False, flipVert=False, image='default.png', interpolate=True, mask=None, maskParams=None, name='right_image_0', opacity=1.0, ori=0.0, pos=array([0.5, 0. ]), size=array([0.5, 0.5]), texRes=128.0, units='height', win=Window(...))
16.2634 	EXP 	window1: mouseVisible = True
16.2654 	EXP 	Created polygon_0 = Rect(__class__=<class 'psychopy.visual.rect.Rect'>, anchor=('center', 'center'), autoDraw=False, autoLog=True, closeShape=True, color=method-wrapper(...), colorSpace='rgb', contrast=None, depth=-5.0, draggable=False, fillColor=array([0., 0., 0.]), fillColorSpace='rgb', fillRGB=array([0., 0., 0.]), interpolate=True, lineColor=array([-0.5765,  0.0039,  1.    ]), lineColorSpace='rgb', lineRGB=array([-0.5765,  0.0039,  1.    ]), lineWidth=20.0, name='polygon_0', opacity=0.3, ori=0.0, pos=array([0., 0.]), size=array([0.5, 0.5]), units='height', vertices=ndarray(...), win=Window(...))
16.2656 	EXP 	window1: mouseVisible = True
16.2658 	EXP 	window1: mouseVisible = True
16.2669 	EXP 	window1: mouseVisible = True
16.2678 	EXP 	window1: mouseVisible = True
16.2729 	EXP 	window1: mouseVisible = True
16.2730 	EXP 	window1: mouseVisible = True
16.2736 	EXP 	window1: mouseVisible = True
16.2742 	EXP 	window1: mouseVisible = True
16.2809 	DEBUG 	TextBox2 loaded 1 chars with 0 blanks and 1 valid
16.2841 	DEBUG 	TextBox2 loaded 1 chars with 0 blanks and 1 valid
16.2871 	DEBUG 	TextBox2 loaded 1 chars with 0 blanks and 1 valid
16.2899 	DEBUG 	TextBox2 loaded 1 chars with 0 blanks and 1 valid
16.2921 	DEBUG 	TextBox2 loaded 1 chars with 0 blanks and 1 valid
16.2942 	DEBUG 	TextBox2 loaded 1 chars with 0 blanks and 1 valid
16.2968 	DEBUG 	TextBox2 loaded 1 chars with 0 blanks and 1 valid
16.2994 	DEBUG 	TextBox2 loaded 1 chars with 0 blanks and 1 valid
16.3019 	DEBUG 	TextBox2 loaded 1 chars with 0 blanks and 1 valid
16.3023 	DEBUG 	Uploading Texture Font fontname to graphics card
16.3043 	DEBUG 	Upload of Texture Font fontname complete
16.3058 	EXP 	window1: mouseVisible = True
16.3060 	EXP 	window1: mouseVisible = True
16.3070 	EXP 	window1: mouseVisible = True
16.3076 	EXP 	window1: mouseVisible = True
16.3117 	EXP 	window1: mouseVisible = True
16.3119 	EXP 	window1: mouseVisible = True
16.3125 	EXP 	window1: mouseVisible = True
16.3130 	EXP 	window1: mouseVisible = True
16.3177 	EXP 	window1: mouseVisible = True
16.3193 	EXP 	Created text_no_resp_0 = TextStim(__class__=<class 'psychopy.visual.text.TextStim'>, alignHoriz=method-wrapper(...), alignText='center', alignVert=method-wrapper(...), anchorHoriz='center', anchorVert='center', antialias=True, autoDraw=False, autoLog=True, bold=False, color=array([-1., -1., -1.]), colorSpace='rgb', contrast=1.0, depth=-8.0, draggable=False, flipHoriz=False, flipVert=False, font='Arial', fontFiles=[], height=0.05, italic=False, languageStyle='Arabic', name='text_no_resp_0', opacity=1.0, ori=0.0, pos=array([0., 0.]), rgb=UNKNOWN, text='', units='height', win=Window(...), wrapWidth=1)
16.3194 	EXP 	window1: mouseVisible = True
16.3374 	EXP 	Created text1 = TextStim(__class__=<class 'psychopy.visual.text.TextStim'>, alignHoriz=method-wrapper(...), alignText='center', alignVert=method-wrapper(...), anchorHoriz='center', anchorVert='center', antialias=True, autoDraw=False, autoLog=True, bold=False, color=array([-1., -1., -1.]), colorSpace='rgb', contrast=1.0, depth=0.0, draggable=False, flipHoriz=False, flipVert=False, font='Arial', fontFiles=[], height=0.05, italic=False, languageStyle='Arabic', name='text1', opacity=1.0, ori=0.0, pos=array([0., 0.]), rgb=UNKNOWN, text=str(...), units='height', win=Window(...), wrapWidth=1)
16.3375 	EXP 	window1: mouseVisible = True
16.3394 	EXP 	Created fixation1 = ShapeStim(__class__=<class 'psychopy.visual.shape.ShapeStim'>, anchor=('center', 'center'), autoDraw=False, autoLog=True, closeShape=True, color=method-wrapper(...), colorSpace='rgb', contrast=None, depth=0.0, draggable=False, fillColor=array([-1, -1, -1]), fillColorSpace='rgb', fillRGB=array([-1, -1, -1]), interpolate=True, lineColor=array([-1., -1., -1.]), lineColorSpace='rgb', lineRGB=array([-1., -1., -1.]), lineWidth=0.08, name='fixation1', opacity=1.0, ori=0.0, pos=array([0., 0.]), size=array([0.03, 0.06]), units='norm', vertices=ndarray(...), win=Window(...), windingRule=None)
16.3396 	EXP 	window1: mouseVisible = True
16.3738 	EXP 	Created left_image = ImageStim(__class__=<class 'psychopy.visual.image.ImageStim'>, anchor=('center', 'center'), autoLog=True, color=array([1., 1., 1.]), colorSpace='rgb', contrast=1.0, depth=-1.0, draggable=False, flipHoriz=False, flipVert=False, image='default.png', interpolate=True, mask=None, maskParams=None, name='left_image', opacity=1.0, ori=0.0, pos=array([-0.5,  0. ]), size=array([0.5, 0.5]), texRes=128.0, units='height', win=Window(...))
16.3743 	EXP 	window1: mouseVisible = True
16.3823 	EXP 	Created right_image = ImageStim(__class__=<class 'psychopy.visual.image.ImageStim'>, anchor=('center', 'center'), autoLog=True, color=array([1., 1., 1.]), colorSpace='rgb', contrast=1.0, depth=-2.0, draggable=False, flipHoriz=False, flipVert=False, image='default.png', interpolate=True, mask=None, maskParams=None, name='right_image', opacity=1.0, ori=0.0, pos=array([0.5, 0. ]), size=array([0.5, 0.5]), texRes=128.0, units='height', win=Window(...))
16.3825 	EXP 	window1: mouseVisible = True
16.3855 	EXP 	Created polygon = Rect(__class__=<class 'psychopy.visual.rect.Rect'>, anchor=('center', 'center'), autoDraw=False, autoLog=True, closeShape=True, color=method-wrapper(...), colorSpace='rgb', contrast=None, depth=-5.0, draggable=False, fillColor=array([0., 0., 0.]), fillColorSpace='rgb', fillRGB=array([0., 0., 0.]), interpolate=True, lineColor=array([-0.5765,  0.0039,  1.    ]), lineColorSpace='rgb', lineRGB=array([-0.5765,  0.0039,  1.    ]), lineWidth=20.0, name='polygon', opacity=0.3, ori=0.0, pos=array([0., 0.]), size=array([0.5, 0.5]), units='height', vertices=ndarray(...), win=Window(...))
16.3858 	EXP 	window1: mouseVisible = True
16.3861 	EXP 	window1: mouseVisible = True
16.3872 	EXP 	window1: mouseVisible = True
16.3882 	EXP 	window1: mouseVisible = True
16.3954 	EXP 	window1: mouseVisible = True
16.3956 	EXP 	window1: mouseVisible = True
16.3963 	EXP 	window1: mouseVisible = True
16.3970 	EXP 	window1: mouseVisible = True
16.4025 	EXP 	window1: mouseVisible = True
16.4027 	EXP 	window1: mouseVisible = True
16.4033 	EXP 	window1: mouseVisible = True
16.4039 	EXP 	window1: mouseVisible = True
16.4085 	EXP 	window1: mouseVisible = True
16.4087 	EXP 	window1: mouseVisible = True
16.4092 	EXP 	window1: mouseVisible = True
16.4098 	EXP 	window1: mouseVisible = True
16.4138 	EXP 	window1: mouseVisible = True
16.4155 	EXP 	Created text_no_resp = TextStim(__class__=<class 'psychopy.visual.text.TextStim'>, alignHoriz=method-wrapper(...), alignText='center', alignVert=method-wrapper(...), anchorHoriz='center', anchorVert='center', antialias=True, autoDraw=False, autoLog=True, bold=False, color=array([-1., -1., -1.]), colorSpace='rgb', contrast=1.0, depth=-8.0, draggable=False, flipHoriz=False, flipVert=False, font='Arial', fontFiles=[], height=0.05, italic=False, languageStyle='Arabic', name='text_no_resp', opacity=1.0, ori=0.0, pos=array([0., 0.]), rgb=UNKNOWN, text='', units='height', win=Window(...), wrapWidth=1)
16.4157 	EXP 	window1: mouseVisible = True
16.4451 	EXP 	Created text2 = TextStim(__class__=<class 'psychopy.visual.text.TextStim'>, alignHoriz=method-wrapper(...), alignText='center', alignVert=method-wrapper(...), anchorHoriz='center', anchorVert='center', antialias=True, autoDraw=False, autoLog=True, bold=False, color=array([-1., -1., -1.]), colorSpace='rgb', contrast=1.0, depth=0.0, draggable=False, flipHoriz=False, flipVert=False, font='Arial', fontFiles=[], height=0.05, italic=False, languageStyle='Arabic', name='text2', opacity=1.0, ori=0.0, pos=array([0., 0.]), rgb=UNKNOWN, text=str(...), units='height', win=Window(...), wrapWidth=1)
16.4452 	EXP 	window1: mouseVisible = True
16.4474 	EXP 	Created fixation2 = ShapeStim(__class__=<class 'psychopy.visual.shape.ShapeStim'>, anchor=('center', 'center'), autoDraw=False, autoLog=True, closeShape=True, color=method-wrapper(...), colorSpace='rgb', contrast=None, depth=0.0, draggable=False, fillColor=array([-1, -1, -1]), fillColorSpace='rgb', fillRGB=array([-1, -1, -1]), interpolate=True, lineColor=array([-1., -1., -1.]), lineColorSpace='rgb', lineRGB=array([-1., -1., -1.]), lineWidth=0.08, name='fixation2', opacity=1.0, ori=0.0, pos=array([0., 0.]), size=array([0.03, 0.06]), units='norm', vertices=ndarray(...), win=Window(...), windingRule=None)
16.4475 	EXP 	window1: mouseVisible = True
16.4529 	EXP 	Created left_image_2 = ImageStim(__class__=<class 'psychopy.visual.image.ImageStim'>, anchor=('center', 'center'), autoLog=True, color=array([1., 1., 1.]), colorSpace='rgb', contrast=1.0, depth=-1.0, draggable=False, flipHoriz=False, flipVert=False, image='default.png', interpolate=True, mask=None, maskParams=None, name='left_image_2', opacity=1.0, ori=0.0, pos=array([-0.5,  0. ]), size=array([0.5, 0.5]), texRes=128.0, units='height', win=Window(...))
16.4530 	EXP 	window1: mouseVisible = True
16.4571 	EXP 	Created right_image_2 = ImageStim(__class__=<class 'psychopy.visual.image.ImageStim'>, anchor=('center', 'center'), autoLog=True, color=array([1., 1., 1.]), colorSpace='rgb', contrast=1.0, depth=-2.0, draggable=False, flipHoriz=False, flipVert=False, image='default.png', interpolate=True, mask=None, maskParams=None, name='right_image_2', opacity=1.0, ori=0.0, pos=array([0.5, 0. ]), size=array([0.5, 0.5]), texRes=128.0, units='height', win=Window(...))
16.4572 	EXP 	window1: mouseVisible = True
16.4585 	EXP 	Created polygon_2 = Rect(__class__=<class 'psychopy.visual.rect.Rect'>, anchor=('center', 'center'), autoDraw=False, autoLog=True, closeShape=True, color=method-wrapper(...), colorSpace='rgb', contrast=None, depth=-5.0, draggable=False, fillColor=array([0., 0., 0.]), fillColorSpace='rgb', fillRGB=array([0., 0., 0.]), interpolate=True, lineColor=array([-0.5765,  0.0039,  1.    ]), lineColorSpace='rgb', lineRGB=array([-0.5765,  0.0039,  1.    ]), lineWidth=20.0, name='polygon_2', opacity=0.3, ori=0.0, pos=array([0., 0.]), size=array([0.5, 0.5]), units='height', vertices=ndarray(...), win=Window(...))
16.4695 	EXP 	window1: mouseVisible = True
16.4703 	EXP 	window1: mouseVisible = True
16.4742 	EXP 	window1: mouseVisible = True
16.4744 	EXP 	window1: mouseVisible = True
16.4754 	EXP 	window1: mouseVisible = True
16.4765 	EXP 	window1: mouseVisible = True
16.4842 	DEBUG 	TextBox2 loaded 1 chars with 0 blanks and 1 valid
16.4846 	DEBUG 	Uploading Texture Font fontname to graphics card
16.4856 	DEBUG 	Upload of Texture Font fontname complete
16.4874 	EXP 	window1: mouseVisible = True
16.4876 	EXP 	window1: mouseVisible = True
16.4881 	EXP 	window1: mouseVisible = True
16.4887 	EXP 	window1: mouseVisible = True
16.4927 	DEBUG 	TextBox2 loaded 1 chars with 0 blanks and 1 valid
16.4945 	DEBUG 	Uploading Texture Font fontname to graphics card
16.5012 	DEBUG 	Upload of Texture Font fontname complete
16.5033 	EXP 	window1: mouseVisible = True
16.5034 	EXP 	window1: mouseVisible = True
16.5041 	EXP 	window1: mouseVisible = True
16.5046 	EXP 	window1: mouseVisible = True
16.5097 	DEBUG 	TextBox2 loaded 1 chars with 0 blanks and 1 valid
16.5101 	DEBUG 	Uploading Texture Font fontname to graphics card
16.5168 	DEBUG 	Upload of Texture Font fontname complete
16.5194 	EXP 	window1: mouseVisible = True
16.5196 	EXP 	window1: mouseVisible = True
16.5203 	EXP 	window1: mouseVisible = True
16.5210 	EXP 	window1: mouseVisible = True
16.5297 	EXP 	window1: mouseVisible = True
16.5299 	EXP 	window1: mouseVisible = True
16.5309 	EXP 	window1: mouseVisible = True
16.5319 	EXP 	window1: mouseVisible = True
16.5392 	DEBUG 	TextBox2 loaded 1 chars with 0 blanks and 1 valid
16.5396 	DEBUG 	Uploading Texture Font fontname to graphics card
16.5512 	DEBUG 	Upload of Texture Font fontname complete
16.5531 	EXP 	window1: mouseVisible = True
16.5533 	EXP 	window1: mouseVisible = True
16.5539 	EXP 	window1: mouseVisible = True
16.5544 	EXP 	window1: mouseVisible = True
16.5618 	EXP 	window1: mouseVisible = True
16.5622 	EXP 	window1: mouseVisible = True
16.5628 	EXP 	window1: mouseVisible = True
16.5660 	EXP 	window1: mouseVisible = True
16.5753 	DEBUG 	TextBox2 loaded 1 chars with 0 blanks and 1 valid
16.5761 	DEBUG 	Uploading Texture Font fontname to graphics card
16.5943 	DEBUG 	Upload of Texture Font fontname complete
16.5992 	EXP 	window1: mouseVisible = True
16.5996 	EXP 	window1: mouseVisible = True
16.6011 	EXP 	window1: mouseVisible = True
16.6024 	EXP 	window1: mouseVisible = True
16.6161 	EXP 	window1: mouseVisible = True
16.6165 	EXP 	window1: mouseVisible = True
16.6182 	EXP 	window1: mouseVisible = True
16.6204 	EXP 	window1: mouseVisible = True
16.6278 	DEBUG 	TextBox2 loaded 1 chars with 0 blanks and 1 valid
16.6280 	DEBUG 	Uploading Texture Font fontname to graphics card
16.6450 	DEBUG 	Upload of Texture Font fontname complete
16.6502 	EXP 	window1: mouseVisible = True
16.6516 	EXP 	window1: mouseVisible = True
16.6634 	EXP 	window1: mouseVisible = True
16.6691 	EXP 	window1: mouseVisible = True
16.6834 	EXP 	window1: mouseVisible = True
16.6859 	EXP 	window1: mouseVisible = True
16.6880 	EXP 	window1: mouseVisible = True
16.6899 	EXP 	window1: mouseVisible = True
16.6997 	DEBUG 	TextBox2 loaded 1 chars with 0 blanks and 1 valid
16.7004 	DEBUG 	Uploading Texture Font fontname to graphics card
16.7101 	DEBUG 	Upload of Texture Font fontname complete
16.7146 	EXP 	window1: mouseVisible = True
16.7153 	EXP 	window1: mouseVisible = True
16.7184 	EXP 	window1: mouseVisible = True
16.7201 	EXP 	window1: mouseVisible = True
16.7352 	EXP 	window1: mouseVisible = True
16.7356 	EXP 	window1: mouseVisible = True
16.7373 	EXP 	window1: mouseVisible = True
16.7393 	EXP 	window1: mouseVisible = True
16.7468 	DEBUG 	TextBox2 loaded 1 chars with 0 blanks and 1 valid
16.7471 	DEBUG 	Uploading Texture Font fontname to graphics card
16.7600 	DEBUG 	Upload of Texture Font fontname complete
16.7643 	EXP 	window1: mouseVisible = True
16.7648 	EXP 	window1: mouseVisible = True
16.7663 	EXP 	window1: mouseVisible = True
16.7678 	EXP 	window1: mouseVisible = True
16.7742 	EXP 	window1: mouseVisible = True
16.7744 	EXP 	window1: mouseVisible = True
16.7750 	EXP 	window1: mouseVisible = True
16.7755 	EXP 	window1: mouseVisible = True
16.7804 	DEBUG 	TextBox2 loaded 1 chars with 0 blanks and 1 valid
16.7806 	DEBUG 	Uploading Texture Font fontname to graphics card
16.7881 	DEBUG 	Upload of Texture Font fontname complete
16.7916 	EXP 	window1: mouseVisible = True
16.7919 	EXP 	window1: mouseVisible = True
16.7935 	EXP 	window1: mouseVisible = True
16.7946 	EXP 	window1: mouseVisible = True
16.8052 	EXP 	window1: mouseVisible = True
16.8055 	EXP 	window1: mouseVisible = True
16.8065 	EXP 	window1: mouseVisible = True
16.8074 	EXP 	window1: mouseVisible = True
16.8169 	DEBUG 	TextBox2 loaded 1 chars with 0 blanks and 1 valid
16.8175 	DEBUG 	Uploading Texture Font fontname to graphics card
16.8413 	DEBUG 	Upload of Texture Font fontname complete
16.8455 	EXP 	window1: mouseVisible = True
16.8460 	EXP 	window1: mouseVisible = True
16.8477 	EXP 	window1: mouseVisible = True
16.8490 	EXP 	window1: mouseVisible = True
16.8625 	EXP 	window1: mouseVisible = True
16.8629 	EXP 	window1: mouseVisible = True
16.8643 	EXP 	window1: mouseVisible = True
16.8656 	EXP 	window1: mouseVisible = True
16.8727 	DEBUG 	TextBox2 loaded 1 chars with 0 blanks and 1 valid
16.8730 	DEBUG 	Uploading Texture Font fontname to graphics card
16.9078 	DEBUG 	Upload of Texture Font fontname complete
16.9124 	EXP 	window1: mouseVisible = True
16.9128 	EXP 	window1: mouseVisible = True
16.9142 	EXP 	window1: mouseVisible = True
16.9154 	EXP 	window1: mouseVisible = True
16.9266 	EXP 	window1: mouseVisible = True
16.9269 	EXP 	window1: mouseVisible = True
16.9279 	EXP 	window1: mouseVisible = True
16.9289 	EXP 	window1: mouseVisible = True
16.9364 	EXP 	window1: mouseVisible = True
16.9366 	EXP 	window1: mouseVisible = True
16.9372 	EXP 	window1: mouseVisible = True
16.9378 	EXP 	window1: mouseVisible = True
16.9439 	EXP 	window1: mouseVisible = True
16.9455 	EXP 	window1: mouseVisible = True
17.0728 	EXP 	Created slider_trns = Slider(__class__=<class 'psychopy.visual.slider.Slider'>, autoDraw=False, autoLog=True, borderColor=None, color=None, colorSpace='rgb', depth=0, fillColor=None, flip=False, font='Open Sans', granularity=10.0, labelColor=None, labelHeight=0.05, labelWrapWidth=None, labels=(0, 10, 20, 30, 40, 50, 60, 70, 80, 90, 100), lineColor=None, markerColor=None, name='slider_trns', opacity=None, ori=0.0, pos=array([0., 0.]), readOnly=False, self=UNKNOWN, size=array([1. , 0.1]), startValue=50, style='slider', styleTweaks=[], ticks=ndarray(...), units='height', win=Window(...))
17.0729 	EXP 	window1: mouseVisible = True
17.0731 	EXP 	window1: mouseVisible = True
17.0909 	EXP 	Created text3 = TextStim(__class__=<class 'psychopy.visual.text.TextStim'>, alignHoriz=method-wrapper(...), alignText='center', alignVert=method-wrapper(...), anchorHoriz='center', anchorVert='center', antialias=True, autoDraw=False, autoLog=True, bold=False, color=array([-1., -1., -1.]), colorSpace='rgb', contrast=1.0, depth=0.0, draggable=False, flipHoriz=False, flipVert=False, font='Arial', fontFiles=[], height=0.05, italic=False, languageStyle='Arabic', name='text3', opacity=1.0, ori=0.0, pos=array([0., 0.]), rgb=UNKNOWN, text=str(...), units='height', win=Window(...), wrapWidth=1)
17.0911 	EXP 	window1: mouseVisible = True
17.0946 	EXP 	Created fixation3 = ShapeStim(__class__=<class 'psychopy.visual.shape.ShapeStim'>, anchor=('center', 'center'), autoDraw=False, autoLog=True, closeShape=True, color=method-wrapper(...), colorSpace='rgb', contrast=None, depth=0.0, draggable=False, fillColor=array([-1, -1, -1]), fillColorSpace='rgb', fillRGB=array([-1, -1, -1]), interpolate=True, lineColor=array([-1., -1., -1.]), lineColorSpace='rgb', lineRGB=array([-1., -1., -1.]), lineWidth=0.08, name='fixation3', opacity=1.0, ori=0.0, pos=array([0., 0.]), size=array([0.03, 0.06]), units='norm', vertices=ndarray(...), win=Window(...), windingRule=None)
17.0948 	EXP 	window1: mouseVisible = True
17.1011 	EXP 	Created image_3 = ImageStim(__class__=<class 'psychopy.visual.image.ImageStim'>, anchor=('center', 'center'), autoLog=True, color=array([1., 1., 1.]), colorSpace='rgb', contrast=1.0, depth=-1.0, draggable=False, flipHoriz=False, flipVert=False, image='default.png', interpolate=True, mask=None, maskParams=None, name='image_3', opacity=1.0, ori=0.0, pos=array([0. , 0.2]), size=array([0.5, 0.5]), texRes=128.0, units='height', win=Window(...))
17.1065 	EXP 	window1: mouseVisible = True
17.1071 	EXP 	window1: mouseVisible = True
17.1098 	EXP 	window1: mouseVisible = True
17.1100 	EXP 	window1: mouseVisible = True
17.1107 	EXP 	window1: mouseVisible = True
17.1115 	EXP 	window1: mouseVisible = True
17.1162 	EXP 	window1: mouseVisible = True
17.1164 	EXP 	window1: mouseVisible = True
17.1172 	EXP 	window1: mouseVisible = True
17.1180 	EXP 	window1: mouseVisible = True
17.1247 	EXP 	window1: mouseVisible = True
17.1250 	EXP 	window1: mouseVisible = True
17.1263 	EXP 	window1: mouseVisible = True
17.1271 	EXP 	window1: mouseVisible = True
17.1346 	EXP 	window1: mouseVisible = True
17.1350 	EXP 	window1: mouseVisible = True
17.1359 	EXP 	window1: mouseVisible = True
17.1370 	EXP 	window1: mouseVisible = True
17.1435 	EXP 	window1: mouseVisible = True
17.1438 	EXP 	window1: mouseVisible = True
17.1445 	EXP 	window1: mouseVisible = True
17.1451 	EXP 	window1: mouseVisible = True
17.1502 	EXP 	window1: mouseVisible = True
17.1505 	EXP 	window1: mouseVisible = True
17.1512 	EXP 	window1: mouseVisible = True
17.1521 	EXP 	window1: mouseVisible = True
17.1577 	EXP 	window1: mouseVisible = True
17.1579 	EXP 	window1: mouseVisible = True
17.1586 	EXP 	window1: mouseVisible = True
17.1592 	EXP 	window1: mouseVisible = True
17.1642 	EXP 	window1: mouseVisible = True
17.1644 	EXP 	window1: mouseVisible = True
17.1649 	EXP 	window1: mouseVisible = True
17.1654 	EXP 	window1: mouseVisible = True
17.1713 	EXP 	window1: mouseVisible = True
17.1715 	EXP 	window1: mouseVisible = True
17.1721 	EXP 	window1: mouseVisible = True
17.1730 	EXP 	window1: mouseVisible = True
17.1805 	EXP 	window1: mouseVisible = True
17.1808 	EXP 	window1: mouseVisible = True
17.1822 	EXP 	window1: mouseVisible = True
17.1832 	EXP 	window1: mouseVisible = True
17.1893 	EXP 	window1: mouseVisible = True
17.1895 	EXP 	window1: mouseVisible = True
17.1901 	EXP 	window1: mouseVisible = True
17.1907 	EXP 	window1: mouseVisible = True
17.1954 	EXP 	window1: mouseVisible = True
17.1956 	EXP 	window1: mouseVisible = True
17.1962 	EXP 	window1: mouseVisible = True
17.1967 	EXP 	window1: mouseVisible = True
17.2025 	EXP 	window1: mouseVisible = True
17.2027 	EXP 	window1: mouseVisible = True
17.2033 	EXP 	window1: mouseVisible = True
17.2037 	EXP 	window1: mouseVisible = True
17.2084 	EXP 	window1: mouseVisible = True
17.2086 	EXP 	window1: mouseVisible = True
17.2092 	EXP 	window1: mouseVisible = True
17.2097 	EXP 	window1: mouseVisible = True
17.2149 	EXP 	window1: mouseVisible = True
17.2150 	EXP 	window1: mouseVisible = True
17.2157 	EXP 	window1: mouseVisible = True
17.2166 	EXP 	window1: mouseVisible = True
17.2214 	EXP 	window1: mouseVisible = True
17.2216 	EXP 	window1: mouseVisible = True
17.2221 	EXP 	window1: mouseVisible = True
17.2228 	EXP 	window1: mouseVisible = True
17.2282 	EXP 	window1: mouseVisible = True
17.2285 	EXP 	window1: mouseVisible = True
17.2292 	EXP 	window1: mouseVisible = True
17.2300 	EXP 	window1: mouseVisible = True
17.2369 	EXP 	window1: mouseVisible = True
17.2371 	EXP 	window1: mouseVisible = True
17.2379 	EXP 	window1: mouseVisible = True
17.2384 	EXP 	window1: mouseVisible = True
17.2441 	EXP 	window1: mouseVisible = True
17.2442 	EXP 	window1: mouseVisible = True
17.2448 	EXP 	window1: mouseVisible = True
17.2456 	EXP 	window1: mouseVisible = True
17.2507 	EXP 	window1: mouseVisible = True
17.2509 	EXP 	window1: mouseVisible = True
17.2514 	EXP 	window1: mouseVisible = True
17.2520 	EXP 	window1: mouseVisible = True
17.2572 	EXP 	window1: mouseVisible = True
17.2574 	EXP 	window1: mouseVisible = True
17.2579 	EXP 	window1: mouseVisible = True
17.2584 	EXP 	window1: mouseVisible = True
17.2642 	EXP 	window1: mouseVisible = True
17.2643 	EXP 	window1: mouseVisible = True
17.2649 	EXP 	window1: mouseVisible = True
17.2654 	EXP 	window1: mouseVisible = True
17.2712 	EXP 	window1: mouseVisible = True
17.2727 	EXP 	window1: mouseVisible = True
17.4124 	EXP 	Created slider_estm = Slider(__class__=<class 'psychopy.visual.slider.Slider'>, autoDraw=False, autoLog=True, borderColor=None, color=None, colorSpace='rgb', depth=-2, fillColor=None, flip=False, font='Open Sans', granularity=10.0, labelColor=None, labelHeight=0.05, labelWrapWidth=None, labels=(0, 10, 20, 30, 40, 50, 60, 70, 80, 90, 100), lineColor=None, markerColor=None, name='slider_estm', opacity=None, ori=0.0, pos=array([ 0. , -0.2]), readOnly=False, self=UNKNOWN, size=array([1. , 0.1]), startValue=50, style='slider', styleTweaks=[], ticks=ndarray(...), units='height', win=Window(...))
17.4125 	EXP 	window1: mouseVisible = True
17.4126 	EXP 	window1: mouseVisible = True
17.4215 	EXP 	Created text4 = TextStim(__class__=<class 'psychopy.visual.text.TextStim'>, alignHoriz=method-wrapper(...), alignText='center', alignVert=method-wrapper(...), anchorHoriz='center', anchorVert='center', antialias=True, autoDraw=False, autoLog=True, bold=False, color=array([-1., -1., -1.]), colorSpace='rgb', contrast=1.0, depth=0.0, draggable=False, flipHoriz=False, flipVert=False, font='Arial', fontFiles=[], height=0.05, italic=False, languageStyle='Arabic', name='text4', opacity=1.0, ori=0.0, pos=array([0., 0.]), rgb=UNKNOWN, text=str(...), units='height', win=Window(...), wrapWidth=1)
17.4219 	EXP 	window1: mouseVisible = True
17.4224 	EXP 	window1: mouseVisible = True
17.4235 	EXP 	window1: mouseVisible = True
17.4241 	EXP 	window1: mouseVisible = True
17.4290 	EXP 	window1: mouseVisible = True
17.4291 	EXP 	window1: mouseVisible = True
17.4298 	EXP 	window1: mouseVisible = True
17.4305 	EXP 	window1: mouseVisible = True
0.0162 	EXP 	left_learning_reward_0: autoLog = True
0.0162 	EXP 	right_learning_reward_0: autoLog = True
0.0162 	EXP 	left_learning_reward: autoLog = True
0.0162 	EXP 	right_learning_reward: autoLog = True
0.0162 	EXP 	slider_trns: autoLog = True
0.0162 	EXP 	slider_trns: styleTweaks = []
0.0162 	EXP 	slider_trns: styleTweaks = []
0.0162 	EXP 	slider_trns: styleTweaks = []
0.0162 	EXP 	slider_trns: styleTweaks = []
0.0162 	EXP 	slider_trns: contrast = 1.0
0.0162 	EXP 	slider_trns: markerPos = 50
0.0162 	EXP 	slider_trns: autoLog = True
0.0162 	EXP 	slider_estm: autoLog = True
0.0162 	EXP 	slider_estm: styleTweaks = []
0.0162 	EXP 	slider_estm: styleTweaks = []
0.0162 	EXP 	slider_estm: styleTweaks = []
0.0162 	EXP 	slider_estm: styleTweaks = []
0.0162 	EXP 	slider_estm: contrast = 1.0
0.0162 	EXP 	slider_estm: markerPos = 50
0.0162 	EXP 	slider_estm: autoLog = True
0.0162 	EXP 	textbox4: autoLog = True
0.0349 	INFO 	Keyboard events cleared
0.0344 	EXP 	text0: autoDraw = True
1.1432 	DATA 	Keypress: space
1.1637 	EXP 	Created sequence: random, trialTypes=1, nReps=5, seed=None
1.1642 	EXP 	New trial (rep=0, index=0): None
1.1844 	EXP 	text0: autoDraw = False
1.1844 	EXP 	fixation0: autoDraw = True
2.3645 	INFO 	Keyboard events cleared
2.3634 	EXP 	fixation0: autoDraw = False
2.3634 	EXP 	left_image_0: image = '1-2.jpg'
2.3634 	EXP 	right_image_0: image = '1-1.jpg'
2.3634 	EXP 	left_image_0: autoDraw = True
2.3634 	EXP 	right_image_0: autoDraw = True
3.1038 	DEBUG 	TextBox2 loaded 1 chars with 0 blanks and 1 valid
3.1107 	DEBUG 	TextBox2 loaded 1 chars with 0 blanks and 1 valid
3.1175 	DEBUG 	TextBox2 loaded 1 chars with 0 blanks and 1 valid
3.1227 	DEBUG 	TextBox2 loaded 1 chars with 0 blanks and 1 valid
3.1271 	DEBUG 	TextBox2 loaded 1 chars with 0 blanks and 1 valid
3.1329 	DEBUG 	TextBox2 loaded 1 chars with 0 blanks and 1 valid
3.1381 	DEBUG 	TextBox2 loaded 1 chars with 0 blanks and 1 valid
3.1387 	DEBUG 	Uploading Texture Font fontname to graphics card
3.1401 	DEBUG 	Upload of Texture Font fontname complete
3.1428 	DATA 	Keypress: right
6.1835 	EXP 	polygon_0: autoDraw = True
6.1835 	EXP 	left_learning_reward_0: autoDraw = True
6.1835 	EXP 	right_learning_reward_0: autoDraw = True
7.1848 	EXP 	polygon_0: autoDraw = False
7.1848 	EXP 	left_learning_reward_0: autoDraw = False
7.1848 	EXP 	right_learning_reward_0: autoDraw = False
7.3674 	EXP 	left_image_0: autoDraw = False
7.3674 	EXP 	right_image_0: autoDraw = False
8.1603 	EXP 	New trial (rep=1, index=0): None
8.1683 	EXP 	left_image_0: autoDraw = False
8.1683 	EXP 	right_image_0: autoDraw = False
8.1683 	EXP 	polygon_0: autoDraw = False
8.1683 	EXP 	left_learning_reward_0: autoDraw = False
8.1683 	EXP 	right_learning_reward_0: autoDraw = False
8.1683 	EXP 	text_no_resp_0: autoDraw = False
8.1683 	EXP 	fixation0: autoDraw = True
9.2559 	INFO 	Keyboard events cleared
9.2551 	EXP 	fixation0: autoDraw = False
9.2551 	EXP 	fixation0: autoDraw = False
9.2551 	EXP 	left_image_0: image = '1-1.jpg'
9.2551 	EXP 	right_image_0: image = '1-2.jpg'
9.2551 	EXP 	left_image_0: autoDraw = True
9.2551 	EXP 	right_image_0: autoDraw = True
9.8157 	DEBUG 	TextBox2 loaded 1 chars with 0 blanks and 1 valid
9.8205 	DEBUG 	TextBox2 loaded 1 chars with 0 blanks and 1 valid
9.8209 	DEBUG 	Uploading Texture Font fontname to graphics card
9.8222 	DEBUG 	Upload of Texture Font fontname complete
9.8242 	DATA 	Keypress: right
13.1853 	EXP 	polygon_0: autoDraw = True
13.1853 	EXP 	left_learning_reward_0: autoDraw = True
13.1853 	EXP 	right_learning_reward_0: autoDraw = True
14.1858 	EXP 	polygon_0: autoDraw = False
14.1858 	EXP 	left_learning_reward_0: autoDraw = False
14.1858 	EXP 	right_learning_reward_0: autoDraw = False
14.2674 	EXP 	left_image_0: autoDraw = False
14.2674 	EXP 	right_image_0: autoDraw = False
15.1743 	EXP 	New trial (rep=2, index=0): None
15.1849 	EXP 	left_image_0: autoDraw = False
15.1849 	EXP 	right_image_0: autoDraw = False
15.1849 	EXP 	polygon_0: autoDraw = False
15.1849 	EXP 	left_learning_reward_0: autoDraw = False
15.1849 	EXP 	right_learning_reward_0: autoDraw = False
15.1849 	EXP 	text_no_resp_0: autoDraw = False
15.1849 	EXP 	fixation0: autoDraw = True
16.3048 	INFO 	Keyboard events cleared
16.3039 	EXP 	fixation0: autoDraw = False
16.3039 	EXP 	fixation0: autoDraw = False
16.3039 	EXP 	left_image_0: image = '1-1.jpg'
16.3039 	EXP 	right_image_0: image = '1-2.jpg'
16.3039 	EXP 	left_image_0: autoDraw = True
16.3039 	EXP 	right_image_0: autoDraw = True
16.5634 	DATA 	Keypress: left
20.2017 	EXP 	polygon_0: autoDraw = True
20.2017 	EXP 	left_learning_reward_0: autoDraw = True
20.2017 	EXP 	right_learning_reward_0: autoDraw = True
21.2021 	EXP 	polygon_0: autoDraw = False
21.2021 	EXP 	left_learning_reward_0: autoDraw = False
21.2021 	EXP 	right_learning_reward_0: autoDraw = False
21.3173 	EXP 	left_image_0: autoDraw = False
21.3173 	EXP 	right_image_0: autoDraw = False
22.1919 	EXP 	New trial (rep=3, index=0): None
22.2015 	EXP 	left_image_0: autoDraw = False
22.2015 	EXP 	right_image_0: autoDraw = False
22.2015 	EXP 	polygon_0: autoDraw = False
22.2015 	EXP 	left_learning_reward_0: autoDraw = False
22.2015 	EXP 	right_learning_reward_0: autoDraw = False
22.2015 	EXP 	text_no_resp_0: autoDraw = False
22.2015 	EXP 	fixation0: autoDraw = True
23.2870 	INFO 	Keyboard events cleared
23.2864 	EXP 	fixation0: autoDraw = False
23.2864 	EXP 	fixation0: autoDraw = False
23.2864 	EXP 	left_image_0: image = '1-1.jpg'
23.2864 	EXP 	right_image_0: image = '1-2.jpg'
23.2864 	EXP 	left_image_0: autoDraw = True
23.2864 	EXP 	right_image_0: autoDraw = True
27.2176 	EXP 	polygon_0: autoDraw = True
27.2176 	EXP 	left_learning_reward_0: autoDraw = True
27.2176 	EXP 	right_learning_reward_0: autoDraw = True
28.2187 	EXP 	polygon_0: autoDraw = False
28.2187 	EXP 	left_learning_reward_0: autoDraw = False
28.2187 	EXP 	right_learning_reward_0: autoDraw = False
28.2852 	EXP 	left_image_0: autoDraw = False
28.2852 	EXP 	right_image_0: autoDraw = False
29.2341 	EXP 	text_no_resp_0: autoDraw = True
30.2290 	EXP 	New trial (rep=4, index=0): None
30.2511 	EXP 	text_no_resp_0: autoDraw = False
30.2511 	EXP 	left_image_0: autoDraw = False
30.2511 	EXP 	right_image_0: autoDraw = False
30.2511 	EXP 	polygon_0: autoDraw = False
30.2511 	EXP 	left_learning_reward_0: autoDraw = False
30.2511 	EXP 	right_learning_reward_0: autoDraw = False
30.2511 	EXP 	text_no_resp_0: autoDraw = False
30.2511 	EXP 	fixation0: autoDraw = True
31.3379 	INFO 	Keyboard events cleared
31.3374 	EXP 	fixation0: autoDraw = False
31.3374 	EXP 	left_image_0: image = '1-1.jpg'
31.3374 	EXP 	right_image_0: image = '1-2.jpg'
31.3374 	EXP 	left_image_0: autoDraw = True
31.3374 	EXP 	right_image_0: autoDraw = True
32.6466 	DEBUG 	TextBox2 loaded 1 chars with 0 blanks and 1 valid
32.6472 	DEBUG 	Uploading Texture Font fontname to graphics card
32.6507 	DEBUG 	Upload of Texture Font fontname complete
32.6532 	DATA 	Keypress: right
35.2501 	EXP 	polygon_0: autoDraw = True
35.2501 	EXP 	left_learning_reward_0: autoDraw = True
35.2501 	EXP 	right_learning_reward_0: autoDraw = True
36.2508 	EXP 	polygon_0: autoDraw = False
36.2508 	EXP 	left_learning_reward_0: autoDraw = False
36.2508 	EXP 	right_learning_reward_0: autoDraw = False
36.3512 	EXP 	left_image_0: autoDraw = False
36.3512 	EXP 	right_image_0: autoDraw = False
37.2353 	INFO 	Keyboard events cleared
37.2346 	EXP 	left_image_0: autoDraw = False
37.2346 	EXP 	right_image_0: autoDraw = False
37.2346 	EXP 	polygon_0: autoDraw = False
37.2346 	EXP 	left_learning_reward_0: autoDraw = False
37.2346 	EXP 	right_learning_reward_0: autoDraw = False
37.2346 	EXP 	text_no_resp_0: autoDraw = False
37.2346 	EXP 	text1: autoDraw = True
39.0071 	EXP 	Created sequence: random, trialTypes=1, nReps=1, seed=None
39.0073 	EXP 	New trial (rep=0, index=0): None
39.0091 	DATA 	Keypress: space
39.0171 	EXP 	text1: autoDraw = False
39.0171 	EXP 	fixation1: autoDraw = True
40.0069 	EXP 	window1: backgroundImage = ''
40.0070 	EXP 	window1: backgroundFit = 'none'
40.1558 	INFO 	Keyboard events cleared
40.1548 	EXP 	fixation1: autoDraw = False
40.1548 	EXP 	fixation1: autoDraw = False
40.1548 	EXP 	left_image: image = '1.jpg'
40.1548 	EXP 	right_image: image = '2.jpg'
40.1548 	EXP 	left_image: autoDraw = True
40.1548 	EXP 	right_image: autoDraw = True
41.7110 	DEBUG 	TextBox2 loaded 1 chars with 0 blanks and 1 valid
41.7114 	DEBUG 	Uploading Texture Font fontname to graphics card
41.7129 	DEBUG 	Upload of Texture Font fontname complete
41.7161 	DATA 	Keypress: left
44.0336 	EXP 	polygon: autoDraw = True
44.0336 	EXP 	left_learning_reward: autoDraw = True
44.0336 	EXP 	right_learning_reward: autoDraw = True
45.0346 	EXP 	polygon: autoDraw = False
45.0346 	EXP 	left_learning_reward: autoDraw = False
45.0346 	EXP 	right_learning_reward: autoDraw = False
45.1681 	EXP 	left_image: autoDraw = False
45.1681 	EXP 	right_image: autoDraw = False
46.0093 	DEBUG 	Fullscreen settings ignored as running in pilot mode.
46.0101 	EXP 	window1: backgroundImage = ''
46.0101 	EXP 	window1: backgroundFit = 'none'
46.0102 	EXP 	window1: units = 'height'
46.0146 	EXP 	window1: Attempting to measure frame rate of screen (0) ...
46.0147 	EXP 	window1: recordFrameIntervals = False
46.0320 	EXP 	left_image: autoDraw = False
46.0320 	EXP 	right_image: autoDraw = False
46.0320 	EXP 	polygon: autoDraw = False
46.0320 	EXP 	left_learning_reward: autoDraw = False
46.0320 	EXP 	right_learning_reward: autoDraw = False
46.0320 	EXP 	text_no_resp: autoDraw = False
46.1882 	EXP 	window1: recordFrameIntervals = True
46.3706 	EXP 	Screen (0) actual frame rate measured at 60.02Hz
46.3707 	EXP 	window1: recordFrameIntervals = False
46.3708 	EXP 	window1: mouseVisible = False
46.3847 	INFO 	Keyboard events cleared
46.3842 	EXP 	text2: autoDraw = True
47.2062 	EXP 	Created sequence: random, trialTypes=1, nReps=1, seed=None
47.2065 	EXP 	New trial (rep=0, index=0): None
47.2088 	DATA 	Keypress: space
47.2170 	EXP 	text2: autoDraw = False
47.2170 	EXP 	fixation2: autoDraw = True
48.3385 	INFO 	Keyboard events cleared
48.3379 	EXP 	fixation2: autoDraw = False
48.3379 	EXP 	left_image_2: image = '2.jpg'
48.3379 	EXP 	right_image_2: image = '4.jpg'
48.3379 	EXP 	left_image_2: autoDraw = True
48.3379 	EXP 	right_image_2: autoDraw = True
48.9342 	DATA 	Keypress: right
49.9508 	EXP 	polygon_2: autoDraw = True
50.9648 	EXP 	left_image_2: autoDraw = False
50.9648 	EXP 	right_image_2: autoDraw = False
51.9826 	EXP 	window1: mouseVisible = True
52.0332 	EXP 	polygon_2: autoDraw = False
52.0332 	EXP 	left_image_2: autoDraw = False
52.0332 	EXP 	right_image_2: autoDraw = False
52.0332 	EXP 	polygon_2: autoDraw = False
52.0332 	EXP 	slider_trns: markerPos = None
52.0332 	EXP 	slider_trns: markerPos = 50
52.0332 	EXP 	slider_trns: autoDraw = True
53.8742 	DATA 	Keypress: escape
53.9856 	EXP 	article1: status = STOPPED
54.0003 	EXP 	slider_trns: autoDraw = False
54.0037 	EXP 	article1: status = STOPPED
54.0416 	INFO 	saved data to 'D:\\UT\\semester 4 - courses\\Cognitive science\\HWs\\HW1\\answer\\article1\\data/419920_article1_2024-05-28_12h26.46.207.csv'
54.0430 	INFO 	saved data to D:\UT\semester 4 - courses\Cognitive science\HWs\HW1\answer\article1\data/419920_article1_2024-05-28_12h26.46.207.psydat
54.1452 	EXP 	window1: mouseVisible = True
54.8445 	DEBUG 	Saving data for article1 ExperimentHandler
