12.5188 	DEBUG 	Fullscreen settings ignored as running in pilot mode.
12.5210 	INFO 	Loaded monitor calibration from ['2024_05_21 12:08']
13.0535 	EXP 	Created window1 = Window(allowGUI=True, allowStencil=True, autoLog=True, backendConf=UNKNOWN, backgroundFit=<method-wrapper '__getattribute__' of attributeSetter object at 0x0000021F435BDAF0>, backgroundImage=<method-wrapper '__getattribute__' of attributeSetter object at 0x0000021F435BDA90>, bitsMode=UNKNOWN, blendMode='avg', bpc=(8, 8, 8), color=array([1, 1, 1]), colorSpace='rgb', depthBits=8, fullscr=<method-wrapper '__getattribute__' of attributeSetter object at 0x0000021F435BD8E0>, gamma=None, gammaErrorPolicy='raise', infoMsg=UNKNOWN, lms=UNKNOWN, monitor=<psychopy.monitors.calibTools.Monitor object at 0x0000021F44967760>, multiSample=False, name='window1', numSamples=2, pos=[560.0, 240.0], screen=0, size=array([800, 600]), stencilBits=8, stereo=False, title='PsychoPy', units='height', useFBO=True, useRetina=False, viewOri=0.0, viewPos=None, viewScale=None, waitBlanking=True, winType='pyglet')
13.0539 	EXP 	window1: mouseVisible = True
13.0539 	EXP 	window1: backgroundImage = ''
13.0540 	EXP 	window1: backgroundFit = 'none'
13.0546 	EXP 	window1: mouseVisible = True
13.0558 	EXP 	window1: mouseVisible = True
13.0607 	EXP 	window1: mouseVisible = True
13.0623 	EXP 	window1: mouseVisible = True
13.0778 	DEBUG 	TextBox2 loaded 1 chars with 0 blanks and 1 valid
13.0799 	DEBUG 	TextBox2 loaded 1 chars with 0 blanks and 1 valid
13.0814 	DEBUG 	TextBox2 loaded 1 chars with 0 blanks and 1 valid
13.0830 	DEBUG 	TextBox2 loaded 1 chars with 0 blanks and 1 valid
13.0847 	DEBUG 	TextBox2 loaded 1 chars with 0 blanks and 1 valid
13.0858 	DEBUG 	TextBox2 loaded 1 chars with 0 blanks and 1 valid
13.0871 	DEBUG 	TextBox2 loaded 1 chars with 0 blanks and 1 valid
13.0887 	DEBUG 	TextBox2 loaded 1 chars with 0 blanks and 1 valid
13.0896 	DEBUG 	TextBox2 loaded 1 chars with 0 blanks and 1 valid
13.0905 	DEBUG 	TextBox2 loaded 1 chars with 0 blanks and 1 valid
13.0918 	DEBUG 	TextBox2 loaded 1 chars with 0 blanks and 1 valid
13.0930 	DEBUG 	TextBox2 loaded 1 chars with 0 blanks and 1 valid
13.0942 	DEBUG 	TextBox2 loaded 1 chars with 0 blanks and 1 valid
13.0955 	DEBUG 	TextBox2 loaded 1 chars with 0 blanks and 1 valid
13.0967 	DEBUG 	TextBox2 loaded 1 chars with 0 blanks and 1 valid
13.0980 	DEBUG 	TextBox2 loaded 1 chars with 0 blanks and 1 valid
13.0994 	DEBUG 	TextBox2 loaded 1 chars with 0 blanks and 1 valid
13.1006 	DEBUG 	TextBox2 loaded 1 chars with 0 blanks and 1 valid
13.1017 	DEBUG 	TextBox2 loaded 1 chars with 0 blanks and 1 valid
13.1033 	DEBUG 	TextBox2 loaded 1 chars with 0 blanks and 1 valid
13.1044 	DEBUG 	TextBox2 loaded 1 chars with 0 blanks and 1 valid
13.1047 	DEBUG 	Uploading Texture Font fontname to graphics card
13.1193 	DEBUG 	Upload of Texture Font fontname complete
13.1222 	EXP 	window1: mouseVisible = True
13.1226 	EXP 	window1: mouseVisible = True
13.1241 	EXP 	window1: mouseVisible = True
13.1253 	EXP 	window1: mouseVisible = True
13.1364 	DEBUG 	TextBox2 loaded 1 chars with 0 blanks and 1 valid
13.1406 	DEBUG 	TextBox2 loaded 1 chars with 0 blanks and 1 valid
13.1442 	DEBUG 	TextBox2 loaded 1 chars with 0 blanks and 1 valid
13.1448 	DEBUG 	Uploading Texture Font fontname to graphics card
13.1770 	DEBUG 	Upload of Texture Font fontname complete
13.1829 	EXP 	window1: Attempting to measure frame rate of screen (0) ...
13.1830 	EXP 	window1: recordFrameIntervals = False
13.3907 	EXP 	window1: recordFrameIntervals = True
13.5735 	EXP 	Screen (0) actual frame rate measured at 59.85Hz
13.5736 	EXP 	window1: recordFrameIntervals = False
13.5738 	EXP 	window1: mouseVisible = False
13.5748 	EXP 	window1: mouseVisible = True
13.5752 	EXP 	window1: mouseVisible = True
13.5766 	EXP 	window1: mouseVisible = True
13.5775 	EXP 	window1: mouseVisible = True
13.5847 	DEBUG 	TextBox2 loaded 1 chars with 0 blanks and 1 valid
13.5873 	DEBUG 	TextBox2 loaded 1 chars with 0 blanks and 1 valid
13.5896 	DEBUG 	TextBox2 loaded 1 chars with 0 blanks and 1 valid
13.5921 	DEBUG 	TextBox2 loaded 1 chars with 0 blanks and 1 valid
13.5943 	DEBUG 	TextBox2 loaded 1 chars with 0 blanks and 1 valid
13.5964 	DEBUG 	TextBox2 loaded 1 chars with 0 blanks and 1 valid
13.5977 	DEBUG 	TextBox2 loaded 1 chars with 0 blanks and 1 valid
13.5994 	DEBUG 	TextBox2 loaded 1 chars with 0 blanks and 1 valid
13.6017 	DEBUG 	TextBox2 loaded 1 chars with 0 blanks and 1 valid
13.6039 	DEBUG 	TextBox2 loaded 1 chars with 0 blanks and 1 valid
13.6044 	DEBUG 	Uploading Texture Font fontname to graphics card
13.6053 	DEBUG 	Upload of Texture Font fontname complete
13.6074 	EXP 	window1: mouseVisible = True
13.6076 	EXP 	window1: mouseVisible = True
13.6082 	EXP 	window1: mouseVisible = True
13.6088 	EXP 	window1: mouseVisible = True
13.6762 	WARNING 	launchHubServer: If using the iohub mouse or eyetracker devices, fullScr should be True.
18.0733 	INFO 	keyboard.Keyboard is using iohub backend.
18.0733 	INFO 	keyboard.Keyboard is using iohub backend.
18.0734 	INFO 	keyboard.Keyboard is using iohub backend.
18.0734 	EXP 	article1: status = STARTED
18.0738 	EXP 	window1: mouseVisible = True
18.2323 	EXP 	Created text1 = TextStim(__class__=<class 'psychopy.visual.text.TextStim'>, alignHoriz=method-wrapper(...), alignText='center', alignVert=method-wrapper(...), anchorHoriz='center', anchorVert='center', antialias=True, autoDraw=False, autoLog=True, bold=False, color=array([-1., -1., -1.]), colorSpace='rgb', contrast=1.0, depth=0.0, draggable=False, flipHoriz=False, flipVert=False, font='Arial', fontFiles=[], height=0.05, italic=False, languageStyle='Arabic', name='text1', opacity=1.0, ori=0.0, pos=array([0., 0.]), rgb=UNKNOWN, text=str(...), units='height', win=Window(...), wrapWidth=1)
18.2327 	EXP 	window1: mouseVisible = True
18.2362 	EXP 	Created fixation1 = ShapeStim(__class__=<class 'psychopy.visual.shape.ShapeStim'>, anchor=('center', 'center'), autoDraw=False, autoLog=True, closeShape=True, color=method-wrapper(...), colorSpace='rgb', contrast=None, depth=0.0, draggable=False, fillColor=array([-1, -1, -1]), fillColorSpace='rgb', fillRGB=array([-1, -1, -1]), interpolate=True, lineColor=array([-1., -1., -1.]), lineColorSpace='rgb', lineRGB=array([-1., -1., -1.]), lineWidth=0.08, name='fixation1', opacity=1.0, ori=0.0, pos=array([0., 0.]), size=array([0.03, 0.06]), units='norm', vertices=ndarray(...), win=Window(...), windingRule=None)
18.2365 	EXP 	window1: mouseVisible = True
18.2430 	EXP 	Created left_image = ImageStim(__class__=<class 'psychopy.visual.image.ImageStim'>, anchor=('center', 'center'), autoLog=True, color=array([1., 1., 1.]), colorSpace='rgb', contrast=1.0, depth=-1.0, draggable=False, flipHoriz=False, flipVert=False, image='default.png', interpolate=True, mask=None, maskParams=None, name='left_image', opacity=1.0, ori=0.0, pos=array([-0.5,  0. ]), size=array([0.5, 0.5]), texRes=128.0, units='height', win=Window(...))
18.2431 	EXP 	window1: mouseVisible = True
18.2482 	EXP 	Created right_image = ImageStim(__class__=<class 'psychopy.visual.image.ImageStim'>, anchor=('center', 'center'), autoLog=True, color=array([1., 1., 1.]), colorSpace='rgb', contrast=1.0, depth=-2.0, draggable=False, flipHoriz=False, flipVert=False, image='default.png', interpolate=True, mask=None, maskParams=None, name='right_image', opacity=1.0, ori=0.0, pos=array([0.5, 0. ]), size=array([0.5, 0.5]), texRes=128.0, units='height', win=Window(...))
18.2484 	EXP 	window1: mouseVisible = True
18.2500 	EXP 	Created polygon = Rect(__class__=<class 'psychopy.visual.rect.Rect'>, anchor=('center', 'center'), autoDraw=False, autoLog=True, closeShape=True, color=method-wrapper(...), colorSpace='rgb', contrast=None, depth=-5.0, draggable=False, fillColor=array([0., 0., 0.]), fillColorSpace='rgb', fillRGB=array([0., 0., 0.]), interpolate=True, lineColor=array([-0.5765,  0.0039,  1.    ]), lineColorSpace='rgb', lineRGB=array([-0.5765,  0.0039,  1.    ]), lineWidth=20.0, name='polygon', opacity=0.3, ori=0.0, pos=array([0., 0.]), size=array([0.5, 0.5]), units='height', vertices=ndarray(...), win=Window(...))
18.2502 	EXP 	window1: mouseVisible = True
18.2503 	EXP 	window1: mouseVisible = True
18.2509 	EXP 	window1: mouseVisible = True
18.2517 	EXP 	window1: mouseVisible = True
18.2566 	EXP 	window1: mouseVisible = True
18.2567 	EXP 	window1: mouseVisible = True
18.2573 	EXP 	window1: mouseVisible = True
18.2578 	EXP 	window1: mouseVisible = True
18.2637 	DEBUG 	TextBox2 loaded 1 chars with 0 blanks and 1 valid
18.2671 	DEBUG 	TextBox2 loaded 1 chars with 0 blanks and 1 valid
18.2702 	DEBUG 	TextBox2 loaded 1 chars with 0 blanks and 1 valid
18.2730 	DEBUG 	TextBox2 loaded 1 chars with 0 blanks and 1 valid
18.2753 	DEBUG 	TextBox2 loaded 1 chars with 0 blanks and 1 valid
18.2780 	DEBUG 	TextBox2 loaded 1 chars with 0 blanks and 1 valid
18.2827 	DEBUG 	TextBox2 loaded 1 chars with 0 blanks and 1 valid
18.2866 	DEBUG 	TextBox2 loaded 1 chars with 0 blanks and 1 valid
18.2892 	DEBUG 	TextBox2 loaded 1 chars with 0 blanks and 1 valid
18.2896 	DEBUG 	Uploading Texture Font fontname to graphics card
18.2912 	DEBUG 	Upload of Texture Font fontname complete
18.2929 	EXP 	window1: mouseVisible = True
18.2931 	EXP 	window1: mouseVisible = True
18.2937 	EXP 	window1: mouseVisible = True
18.2942 	EXP 	window1: mouseVisible = True
18.2986 	EXP 	window1: mouseVisible = True
18.2988 	EXP 	window1: mouseVisible = True
18.2999 	EXP 	window1: mouseVisible = True
18.3006 	EXP 	window1: mouseVisible = True
18.3051 	EXP 	window1: mouseVisible = True
18.3068 	EXP 	Created text_no_resp = TextStim(__class__=<class 'psychopy.visual.text.TextStim'>, alignHoriz=method-wrapper(...), alignText='center', alignVert=method-wrapper(...), anchorHoriz='center', anchorVert='center', antialias=True, autoDraw=False, autoLog=True, bold=False, color=array([-1., -1., -1.]), colorSpace='rgb', contrast=1.0, depth=-8.0, draggable=False, flipHoriz=False, flipVert=False, font='Arial', fontFiles=[], height=0.05, italic=False, languageStyle='Arabic', name='text_no_resp', opacity=1.0, ori=0.0, pos=array([0., 0.]), rgb=UNKNOWN, text='', units='height', win=Window(...), wrapWidth=1)
18.3069 	EXP 	window1: mouseVisible = True
18.3099 	EXP 	Created fixation2 = ShapeStim(__class__=<class 'psychopy.visual.shape.ShapeStim'>, anchor=('center', 'center'), autoDraw=False, autoLog=True, closeShape=True, color=method-wrapper(...), colorSpace='rgb', contrast=None, depth=0.0, draggable=False, fillColor=array([-1, -1, -1]), fillColorSpace='rgb', fillRGB=array([-1, -1, -1]), interpolate=True, lineColor=array([-1., -1., -1.]), lineColorSpace='rgb', lineRGB=array([-1., -1., -1.]), lineWidth=0.08, name='fixation2', opacity=1.0, ori=0.0, pos=array([0., 0.]), size=array([0.03, 0.06]), units='norm', vertices=ndarray(...), win=Window(...), windingRule=None)
0.0476 	EXP 	left_learning_reward: autoLog = True
0.0476 	EXP 	right_learning_reward: autoLog = True
0.0767 	INFO 	Keyboard events cleared
0.0761 	EXP 	text1: autoDraw = True
5.2054 	EXP 	Created sequence: random, trialTypes=1, nReps=20, seed=None
5.2060 	EXP 	New trial (rep=0, index=0): None
5.2101 	DATA 	Keypress: space
5.2278 	EXP 	text1: autoDraw = False
5.2278 	EXP 	fixation1: autoDraw = True
6.2161 	EXP 	window1: backgroundImage = ''
6.2161 	EXP 	window1: backgroundFit = 'none'
6.3264 	DEBUG 	TextBox2 loaded 1 chars with 0 blanks and 1 valid
6.3296 	DEBUG 	TextBox2 loaded 1 chars with 0 blanks and 1 valid
6.3326 	DEBUG 	TextBox2 loaded 1 chars with 0 blanks and 1 valid
6.3356 	DEBUG 	TextBox2 loaded 1 chars with 0 blanks and 1 valid
6.3380 	DEBUG 	TextBox2 loaded 1 chars with 0 blanks and 1 valid
6.3408 	DEBUG 	TextBox2 loaded 1 chars with 0 blanks and 1 valid
6.3438 	DEBUG 	TextBox2 loaded 1 chars with 0 blanks and 1 valid
6.3441 	DEBUG 	Uploading Texture Font fontname to graphics card
6.3491 	DEBUG 	Upload of Texture Font fontname complete
6.4012 	INFO 	Keyboard events cleared
6.3998 	EXP 	fixation1: autoDraw = False
6.3998 	EXP 	left_image: image = '2.jpg'
6.3998 	EXP 	right_image: image = '1.jpg'
6.3998 	EXP 	left_image: autoDraw = True
6.3998 	EXP 	right_image: autoDraw = True
10.2263 	EXP 	polygon: autoDraw = True
10.2263 	EXP 	left_learning_reward: autoDraw = True
10.2263 	EXP 	right_learning_reward: autoDraw = True
11.2262 	EXP 	polygon: autoDraw = False
11.2262 	EXP 	left_learning_reward: autoDraw = False
11.2262 	EXP 	right_learning_reward: autoDraw = False
11.4094 	EXP 	left_image: autoDraw = False
11.4094 	EXP 	right_image: autoDraw = False
12.2251 	EXP 	text_no_resp: autoDraw = True
13.2193 	DEBUG 	Fullscreen settings ignored as running in pilot mode.
13.2199 	EXP 	window1: backgroundImage = ''
13.2199 	EXP 	window1: backgroundFit = 'none'
13.2199 	EXP 	window1: units = 'height'
13.2219 	EXP 	window1: Attempting to measure frame rate of screen (0) ...
13.2219 	EXP 	window1: recordFrameIntervals = False
13.2407 	EXP 	text_no_resp: autoDraw = False
13.2407 	EXP 	left_image: autoDraw = False
13.2407 	EXP 	right_image: autoDraw = False
13.2407 	EXP 	polygon: autoDraw = False
13.2407 	EXP 	left_learning_reward: autoDraw = False
13.2407 	EXP 	right_learning_reward: autoDraw = False
13.2407 	EXP 	text_no_resp: autoDraw = False
13.3960 	EXP 	window1: recordFrameIntervals = True
13.5812 	EXP 	Screen (0) actual frame rate measured at 60.12Hz
13.5813 	EXP 	window1: recordFrameIntervals = False
13.5814 	EXP 	window1: mouseVisible = False
13.5821 	EXP 	New trial (rep=1, index=0): None
13.5924 	EXP 	fixation1: autoDraw = True
14.5813 	EXP 	window1: backgroundImage = ''
14.5813 	EXP 	window1: backgroundFit = 'none'
14.6649 	DEBUG 	TextBox2 loaded 1 chars with 0 blanks and 1 valid
14.6691 	DEBUG 	TextBox2 loaded 1 chars with 0 blanks and 1 valid
14.6696 	DEBUG 	Uploading Texture Font fontname to graphics card
14.6710 	DEBUG 	Upload of Texture Font fontname complete
14.6977 	INFO 	Keyboard events cleared
14.6966 	EXP 	fixation1: autoDraw = False
14.6966 	EXP 	fixation1: autoDraw = False
14.6966 	EXP 	left_image: image = '4.jpg'
14.6966 	EXP 	right_image: image = '3.jpg'
14.6966 	EXP 	left_image: autoDraw = True
14.6966 	EXP 	right_image: autoDraw = True
15.0339 	DATA 	Keypress: right
18.6083 	EXP 	polygon: autoDraw = True
18.6083 	EXP 	left_learning_reward: autoDraw = True
18.6083 	EXP 	right_learning_reward: autoDraw = True
19.6093 	EXP 	polygon: autoDraw = False
19.6093 	EXP 	left_learning_reward: autoDraw = False
19.6093 	EXP 	right_learning_reward: autoDraw = False
19.7092 	EXP 	left_image: autoDraw = False
19.7092 	EXP 	right_image: autoDraw = False
47.4482 	DATA 	Keypress: escape
47.5671 	EXP 	article1: status = STOPPED
47.5780 	EXP 	article1: status = STOPPED
47.6106 	INFO 	saved data to 'D:\\UT\\semester 4 - courses\\Cognitive science\\HWs\\HW1\\answer\\article1\\data/463414_article1_2024-05-27_21h13.08.097.csv'
47.6126 	INFO 	saved data to D:\UT\semester 4 - courses\Cognitive science\HWs\HW1\answer\article1\data/463414_article1_2024-05-27_21h13.08.097.psydat
47.6918 	EXP 	window1: mouseVisible = True
48.4401 	DEBUG 	Saving data for article1 ExperimentHandler
