4.7384 	DEBUG 	Fullscreen settings ignored as running in pilot mode.
4.7390 	INFO 	Loaded monitor calibration from ['2024_05_21 12:08']
4.8824 	EXP 	Created window1 = Window(allowGUI=True, allowStencil=True, autoLog=True, backendConf=UNKNOWN, backgroundFit=<method-wrapper '__getattribute__' of attributeSetter object at 0x0000021BF379CAF0>, backgroundImage=<method-wrapper '__getattribute__' of attributeSetter object at 0x0000021BF379CA90>, bitsMode=UNKNOWN, blendMode='avg', bpc=(8, 8, 8), color=array([1, 1, 1]), colorSpace='rgb', depthBits=8, fullscr=<method-wrapper '__getattribute__' of attributeSetter object at 0x0000021BF379C8E0>, gamma=None, gammaErrorPolicy='raise', infoMsg=UNKNOWN, lms=UNKNOWN, monitor=<psychopy.monitors.calibTools.Monitor object at 0x0000021BF3B88760>, multiSample=False, name='window1', numSamples=2, pos=[560.0, 240.0], screen=0, size=array([800, 600]), stencilBits=8, stereo=False, title='PsychoPy', units='height', useFBO=True, useRetina=False, viewOri=0.0, viewPos=None, viewScale=None, waitBlanking=True, winType='pyglet')
4.8830 	EXP 	window1: mouseVisible = True
4.8830 	EXP 	window1: backgroundImage = ''
4.8831 	EXP 	window1: backgroundFit = 'none'
4.8836 	EXP 	window1: mouseVisible = True
4.8838 	EXP 	window1: mouseVisible = True
4.8854 	EXP 	window1: mouseVisible = True
4.8858 	EXP 	window1: mouseVisible = True
4.8904 	DEBUG 	TextBox2 loaded 1 chars with 0 blanks and 1 valid
4.8914 	DEBUG 	TextBox2 loaded 1 chars with 0 blanks and 1 valid
4.8922 	DEBUG 	TextBox2 loaded 1 chars with 0 blanks and 1 valid
4.8932 	DEBUG 	TextBox2 loaded 1 chars with 0 blanks and 1 valid
4.8941 	DEBUG 	TextBox2 loaded 1 chars with 0 blanks and 1 valid
4.8947 	DEBUG 	TextBox2 loaded 1 chars with 0 blanks and 1 valid
4.8955 	DEBUG 	TextBox2 loaded 1 chars with 0 blanks and 1 valid
4.8965 	DEBUG 	TextBox2 loaded 1 chars with 0 blanks and 1 valid
4.8971 	DEBUG 	TextBox2 loaded 1 chars with 0 blanks and 1 valid
4.8977 	DEBUG 	TextBox2 loaded 1 chars with 0 blanks and 1 valid
4.8985 	DEBUG 	TextBox2 loaded 1 chars with 0 blanks and 1 valid
4.8994 	DEBUG 	TextBox2 loaded 1 chars with 0 blanks and 1 valid
4.9001 	DEBUG 	TextBox2 loaded 1 chars with 0 blanks and 1 valid
4.9008 	DEBUG 	TextBox2 loaded 1 chars with 0 blanks and 1 valid
4.9015 	DEBUG 	TextBox2 loaded 1 chars with 0 blanks and 1 valid
4.9022 	DEBUG 	TextBox2 loaded 1 chars with 0 blanks and 1 valid
4.9030 	DEBUG 	TextBox2 loaded 1 chars with 0 blanks and 1 valid
4.9035 	DEBUG 	TextBox2 loaded 1 chars with 0 blanks and 1 valid
4.9041 	DEBUG 	TextBox2 loaded 1 chars with 0 blanks and 1 valid
4.9050 	DEBUG 	TextBox2 loaded 1 chars with 0 blanks and 1 valid
4.9056 	DEBUG 	TextBox2 loaded 1 chars with 0 blanks and 1 valid
4.9058 	DEBUG 	Uploading Texture Font fontname to graphics card
4.9098 	DEBUG 	Upload of Texture Font fontname complete
4.9110 	EXP 	window1: mouseVisible = True
4.9112 	EXP 	window1: mouseVisible = True
4.9119 	EXP 	window1: mouseVisible = True
4.9124 	EXP 	window1: mouseVisible = True
4.9162 	DEBUG 	TextBox2 loaded 1 chars with 0 blanks and 1 valid
4.9171 	DEBUG 	TextBox2 loaded 1 chars with 0 blanks and 1 valid
4.9181 	DEBUG 	TextBox2 loaded 1 chars with 0 blanks and 1 valid
4.9183 	DEBUG 	Uploading Texture Font fontname to graphics card
4.9209 	DEBUG 	Upload of Texture Font fontname complete
4.9225 	EXP 	window1: Attempting to measure frame rate of screen (0) ...
4.9225 	EXP 	window1: recordFrameIntervals = False
5.0985 	EXP 	window1: recordFrameIntervals = True
5.3314 	EXP 	Screen (0) actual frame rate measured at 59.49Hz
5.3315 	EXP 	window1: recordFrameIntervals = False
5.3316 	EXP 	window1: mouseVisible = False
5.3322 	EXP 	window1: mouseVisible = True
5.3325 	EXP 	window1: mouseVisible = True
5.3335 	EXP 	window1: mouseVisible = True
5.3342 	EXP 	window1: mouseVisible = True
5.3389 	DEBUG 	TextBox2 loaded 1 chars with 0 blanks and 1 valid
5.3397 	DEBUG 	TextBox2 loaded 1 chars with 0 blanks and 1 valid
5.3405 	DEBUG 	TextBox2 loaded 1 chars with 0 blanks and 1 valid
5.3415 	DEBUG 	TextBox2 loaded 1 chars with 0 blanks and 1 valid
5.3424 	DEBUG 	TextBox2 loaded 1 chars with 0 blanks and 1 valid
5.3435 	DEBUG 	TextBox2 loaded 1 chars with 0 blanks and 1 valid
5.3442 	DEBUG 	TextBox2 loaded 1 chars with 0 blanks and 1 valid
5.3450 	DEBUG 	TextBox2 loaded 1 chars with 0 blanks and 1 valid
5.3459 	DEBUG 	TextBox2 loaded 1 chars with 0 blanks and 1 valid
5.3469 	DEBUG 	TextBox2 loaded 1 chars with 0 blanks and 1 valid
5.3471 	DEBUG 	Uploading Texture Font fontname to graphics card
5.3477 	DEBUG 	Upload of Texture Font fontname complete
5.3488 	EXP 	window1: mouseVisible = True
5.3489 	EXP 	window1: mouseVisible = True
5.3493 	EXP 	window1: mouseVisible = True
5.3495 	EXP 	window1: mouseVisible = True
5.3823 	WARNING 	launchHubServer: If using the iohub mouse or eyetracker devices, fullScr should be True.
7.5436 	INFO 	keyboard.Keyboard is using iohub backend.
7.5437 	INFO 	keyboard.Keyboard is using iohub backend.
7.5437 	INFO 	keyboard.Keyboard is using iohub backend.
7.5437 	EXP 	article1: status = STARTED
7.5440 	EXP 	window1: mouseVisible = True
7.6105 	EXP 	Created text1 = TextStim(__class__=<class 'psychopy.visual.text.TextStim'>, alignHoriz=method-wrapper(...), alignText='center', alignVert=method-wrapper(...), anchorHoriz='center', anchorVert='center', antialias=True, autoDraw=False, autoLog=True, bold=False, color=array([-1., -1., -1.]), colorSpace='rgb', contrast=1.0, depth=0.0, draggable=False, flipHoriz=False, flipVert=False, font='Arial', fontFiles=[], height=0.05, italic=False, languageStyle='Arabic', name='text1', opacity=1.0, ori=0.0, pos=array([0., 0.]), rgb=UNKNOWN, text=str(...), units='height', win=Window(...), wrapWidth=1)
7.6107 	EXP 	window1: mouseVisible = True
7.6119 	EXP 	Created fixation1 = ShapeStim(__class__=<class 'psychopy.visual.shape.ShapeStim'>, anchor=('center', 'center'), autoDraw=False, autoLog=True, closeShape=True, color=method-wrapper(...), colorSpace='rgb', contrast=None, depth=0.0, draggable=False, fillColor=array([-1, -1, -1]), fillColorSpace='rgb', fillRGB=array([-1, -1, -1]), interpolate=True, lineColor=array([-1., -1., -1.]), lineColorSpace='rgb', lineRGB=array([-1., -1., -1.]), lineWidth=0.08, name='fixation1', opacity=1.0, ori=0.0, pos=array([0., 0.]), size=array([0.03, 0.06]), units='norm', vertices=ndarray(...), win=Window(...), windingRule=None)
7.6120 	EXP 	window1: mouseVisible = True
7.6148 	EXP 	Created left_image = ImageStim(__class__=<class 'psychopy.visual.image.ImageStim'>, anchor=('center', 'center'), autoLog=True, color=array([1., 1., 1.]), colorSpace='rgb', contrast=1.0, depth=-1.0, draggable=False, flipHoriz=False, flipVert=False, image='default.png', interpolate=True, mask=None, maskParams=None, name='left_image', opacity=1.0, ori=0.0, pos=array([-0.5,  0. ]), size=array([0.5, 0.5]), texRes=128.0, units='height', win=Window(...))
7.6149 	EXP 	window1: mouseVisible = True
7.6175 	EXP 	Created right_image = ImageStim(__class__=<class 'psychopy.visual.image.ImageStim'>, anchor=('center', 'center'), autoLog=True, color=array([1., 1., 1.]), colorSpace='rgb', contrast=1.0, depth=-2.0, draggable=False, flipHoriz=False, flipVert=False, image='default.png', interpolate=True, mask=None, maskParams=None, name='right_image', opacity=1.0, ori=0.0, pos=array([0.5, 0. ]), size=array([0.5, 0.5]), texRes=128.0, units='height', win=Window(...))
7.6176 	EXP 	window1: mouseVisible = True
7.6182 	EXP 	Created polygon = Rect(__class__=<class 'psychopy.visual.rect.Rect'>, anchor=('center', 'center'), autoDraw=False, autoLog=True, closeShape=True, color=method-wrapper(...), colorSpace='rgb', contrast=None, depth=-5.0, draggable=False, fillColor=array([0., 0., 0.]), fillColorSpace='rgb', fillRGB=array([0., 0., 0.]), interpolate=True, lineColor=array([-0.5765,  0.0039,  1.    ]), lineColorSpace='rgb', lineRGB=array([-0.5765,  0.0039,  1.    ]), lineWidth=20.0, name='polygon', opacity=0.3, ori=0.0, pos=array([0., 0.]), size=array([0.5, 0.5]), units='height', vertices=ndarray(...), win=Window(...))
7.6183 	EXP 	window1: mouseVisible = True
7.6184 	EXP 	window1: mouseVisible = True
7.6187 	EXP 	window1: mouseVisible = True
7.6190 	EXP 	window1: mouseVisible = True
7.6215 	EXP 	window1: mouseVisible = True
7.6216 	EXP 	window1: mouseVisible = True
7.6219 	EXP 	window1: mouseVisible = True
7.6222 	EXP 	window1: mouseVisible = True
7.6247 	DEBUG 	TextBox2 loaded 1 chars with 0 blanks and 1 valid
7.6258 	DEBUG 	TextBox2 loaded 1 chars with 0 blanks and 1 valid
7.6267 	DEBUG 	TextBox2 loaded 1 chars with 0 blanks and 1 valid
7.6274 	DEBUG 	TextBox2 loaded 1 chars with 0 blanks and 1 valid
7.6279 	DEBUG 	TextBox2 loaded 1 chars with 0 blanks and 1 valid
7.6283 	DEBUG 	TextBox2 loaded 1 chars with 0 blanks and 1 valid
7.6291 	DEBUG 	TextBox2 loaded 1 chars with 0 blanks and 1 valid
7.6297 	DEBUG 	TextBox2 loaded 1 chars with 0 blanks and 1 valid
7.6301 	DEBUG 	TextBox2 loaded 1 chars with 0 blanks and 1 valid
7.6303 	DEBUG 	Uploading Texture Font fontname to graphics card
7.6313 	DEBUG 	Upload of Texture Font fontname complete
7.6321 	EXP 	window1: mouseVisible = True
7.6322 	EXP 	window1: mouseVisible = True
7.6326 	EXP 	window1: mouseVisible = True
7.6329 	EXP 	window1: mouseVisible = True
7.6354 	EXP 	window1: mouseVisible = True
7.6354 	EXP 	window1: mouseVisible = True
7.6357 	EXP 	window1: mouseVisible = True
7.6360 	EXP 	window1: mouseVisible = True
7.6383 	EXP 	window1: mouseVisible = True
7.6391 	EXP 	Created text_no_resp = TextStim(__class__=<class 'psychopy.visual.text.TextStim'>, alignHoriz=method-wrapper(...), alignText='center', alignVert=method-wrapper(...), anchorHoriz='center', anchorVert='center', antialias=True, autoDraw=False, autoLog=True, bold=False, color=array([-1., -1., -1.]), colorSpace='rgb', contrast=1.0, depth=-8.0, draggable=False, flipHoriz=False, flipVert=False, font='Arial', fontFiles=[], height=0.05, italic=False, languageStyle='Arabic', name='text_no_resp', opacity=1.0, ori=0.0, pos=array([0., 0.]), rgb=UNKNOWN, text='', units='height', win=Window(...), wrapWidth=1)
0.0300 	EXP 	left_learning_reward: autoLog = True
0.0300 	EXP 	right_learning_reward: autoLog = True
0.0434 	INFO 	Keyboard events cleared
0.0429 	EXP 	text1: autoDraw = True
14.0307 	EXP 	Created sequence: random, trialTypes=1, nReps=20, seed=None
14.0309 	EXP 	New trial (rep=0, index=0): None
14.0329 	DATA 	Keypress: space
14.0395 	EXP 	text1: autoDraw = False
14.0395 	EXP 	fixation1: autoDraw = True
14.2469 	DATA 	Keypress: space
15.0284 	EXP 	window1: backgroundImage = ''
15.0284 	EXP 	window1: backgroundFit = 'none'
15.0825 	DEBUG 	TextBox2 loaded 1 chars with 0 blanks and 1 valid
15.0849 	DEBUG 	TextBox2 loaded 1 chars with 0 blanks and 1 valid
15.0869 	DEBUG 	TextBox2 loaded 1 chars with 0 blanks and 1 valid
15.0889 	DEBUG 	TextBox2 loaded 1 chars with 0 blanks and 1 valid
15.0903 	DEBUG 	TextBox2 loaded 1 chars with 0 blanks and 1 valid
15.0922 	DEBUG 	TextBox2 loaded 1 chars with 0 blanks and 1 valid
15.0938 	DEBUG 	TextBox2 loaded 1 chars with 0 blanks and 1 valid
15.0942 	DEBUG 	Uploading Texture Font fontname to graphics card
15.0991 	DEBUG 	Upload of Texture Font fontname complete
15.1012 	DEBUG 	TextBox2 loaded 1 chars with 0 blanks and 1 valid
15.1014 	DEBUG 	Uploading Texture Font fontname to graphics card
15.1060 	DEBUG 	Upload of Texture Font fontname complete
15.1454 	INFO 	Keyboard events cleared
15.1449 	EXP 	fixation1: autoDraw = False
15.1449 	EXP 	fixation1: autoDraw = False
15.1449 	EXP 	left_image: image = '1.jpg'
15.1449 	EXP 	right_image: image = '2.jpg'
15.1449 	EXP 	left_image: autoDraw = True
15.1449 	EXP 	right_image: autoDraw = True
15.1449 	EXP 	text_no_resp: autoDraw = True
16.1556 	EXP 	text_no_resp: autoDraw = False
19.0395 	EXP 	polygon: autoDraw = True
19.0395 	EXP 	left_learning_reward: autoDraw = True
19.0395 	EXP 	right_learning_reward: autoDraw = True
20.0395 	EXP 	polygon: autoDraw = False
20.0395 	EXP 	left_learning_reward: autoDraw = False
20.0395 	EXP 	right_learning_reward: autoDraw = False
20.1440 	DEBUG 	Fullscreen settings ignored as running in pilot mode.
20.1446 	EXP 	window1: backgroundImage = ''
20.1446 	EXP 	window1: backgroundFit = 'none'
20.1447 	EXP 	window1: units = 'height'
20.1466 	EXP 	window1: Attempting to measure frame rate of screen (0) ...
20.1466 	EXP 	window1: recordFrameIntervals = False
20.1555 	EXP 	left_image: autoDraw = False
20.1555 	EXP 	right_image: autoDraw = False
20.1555 	EXP 	left_image: autoDraw = False
20.1555 	EXP 	right_image: autoDraw = False
20.1555 	EXP 	polygon: autoDraw = False
20.1555 	EXP 	left_learning_reward: autoDraw = False
20.1555 	EXP 	right_learning_reward: autoDraw = False
20.1555 	EXP 	text_no_resp: autoDraw = False
20.3091 	EXP 	window1: recordFrameIntervals = True
20.4933 	EXP 	Screen (0) actual frame rate measured at 60.05Hz
20.4934 	EXP 	window1: recordFrameIntervals = False
20.4935 	EXP 	window1: mouseVisible = False
20.4942 	EXP 	New trial (rep=1, index=0): None
20.5064 	EXP 	fixation1: autoDraw = True
21.1456 	DATA 	Keypress: right
21.4933 	EXP 	window1: backgroundImage = ''
21.4933 	EXP 	window1: backgroundFit = 'none'
21.5400 	DEBUG 	TextBox2 loaded 1 chars with 0 blanks and 1 valid
21.5409 	DEBUG 	TextBox2 loaded 1 chars with 0 blanks and 1 valid
21.5410 	DEBUG 	Uploading Texture Font fontname to graphics card
21.5417 	DEBUG 	Upload of Texture Font fontname complete
21.5588 	INFO 	Keyboard events cleared
21.5584 	EXP 	fixation1: autoDraw = False
21.5584 	EXP 	fixation1: autoDraw = False
21.5584 	EXP 	left_image: image = '1.jpg'
21.5584 	EXP 	right_image: image = '2.jpg'
21.5584 	EXP 	left_image: autoDraw = True
21.5584 	EXP 	right_image: autoDraw = True
21.5584 	EXP 	text_no_resp: autoDraw = True
21.9973 	DATA 	Keypress: right
22.5726 	EXP 	text_no_resp: autoDraw = False
25.5057 	EXP 	polygon: autoDraw = True
25.5057 	EXP 	left_learning_reward: autoDraw = True
25.5057 	EXP 	right_learning_reward: autoDraw = True
26.5058 	EXP 	polygon: autoDraw = False
26.5058 	EXP 	left_learning_reward: autoDraw = False
26.5058 	EXP 	right_learning_reward: autoDraw = False
26.5599 	DEBUG 	Fullscreen settings ignored as running in pilot mode.
26.5606 	EXP 	window1: backgroundImage = ''
26.5606 	EXP 	window1: backgroundFit = 'none'
26.5606 	EXP 	window1: units = 'height'
26.5627 	EXP 	window1: Attempting to measure frame rate of screen (0) ...
26.5628 	EXP 	window1: recordFrameIntervals = False
26.5723 	EXP 	left_image: autoDraw = False
26.5723 	EXP 	right_image: autoDraw = False
26.5723 	EXP 	left_image: autoDraw = False
26.5723 	EXP 	right_image: autoDraw = False
26.5723 	EXP 	polygon: autoDraw = False
26.5723 	EXP 	left_learning_reward: autoDraw = False
26.5723 	EXP 	right_learning_reward: autoDraw = False
26.5723 	EXP 	text_no_resp: autoDraw = False
26.7252 	EXP 	window1: recordFrameIntervals = True
26.9099 	EXP 	Screen (0) actual frame rate measured at 59.81Hz
26.9099 	EXP 	window1: recordFrameIntervals = False
26.9100 	EXP 	window1: mouseVisible = False
26.9108 	EXP 	New trial (rep=2, index=0): None
26.9227 	EXP 	fixation1: autoDraw = True
27.9092 	EXP 	window1: backgroundImage = ''
27.9092 	EXP 	window1: backgroundFit = 'none'
27.9554 	DEBUG 	TextBox2 loaded 1 chars with 0 blanks and 1 valid
27.9556 	DEBUG 	Uploading Texture Font fontname to graphics card
27.9564 	DEBUG 	Upload of Texture Font fontname complete
27.9575 	DEBUG 	TextBox2 loaded 1 chars with 0 blanks and 1 valid
27.9576 	DEBUG 	Uploading Texture Font fontname to graphics card
27.9583 	DEBUG 	Upload of Texture Font fontname complete
27.9768 	INFO 	Keyboard events cleared
27.9763 	EXP 	fixation1: autoDraw = False
27.9763 	EXP 	fixation1: autoDraw = False
27.9763 	EXP 	left_image: image = '3.jpg'
27.9763 	EXP 	right_image: image = '4.jpg'
27.9763 	EXP 	left_image: autoDraw = True
27.9763 	EXP 	right_image: autoDraw = True
27.9763 	EXP 	text_no_resp: autoDraw = True
28.9891 	EXP 	text_no_resp: autoDraw = False
30.6134 	DATA 	Keypress: escape
30.8436 	EXP 	article1: status = STOPPED
30.8554 	EXP 	left_image: autoDraw = False
30.8554 	EXP 	right_image: autoDraw = False
30.8576 	EXP 	article1: status = STOPPED
30.8636 	INFO 	saved data to 'D:\\UT\\semester 4 - courses\\Cognitive science\\HWs\\HW1\\answer\\article1\\data/472625_article1_2024-05-27_16h42.46.719.csv'
30.8643 	INFO 	saved data to D:\UT\semester 4 - courses\Cognitive science\HWs\HW1\answer\article1\data/472625_article1_2024-05-27_16h42.46.719.psydat
30.8998 	EXP 	window1: mouseVisible = True
31.3982 	DEBUG 	Saving data for article1 ExperimentHandler
