10.2691 	DEBUG 	Fullscreen settings ignored as running in pilot mode.
10.2697 	INFO 	Loaded monitor calibration from ['2024_05_21 12:08']
10.4331 	EXP 	Created window1 = Window(allowGUI=True, allowStencil=True, autoLog=True, backendConf=UNKNOWN, backgroundFit=<method-wrapper '__getattribute__' of attributeSetter object at 0x00000250CCD1CD90>, backgroundImage=<method-wrapper '__getattribute__' of attributeSetter object at 0x00000250CCD1CD30>, bitsMode=UNKNOWN, blendMode='avg', bpc=(8, 8, 8), color=array([1, 1, 1]), colorSpace='rgb', depthBits=8, fullscr=<method-wrapper '__getattribute__' of attributeSetter object at 0x00000250CCD1CB80>, gamma=None, gammaErrorPolicy='raise', infoMsg=UNKNOWN, lms=UNKNOWN, monitor=<psychopy.monitors.calibTools.Monitor object at 0x00000250CE0A8A00>, multiSample=False, name='window1', numSamples=2, pos=[560.0, 240.0], screen=0, size=array([800, 600]), stencilBits=8, stereo=False, title='PsychoPy', units='height', useFBO=True, useRetina=False, viewOri=0.0, viewPos=None, viewScale=None, waitBlanking=True, winType='pyglet')
10.4332 	EXP 	window1: mouseVisible = True
10.4332 	EXP 	window1: backgroundImage = ''
10.4332 	EXP 	window1: backgroundFit = 'none'
10.4335 	EXP 	window1: mouseVisible = True
10.4337 	EXP 	window1: mouseVisible = True
10.4349 	EXP 	window1: mouseVisible = True
10.4352 	EXP 	window1: mouseVisible = True
10.4387 	DEBUG 	TextBox2 loaded 1 chars with 0 blanks and 1 valid
10.4395 	DEBUG 	TextBox2 loaded 1 chars with 0 blanks and 1 valid
10.4403 	DEBUG 	TextBox2 loaded 1 chars with 0 blanks and 1 valid
10.4411 	DEBUG 	TextBox2 loaded 1 chars with 0 blanks and 1 valid
10.4420 	DEBUG 	TextBox2 loaded 1 chars with 0 blanks and 1 valid
10.4425 	DEBUG 	TextBox2 loaded 1 chars with 0 blanks and 1 valid
10.4432 	DEBUG 	TextBox2 loaded 1 chars with 0 blanks and 1 valid
10.4441 	DEBUG 	TextBox2 loaded 1 chars with 0 blanks and 1 valid
10.4446 	DEBUG 	TextBox2 loaded 1 chars with 0 blanks and 1 valid
10.4452 	DEBUG 	TextBox2 loaded 1 chars with 0 blanks and 1 valid
10.4460 	DEBUG 	TextBox2 loaded 1 chars with 0 blanks and 1 valid
10.4468 	DEBUG 	TextBox2 loaded 1 chars with 0 blanks and 1 valid
10.4475 	DEBUG 	TextBox2 loaded 1 chars with 0 blanks and 1 valid
10.4484 	DEBUG 	TextBox2 loaded 1 chars with 0 blanks and 1 valid
10.4491 	DEBUG 	TextBox2 loaded 1 chars with 0 blanks and 1 valid
10.4500 	DEBUG 	TextBox2 loaded 1 chars with 0 blanks and 1 valid
10.4507 	DEBUG 	TextBox2 loaded 1 chars with 0 blanks and 1 valid
10.4512 	DEBUG 	TextBox2 loaded 1 chars with 0 blanks and 1 valid
10.4518 	DEBUG 	TextBox2 loaded 1 chars with 0 blanks and 1 valid
10.4527 	DEBUG 	TextBox2 loaded 1 chars with 0 blanks and 1 valid
10.4533 	DEBUG 	TextBox2 loaded 1 chars with 0 blanks and 1 valid
10.4535 	DEBUG 	Uploading Texture Font fontname to graphics card
10.4571 	DEBUG 	Upload of Texture Font fontname complete
10.4583 	EXP 	window1: mouseVisible = True
10.4584 	EXP 	window1: mouseVisible = True
10.4588 	EXP 	window1: mouseVisible = True
10.4591 	EXP 	window1: mouseVisible = True
10.4653 	DEBUG 	TextBox2 loaded 1 chars with 0 blanks and 1 valid
10.4664 	DEBUG 	TextBox2 loaded 1 chars with 0 blanks and 1 valid
10.4673 	DEBUG 	TextBox2 loaded 1 chars with 0 blanks and 1 valid
10.4675 	DEBUG 	Uploading Texture Font fontname to graphics card
10.4700 	DEBUG 	Upload of Texture Font fontname complete
10.4715 	EXP 	window1: Attempting to measure frame rate of screen (0) ...
10.4715 	EXP 	window1: recordFrameIntervals = False
10.6463 	EXP 	window1: recordFrameIntervals = True
11.0968 	EXP 	Screen (0) actual frame rate measured at 59.95Hz
11.0969 	EXP 	window1: recordFrameIntervals = False
11.0970 	EXP 	window1: mouseVisible = False
11.0980 	EXP 	window1: mouseVisible = True
11.0983 	EXP 	window1: mouseVisible = True
11.0992 	EXP 	window1: mouseVisible = True
11.1000 	EXP 	window1: mouseVisible = True
11.1045 	DEBUG 	TextBox2 loaded 1 chars with 0 blanks and 1 valid
11.1052 	DEBUG 	TextBox2 loaded 1 chars with 0 blanks and 1 valid
11.1061 	DEBUG 	TextBox2 loaded 1 chars with 0 blanks and 1 valid
11.1070 	DEBUG 	TextBox2 loaded 1 chars with 0 blanks and 1 valid
11.1079 	DEBUG 	TextBox2 loaded 1 chars with 0 blanks and 1 valid
11.1088 	DEBUG 	TextBox2 loaded 1 chars with 0 blanks and 1 valid
11.1096 	DEBUG 	TextBox2 loaded 1 chars with 0 blanks and 1 valid
11.1105 	DEBUG 	TextBox2 loaded 1 chars with 0 blanks and 1 valid
11.1116 	DEBUG 	TextBox2 loaded 1 chars with 0 blanks and 1 valid
11.1125 	DEBUG 	TextBox2 loaded 1 chars with 0 blanks and 1 valid
11.1128 	DEBUG 	Uploading Texture Font fontname to graphics card
11.1134 	DEBUG 	Upload of Texture Font fontname complete
11.1146 	EXP 	window1: mouseVisible = True
11.1147 	EXP 	window1: mouseVisible = True
11.1150 	EXP 	window1: mouseVisible = True
11.1154 	EXP 	window1: mouseVisible = True
11.1506 	WARNING 	launchHubServer: If using the iohub mouse or eyetracker devices, fullScr should be True.
13.2093 	INFO 	keyboard.Keyboard is using iohub backend.
13.2094 	INFO 	keyboard.Keyboard is using iohub backend.
13.2094 	INFO 	keyboard.Keyboard is using iohub backend.
13.2094 	EXP 	article1: status = STARTED
13.2096 	EXP 	window1: mouseVisible = True
13.2831 	EXP 	Created text1 = TextStim(__class__=<class 'psychopy.visual.text.TextStim'>, alignHoriz=method-wrapper(...), alignText='center', alignVert=method-wrapper(...), anchorHoriz='center', anchorVert='center', antialias=True, autoDraw=False, autoLog=True, bold=False, color=array([-1., -1., -1.]), colorSpace='rgb', contrast=1.0, depth=0.0, draggable=False, flipHoriz=False, flipVert=False, font='Arial', fontFiles=[], height=0.05, italic=False, languageStyle='Arabic', name='text1', opacity=1.0, ori=0.0, pos=array([0., 0.]), rgb=UNKNOWN, text=str(...), units='height', win=Window(...), wrapWidth=1)
13.2832 	EXP 	window1: mouseVisible = True
13.2846 	EXP 	Created fixation1 = ShapeStim(__class__=<class 'psychopy.visual.shape.ShapeStim'>, anchor=('center', 'center'), autoDraw=False, autoLog=True, closeShape=True, color=method-wrapper(...), colorSpace='rgb', contrast=None, depth=0.0, draggable=False, fillColor=array([-1, -1, -1]), fillColorSpace='rgb', fillRGB=array([-1, -1, -1]), interpolate=True, lineColor=array([-1., -1., -1.]), lineColorSpace='rgb', lineRGB=array([-1., -1., -1.]), lineWidth=0.08, name='fixation1', opacity=1.0, ori=0.0, pos=array([0., 0.]), size=array([0.03, 0.06]), units='norm', vertices=ndarray(...), win=Window(...), windingRule=None)
13.2847 	EXP 	window1: mouseVisible = True
13.2890 	EXP 	Created left_image = ImageStim(__class__=<class 'psychopy.visual.image.ImageStim'>, anchor=('center', 'center'), autoLog=True, color=array([1., 1., 1.]), colorSpace='rgb', contrast=1.0, depth=-1.0, draggable=False, flipHoriz=False, flipVert=False, image='default.png', interpolate=True, mask=None, maskParams=None, name='left_image', opacity=1.0, ori=0.0, pos=array([-0.5,  0. ]), size=array([0.5, 0.5]), texRes=128.0, units='height', win=Window(...))
13.2891 	EXP 	window1: mouseVisible = True
13.2916 	EXP 	Created right_image = ImageStim(__class__=<class 'psychopy.visual.image.ImageStim'>, anchor=('center', 'center'), autoLog=True, color=array([1., 1., 1.]), colorSpace='rgb', contrast=1.0, depth=-2.0, draggable=False, flipHoriz=False, flipVert=False, image='default.png', interpolate=True, mask=None, maskParams=None, name='right_image', opacity=1.0, ori=0.0, pos=array([0.5, 0. ]), size=array([0.5, 0.5]), texRes=128.0, units='height', win=Window(...))
13.2917 	EXP 	window1: mouseVisible = True
13.2923 	EXP 	Created polygon = Rect(__class__=<class 'psychopy.visual.rect.Rect'>, anchor=('center', 'center'), autoDraw=False, autoLog=True, closeShape=True, color=method-wrapper(...), colorSpace='rgb', contrast=None, depth=-5.0, draggable=False, fillColor=array([0., 0., 0.]), fillColorSpace='rgb', fillRGB=array([0., 0., 0.]), interpolate=True, lineColor=array([-0.5765,  0.0039,  1.    ]), lineColorSpace='rgb', lineRGB=array([-0.5765,  0.0039,  1.    ]), lineWidth=20.0, name='polygon', opacity=0.3, ori=0.0, pos=array([0., 0.]), size=array([0.5, 0.5]), units='height', vertices=ndarray(...), win=Window(...))
13.2924 	EXP 	window1: mouseVisible = True
13.2925 	EXP 	window1: mouseVisible = True
13.2928 	EXP 	window1: mouseVisible = True
13.2931 	EXP 	window1: mouseVisible = True
13.2958 	EXP 	window1: mouseVisible = True
13.2958 	EXP 	window1: mouseVisible = True
13.2962 	EXP 	window1: mouseVisible = True
13.2964 	EXP 	window1: mouseVisible = True
13.2999 	DEBUG 	TextBox2 loaded 1 chars with 0 blanks and 1 valid
13.3010 	DEBUG 	TextBox2 loaded 1 chars with 0 blanks and 1 valid
13.3018 	DEBUG 	TextBox2 loaded 1 chars with 0 blanks and 1 valid
13.3026 	DEBUG 	TextBox2 loaded 1 chars with 0 blanks and 1 valid
13.3032 	DEBUG 	TextBox2 loaded 1 chars with 0 blanks and 1 valid
13.3037 	DEBUG 	TextBox2 loaded 1 chars with 0 blanks and 1 valid
13.3045 	DEBUG 	TextBox2 loaded 1 chars with 0 blanks and 1 valid
13.3051 	DEBUG 	TextBox2 loaded 1 chars with 0 blanks and 1 valid
13.3056 	DEBUG 	TextBox2 loaded 1 chars with 0 blanks and 1 valid
13.3058 	DEBUG 	Uploading Texture Font fontname to graphics card
13.3091 	DEBUG 	Upload of Texture Font fontname complete
13.3100 	EXP 	window1: mouseVisible = True
13.3101 	EXP 	window1: mouseVisible = True
13.3105 	EXP 	window1: mouseVisible = True
13.3108 	EXP 	window1: mouseVisible = True
13.3132 	EXP 	window1: mouseVisible = True
13.3133 	EXP 	window1: mouseVisible = True
13.3136 	EXP 	window1: mouseVisible = True
13.3139 	EXP 	window1: mouseVisible = True
0.0312 	EXP 	left_learning_reward: autoLog = True
0.0312 	EXP 	right_learning_reward: autoLog = True
0.0726 	INFO 	Keyboard events cleared
0.0722 	EXP 	text1: autoDraw = True
20.2848 	EXP 	Created sequence: random, trialTypes=1, nReps=20, seed=None
20.2850 	EXP 	New trial (rep=0, index=0): None
20.2864 	DATA 	Keypress: space
20.2963 	EXP 	text1: autoDraw = False
20.2963 	EXP 	fixation1: autoDraw = True
21.2836 	EXP 	window1: backgroundImage = ''
21.2837 	EXP 	window1: backgroundFit = 'none'
21.3392 	DEBUG 	TextBox2 loaded 1 chars with 0 blanks and 1 valid
21.3414 	DEBUG 	TextBox2 loaded 1 chars with 0 blanks and 1 valid
21.3431 	DEBUG 	TextBox2 loaded 1 chars with 0 blanks and 1 valid
21.3449 	DEBUG 	TextBox2 loaded 1 chars with 0 blanks and 1 valid
21.3462 	DEBUG 	TextBox2 loaded 1 chars with 0 blanks and 1 valid
21.3478 	DEBUG 	TextBox2 loaded 1 chars with 0 blanks and 1 valid
21.3494 	DEBUG 	TextBox2 loaded 1 chars with 0 blanks and 1 valid
21.3497 	DEBUG 	Uploading Texture Font fontname to graphics card
21.3538 	DEBUG 	Upload of Texture Font fontname complete
21.3855 	INFO 	Keyboard events cleared
21.3843 	EXP 	fixation1: autoDraw = False
21.3843 	EXP 	fixation1: autoDraw = False
21.3843 	EXP 	left_image: image = '1.jpg'
21.3843 	EXP 	right_image: image = '2.jpg'
21.3843 	EXP 	left_image: autoDraw = True
21.3843 	EXP 	right_image: autoDraw = True
23.5528 	DEBUG 	TextBox2 loaded 1 chars with 0 blanks and 1 valid
23.5549 	DEBUG 	TextBox2 loaded 1 chars with 0 blanks and 1 valid
23.5553 	DEBUG 	Uploading Texture Font fontname to graphics card
23.5561 	DEBUG 	Upload of Texture Font fontname complete
23.5584 	DATA 	Keypress: left
25.2938 	EXP 	polygon: autoDraw = True
25.2938 	EXP 	left_learning_reward: autoDraw = True
25.2938 	EXP 	right_learning_reward: autoDraw = True
26.2945 	EXP 	polygon: autoDraw = False
26.2945 	EXP 	left_learning_reward: autoDraw = False
26.2945 	EXP 	right_learning_reward: autoDraw = False
26.2966 	DEBUG 	Fullscreen settings ignored as running in pilot mode.
26.2970 	EXP 	window1: backgroundImage = ''
26.2970 	EXP 	window1: backgroundFit = 'none'
26.2970 	EXP 	window1: units = 'height'
26.2985 	EXP 	window1: Attempting to measure frame rate of screen (0) ...
26.2985 	EXP 	window1: recordFrameIntervals = False
26.3107 	EXP 	left_image: autoDraw = False
26.3107 	EXP 	right_image: autoDraw = False
26.3107 	EXP 	polygon: autoDraw = False
26.3107 	EXP 	left_learning_reward: autoDraw = False
26.3107 	EXP 	right_learning_reward: autoDraw = False
26.4647 	EXP 	window1: recordFrameIntervals = True
26.6480 	EXP 	Screen (0) actual frame rate measured at 60.20Hz
26.6480 	EXP 	window1: recordFrameIntervals = False
26.6481 	EXP 	window1: mouseVisible = False
26.6489 	EXP 	New trial (rep=1, index=0): None
26.6602 	EXP 	fixation1: autoDraw = True
27.2954 	EXP 	window1: backgroundImage = ''
27.2954 	EXP 	window1: backgroundFit = 'none'
27.3384 	DEBUG 	TextBox2 loaded 1 chars with 0 blanks and 1 valid
27.3392 	DEBUG 	TextBox2 loaded 1 chars with 0 blanks and 1 valid
27.3394 	DEBUG 	Uploading Texture Font fontname to graphics card
27.3400 	DEBUG 	Upload of Texture Font fontname complete
27.3639 	INFO 	Keyboard events cleared
27.3634 	EXP 	fixation1: autoDraw = False
27.3634 	EXP 	left_image: image = '3.jpg'
27.3634 	EXP 	right_image: image = '4.jpg'
27.3634 	EXP 	left_image: autoDraw = True
27.3634 	EXP 	right_image: autoDraw = True
31.2937 	EXP 	polygon: autoDraw = True
31.2937 	EXP 	left_learning_reward: autoDraw = True
31.2937 	EXP 	right_learning_reward: autoDraw = True
32.2938 	EXP 	polygon: autoDraw = False
32.2938 	EXP 	left_learning_reward: autoDraw = False
32.2938 	EXP 	right_learning_reward: autoDraw = False
32.2955 	DEBUG 	Fullscreen settings ignored as running in pilot mode.
32.2958 	EXP 	window1: backgroundImage = ''
32.2958 	EXP 	window1: backgroundFit = 'none'
32.2958 	EXP 	window1: units = 'height'
32.2969 	EXP 	window1: Attempting to measure frame rate of screen (0) ...
32.2969 	EXP 	window1: recordFrameIntervals = False
32.3110 	EXP 	left_image: autoDraw = False
32.3110 	EXP 	right_image: autoDraw = False
32.3110 	EXP 	polygon: autoDraw = False
32.3110 	EXP 	left_learning_reward: autoDraw = False
32.3110 	EXP 	right_learning_reward: autoDraw = False
32.4635 	EXP 	window1: recordFrameIntervals = True
32.6464 	EXP 	Screen (0) actual frame rate measured at 59.95Hz
32.6465 	EXP 	window1: recordFrameIntervals = False
32.6465 	EXP 	window1: mouseVisible = False
32.6469 	EXP 	New trial (rep=2, index=0): None
32.6614 	EXP 	fixation1: autoDraw = True
33.2976 	EXP 	window1: backgroundImage = ''
33.2976 	EXP 	window1: backgroundFit = 'none'
33.3488 	DEBUG 	TextBox2 loaded 1 chars with 0 blanks and 1 valid
33.3497 	DEBUG 	TextBox2 loaded 1 chars with 0 blanks and 1 valid
33.3499 	DEBUG 	Uploading Texture Font fontname to graphics card
33.3506 	DEBUG 	Upload of Texture Font fontname complete
33.3643 	INFO 	Keyboard events cleared
33.3639 	EXP 	fixation1: autoDraw = False
33.3639 	EXP 	left_image: image = '3.jpg'
33.3639 	EXP 	right_image: image = '4.jpg'
33.3639 	EXP 	left_image: autoDraw = True
33.3639 	EXP 	right_image: autoDraw = True
37.2937 	EXP 	polygon: autoDraw = True
37.2937 	EXP 	left_learning_reward: autoDraw = True
37.2937 	EXP 	right_learning_reward: autoDraw = True
38.2939 	EXP 	polygon: autoDraw = False
38.2939 	EXP 	left_learning_reward: autoDraw = False
38.2939 	EXP 	right_learning_reward: autoDraw = False
38.2958 	DEBUG 	Fullscreen settings ignored as running in pilot mode.
38.2961 	EXP 	window1: backgroundImage = ''
38.2961 	EXP 	window1: backgroundFit = 'none'
38.2961 	EXP 	window1: units = 'height'
38.2971 	EXP 	window1: Attempting to measure frame rate of screen (0) ...
38.2971 	EXP 	window1: recordFrameIntervals = False
38.3107 	EXP 	left_image: autoDraw = False
38.3107 	EXP 	right_image: autoDraw = False
38.3107 	EXP 	polygon: autoDraw = False
38.3107 	EXP 	left_learning_reward: autoDraw = False
38.3107 	EXP 	right_learning_reward: autoDraw = False
38.4633 	EXP 	window1: recordFrameIntervals = True
38.6470 	EXP 	Screen (0) actual frame rate measured at 59.83Hz
38.6470 	EXP 	window1: recordFrameIntervals = False
38.6470 	EXP 	window1: mouseVisible = False
38.6473 	EXP 	New trial (rep=3, index=0): None
38.6609 	EXP 	fixation1: autoDraw = True
39.2963 	EXP 	window1: backgroundImage = ''
39.2963 	EXP 	window1: backgroundFit = 'none'
39.3375 	DEBUG 	TextBox2 loaded 1 chars with 0 blanks and 1 valid
39.3377 	DEBUG 	Uploading Texture Font fontname to graphics card
39.3385 	DEBUG 	Upload of Texture Font fontname complete
39.3482 	INFO 	Keyboard events cleared
39.3479 	EXP 	fixation1: autoDraw = False
39.3479 	EXP 	left_image: image = '1.jpg'
39.3479 	EXP 	right_image: image = '2.jpg'
39.3479 	EXP 	left_image: autoDraw = True
39.3479 	EXP 	right_image: autoDraw = True
40.6329 	DATA 	Keypress: right
43.2934 	EXP 	polygon: autoDraw = True
43.2934 	EXP 	left_learning_reward: autoDraw = True
43.2934 	EXP 	right_learning_reward: autoDraw = True
44.2949 	EXP 	polygon: autoDraw = False
44.2949 	EXP 	left_learning_reward: autoDraw = False
44.2949 	EXP 	right_learning_reward: autoDraw = False
44.2976 	DEBUG 	Fullscreen settings ignored as running in pilot mode.
44.2980 	EXP 	window1: backgroundImage = ''
44.2980 	EXP 	window1: backgroundFit = 'none'
44.2980 	EXP 	window1: units = 'height'
44.2996 	EXP 	window1: Attempting to measure frame rate of screen (0) ...
44.2996 	EXP 	window1: recordFrameIntervals = False
44.3104 	EXP 	left_image: autoDraw = False
44.3104 	EXP 	right_image: autoDraw = False
44.3104 	EXP 	polygon: autoDraw = False
44.3104 	EXP 	left_learning_reward: autoDraw = False
44.3104 	EXP 	right_learning_reward: autoDraw = False
44.4633 	EXP 	window1: recordFrameIntervals = True
44.6463 	EXP 	Screen (0) actual frame rate measured at 60.06Hz
44.6464 	EXP 	window1: recordFrameIntervals = False
44.6464 	EXP 	window1: mouseVisible = False
44.6468 	EXP 	New trial (rep=4, index=0): None
44.6603 	EXP 	fixation1: autoDraw = True
45.2949 	EXP 	window1: backgroundImage = ''
45.2949 	EXP 	window1: backgroundFit = 'none'
45.3459 	INFO 	Keyboard events cleared
45.3454 	EXP 	fixation1: autoDraw = False
45.3454 	EXP 	left_image: image = '1.jpg'
45.3454 	EXP 	right_image: image = '2.jpg'
45.3454 	EXP 	left_image: autoDraw = True
45.3454 	EXP 	right_image: autoDraw = True
49.2934 	EXP 	polygon: autoDraw = True
49.2934 	EXP 	left_learning_reward: autoDraw = True
49.2934 	EXP 	right_learning_reward: autoDraw = True
50.2946 	EXP 	polygon: autoDraw = False
50.2946 	EXP 	left_learning_reward: autoDraw = False
50.2946 	EXP 	right_learning_reward: autoDraw = False
50.2972 	DEBUG 	Fullscreen settings ignored as running in pilot mode.
50.2975 	EXP 	window1: backgroundImage = ''
50.2976 	EXP 	window1: backgroundFit = 'none'
50.2976 	EXP 	window1: units = 'height'
50.2990 	EXP 	window1: Attempting to measure frame rate of screen (0) ...
50.2991 	EXP 	window1: recordFrameIntervals = False
50.3103 	EXP 	left_image: autoDraw = False
50.3103 	EXP 	right_image: autoDraw = False
50.3103 	EXP 	polygon: autoDraw = False
50.3103 	EXP 	left_learning_reward: autoDraw = False
50.3103 	EXP 	right_learning_reward: autoDraw = False
50.4616 	EXP 	window1: recordFrameIntervals = True
50.5183 	DATA 	Keypress: escape
50.6469 	EXP 	Screen (0) actual frame rate measured at 59.84Hz
50.6469 	EXP 	window1: recordFrameIntervals = False
50.6470 	EXP 	window1: mouseVisible = False
50.6474 	EXP 	New trial (rep=5, index=0): None
50.6607 	EXP 	fixation1: autoDraw = True
50.6636 	EXP 	article1: status = STOPPED
50.6768 	EXP 	fixation1: autoDraw = False
50.6793 	EXP 	article1: status = STOPPED
50.6857 	INFO 	saved data to 'D:\\UT\\semester 4 - courses\\Cognitive science\\HWs\\HW1\\answer\\article1\\data/473126_article1_2024-05-27_13h27.52.883.csv'
50.6860 	INFO 	saved data to D:\UT\semester 4 - courses\Cognitive science\HWs\HW1\answer\article1\data/473126_article1_2024-05-27_13h27.52.883.psydat
50.7169 	EXP 	window1: mouseVisible = True
51.1896 	DEBUG 	Saving data for article1 ExperimentHandler
