4.9925 	DEBUG 	Fullscreen settings ignored as running in pilot mode.
4.9930 	INFO 	Loaded monitor calibration from ['2024_05_21 12:08']
5.1615 	EXP 	Created window1 = Window(allowGUI=True, allowStencil=True, autoLog=True, backendConf=UNKNOWN, backgroundFit=<method-wrapper '__getattribute__' of attributeSetter object at 0x00000158D0050E50>, backgroundImage=<method-wrapper '__getattribute__' of attributeSetter object at 0x00000158D0050DF0>, bitsMode=UNKNOWN, blendMode='avg', bpc=(8, 8, 8), color=array([1, 1, 1]), colorSpace='rgb', depthBits=8, fullscr=<method-wrapper '__getattribute__' of attributeSetter object at 0x00000158D0050C40>, gamma=None, gammaErrorPolicy='raise', infoMsg=UNKNOWN, lms=UNKNOWN, monitor=<psychopy.monitors.calibTools.Monitor object at 0x00000158D1478AC0>, multiSample=False, name='window1', numSamples=2, pos=[560.0, 240.0], screen=0, size=array([800, 600]), stencilBits=8, stereo=False, title='PsychoPy', units='height', useFBO=True, useRetina=False, viewOri=0.0, viewPos=None, viewScale=None, waitBlanking=True, winType='pyglet')
5.1620 	EXP 	window1: mouseVisible = True
5.1621 	EXP 	window1: backgroundImage = ''
5.1621 	EXP 	window1: backgroundFit = 'none'
5.1623 	EXP 	window1: mouseVisible = True
5.1625 	EXP 	window1: mouseVisible = True
5.1662 	EXP 	window1: mouseVisible = True
5.1666 	EXP 	window1: mouseVisible = True
5.1706 	DEBUG 	TextBox2 loaded 1 chars with 0 blanks and 1 valid
5.1714 	DEBUG 	TextBox2 loaded 1 chars with 0 blanks and 1 valid
5.1722 	DEBUG 	TextBox2 loaded 1 chars with 0 blanks and 1 valid
5.1730 	DEBUG 	TextBox2 loaded 1 chars with 0 blanks and 1 valid
5.1739 	DEBUG 	TextBox2 loaded 1 chars with 0 blanks and 1 valid
5.1745 	DEBUG 	TextBox2 loaded 1 chars with 0 blanks and 1 valid
5.1752 	DEBUG 	TextBox2 loaded 1 chars with 0 blanks and 1 valid
5.1761 	DEBUG 	TextBox2 loaded 1 chars with 0 blanks and 1 valid
5.1765 	DEBUG 	TextBox2 loaded 1 chars with 0 blanks and 1 valid
5.1770 	DEBUG 	TextBox2 loaded 1 chars with 0 blanks and 1 valid
5.1778 	DEBUG 	TextBox2 loaded 1 chars with 0 blanks and 1 valid
5.1786 	DEBUG 	TextBox2 loaded 1 chars with 0 blanks and 1 valid
5.1793 	DEBUG 	TextBox2 loaded 1 chars with 0 blanks and 1 valid
5.1802 	DEBUG 	TextBox2 loaded 1 chars with 0 blanks and 1 valid
5.1810 	DEBUG 	TextBox2 loaded 1 chars with 0 blanks and 1 valid
5.1819 	DEBUG 	TextBox2 loaded 1 chars with 0 blanks and 1 valid
5.1828 	DEBUG 	TextBox2 loaded 1 chars with 0 blanks and 1 valid
5.1834 	DEBUG 	TextBox2 loaded 1 chars with 0 blanks and 1 valid
5.1839 	DEBUG 	TextBox2 loaded 1 chars with 0 blanks and 1 valid
5.1848 	DEBUG 	TextBox2 loaded 1 chars with 0 blanks and 1 valid
5.1853 	DEBUG 	TextBox2 loaded 1 chars with 0 blanks and 1 valid
5.1856 	DEBUG 	Uploading Texture Font fontname to graphics card
5.1942 	DEBUG 	Upload of Texture Font fontname complete
5.1956 	EXP 	window1: mouseVisible = True
5.1957 	EXP 	window1: mouseVisible = True
5.1963 	EXP 	window1: mouseVisible = True
5.1969 	EXP 	window1: mouseVisible = True
5.2013 	DEBUG 	TextBox2 loaded 1 chars with 0 blanks and 1 valid
5.2022 	DEBUG 	TextBox2 loaded 1 chars with 0 blanks and 1 valid
5.2031 	DEBUG 	TextBox2 loaded 1 chars with 0 blanks and 1 valid
5.2033 	DEBUG 	Uploading Texture Font fontname to graphics card
5.2130 	DEBUG 	Upload of Texture Font fontname complete
5.2157 	EXP 	window1: Attempting to measure frame rate of screen (0) ...
5.2159 	EXP 	window1: recordFrameIntervals = False
5.3848 	EXP 	window1: recordFrameIntervals = True
5.7662 	EXP 	Screen (0) actual frame rate measured at 59.53Hz
5.7663 	EXP 	window1: recordFrameIntervals = False
5.7664 	EXP 	window1: mouseVisible = False
5.7672 	EXP 	window1: mouseVisible = True
5.7675 	EXP 	window1: mouseVisible = True
5.7686 	EXP 	window1: mouseVisible = True
5.7694 	EXP 	window1: mouseVisible = True
5.7751 	DEBUG 	TextBox2 loaded 1 chars with 0 blanks and 1 valid
5.7760 	DEBUG 	TextBox2 loaded 1 chars with 0 blanks and 1 valid
5.7773 	DEBUG 	TextBox2 loaded 1 chars with 0 blanks and 1 valid
5.7791 	DEBUG 	TextBox2 loaded 1 chars with 0 blanks and 1 valid
5.7807 	DEBUG 	TextBox2 loaded 1 chars with 0 blanks and 1 valid
5.7818 	DEBUG 	TextBox2 loaded 1 chars with 0 blanks and 1 valid
5.7825 	DEBUG 	TextBox2 loaded 1 chars with 0 blanks and 1 valid
5.7833 	DEBUG 	TextBox2 loaded 1 chars with 0 blanks and 1 valid
5.7842 	DEBUG 	TextBox2 loaded 1 chars with 0 blanks and 1 valid
5.7851 	DEBUG 	TextBox2 loaded 1 chars with 0 blanks and 1 valid
5.7853 	DEBUG 	Uploading Texture Font fontname to graphics card
5.7860 	DEBUG 	Upload of Texture Font fontname complete
5.7871 	EXP 	window1: mouseVisible = True
5.7872 	EXP 	window1: mouseVisible = True
5.7875 	EXP 	window1: mouseVisible = True
5.7878 	EXP 	window1: mouseVisible = True
5.8223 	WARNING 	launchHubServer: If using the iohub mouse or eyetracker devices, fullScr should be True.
7.8817 	INFO 	keyboard.Keyboard is using iohub backend.
7.8818 	INFO 	keyboard.Keyboard is using iohub backend.
7.8818 	INFO 	keyboard.Keyboard is using iohub backend.
7.8818 	INFO 	keyboard.Keyboard is using iohub backend.
7.8818 	INFO 	keyboard.Keyboard is using iohub backend.
7.8818 	EXP 	article1: status = STARTED
7.8821 	EXP 	window1: mouseVisible = True
7.9463 	EXP 	Created text1 = TextStim(__class__=<class 'psychopy.visual.text.TextStim'>, alignHoriz=method-wrapper(...), alignText='center', alignVert=method-wrapper(...), anchorHoriz='center', anchorVert='center', antialias=True, autoDraw=False, autoLog=True, bold=False, color=array([-1., -1., -1.]), colorSpace='rgb', contrast=1.0, depth=0.0, draggable=False, flipHoriz=False, flipVert=False, font='Arial', fontFiles=[], height=0.05, italic=False, languageStyle='Arabic', name='text1', opacity=1.0, ori=0.0, pos=array([0., 0.]), rgb=UNKNOWN, text=str(...), units='height', win=Window(...), wrapWidth=1)
7.9464 	EXP 	window1: mouseVisible = True
7.9475 	EXP 	Created fixation1 = ShapeStim(__class__=<class 'psychopy.visual.shape.ShapeStim'>, anchor=('center', 'center'), autoDraw=False, autoLog=True, closeShape=True, color=method-wrapper(...), colorSpace='rgb', contrast=None, depth=0.0, draggable=False, fillColor=array([-1, -1, -1]), fillColorSpace='rgb', fillRGB=array([-1, -1, -1]), interpolate=True, lineColor=array([-1., -1., -1.]), lineColorSpace='rgb', lineRGB=array([-1., -1., -1.]), lineWidth=0.08, name='fixation1', opacity=1.0, ori=0.0, pos=array([0., 0.]), size=array([0.03, 0.06]), units='norm', vertices=ndarray(...), win=Window(...), windingRule=None)
7.9476 	EXP 	window1: mouseVisible = True
7.9509 	EXP 	Created left_image = ImageStim(__class__=<class 'psychopy.visual.image.ImageStim'>, anchor=('center', 'center'), autoLog=True, color=array([1., 1., 1.]), colorSpace='rgb', contrast=1.0, depth=-1.0, draggable=False, flipHoriz=False, flipVert=False, image='default.png', interpolate=True, mask=None, maskParams=None, name='left_image', opacity=1.0, ori=0.0, pos=array([-0.5,  0. ]), size=array([0.5, 0.5]), texRes=128.0, units='height', win=Window(...))
7.9509 	EXP 	window1: mouseVisible = True
7.9536 	EXP 	Created right_image = ImageStim(__class__=<class 'psychopy.visual.image.ImageStim'>, anchor=('center', 'center'), autoLog=True, color=array([1., 1., 1.]), colorSpace='rgb', contrast=1.0, depth=-2.0, draggable=False, flipHoriz=False, flipVert=False, image='default.png', interpolate=True, mask=None, maskParams=None, name='right_image', opacity=1.0, ori=0.0, pos=array([0.5, 0. ]), size=array([0.5, 0.5]), texRes=128.0, units='height', win=Window(...))
7.9537 	EXP 	window1: mouseVisible = True
7.9543 	EXP 	Created polygon = Rect(__class__=<class 'psychopy.visual.rect.Rect'>, anchor=('center', 'center'), autoDraw=False, autoLog=True, closeShape=True, color=method-wrapper(...), colorSpace='rgb', contrast=None, depth=-5.0, draggable=False, fillColor=array([0., 0., 0.]), fillColorSpace='rgb', fillRGB=array([0., 0., 0.]), interpolate=True, lineColor=array([-0.5765,  0.0039,  1.    ]), lineColorSpace='rgb', lineRGB=array([-0.5765,  0.0039,  1.    ]), lineWidth=20.0, name='polygon', opacity=0.3, ori=0.0, pos=array([0., 0.]), size=array([0.5, 0.5]), units='height', vertices=ndarray(...), win=Window(...))
7.9544 	EXP 	window1: mouseVisible = True
7.9545 	EXP 	window1: mouseVisible = True
7.9548 	EXP 	window1: mouseVisible = True
7.9551 	EXP 	window1: mouseVisible = True
7.9579 	EXP 	window1: mouseVisible = True
7.9580 	EXP 	window1: mouseVisible = True
7.9583 	EXP 	window1: mouseVisible = True
7.9586 	EXP 	window1: mouseVisible = True
7.9628 	DEBUG 	TextBox2 loaded 1 chars with 0 blanks and 1 valid
7.9653 	DEBUG 	TextBox2 loaded 1 chars with 0 blanks and 1 valid
7.9670 	DEBUG 	TextBox2 loaded 1 chars with 0 blanks and 1 valid
7.9684 	DEBUG 	TextBox2 loaded 1 chars with 0 blanks and 1 valid
7.9696 	DEBUG 	TextBox2 loaded 1 chars with 0 blanks and 1 valid
7.9707 	DEBUG 	TextBox2 loaded 1 chars with 0 blanks and 1 valid
7.9722 	DEBUG 	TextBox2 loaded 1 chars with 0 blanks and 1 valid
7.9735 	DEBUG 	TextBox2 loaded 1 chars with 0 blanks and 1 valid
7.9747 	DEBUG 	TextBox2 loaded 1 chars with 0 blanks and 1 valid
7.9749 	DEBUG 	Uploading Texture Font fontname to graphics card
7.9761 	DEBUG 	Upload of Texture Font fontname complete
7.9769 	EXP 	window1: mouseVisible = True
7.9770 	EXP 	window1: mouseVisible = True
7.9774 	EXP 	window1: mouseVisible = True
7.9778 	EXP 	window1: mouseVisible = True
7.9803 	EXP 	window1: mouseVisible = True
7.9803 	EXP 	window1: mouseVisible = True
7.9806 	EXP 	window1: mouseVisible = True
7.9809 	EXP 	window1: mouseVisible = True
7.9832 	EXP 	window1: mouseVisible = True
7.9841 	EXP 	Created text_no_resp = TextStim(__class__=<class 'psychopy.visual.text.TextStim'>, alignHoriz=method-wrapper(...), alignText='center', alignVert=method-wrapper(...), anchorHoriz='center', anchorVert='center', antialias=True, autoDraw=False, autoLog=True, bold=False, color=array([-1., -1., -1.]), colorSpace='rgb', contrast=1.0, depth=-8.0, draggable=False, flipHoriz=False, flipVert=False, font='Arial', fontFiles=[], height=0.05, italic=False, languageStyle='Arabic', name='text_no_resp', opacity=1.0, ori=0.0, pos=array([0., 0.]), rgb=UNKNOWN, text='', units='height', win=Window(...), wrapWidth=1)
7.9841 	EXP 	window1: mouseVisible = True
8.0051 	EXP 	Created text2 = TextStim(__class__=<class 'psychopy.visual.text.TextStim'>, alignHoriz=method-wrapper(...), alignText='center', alignVert=method-wrapper(...), anchorHoriz='center', anchorVert='center', antialias=True, autoDraw=False, autoLog=True, bold=False, color=array([-1., -1., -1.]), colorSpace='rgb', contrast=1.0, depth=0.0, draggable=False, flipHoriz=False, flipVert=False, font='Arial', fontFiles=[], height=0.05, italic=False, languageStyle='Arabic', name='text2', opacity=1.0, ori=0.0, pos=array([0., 0.]), rgb=UNKNOWN, text=str(...), units='height', win=Window(...), wrapWidth=1)
8.0053 	EXP 	window1: mouseVisible = True
8.0064 	EXP 	Created fixation2 = ShapeStim(__class__=<class 'psychopy.visual.shape.ShapeStim'>, anchor=('center', 'center'), autoDraw=False, autoLog=True, closeShape=True, color=method-wrapper(...), colorSpace='rgb', contrast=None, depth=0.0, draggable=False, fillColor=array([-1, -1, -1]), fillColorSpace='rgb', fillRGB=array([-1, -1, -1]), interpolate=True, lineColor=array([-1., -1., -1.]), lineColorSpace='rgb', lineRGB=array([-1., -1., -1.]), lineWidth=0.08, name='fixation2', opacity=1.0, ori=0.0, pos=array([0., 0.]), size=array([0.03, 0.06]), units='norm', vertices=ndarray(...), win=Window(...), windingRule=None)
8.0065 	EXP 	window1: mouseVisible = True
8.0095 	EXP 	Created left_image_2 = ImageStim(__class__=<class 'psychopy.visual.image.ImageStim'>, anchor=('center', 'center'), autoLog=True, color=array([1., 1., 1.]), colorSpace='rgb', contrast=1.0, depth=-1.0, draggable=False, flipHoriz=False, flipVert=False, image='default.png', interpolate=True, mask=None, maskParams=None, name='left_image_2', opacity=1.0, ori=0.0, pos=array([-0.5,  0. ]), size=array([0.5, 0.5]), texRes=128.0, units='height', win=Window(...))
8.0096 	EXP 	window1: mouseVisible = True
8.0124 	EXP 	Created right_image_2 = ImageStim(__class__=<class 'psychopy.visual.image.ImageStim'>, anchor=('center', 'center'), autoLog=True, color=array([1., 1., 1.]), colorSpace='rgb', contrast=1.0, depth=-2.0, draggable=False, flipHoriz=False, flipVert=False, image='default.png', interpolate=True, mask=None, maskParams=None, name='right_image_2', opacity=1.0, ori=0.0, pos=array([0.5, 0. ]), size=array([0.5, 0.5]), texRes=128.0, units='height', win=Window(...))
8.0125 	EXP 	window1: mouseVisible = True
8.0132 	EXP 	Created polygon_2 = Rect(__class__=<class 'psychopy.visual.rect.Rect'>, anchor=('center', 'center'), autoDraw=False, autoLog=True, closeShape=True, color=method-wrapper(...), colorSpace='rgb', contrast=None, depth=-5.0, draggable=False, fillColor=array([0., 0., 0.]), fillColorSpace='rgb', fillRGB=array([0., 0., 0.]), interpolate=True, lineColor=array([-0.5765,  0.0039,  1.    ]), lineColorSpace='rgb', lineRGB=array([-0.5765,  0.0039,  1.    ]), lineWidth=20.0, name='polygon_2', opacity=0.3, ori=0.0, pos=array([0., 0.]), size=array([0.5, 0.5]), units='height', vertices=ndarray(...), win=Window(...))
0.0225 	EXP 	left_learning_reward: autoLog = True
0.0225 	EXP 	right_learning_reward: autoLog = True
0.0368 	INFO 	Keyboard events cleared
0.0363 	EXP 	text1: autoDraw = True
13.7759 	EXP 	Created sequence: random, trialTypes=1, nReps=1, seed=None
13.7761 	EXP 	New trial (rep=0, index=0): None
13.7788 	DATA 	Keypress: space
13.7834 	EXP 	text1: autoDraw = False
13.7834 	EXP 	fixation1: autoDraw = True
14.7741 	EXP 	window1: backgroundImage = ''
14.7742 	EXP 	window1: backgroundFit = 'none'
14.8556 	INFO 	Keyboard events cleared
14.8546 	EXP 	fixation1: autoDraw = False
14.8546 	EXP 	fixation1: autoDraw = False
14.8546 	EXP 	left_image: image = '2.jpg'
14.8546 	EXP 	right_image: image = '1.jpg'
14.8546 	EXP 	left_image: autoDraw = True
14.8546 	EXP 	right_image: autoDraw = True
18.7837 	EXP 	polygon: autoDraw = True
18.7837 	EXP 	left_learning_reward: autoDraw = True
18.7837 	EXP 	right_learning_reward: autoDraw = True
19.7843 	EXP 	polygon: autoDraw = False
19.7843 	EXP 	left_learning_reward: autoDraw = False
19.7843 	EXP 	right_learning_reward: autoDraw = False
19.8680 	EXP 	left_image: autoDraw = False
19.8680 	EXP 	right_image: autoDraw = False
20.7999 	EXP 	text_no_resp: autoDraw = True
21.7888 	DEBUG 	Fullscreen settings ignored as running in pilot mode.
21.7893 	EXP 	window1: backgroundImage = ''
21.7894 	EXP 	window1: backgroundFit = 'none'
21.7894 	EXP 	window1: units = 'height'
21.7912 	EXP 	window1: Attempting to measure frame rate of screen (0) ...
21.7912 	EXP 	window1: recordFrameIntervals = False
21.7998 	EXP 	text_no_resp: autoDraw = False
21.7998 	EXP 	left_image: autoDraw = False
21.7998 	EXP 	right_image: autoDraw = False
21.7998 	EXP 	polygon: autoDraw = False
21.7998 	EXP 	left_learning_reward: autoDraw = False
21.7998 	EXP 	right_learning_reward: autoDraw = False
21.7998 	EXP 	text_no_resp: autoDraw = False
21.9527 	EXP 	window1: recordFrameIntervals = True
22.1369 	EXP 	Screen (0) actual frame rate measured at 59.95Hz
22.1369 	EXP 	window1: recordFrameIntervals = False
22.1370 	EXP 	window1: mouseVisible = False
22.1514 	INFO 	Keyboard events cleared
22.1507 	EXP 	text2: autoDraw = True
23.2879 	EXP 	Created sequence: random, trialTypes=1, nReps=10, seed=None
23.2881 	EXP 	New trial (rep=0, index=0): None
23.2896 	DATA 	Keypress: space
23.2999 	EXP 	text2: autoDraw = False
23.2999 	EXP 	fixation2: autoDraw = True
24.3707 	INFO 	Keyboard events cleared
24.3702 	EXP 	fixation2: autoDraw = False
24.3702 	EXP 	left_image_2: image = '2.jpg'
24.3702 	EXP 	right_image_2: image = '1.jpg'
24.3702 	EXP 	left_image_2: autoDraw = True
24.3702 	EXP 	right_image_2: autoDraw = True
25.6572 	DATA 	Keypress: right
25.6672 	EXP 	polygon_2: autoDraw = True
33.5070 	DATA 	Keypress: left
37.3742 	DATA 	Keypress: escape
37.4883 	EXP 	article1: status = STOPPED
37.5001 	EXP 	left_image_2: autoDraw = False
37.5001 	EXP 	right_image_2: autoDraw = False
37.5001 	EXP 	polygon_2: autoDraw = False
37.5033 	EXP 	article1: status = STOPPED
37.5106 	INFO 	saved data to 'D:\\UT\\semester 4 - courses\\Cognitive science\\HWs\\HW1\\answer\\article1\\data/507060_article1_2024-05-28_00h32.43.095.csv'
37.5112 	INFO 	saved data to D:\UT\semester 4 - courses\Cognitive science\HWs\HW1\answer\article1\data/507060_article1_2024-05-28_00h32.43.095.psydat
37.5402 	EXP 	window1: mouseVisible = True
38.0545 	DEBUG 	Saving data for article1 ExperimentHandler
