16.3448 	DEBUG 	Fullscreen settings ignored as running in pilot mode.
16.3468 	INFO 	Loaded monitor calibration from ['2024_05_21 12:08']
16.8161 	EXP 	Created window1 = Window(allowGUI=True, allowStencil=True, autoLog=True, backendConf=UNKNOWN, backgroundFit=<method-wrapper '__getattribute__' of attributeSetter object at 0x000001CDA999A970>, backgroundImage=<method-wrapper '__getattribute__' of attributeSetter object at 0x000001CDA999A910>, bitsMode=UNKNOWN, blendMode='avg', bpc=(8, 8, 8), color=array([1, 1, 1]), colorSpace='rgb', depthBits=8, fullscr=<method-wrapper '__getattribute__' of attributeSetter object at 0x000001CDA999A760>, gamma=None, gammaErrorPolicy='raise', infoMsg=UNKNOWN, lms=UNKNOWN, monitor=<psychopy.monitors.calibTools.Monitor object at 0x000001CDAADFF5E0>, multiSample=False, name='window1', numSamples=2, pos=[560.0, 240.0], screen=0, size=array([800, 600]), stencilBits=8, stereo=False, title='PsychoPy', units='height', useFBO=True, useRetina=False, viewOri=0.0, viewPos=None, viewScale=None, waitBlanking=True, winType='pyglet')
16.8163 	EXP 	window1: mouseVisible = True
16.8163 	EXP 	window1: backgroundImage = ''
16.8163 	EXP 	window1: backgroundFit = 'none'
16.8166 	EXP 	window1: mouseVisible = True
16.8169 	EXP 	window1: mouseVisible = True
16.8193 	EXP 	window1: mouseVisible = True
16.8200 	EXP 	window1: mouseVisible = True
16.8262 	DEBUG 	TextBox2 loaded 1 chars with 0 blanks and 1 valid
16.8276 	DEBUG 	TextBox2 loaded 1 chars with 0 blanks and 1 valid
16.8295 	DEBUG 	TextBox2 loaded 1 chars with 0 blanks and 1 valid
16.8318 	DEBUG 	TextBox2 loaded 1 chars with 0 blanks and 1 valid
16.8348 	DEBUG 	TextBox2 loaded 1 chars with 0 blanks and 1 valid
16.8380 	DEBUG 	TextBox2 loaded 1 chars with 0 blanks and 1 valid
16.8415 	DEBUG 	TextBox2 loaded 1 chars with 0 blanks and 1 valid
16.8457 	DEBUG 	TextBox2 loaded 1 chars with 0 blanks and 1 valid
16.8483 	DEBUG 	TextBox2 loaded 1 chars with 0 blanks and 1 valid
16.8508 	DEBUG 	TextBox2 loaded 1 chars with 0 blanks and 1 valid
16.8533 	DEBUG 	TextBox2 loaded 1 chars with 0 blanks and 1 valid
16.8551 	DEBUG 	TextBox2 loaded 1 chars with 0 blanks and 1 valid
16.8569 	DEBUG 	TextBox2 loaded 1 chars with 0 blanks and 1 valid
16.8586 	DEBUG 	TextBox2 loaded 1 chars with 0 blanks and 1 valid
16.8600 	DEBUG 	TextBox2 loaded 1 chars with 0 blanks and 1 valid
16.8616 	DEBUG 	TextBox2 loaded 1 chars with 0 blanks and 1 valid
16.8631 	DEBUG 	TextBox2 loaded 1 chars with 0 blanks and 1 valid
16.8645 	DEBUG 	TextBox2 loaded 1 chars with 0 blanks and 1 valid
16.8657 	DEBUG 	TextBox2 loaded 1 chars with 0 blanks and 1 valid
16.8673 	DEBUG 	TextBox2 loaded 1 chars with 0 blanks and 1 valid
16.8684 	DEBUG 	TextBox2 loaded 1 chars with 0 blanks and 1 valid
16.8688 	DEBUG 	Uploading Texture Font fontname to graphics card
16.8946 	DEBUG 	Upload of Texture Font fontname complete
16.8990 	EXP 	window1: mouseVisible = True
16.8997 	EXP 	window1: mouseVisible = True
16.9018 	EXP 	window1: mouseVisible = True
16.9035 	EXP 	window1: mouseVisible = True
16.9127 	DEBUG 	TextBox2 loaded 1 chars with 0 blanks and 1 valid
16.9151 	DEBUG 	TextBox2 loaded 1 chars with 0 blanks and 1 valid
16.9171 	DEBUG 	TextBox2 loaded 1 chars with 0 blanks and 1 valid
16.9176 	DEBUG 	Uploading Texture Font fontname to graphics card
16.9396 	DEBUG 	Upload of Texture Font fontname complete
16.9449 	EXP 	window1: Attempting to measure frame rate of screen (0) ...
16.9449 	EXP 	window1: recordFrameIntervals = False
17.2046 	EXP 	window1: recordFrameIntervals = True
17.2380 	WARNING 	t of last frame was 20.96ms (=1/47)
17.2760 	WARNING 	t of last frame was 37.92ms (=1/26)
17.3065 	WARNING 	t of last frame was 30.55ms (=1/32)
17.3407 	WARNING 	t of last frame was 34.18ms (=1/29)
17.3724 	WARNING 	Multiple dropped frames have occurred - I'll stop bothering you about them!
17.5827 	EXP 	Screen (0) actual frame rate measured at 60.70Hz
17.5828 	EXP 	window1: recordFrameIntervals = False
17.5830 	EXP 	window1: mouseVisible = False
17.5840 	EXP 	window1: mouseVisible = True
17.5845 	EXP 	window1: mouseVisible = True
17.5867 	EXP 	window1: mouseVisible = True
17.5880 	EXP 	window1: mouseVisible = True
17.5948 	DEBUG 	TextBox2 loaded 1 chars with 0 blanks and 1 valid
17.5968 	DEBUG 	TextBox2 loaded 1 chars with 0 blanks and 1 valid
17.5987 	DEBUG 	TextBox2 loaded 1 chars with 0 blanks and 1 valid
17.6018 	DEBUG 	TextBox2 loaded 1 chars with 0 blanks and 1 valid
17.6047 	DEBUG 	TextBox2 loaded 1 chars with 0 blanks and 1 valid
17.6072 	DEBUG 	TextBox2 loaded 1 chars with 0 blanks and 1 valid
17.6091 	DEBUG 	TextBox2 loaded 1 chars with 0 blanks and 1 valid
17.6126 	DEBUG 	TextBox2 loaded 1 chars with 0 blanks and 1 valid
17.6153 	DEBUG 	TextBox2 loaded 1 chars with 0 blanks and 1 valid
17.6171 	DEBUG 	TextBox2 loaded 1 chars with 0 blanks and 1 valid
17.6176 	DEBUG 	Uploading Texture Font fontname to graphics card
17.6185 	DEBUG 	Upload of Texture Font fontname complete
17.6205 	EXP 	window1: mouseVisible = True
17.6207 	EXP 	window1: mouseVisible = True
17.6217 	EXP 	window1: mouseVisible = True
17.6225 	EXP 	window1: mouseVisible = True
17.6940 	WARNING 	launchHubServer: If using the iohub mouse or eyetracker devices, fullScr should be True.
22.6929 	INFO 	keyboard.Keyboard is using iohub backend.
22.6930 	INFO 	keyboard.Keyboard is using iohub backend.
22.6930 	INFO 	keyboard.Keyboard is using iohub backend.
22.6931 	INFO 	keyboard.Keyboard is using iohub backend.
22.6931 	INFO 	keyboard.Keyboard is using iohub backend.
22.6932 	INFO 	keyboard.Keyboard is using iohub backend.
22.6932 	INFO 	keyboard.Keyboard is using iohub backend.
22.6932 	INFO 	keyboard.Keyboard is using iohub backend.
22.6933 	EXP 	article1: status = STARTED
22.6937 	EXP 	window1: mouseVisible = True
22.8775 	EXP 	Created text0 = TextStim(__class__=<class 'psychopy.visual.text.TextStim'>, alignHoriz=method-wrapper(...), alignText='center', alignVert=method-wrapper(...), anchorHoriz='center', anchorVert='center', antialias=True, autoDraw=False, autoLog=True, bold=False, color=array([-1., -1., -1.]), colorSpace='rgb', contrast=1.0, depth=0.0, draggable=False, flipHoriz=False, flipVert=False, font='Arial', fontFiles=[], height=0.05, italic=False, languageStyle='Arabic', name='text0', opacity=1.0, ori=0.0, pos=array([0., 0.]), rgb=UNKNOWN, text=str(...), units='height', win=Window(...), wrapWidth=1)
22.8779 	EXP 	window1: mouseVisible = True
22.8821 	EXP 	Created fixation0 = ShapeStim(__class__=<class 'psychopy.visual.shape.ShapeStim'>, anchor=('center', 'center'), autoDraw=False, autoLog=True, closeShape=True, color=method-wrapper(...), colorSpace='rgb', contrast=None, depth=0.0, draggable=False, fillColor=array([-1, -1, -1]), fillColorSpace='rgb', fillRGB=array([-1, -1, -1]), interpolate=True, lineColor=array([-1., -1., -1.]), lineColorSpace='rgb', lineRGB=array([-1., -1., -1.]), lineWidth=0.08, name='fixation0', opacity=1.0, ori=0.0, pos=array([0., 0.]), size=array([0.03, 0.06]), units='norm', vertices=ndarray(...), win=Window(...), windingRule=None)
22.8824 	EXP 	window1: mouseVisible = True
22.8909 	EXP 	Created left_image_0 = ImageStim(__class__=<class 'psychopy.visual.image.ImageStim'>, anchor=('center', 'center'), autoLog=True, color=array([1., 1., 1.]), colorSpace='rgb', contrast=1.0, depth=-1.0, draggable=False, flipHoriz=False, flipVert=False, image='default.png', interpolate=True, mask=None, maskParams=None, name='left_image_0', opacity=1.0, ori=0.0, pos=array([-0.5,  0. ]), size=array([0.5, 0.5]), texRes=128.0, units='height', win=Window(...))
22.8911 	EXP 	window1: mouseVisible = True
22.8971 	EXP 	Created right_image_0 = ImageStim(__class__=<class 'psychopy.visual.image.ImageStim'>, anchor=('center', 'center'), autoLog=True, color=array([1., 1., 1.]), colorSpace='rgb', contrast=1.0, depth=-2.0, draggable=False, flipHoriz=False, flipVert=False, image='default.png', interpolate=True, mask=None, maskParams=None, name='right_image_0', opacity=1.0, ori=0.0, pos=array([0.5, 0. ]), size=array([0.5, 0.5]), texRes=128.0, units='height', win=Window(...))
22.8974 	EXP 	window1: mouseVisible = True
22.8990 	EXP 	Created polygon_0 = Rect(__class__=<class 'psychopy.visual.rect.Rect'>, anchor=('center', 'center'), autoDraw=False, autoLog=True, closeShape=True, color=method-wrapper(...), colorSpace='rgb', contrast=None, depth=-5.0, draggable=False, fillColor=array([0., 0., 0.]), fillColorSpace='rgb', fillRGB=array([0., 0., 0.]), interpolate=True, lineColor=array([-0.5765,  0.0039,  1.    ]), lineColorSpace='rgb', lineRGB=array([-0.5765,  0.0039,  1.    ]), lineWidth=20.0, name='polygon_0', opacity=0.3, ori=0.0, pos=array([0., 0.]), size=array([0.5, 0.5]), units='height', vertices=ndarray(...), win=Window(...))
22.8992 	EXP 	window1: mouseVisible = True
22.8993 	EXP 	window1: mouseVisible = True
22.9001 	EXP 	window1: mouseVisible = True
22.9007 	EXP 	window1: mouseVisible = True
22.9077 	EXP 	window1: mouseVisible = True
22.9079 	EXP 	window1: mouseVisible = True
22.9086 	EXP 	window1: mouseVisible = True
22.9092 	EXP 	window1: mouseVisible = True
22.9174 	DEBUG 	TextBox2 loaded 1 chars with 0 blanks and 1 valid
22.9194 	DEBUG 	TextBox2 loaded 1 chars with 0 blanks and 1 valid
22.9209 	DEBUG 	TextBox2 loaded 1 chars with 0 blanks and 1 valid
22.9222 	DEBUG 	TextBox2 loaded 1 chars with 0 blanks and 1 valid
22.9230 	DEBUG 	TextBox2 loaded 1 chars with 0 blanks and 1 valid
22.9244 	DEBUG 	TextBox2 loaded 1 chars with 0 blanks and 1 valid
22.9259 	DEBUG 	TextBox2 loaded 1 chars with 0 blanks and 1 valid
22.9272 	DEBUG 	TextBox2 loaded 1 chars with 0 blanks and 1 valid
22.9304 	DEBUG 	TextBox2 loaded 1 chars with 0 blanks and 1 valid
22.9328 	DEBUG 	Uploading Texture Font fontname to graphics card
22.9358 	DEBUG 	Upload of Texture Font fontname complete
22.9384 	EXP 	window1: mouseVisible = True
22.9413 	EXP 	window1: mouseVisible = True
22.9438 	EXP 	window1: mouseVisible = True
22.9450 	EXP 	window1: mouseVisible = True
22.9520 	EXP 	window1: mouseVisible = True
22.9522 	EXP 	window1: mouseVisible = True
22.9529 	EXP 	window1: mouseVisible = True
22.9534 	EXP 	window1: mouseVisible = True
22.9578 	EXP 	window1: mouseVisible = True
22.9595 	EXP 	Created text_no_resp_0 = TextStim(__class__=<class 'psychopy.visual.text.TextStim'>, alignHoriz=method-wrapper(...), alignText='center', alignVert=method-wrapper(...), anchorHoriz='center', anchorVert='center', antialias=True, autoDraw=False, autoLog=True, bold=False, color=array([-1., -1., -1.]), colorSpace='rgb', contrast=1.0, depth=-8.0, draggable=False, flipHoriz=False, flipVert=False, font='Arial', fontFiles=[], height=0.05, italic=False, languageStyle='Arabic', name='text_no_resp_0', opacity=1.0, ori=0.0, pos=array([0., 0.]), rgb=UNKNOWN, text='', units='height', win=Window(...), wrapWidth=1)
22.9596 	EXP 	window1: mouseVisible = True
22.9801 	EXP 	Created text1 = TextStim(__class__=<class 'psychopy.visual.text.TextStim'>, alignHoriz=method-wrapper(...), alignText='center', alignVert=method-wrapper(...), anchorHoriz='center', anchorVert='center', antialias=True, autoDraw=False, autoLog=True, bold=False, color=array([-1., -1., -1.]), colorSpace='rgb', contrast=1.0, depth=0.0, draggable=False, flipHoriz=False, flipVert=False, font='Arial', fontFiles=[], height=0.05, italic=False, languageStyle='Arabic', name='text1', opacity=1.0, ori=0.0, pos=array([0., 0.]), rgb=UNKNOWN, text=str(...), units='height', win=Window(...), wrapWidth=1)
22.9802 	EXP 	window1: mouseVisible = True
22.9822 	EXP 	Created fixation1 = ShapeStim(__class__=<class 'psychopy.visual.shape.ShapeStim'>, anchor=('center', 'center'), autoDraw=False, autoLog=True, closeShape=True, color=method-wrapper(...), colorSpace='rgb', contrast=None, depth=0.0, draggable=False, fillColor=array([-1, -1, -1]), fillColorSpace='rgb', fillRGB=array([-1, -1, -1]), interpolate=True, lineColor=array([-1., -1., -1.]), lineColorSpace='rgb', lineRGB=array([-1., -1., -1.]), lineWidth=0.08, name='fixation1', opacity=1.0, ori=0.0, pos=array([0., 0.]), size=array([0.03, 0.06]), units='norm', vertices=ndarray(...), win=Window(...), windingRule=None)
22.9823 	EXP 	window1: mouseVisible = True
22.9870 	EXP 	Created left_image = ImageStim(__class__=<class 'psychopy.visual.image.ImageStim'>, anchor=('center', 'center'), autoLog=True, color=array([1., 1., 1.]), colorSpace='rgb', contrast=1.0, depth=-1.0, draggable=False, flipHoriz=False, flipVert=False, image='default.png', interpolate=True, mask=None, maskParams=None, name='left_image', opacity=1.0, ori=0.0, pos=array([-0.5,  0. ]), size=array([0.5, 0.5]), texRes=128.0, units='height', win=Window(...))
22.9871 	EXP 	window1: mouseVisible = True
22.9915 	EXP 	Created right_image = ImageStim(__class__=<class 'psychopy.visual.image.ImageStim'>, anchor=('center', 'center'), autoLog=True, color=array([1., 1., 1.]), colorSpace='rgb', contrast=1.0, depth=-2.0, draggable=False, flipHoriz=False, flipVert=False, image='default.png', interpolate=True, mask=None, maskParams=None, name='right_image', opacity=1.0, ori=0.0, pos=array([0.5, 0. ]), size=array([0.5, 0.5]), texRes=128.0, units='height', win=Window(...))
22.9917 	EXP 	window1: mouseVisible = True
22.9937 	EXP 	Created polygon = Rect(__class__=<class 'psychopy.visual.rect.Rect'>, anchor=('center', 'center'), autoDraw=False, autoLog=True, closeShape=True, color=method-wrapper(...), colorSpace='rgb', contrast=None, depth=-5.0, draggable=False, fillColor=array([0., 0., 0.]), fillColorSpace='rgb', fillRGB=array([0., 0., 0.]), interpolate=True, lineColor=array([-0.5765,  0.0039,  1.    ]), lineColorSpace='rgb', lineRGB=array([-0.5765,  0.0039,  1.    ]), lineWidth=20.0, name='polygon', opacity=0.3, ori=0.0, pos=array([0., 0.]), size=array([0.5, 0.5]), units='height', vertices=ndarray(...), win=Window(...))
22.9939 	EXP 	window1: mouseVisible = True
22.9941 	EXP 	window1: mouseVisible = True
22.9954 	EXP 	window1: mouseVisible = True
22.9962 	EXP 	window1: mouseVisible = True
23.0005 	EXP 	window1: mouseVisible = True
23.0007 	EXP 	window1: mouseVisible = True
23.0013 	EXP 	window1: mouseVisible = True
23.0018 	EXP 	window1: mouseVisible = True
23.0068 	EXP 	window1: mouseVisible = True
23.0070 	EXP 	window1: mouseVisible = True
23.0077 	EXP 	window1: mouseVisible = True
23.0082 	EXP 	window1: mouseVisible = True
23.0130 	EXP 	window1: mouseVisible = True
23.0131 	EXP 	window1: mouseVisible = True
23.0138 	EXP 	window1: mouseVisible = True
23.0143 	EXP 	window1: mouseVisible = True
23.0187 	EXP 	window1: mouseVisible = True
23.0205 	EXP 	Created text_no_resp = TextStim(__class__=<class 'psychopy.visual.text.TextStim'>, alignHoriz=method-wrapper(...), alignText='center', alignVert=method-wrapper(...), anchorHoriz='center', anchorVert='center', antialias=True, autoDraw=False, autoLog=True, bold=False, color=array([-1., -1., -1.]), colorSpace='rgb', contrast=1.0, depth=-8.0, draggable=False, flipHoriz=False, flipVert=False, font='Arial', fontFiles=[], height=0.05, italic=False, languageStyle='Arabic', name='text_no_resp', opacity=1.0, ori=0.0, pos=array([0., 0.]), rgb=UNKNOWN, text='', units='height', win=Window(...), wrapWidth=1)
23.0206 	EXP 	window1: mouseVisible = True
23.0529 	EXP 	Created text2 = TextStim(__class__=<class 'psychopy.visual.text.TextStim'>, alignHoriz=method-wrapper(...), alignText='center', alignVert=method-wrapper(...), anchorHoriz='center', anchorVert='center', antialias=True, autoDraw=False, autoLog=True, bold=False, color=array([-1., -1., -1.]), colorSpace='rgb', contrast=1.0, depth=0.0, draggable=False, flipHoriz=False, flipVert=False, font='Arial', fontFiles=[], height=0.05, italic=False, languageStyle='Arabic', name='text2', opacity=1.0, ori=0.0, pos=array([0., 0.]), rgb=UNKNOWN, text=str(...), units='height', win=Window(...), wrapWidth=1)
23.0530 	EXP 	window1: mouseVisible = True
23.0551 	EXP 	Created fixation2 = ShapeStim(__class__=<class 'psychopy.visual.shape.ShapeStim'>, anchor=('center', 'center'), autoDraw=False, autoLog=True, closeShape=True, color=method-wrapper(...), colorSpace='rgb', contrast=None, depth=0.0, draggable=False, fillColor=array([-1, -1, -1]), fillColorSpace='rgb', fillRGB=array([-1, -1, -1]), interpolate=True, lineColor=array([-1., -1., -1.]), lineColorSpace='rgb', lineRGB=array([-1., -1., -1.]), lineWidth=0.08, name='fixation2', opacity=1.0, ori=0.0, pos=array([0., 0.]), size=array([0.03, 0.06]), units='norm', vertices=ndarray(...), win=Window(...), windingRule=None)
23.0552 	EXP 	window1: mouseVisible = True
23.0599 	EXP 	Created left_image_2 = ImageStim(__class__=<class 'psychopy.visual.image.ImageStim'>, anchor=('center', 'center'), autoLog=True, color=array([1., 1., 1.]), colorSpace='rgb', contrast=1.0, depth=-1.0, draggable=False, flipHoriz=False, flipVert=False, image='default.png', interpolate=True, mask=None, maskParams=None, name='left_image_2', opacity=1.0, ori=0.0, pos=array([-0.5,  0. ]), size=array([0.5, 0.5]), texRes=128.0, units='height', win=Window(...))
23.0600 	EXP 	window1: mouseVisible = True
23.0646 	EXP 	Created right_image_2 = ImageStim(__class__=<class 'psychopy.visual.image.ImageStim'>, anchor=('center', 'center'), autoLog=True, color=array([1., 1., 1.]), colorSpace='rgb', contrast=1.0, depth=-2.0, draggable=False, flipHoriz=False, flipVert=False, image='default.png', interpolate=True, mask=None, maskParams=None, name='right_image_2', opacity=1.0, ori=0.0, pos=array([0.5, 0. ]), size=array([0.5, 0.5]), texRes=128.0, units='height', win=Window(...))
23.0648 	EXP 	window1: mouseVisible = True
23.0661 	EXP 	Created polygon_2 = Rect(__class__=<class 'psychopy.visual.rect.Rect'>, anchor=('center', 'center'), autoDraw=False, autoLog=True, closeShape=True, color=method-wrapper(...), colorSpace='rgb', contrast=None, depth=-5.0, draggable=False, fillColor=array([0., 0., 0.]), fillColorSpace='rgb', fillRGB=array([0., 0., 0.]), interpolate=True, lineColor=array([-0.5765,  0.0039,  1.    ]), lineColorSpace='rgb', lineRGB=array([-0.5765,  0.0039,  1.    ]), lineWidth=20.0, name='polygon_2', opacity=0.3, ori=0.0, pos=array([0., 0.]), size=array([0.5, 0.5]), units='height', vertices=ndarray(...), win=Window(...))
23.0757 	EXP 	window1: mouseVisible = True
23.0764 	EXP 	window1: mouseVisible = True
23.0795 	EXP 	window1: mouseVisible = True
23.0797 	EXP 	window1: mouseVisible = True
23.0804 	EXP 	window1: mouseVisible = True
23.0811 	EXP 	window1: mouseVisible = True
23.0859 	DEBUG 	TextBox2 loaded 1 chars with 0 blanks and 1 valid
23.0862 	DEBUG 	Uploading Texture Font fontname to graphics card
23.0871 	DEBUG 	Upload of Texture Font fontname complete
23.0888 	EXP 	window1: mouseVisible = True
23.0890 	EXP 	window1: mouseVisible = True
23.0896 	EXP 	window1: mouseVisible = True
23.0901 	EXP 	window1: mouseVisible = True
23.0942 	DEBUG 	TextBox2 loaded 1 chars with 0 blanks and 1 valid
23.0957 	DEBUG 	Uploading Texture Font fontname to graphics card
23.1060 	DEBUG 	Upload of Texture Font fontname complete
23.1079 	EXP 	window1: mouseVisible = True
23.1081 	EXP 	window1: mouseVisible = True
23.1087 	EXP 	window1: mouseVisible = True
23.1093 	EXP 	window1: mouseVisible = True
23.1141 	DEBUG 	TextBox2 loaded 1 chars with 0 blanks and 1 valid
23.1144 	DEBUG 	Uploading Texture Font fontname to graphics card
23.1223 	DEBUG 	Upload of Texture Font fontname complete
23.1242 	EXP 	window1: mouseVisible = True
23.1243 	EXP 	window1: mouseVisible = True
23.1249 	EXP 	window1: mouseVisible = True
23.1255 	EXP 	window1: mouseVisible = True
23.1309 	EXP 	window1: mouseVisible = True
23.1311 	EXP 	window1: mouseVisible = True
23.1316 	EXP 	window1: mouseVisible = True
23.1322 	EXP 	window1: mouseVisible = True
23.1369 	DEBUG 	TextBox2 loaded 1 chars with 0 blanks and 1 valid
23.1372 	DEBUG 	Uploading Texture Font fontname to graphics card
23.1476 	DEBUG 	Upload of Texture Font fontname complete
23.1495 	EXP 	window1: mouseVisible = True
23.1497 	EXP 	window1: mouseVisible = True
23.1502 	EXP 	window1: mouseVisible = True
23.1508 	EXP 	window1: mouseVisible = True
23.1561 	EXP 	window1: mouseVisible = True
23.1563 	EXP 	window1: mouseVisible = True
23.1568 	EXP 	window1: mouseVisible = True
23.1573 	EXP 	window1: mouseVisible = True
23.1620 	DEBUG 	TextBox2 loaded 1 chars with 0 blanks and 1 valid
23.1622 	DEBUG 	Uploading Texture Font fontname to graphics card
23.1722 	DEBUG 	Upload of Texture Font fontname complete
23.1741 	EXP 	window1: mouseVisible = True
23.1743 	EXP 	window1: mouseVisible = True
23.1749 	EXP 	window1: mouseVisible = True
23.1754 	EXP 	window1: mouseVisible = True
23.1809 	EXP 	window1: mouseVisible = True
23.1810 	EXP 	window1: mouseVisible = True
23.1816 	EXP 	window1: mouseVisible = True
23.1825 	EXP 	window1: mouseVisible = True
23.1876 	DEBUG 	TextBox2 loaded 1 chars with 0 blanks and 1 valid
23.1879 	DEBUG 	Uploading Texture Font fontname to graphics card
23.1965 	DEBUG 	Upload of Texture Font fontname complete
23.1983 	EXP 	window1: mouseVisible = True
23.1985 	EXP 	window1: mouseVisible = True
23.1991 	EXP 	window1: mouseVisible = True
23.1996 	EXP 	window1: mouseVisible = True
23.2049 	EXP 	window1: mouseVisible = True
23.2050 	EXP 	window1: mouseVisible = True
23.2056 	EXP 	window1: mouseVisible = True
23.2061 	EXP 	window1: mouseVisible = True
23.2105 	DEBUG 	TextBox2 loaded 1 chars with 0 blanks and 1 valid
23.2107 	DEBUG 	Uploading Texture Font fontname to graphics card
23.2189 	DEBUG 	Upload of Texture Font fontname complete
23.2208 	EXP 	window1: mouseVisible = True
23.2210 	EXP 	window1: mouseVisible = True
23.2216 	EXP 	window1: mouseVisible = True
23.2221 	EXP 	window1: mouseVisible = True
23.2295 	EXP 	window1: mouseVisible = True
23.2297 	EXP 	window1: mouseVisible = True
23.2303 	EXP 	window1: mouseVisible = True
23.2313 	EXP 	window1: mouseVisible = True
23.2369 	DEBUG 	TextBox2 loaded 1 chars with 0 blanks and 1 valid
23.2372 	DEBUG 	Uploading Texture Font fontname to graphics card
23.2486 	DEBUG 	Upload of Texture Font fontname complete
23.2505 	EXP 	window1: mouseVisible = True
23.2507 	EXP 	window1: mouseVisible = True
23.2513 	EXP 	window1: mouseVisible = True
23.2518 	EXP 	window1: mouseVisible = True
23.2573 	EXP 	window1: mouseVisible = True
23.2575 	EXP 	window1: mouseVisible = True
23.2580 	EXP 	window1: mouseVisible = True
23.2586 	EXP 	window1: mouseVisible = True
23.2637 	DEBUG 	TextBox2 loaded 1 chars with 0 blanks and 1 valid
23.2641 	DEBUG 	Uploading Texture Font fontname to graphics card
23.2750 	DEBUG 	Upload of Texture Font fontname complete
23.2769 	EXP 	window1: mouseVisible = True
23.2770 	EXP 	window1: mouseVisible = True
23.2777 	EXP 	window1: mouseVisible = True
23.2783 	EXP 	window1: mouseVisible = True
23.2839 	EXP 	window1: mouseVisible = True
23.2841 	EXP 	window1: mouseVisible = True
23.2847 	EXP 	window1: mouseVisible = True
23.2852 	EXP 	window1: mouseVisible = True
23.2900 	DEBUG 	TextBox2 loaded 1 chars with 0 blanks and 1 valid
23.2903 	DEBUG 	Uploading Texture Font fontname to graphics card
23.2997 	DEBUG 	Upload of Texture Font fontname complete
23.3017 	EXP 	window1: mouseVisible = True
23.3019 	EXP 	window1: mouseVisible = True
23.3026 	EXP 	window1: mouseVisible = True
23.3031 	EXP 	window1: mouseVisible = True
23.3097 	EXP 	window1: mouseVisible = True
23.3099 	EXP 	window1: mouseVisible = True
23.3107 	EXP 	window1: mouseVisible = True
23.3113 	EXP 	window1: mouseVisible = True
23.3167 	DEBUG 	TextBox2 loaded 1 chars with 0 blanks and 1 valid
23.3169 	DEBUG 	Uploading Texture Font fontname to graphics card
23.3266 	DEBUG 	Upload of Texture Font fontname complete
23.3286 	EXP 	window1: mouseVisible = True
23.3288 	EXP 	window1: mouseVisible = True
23.3294 	EXP 	window1: mouseVisible = True
23.3300 	EXP 	window1: mouseVisible = True
23.3355 	EXP 	window1: mouseVisible = True
23.3357 	EXP 	window1: mouseVisible = True
23.3363 	EXP 	window1: mouseVisible = True
23.3368 	EXP 	window1: mouseVisible = True
23.3416 	EXP 	window1: mouseVisible = True
23.3418 	EXP 	window1: mouseVisible = True
23.3423 	EXP 	window1: mouseVisible = True
23.3429 	EXP 	window1: mouseVisible = True
23.3486 	EXP 	window1: mouseVisible = True
23.3501 	EXP 	window1: mouseVisible = True
23.4657 	EXP 	Created slider_trns = Slider(__class__=<class 'psychopy.visual.slider.Slider'>, autoDraw=False, autoLog=True, borderColor=None, color=None, colorSpace='rgb', depth=0, fillColor=None, flip=False, font='Open Sans', granularity=5.0, labelColor=None, labelHeight=0.05, labelWrapWidth=None, labels=(0, 10, 20, 30, 40, 50, 60, 70, 80, 90, 100), lineColor=None, markerColor=None, name='slider_trns', opacity=None, ori=0.0, pos=array([0., 0.]), readOnly=False, self=UNKNOWN, size=array([1. , 0.1]), startValue=50, style='slider', styleTweaks=[], ticks=ndarray(...), units='height', win=Window(...))
23.4658 	EXP 	window1: mouseVisible = True
23.4659 	EXP 	window1: mouseVisible = True
23.4804 	EXP 	Created text3 = TextStim(__class__=<class 'psychopy.visual.text.TextStim'>, alignHoriz=method-wrapper(...), alignText='center', alignVert=method-wrapper(...), anchorHoriz='center', anchorVert='center', antialias=True, autoDraw=False, autoLog=True, bold=False, color=array([-1., -1., -1.]), colorSpace='rgb', contrast=1.0, depth=0.0, draggable=False, flipHoriz=False, flipVert=False, font='Arial', fontFiles=[], height=0.05, italic=False, languageStyle='Arabic', name='text3', opacity=1.0, ori=0.0, pos=array([0., 0.]), rgb=UNKNOWN, text=str(...), units='height', win=Window(...), wrapWidth=1)
23.4809 	EXP 	window1: mouseVisible = True
23.4847 	EXP 	Created fixation3 = ShapeStim(__class__=<class 'psychopy.visual.shape.ShapeStim'>, anchor=('center', 'center'), autoDraw=False, autoLog=True, closeShape=True, color=method-wrapper(...), colorSpace='rgb', contrast=None, depth=0.0, draggable=False, fillColor=array([-1, -1, -1]), fillColorSpace='rgb', fillRGB=array([-1, -1, -1]), interpolate=True, lineColor=array([-1., -1., -1.]), lineColorSpace='rgb', lineRGB=array([-1., -1., -1.]), lineWidth=0.08, name='fixation3', opacity=1.0, ori=0.0, pos=array([0., 0.]), size=array([0.03, 0.06]), units='norm', vertices=ndarray(...), win=Window(...), windingRule=None)
23.4849 	EXP 	window1: mouseVisible = True
23.4901 	EXP 	Created image_3 = ImageStim(__class__=<class 'psychopy.visual.image.ImageStim'>, anchor=('center', 'center'), autoLog=True, color=array([1., 1., 1.]), colorSpace='rgb', contrast=1.0, depth=-1.0, draggable=False, flipHoriz=False, flipVert=False, image='default.png', interpolate=True, mask=None, maskParams=None, name='image_3', opacity=1.0, ori=0.0, pos=array([0. , 0.2]), size=array([0.5, 0.5]), texRes=128.0, units='height', win=Window(...))
23.4935 	EXP 	window1: mouseVisible = True
23.4946 	EXP 	window1: mouseVisible = True
23.4973 	EXP 	window1: mouseVisible = True
23.4975 	EXP 	window1: mouseVisible = True
23.4982 	EXP 	window1: mouseVisible = True
23.4988 	EXP 	window1: mouseVisible = True
23.5036 	EXP 	window1: mouseVisible = True
23.5038 	EXP 	window1: mouseVisible = True
23.5044 	EXP 	window1: mouseVisible = True
23.5049 	EXP 	window1: mouseVisible = True
23.5101 	EXP 	window1: mouseVisible = True
23.5103 	EXP 	window1: mouseVisible = True
23.5108 	EXP 	window1: mouseVisible = True
23.5115 	EXP 	window1: mouseVisible = True
23.5171 	EXP 	window1: mouseVisible = True
23.5173 	EXP 	window1: mouseVisible = True
23.5179 	EXP 	window1: mouseVisible = True
23.5185 	EXP 	window1: mouseVisible = True
23.5237 	EXP 	window1: mouseVisible = True
23.5239 	EXP 	window1: mouseVisible = True
23.5244 	EXP 	window1: mouseVisible = True
23.5249 	EXP 	window1: mouseVisible = True
23.5300 	EXP 	window1: mouseVisible = True
23.5302 	EXP 	window1: mouseVisible = True
23.5308 	EXP 	window1: mouseVisible = True
23.5313 	EXP 	window1: mouseVisible = True
23.5368 	EXP 	window1: mouseVisible = True
23.5369 	EXP 	window1: mouseVisible = True
23.5375 	EXP 	window1: mouseVisible = True
23.5380 	EXP 	window1: mouseVisible = True
23.5425 	EXP 	window1: mouseVisible = True
23.5426 	EXP 	window1: mouseVisible = True
23.5431 	EXP 	window1: mouseVisible = True
23.5436 	EXP 	window1: mouseVisible = True
23.5509 	EXP 	window1: mouseVisible = True
23.5511 	EXP 	window1: mouseVisible = True
23.5517 	EXP 	window1: mouseVisible = True
23.5522 	EXP 	window1: mouseVisible = True
23.5569 	EXP 	window1: mouseVisible = True
23.5571 	EXP 	window1: mouseVisible = True
23.5576 	EXP 	window1: mouseVisible = True
23.5581 	EXP 	window1: mouseVisible = True
23.5638 	EXP 	window1: mouseVisible = True
23.5640 	EXP 	window1: mouseVisible = True
23.5645 	EXP 	window1: mouseVisible = True
23.5651 	EXP 	window1: mouseVisible = True
23.5703 	EXP 	window1: mouseVisible = True
23.5706 	EXP 	window1: mouseVisible = True
23.5712 	EXP 	window1: mouseVisible = True
23.5717 	EXP 	window1: mouseVisible = True
23.5776 	EXP 	window1: mouseVisible = True
23.5778 	EXP 	window1: mouseVisible = True
23.5787 	EXP 	window1: mouseVisible = True
23.5794 	EXP 	window1: mouseVisible = True
23.5848 	EXP 	window1: mouseVisible = True
23.5849 	EXP 	window1: mouseVisible = True
23.5856 	EXP 	window1: mouseVisible = True
23.5862 	EXP 	window1: mouseVisible = True
23.5924 	EXP 	window1: mouseVisible = True
23.5926 	EXP 	window1: mouseVisible = True
23.5933 	EXP 	window1: mouseVisible = True
23.5940 	EXP 	window1: mouseVisible = True
23.6010 	EXP 	window1: mouseVisible = True
23.6013 	EXP 	window1: mouseVisible = True
23.6021 	EXP 	window1: mouseVisible = True
23.6028 	EXP 	window1: mouseVisible = True
23.6128 	EXP 	window1: mouseVisible = True
23.6131 	EXP 	window1: mouseVisible = True
23.6138 	EXP 	window1: mouseVisible = True
23.6146 	EXP 	window1: mouseVisible = True
23.6420 	EXP 	window1: mouseVisible = True
23.6422 	EXP 	window1: mouseVisible = True
23.6430 	EXP 	window1: mouseVisible = True
23.6435 	EXP 	window1: mouseVisible = True
23.6563 	EXP 	window1: mouseVisible = True
23.6565 	EXP 	window1: mouseVisible = True
23.6572 	EXP 	window1: mouseVisible = True
23.6578 	EXP 	window1: mouseVisible = True
23.6656 	EXP 	window1: mouseVisible = True
23.6659 	EXP 	window1: mouseVisible = True
23.6665 	EXP 	window1: mouseVisible = True
23.6681 	EXP 	window1: mouseVisible = True
23.6755 	EXP 	window1: mouseVisible = True
23.6756 	EXP 	window1: mouseVisible = True
23.6762 	EXP 	window1: mouseVisible = True
23.6768 	EXP 	window1: mouseVisible = True
23.6830 	EXP 	window1: mouseVisible = True
23.6834 	EXP 	window1: mouseVisible = True
23.6846 	EXP 	window1: mouseVisible = True
23.6855 	EXP 	window1: mouseVisible = True
23.6913 	EXP 	window1: mouseVisible = True
23.6928 	EXP 	window1: mouseVisible = True
23.8402 	EXP 	Created slider_estm = Slider(__class__=<class 'psychopy.visual.slider.Slider'>, autoDraw=False, autoLog=True, borderColor=None, color=None, colorSpace='rgb', depth=-2, fillColor=None, flip=False, font='Open Sans', granularity=10.0, labelColor=None, labelHeight=0.05, labelWrapWidth=None, labels=(0, 10, 20, 30, 40, 50, 60, 70, 80, 90, 100), lineColor=None, markerColor=None, name='slider_estm', opacity=None, ori=0.0, pos=array([ 0. , -0.2]), readOnly=False, self=UNKNOWN, size=array([1. , 0.1]), startValue=50, style='slider', styleTweaks=[], ticks=ndarray(...), units='height', win=Window(...))
23.8403 	EXP 	window1: mouseVisible = True
23.8404 	EXP 	window1: mouseVisible = True
23.8477 	EXP 	Created text4 = TextStim(__class__=<class 'psychopy.visual.text.TextStim'>, alignHoriz=method-wrapper(...), alignText='center', alignVert=method-wrapper(...), anchorHoriz='center', anchorVert='center', antialias=True, autoDraw=False, autoLog=True, bold=False, color=array([-1., -1., -1.]), colorSpace='rgb', contrast=1.0, depth=0.0, draggable=False, flipHoriz=False, flipVert=False, font='Arial', fontFiles=[], height=0.05, italic=False, languageStyle='Arabic', name='text4', opacity=1.0, ori=0.0, pos=array([0., 0.]), rgb=UNKNOWN, text=str(...), units='height', win=Window(...), wrapWidth=1)
23.8481 	EXP 	window1: mouseVisible = True
23.8485 	EXP 	window1: mouseVisible = True
23.8491 	EXP 	window1: mouseVisible = True
23.8497 	EXP 	window1: mouseVisible = True
23.8543 	EXP 	window1: mouseVisible = True
23.8544 	EXP 	window1: mouseVisible = True
23.8550 	EXP 	window1: mouseVisible = True
23.8557 	EXP 	window1: mouseVisible = True
0.0218 	EXP 	left_learning_reward_0: autoLog = True
0.0218 	EXP 	right_learning_reward_0: autoLog = True
0.0218 	EXP 	left_learning_reward: autoLog = True
0.0218 	EXP 	right_learning_reward: autoLog = True
0.0218 	EXP 	slider_trns: autoLog = True
0.0218 	EXP 	slider_trns: styleTweaks = []
0.0218 	EXP 	slider_trns: styleTweaks = []
0.0218 	EXP 	slider_trns: styleTweaks = []
0.0218 	EXP 	slider_trns: styleTweaks = []
0.0218 	EXP 	slider_trns: contrast = 1.0
0.0218 	EXP 	slider_trns: markerPos = 50
0.0218 	EXP 	slider_trns: autoLog = True
0.0218 	EXP 	slider_estm: autoLog = True
0.0218 	EXP 	slider_estm: styleTweaks = []
0.0218 	EXP 	slider_estm: styleTweaks = []
0.0218 	EXP 	slider_estm: styleTweaks = []
0.0218 	EXP 	slider_estm: styleTweaks = []
0.0218 	EXP 	slider_estm: contrast = 1.0
0.0218 	EXP 	slider_estm: markerPos = 50
0.0218 	EXP 	slider_estm: autoLog = True
0.0218 	EXP 	textbox4: autoLog = True
0.0398 	INFO 	Keyboard events cleared
0.0392 	EXP 	text0: autoDraw = True
1.0481 	DATA 	Keypress: lalt
1.3312 	EXP 	Created sequence: random, trialTypes=1, nReps=1, seed=None
1.3316 	EXP 	New trial (rep=0, index=0): None
1.3350 	DATA 	Keypress: space
1.3542 	EXP 	text0: autoDraw = False
1.3542 	EXP 	fixation0: autoDraw = True
2.5524 	INFO 	Keyboard events cleared
2.5514 	EXP 	fixation0: autoDraw = False
2.5514 	EXP 	left_image_0: image = '1-3.jpg'
2.5514 	EXP 	right_image_0: image = '1-4.jpg'
2.5514 	EXP 	left_image_0: autoDraw = True
2.5514 	EXP 	right_image_0: autoDraw = True
2.9817 	DEBUG 	TextBox2 loaded 1 chars with 0 blanks and 1 valid
2.9838 	DEBUG 	TextBox2 loaded 1 chars with 0 blanks and 1 valid
2.9855 	DEBUG 	TextBox2 loaded 1 chars with 0 blanks and 1 valid
2.9877 	DEBUG 	TextBox2 loaded 1 chars with 0 blanks and 1 valid
2.9891 	DEBUG 	TextBox2 loaded 1 chars with 0 blanks and 1 valid
2.9910 	DEBUG 	TextBox2 loaded 1 chars with 0 blanks and 1 valid
2.9929 	DEBUG 	TextBox2 loaded 1 chars with 0 blanks and 1 valid
2.9933 	DEBUG 	Uploading Texture Font fontname to graphics card
3.0025 	DEBUG 	Upload of Texture Font fontname complete
3.0046 	DATA 	Keypress: right
6.3544 	EXP 	polygon_0: autoDraw = True
6.3544 	EXP 	left_learning_reward_0: autoDraw = True
6.3544 	EXP 	right_learning_reward_0: autoDraw = True
7.3738 	EXP 	polygon_0: autoDraw = False
7.3738 	EXP 	left_learning_reward_0: autoDraw = False
7.3738 	EXP 	right_learning_reward_0: autoDraw = False
7.5566 	EXP 	left_image_0: autoDraw = False
7.5566 	EXP 	right_image_0: autoDraw = False
8.3395 	INFO 	Keyboard events cleared
8.3389 	EXP 	left_image_0: autoDraw = False
8.3389 	EXP 	right_image_0: autoDraw = False
8.3389 	EXP 	polygon_0: autoDraw = False
8.3389 	EXP 	left_learning_reward_0: autoDraw = False
8.3389 	EXP 	right_learning_reward_0: autoDraw = False
8.3389 	EXP 	text_no_resp_0: autoDraw = False
8.3389 	EXP 	text1: autoDraw = True
8.9620 	EXP 	Created sequence: random, trialTypes=1, nReps=1, seed=None
8.9622 	EXP 	New trial (rep=0, index=0): None
8.9641 	DATA 	Keypress: space
8.9718 	EXP 	text1: autoDraw = False
8.9718 	EXP 	fixation1: autoDraw = True
9.9602 	EXP 	window1: backgroundImage = ''
9.9603 	EXP 	window1: backgroundFit = 'none'
10.0948 	INFO 	Keyboard events cleared
10.0937 	EXP 	fixation1: autoDraw = False
10.0937 	EXP 	fixation1: autoDraw = False
10.0937 	EXP 	left_image: image = '3.jpg'
10.0937 	EXP 	right_image: image = '4.jpg'
10.0937 	EXP 	left_image: autoDraw = True
10.0937 	EXP 	right_image: autoDraw = True
11.0984 	DEBUG 	TextBox2 loaded 1 chars with 0 blanks and 1 valid
11.1011 	DEBUG 	TextBox2 loaded 1 chars with 0 blanks and 1 valid
11.1017 	DEBUG 	Uploading Texture Font fontname to graphics card
11.1040 	DEBUG 	Upload of Texture Font fontname complete
11.1075 	DATA 	Keypress: left
13.9880 	EXP 	polygon: autoDraw = True
13.9880 	EXP 	left_learning_reward: autoDraw = True
13.9880 	EXP 	right_learning_reward: autoDraw = True
15.0069 	EXP 	polygon: autoDraw = False
15.0069 	EXP 	left_learning_reward: autoDraw = False
15.0069 	EXP 	right_learning_reward: autoDraw = False
15.1057 	EXP 	left_image: autoDraw = False
15.1057 	EXP 	right_image: autoDraw = False
15.9622 	DEBUG 	Fullscreen settings ignored as running in pilot mode.
15.9629 	EXP 	window1: backgroundImage = ''
15.9629 	EXP 	window1: backgroundFit = 'none'
15.9629 	EXP 	window1: units = 'height'
15.9652 	EXP 	window1: Attempting to measure frame rate of screen (0) ...
15.9652 	EXP 	window1: recordFrameIntervals = False
15.9875 	EXP 	left_image: autoDraw = False
15.9875 	EXP 	right_image: autoDraw = False
15.9875 	EXP 	polygon: autoDraw = False
15.9875 	EXP 	left_learning_reward: autoDraw = False
15.9875 	EXP 	right_learning_reward: autoDraw = False
15.9875 	EXP 	text_no_resp: autoDraw = False
16.1429 	EXP 	window1: recordFrameIntervals = True
16.3272 	EXP 	Screen (0) actual frame rate measured at 59.87Hz
16.3272 	EXP 	window1: recordFrameIntervals = False
16.3273 	EXP 	window1: mouseVisible = False
16.3396 	INFO 	Keyboard events cleared
16.3389 	EXP 	text2: autoDraw = True
17.8638 	EXP 	Created sequence: random, trialTypes=1, nReps=1, seed=None
17.8641 	EXP 	New trial (rep=0, index=0): None
17.8950 	DATA 	Keypress: space
17.9036 	EXP 	text2: autoDraw = False
17.9036 	EXP 	fixation2: autoDraw = True
18.9776 	INFO 	Keyboard events cleared
18.9765 	EXP 	fixation2: autoDraw = False
18.9765 	EXP 	left_image_2: image = '1.jpg'
18.9765 	EXP 	right_image_2: image = '4.jpg'
18.9765 	EXP 	left_image_2: autoDraw = True
18.9765 	EXP 	right_image_2: autoDraw = True
19.5733 	DATA 	Keypress: right
20.5715 	EXP 	polygon_2: autoDraw = True
21.5867 	EXP 	left_image_2: autoDraw = False
21.5867 	EXP 	right_image_2: autoDraw = False
22.6040 	EXP 	window1: mouseVisible = True
22.6535 	EXP 	polygon_2: autoDraw = False
22.6535 	EXP 	left_image_2: autoDraw = False
22.6535 	EXP 	right_image_2: autoDraw = False
22.6535 	EXP 	polygon_2: autoDraw = False
22.6535 	EXP 	slider_trns: markerPos = None
22.6535 	EXP 	slider_trns: markerPos = 50
22.6535 	EXP 	slider_trns: autoDraw = True
25.3575 	DATA 	Mouse: Left button down, pos=(640,284)
25.4202 	EXP 	slider_trns: markerPos = 90.0
25.4238 	DATA 	Mouse:  Left button up, pos=(640,284)
25.4545 	EXP 	slider_trns: markerPos = 90.0
25.4729 	INFO 	Keyboard events cleared
25.4722 	EXP 	slider_trns: autoDraw = False
25.4722 	EXP 	text3: autoDraw = True
28.5620 	EXP 	Created sequence: random, trialTypes=1, nReps=5, seed=None
28.5623 	EXP 	New trial (rep=0, index=0): None
28.5646 	DATA 	Keypress: space
28.5718 	EXP 	text3: autoDraw = False
28.5718 	EXP 	fixation3: autoDraw = True
29.6101 	EXP 	window1: mouseVisible = True
29.6532 	EXP 	fixation3: autoDraw = False
29.6532 	EXP 	fixation3: autoDraw = False
29.6532 	EXP 	image_3: image = '4.jpg'
29.6532 	EXP 	slider_estm: markerPos = None
29.6532 	EXP 	slider_estm: markerPos = 50
29.6532 	EXP 	image_3: autoDraw = True
29.6532 	EXP 	slider_estm: autoDraw = True
31.6350 	DATA 	Mouse: Left button down, pos=(518,186)
31.6863 	EXP 	slider_estm: markerPos = 69.66666666666667
31.7234 	EXP 	slider_estm: markerPos = 69.66666666666667
31.7264 	DATA 	Mouse:  Left button up, pos=(518,186)
31.7530 	EXP 	slider_estm: markerPos = 70.0
31.7599 	EXP 	New trial (rep=1, index=0): None
31.7753 	EXP 	image_3: autoDraw = False
31.7753 	EXP 	slider_estm: autoDraw = False
31.7753 	EXP 	fixation3: autoDraw = True
32.8377 	EXP 	window1: mouseVisible = True
32.8693 	EXP 	fixation3: autoDraw = False
32.8693 	EXP 	image_3: image = '1.jpg'
32.8693 	EXP 	slider_estm: markerPos = None
32.8693 	EXP 	slider_estm: markerPos = 50
32.8693 	EXP 	image_3: autoDraw = True
32.8693 	EXP 	slider_estm: autoDraw = True
34.1114 	DATA 	Mouse: Left button down, pos=(522,169)
34.1536 	EXP 	slider_estm: markerPos = 70.33333333333334
34.1897 	DATA 	Mouse:  Left button up, pos=(522,169)
34.2036 	EXP 	slider_estm: markerPos = 70.33333333333334
34.2372 	EXP 	slider_estm: markerPos = 70.0
34.2439 	EXP 	New trial (rep=2, index=0): None
34.2554 	EXP 	image_3: autoDraw = False
34.2554 	EXP 	slider_estm: autoDraw = False
34.2554 	EXP 	fixation3: autoDraw = True
35.2973 	EXP 	window1: mouseVisible = True
35.3370 	EXP 	fixation3: autoDraw = False
35.3370 	EXP 	fixation3: autoDraw = False
35.3370 	EXP 	image_3: image = '3.jpg'
35.3370 	EXP 	slider_estm: markerPos = None
35.3370 	EXP 	slider_estm: markerPos = 50
35.3370 	EXP 	image_3: autoDraw = True
35.3370 	EXP 	slider_estm: autoDraw = True
36.1940 	DATA 	Mouse: Left button down, pos=(523,163)
36.2368 	EXP 	slider_estm: markerPos = 70.5
36.2697 	EXP 	slider_estm: markerPos = 70.5
36.2985 	DATA 	Mouse:  Left button up, pos=(523,163)
36.3033 	EXP 	slider_estm: markerPos = 70.5
36.3543 	EXP 	slider_estm: markerPos = 70.0
36.3698 	EXP 	New trial (rep=3, index=0): None
36.3879 	EXP 	image_3: autoDraw = False
36.3879 	EXP 	slider_estm: autoDraw = False
36.3879 	EXP 	fixation3: autoDraw = True
37.4129 	EXP 	window1: mouseVisible = True
37.4537 	EXP 	fixation3: autoDraw = False
37.4537 	EXP 	image_3: image = '3.jpg'
37.4537 	EXP 	slider_estm: markerPos = None
37.4537 	EXP 	slider_estm: markerPos = 50
37.4537 	EXP 	image_3: autoDraw = True
37.4537 	EXP 	slider_estm: autoDraw = True
38.9162 	DATA 	Mouse: Left button down, pos=(523,164)
38.9692 	EXP 	slider_estm: markerPos = 70.5
39.0200 	EXP 	slider_estm: markerPos = 70.5
39.0240 	DATA 	Mouse:  Left button up, pos=(523,164)
39.0695 	EXP 	slider_estm: markerPos = 70.0
39.0768 	EXP 	New trial (rep=4, index=0): None
39.0882 	EXP 	image_3: autoDraw = False
39.0882 	EXP 	slider_estm: autoDraw = False
39.0882 	EXP 	fixation3: autoDraw = True
40.1239 	EXP 	window1: mouseVisible = True
40.1535 	EXP 	fixation3: autoDraw = False
40.1535 	EXP 	fixation3: autoDraw = False
40.1535 	EXP 	image_3: image = '3.jpg'
40.1535 	EXP 	slider_estm: markerPos = None
40.1535 	EXP 	slider_estm: markerPos = 50
40.1535 	EXP 	image_3: autoDraw = True
40.1535 	EXP 	slider_estm: autoDraw = True
40.9446 	DATA 	Mouse: Left button down, pos=(523,165)
41.0039 	EXP 	slider_estm: markerPos = 70.5
41.0537 	EXP 	slider_estm: markerPos = 70.5
41.0908 	DATA 	Mouse:  Left button up, pos=(523,165)
41.1045 	EXP 	slider_estm: markerPos = 70.5
41.1539 	EXP 	slider_estm: markerPos = 70.0
41.1867 	EXP 	image_3: autoDraw = False
41.1867 	EXP 	slider_estm: autoDraw = False
41.1867 	EXP 	text4: autoDraw = True
41.1867 	EXP 	textbox4: autoDraw = True
42.1884 	EXP 	textbox4: autoDraw = False
43.9453 	DATA 	Keypress: escape
44.0270 	EXP 	article1: status = STOPPED
44.0391 	EXP 	text4: autoDraw = False
44.0429 	EXP 	article1: status = STOPPED
44.0861 	INFO 	saved data to 'D:\\UT\\semester 4 - courses\\Cognitive science\\HWs\\HW1\\answer\\article1\\data/554193_article1_2024-05-28_12h31.11.777.csv'
44.0882 	INFO 	saved data to D:\UT\semester 4 - courses\Cognitive science\HWs\HW1\answer\article1\data/554193_article1_2024-05-28_12h31.11.777.psydat
44.1674 	EXP 	window1: mouseVisible = True
44.6692 	DEBUG 	Saving data for article1 ExperimentHandler
