7.2779 	DEBUG 	Fullscreen settings ignored as running in pilot mode.
7.2789 	INFO 	Loaded monitor calibration from ['2024_05_21 12:08']
7.4363 	EXP 	Created window1 = Window(allowGUI=True, allowStencil=True, autoLog=True, backendConf=UNKNOWN, backgroundFit=<method-wrapper '__getattribute__' of attributeSetter object at 0x0000027654F42B50>, backgroundImage=<method-wrapper '__getattribute__' of attributeSetter object at 0x0000027654F42AF0>, bitsMode=UNKNOWN, blendMode='avg', bpc=(8, 8, 8), color=array([1, 1, 1]), colorSpace='rgb', depthBits=8, fullscr=<method-wrapper '__getattribute__' of attributeSetter object at 0x0000027654F42940>, gamma=None, gammaErrorPolicy='raise', infoMsg=UNKNOWN, lms=UNKNOWN, monitor=<psychopy.monitors.calibTools.Monitor object at 0x00000276562887C0>, multiSample=False, name='window1', numSamples=2, pos=[560.0, 240.0], screen=0, size=array([800, 600]), stencilBits=8, stereo=False, title='PsychoPy', units='height', useFBO=True, useRetina=False, viewOri=0.0, viewPos=None, viewScale=None, waitBlanking=True, winType='pyglet')
7.4364 	EXP 	window1: mouseVisible = True
7.4364 	EXP 	window1: backgroundImage = ''
7.4364 	EXP 	window1: backgroundFit = 'none'
7.4366 	EXP 	window1: mouseVisible = True
7.4367 	EXP 	window1: mouseVisible = True
7.4381 	EXP 	window1: mouseVisible = True
7.4385 	EXP 	window1: mouseVisible = True
7.4422 	DEBUG 	TextBox2 loaded 1 chars with 0 blanks and 1 valid
7.4430 	DEBUG 	TextBox2 loaded 1 chars with 0 blanks and 1 valid
7.4438 	DEBUG 	TextBox2 loaded 1 chars with 0 blanks and 1 valid
7.4447 	DEBUG 	TextBox2 loaded 1 chars with 0 blanks and 1 valid
7.4456 	DEBUG 	TextBox2 loaded 1 chars with 0 blanks and 1 valid
7.4462 	DEBUG 	TextBox2 loaded 1 chars with 0 blanks and 1 valid
7.4470 	DEBUG 	TextBox2 loaded 1 chars with 0 blanks and 1 valid
7.4480 	DEBUG 	TextBox2 loaded 1 chars with 0 blanks and 1 valid
7.4486 	DEBUG 	TextBox2 loaded 1 chars with 0 blanks and 1 valid
7.4491 	DEBUG 	TextBox2 loaded 1 chars with 0 blanks and 1 valid
7.4499 	DEBUG 	TextBox2 loaded 1 chars with 0 blanks and 1 valid
7.4507 	DEBUG 	TextBox2 loaded 1 chars with 0 blanks and 1 valid
7.4514 	DEBUG 	TextBox2 loaded 1 chars with 0 blanks and 1 valid
7.4521 	DEBUG 	TextBox2 loaded 1 chars with 0 blanks and 1 valid
7.4528 	DEBUG 	TextBox2 loaded 1 chars with 0 blanks and 1 valid
7.4535 	DEBUG 	TextBox2 loaded 1 chars with 0 blanks and 1 valid
7.4542 	DEBUG 	TextBox2 loaded 1 chars with 0 blanks and 1 valid
7.4548 	DEBUG 	TextBox2 loaded 1 chars with 0 blanks and 1 valid
7.4554 	DEBUG 	TextBox2 loaded 1 chars with 0 blanks and 1 valid
7.4562 	DEBUG 	TextBox2 loaded 1 chars with 0 blanks and 1 valid
7.4568 	DEBUG 	TextBox2 loaded 1 chars with 0 blanks and 1 valid
7.4570 	DEBUG 	Uploading Texture Font fontname to graphics card
7.4688 	DEBUG 	Upload of Texture Font fontname complete
7.4715 	EXP 	window1: mouseVisible = True
7.4718 	EXP 	window1: mouseVisible = True
7.4727 	EXP 	window1: mouseVisible = True
7.4734 	EXP 	window1: mouseVisible = True
7.4777 	DEBUG 	TextBox2 loaded 1 chars with 0 blanks and 1 valid
7.4794 	DEBUG 	TextBox2 loaded 1 chars with 0 blanks and 1 valid
7.4811 	DEBUG 	TextBox2 loaded 1 chars with 0 blanks and 1 valid
7.4820 	DEBUG 	Uploading Texture Font fontname to graphics card
7.4989 	DEBUG 	Upload of Texture Font fontname complete
7.5046 	EXP 	window1: Attempting to measure frame rate of screen (0) ...
7.5046 	EXP 	window1: recordFrameIntervals = False
7.6852 	EXP 	window1: recordFrameIntervals = True
7.9521 	EXP 	Screen (0) actual frame rate measured at 58.96Hz
7.9521 	EXP 	window1: recordFrameIntervals = False
7.9522 	EXP 	window1: mouseVisible = False
7.9529 	EXP 	window1: mouseVisible = True
7.9532 	EXP 	window1: mouseVisible = True
7.9545 	EXP 	window1: mouseVisible = True
7.9559 	EXP 	window1: mouseVisible = True
7.9633 	DEBUG 	TextBox2 loaded 1 chars with 0 blanks and 1 valid
7.9649 	DEBUG 	TextBox2 loaded 1 chars with 0 blanks and 1 valid
7.9665 	DEBUG 	TextBox2 loaded 1 chars with 0 blanks and 1 valid
7.9683 	DEBUG 	TextBox2 loaded 1 chars with 0 blanks and 1 valid
7.9699 	DEBUG 	TextBox2 loaded 1 chars with 0 blanks and 1 valid
7.9712 	DEBUG 	TextBox2 loaded 1 chars with 0 blanks and 1 valid
7.9720 	DEBUG 	TextBox2 loaded 1 chars with 0 blanks and 1 valid
7.9730 	DEBUG 	TextBox2 loaded 1 chars with 0 blanks and 1 valid
7.9739 	DEBUG 	TextBox2 loaded 1 chars with 0 blanks and 1 valid
7.9748 	DEBUG 	TextBox2 loaded 1 chars with 0 blanks and 1 valid
7.9750 	DEBUG 	Uploading Texture Font fontname to graphics card
7.9757 	DEBUG 	Upload of Texture Font fontname complete
7.9767 	EXP 	window1: mouseVisible = True
7.9768 	EXP 	window1: mouseVisible = True
7.9772 	EXP 	window1: mouseVisible = True
7.9775 	EXP 	window1: mouseVisible = True
8.0147 	WARNING 	launchHubServer: If using the iohub mouse or eyetracker devices, fullScr should be True.
10.1839 	INFO 	keyboard.Keyboard is using iohub backend.
10.1839 	INFO 	keyboard.Keyboard is using iohub backend.
10.1839 	INFO 	keyboard.Keyboard is using iohub backend.
10.1840 	INFO 	keyboard.Keyboard is using iohub backend.
10.1840 	INFO 	keyboard.Keyboard is using iohub backend.
10.1840 	EXP 	article1: status = STARTED
10.1845 	EXP 	window1: mouseVisible = True
10.2602 	EXP 	Created text1 = TextStim(__class__=<class 'psychopy.visual.text.TextStim'>, alignHoriz=method-wrapper(...), alignText='center', alignVert=method-wrapper(...), anchorHoriz='center', anchorVert='center', antialias=True, autoDraw=False, autoLog=True, bold=False, color=array([-1., -1., -1.]), colorSpace='rgb', contrast=1.0, depth=0.0, draggable=False, flipHoriz=False, flipVert=False, font='Arial', fontFiles=[], height=0.05, italic=False, languageStyle='Arabic', name='text1', opacity=1.0, ori=0.0, pos=array([0., 0.]), rgb=UNKNOWN, text=str(...), units='height', win=Window(...), wrapWidth=1)
10.2604 	EXP 	window1: mouseVisible = True
10.2635 	EXP 	Created fixation1 = ShapeStim(__class__=<class 'psychopy.visual.shape.ShapeStim'>, anchor=('center', 'center'), autoDraw=False, autoLog=True, closeShape=True, color=method-wrapper(...), colorSpace='rgb', contrast=None, depth=0.0, draggable=False, fillColor=array([-1, -1, -1]), fillColorSpace='rgb', fillRGB=array([-1, -1, -1]), interpolate=True, lineColor=array([-1., -1., -1.]), lineColorSpace='rgb', lineRGB=array([-1., -1., -1.]), lineWidth=0.08, name='fixation1', opacity=1.0, ori=0.0, pos=array([0., 0.]), size=array([0.03, 0.06]), units='norm', vertices=ndarray(...), win=Window(...), windingRule=None)
10.2637 	EXP 	window1: mouseVisible = True
10.2707 	EXP 	Created left_image = ImageStim(__class__=<class 'psychopy.visual.image.ImageStim'>, anchor=('center', 'center'), autoLog=True, color=array([1., 1., 1.]), colorSpace='rgb', contrast=1.0, depth=-1.0, draggable=False, flipHoriz=False, flipVert=False, image='default.png', interpolate=True, mask=None, maskParams=None, name='left_image', opacity=1.0, ori=0.0, pos=array([-0.5,  0. ]), size=array([0.5, 0.5]), texRes=128.0, units='height', win=Window(...))
10.2709 	EXP 	window1: mouseVisible = True
10.2772 	EXP 	Created right_image = ImageStim(__class__=<class 'psychopy.visual.image.ImageStim'>, anchor=('center', 'center'), autoLog=True, color=array([1., 1., 1.]), colorSpace='rgb', contrast=1.0, depth=-2.0, draggable=False, flipHoriz=False, flipVert=False, image='default.png', interpolate=True, mask=None, maskParams=None, name='right_image', opacity=1.0, ori=0.0, pos=array([0.5, 0. ]), size=array([0.5, 0.5]), texRes=128.0, units='height', win=Window(...))
10.2774 	EXP 	window1: mouseVisible = True
10.2792 	EXP 	Created polygon = Rect(__class__=<class 'psychopy.visual.rect.Rect'>, anchor=('center', 'center'), autoDraw=False, autoLog=True, closeShape=True, color=method-wrapper(...), colorSpace='rgb', contrast=None, depth=-5.0, draggable=False, fillColor=array([0., 0., 0.]), fillColorSpace='rgb', fillRGB=array([0., 0., 0.]), interpolate=True, lineColor=array([-0.5765,  0.0039,  1.    ]), lineColorSpace='rgb', lineRGB=array([-0.5765,  0.0039,  1.    ]), lineWidth=20.0, name='polygon', opacity=0.3, ori=0.0, pos=array([0., 0.]), size=array([0.5, 0.5]), units='height', vertices=ndarray(...), win=Window(...))
10.2794 	EXP 	window1: mouseVisible = True
10.2795 	EXP 	window1: mouseVisible = True
10.2802 	EXP 	window1: mouseVisible = True
10.2807 	EXP 	window1: mouseVisible = True
10.2862 	EXP 	window1: mouseVisible = True
10.2863 	EXP 	window1: mouseVisible = True
10.2869 	EXP 	window1: mouseVisible = True
10.2875 	EXP 	window1: mouseVisible = True
10.2931 	DEBUG 	TextBox2 loaded 1 chars with 0 blanks and 1 valid
10.2956 	DEBUG 	TextBox2 loaded 1 chars with 0 blanks and 1 valid
10.2979 	DEBUG 	TextBox2 loaded 1 chars with 0 blanks and 1 valid
10.2993 	DEBUG 	TextBox2 loaded 1 chars with 0 blanks and 1 valid
10.3004 	DEBUG 	TextBox2 loaded 1 chars with 0 blanks and 1 valid
10.3015 	DEBUG 	TextBox2 loaded 1 chars with 0 blanks and 1 valid
10.3030 	DEBUG 	TextBox2 loaded 1 chars with 0 blanks and 1 valid
10.3044 	DEBUG 	TextBox2 loaded 1 chars with 0 blanks and 1 valid
10.3056 	DEBUG 	TextBox2 loaded 1 chars with 0 blanks and 1 valid
10.3058 	DEBUG 	Uploading Texture Font fontname to graphics card
10.3070 	DEBUG 	Upload of Texture Font fontname complete
10.3079 	EXP 	window1: mouseVisible = True
10.3080 	EXP 	window1: mouseVisible = True
10.3084 	EXP 	window1: mouseVisible = True
10.3086 	EXP 	window1: mouseVisible = True
10.3112 	EXP 	window1: mouseVisible = True
10.3113 	EXP 	window1: mouseVisible = True
10.3116 	EXP 	window1: mouseVisible = True
10.3119 	EXP 	window1: mouseVisible = True
10.3141 	EXP 	window1: mouseVisible = True
10.3150 	EXP 	Created text_no_resp = TextStim(__class__=<class 'psychopy.visual.text.TextStim'>, alignHoriz=method-wrapper(...), alignText='center', alignVert=method-wrapper(...), anchorHoriz='center', anchorVert='center', antialias=True, autoDraw=False, autoLog=True, bold=False, color=array([-1., -1., -1.]), colorSpace='rgb', contrast=1.0, depth=-8.0, draggable=False, flipHoriz=False, flipVert=False, font='Arial', fontFiles=[], height=0.05, italic=False, languageStyle='Arabic', name='text_no_resp', opacity=1.0, ori=0.0, pos=array([0., 0.]), rgb=UNKNOWN, text='', units='height', win=Window(...), wrapWidth=1)
10.3150 	EXP 	window1: mouseVisible = True
10.3293 	EXP 	Created text2 = TextStim(__class__=<class 'psychopy.visual.text.TextStim'>, alignHoriz=method-wrapper(...), alignText='center', alignVert=method-wrapper(...), anchorHoriz='center', anchorVert='center', antialias=True, autoDraw=False, autoLog=True, bold=False, color=array([-1., -1., -1.]), colorSpace='rgb', contrast=1.0, depth=0.0, draggable=False, flipHoriz=False, flipVert=False, font='Arial', fontFiles=[], height=0.05, italic=False, languageStyle='Arabic', name='text2', opacity=1.0, ori=0.0, pos=array([0., 0.]), rgb=UNKNOWN, text=str(...), units='height', win=Window(...), wrapWidth=1)
10.3293 	EXP 	window1: mouseVisible = True
10.3304 	EXP 	Created fixation2 = ShapeStim(__class__=<class 'psychopy.visual.shape.ShapeStim'>, anchor=('center', 'center'), autoDraw=False, autoLog=True, closeShape=True, color=method-wrapper(...), colorSpace='rgb', contrast=None, depth=0.0, draggable=False, fillColor=array([-1, -1, -1]), fillColorSpace='rgb', fillRGB=array([-1, -1, -1]), interpolate=True, lineColor=array([-1., -1., -1.]), lineColorSpace='rgb', lineRGB=array([-1., -1., -1.]), lineWidth=0.08, name='fixation2', opacity=1.0, ori=0.0, pos=array([0., 0.]), size=array([0.03, 0.06]), units='norm', vertices=ndarray(...), win=Window(...), windingRule=None)
10.3305 	EXP 	window1: mouseVisible = True
10.3337 	EXP 	Created left_image_2 = ImageStim(__class__=<class 'psychopy.visual.image.ImageStim'>, anchor=('center', 'center'), autoLog=True, color=array([1., 1., 1.]), colorSpace='rgb', contrast=1.0, depth=-1.0, draggable=False, flipHoriz=False, flipVert=False, image='default.png', interpolate=True, mask=None, maskParams=None, name='left_image_2', opacity=1.0, ori=0.0, pos=array([-0.5,  0. ]), size=array([0.5, 0.5]), texRes=128.0, units='height', win=Window(...))
10.3338 	EXP 	window1: mouseVisible = True
10.3373 	EXP 	Created right_image_2 = ImageStim(__class__=<class 'psychopy.visual.image.ImageStim'>, anchor=('center', 'center'), autoLog=True, color=array([1., 1., 1.]), colorSpace='rgb', contrast=1.0, depth=-2.0, draggable=False, flipHoriz=False, flipVert=False, image='default.png', interpolate=True, mask=None, maskParams=None, name='right_image_2', opacity=1.0, ori=0.0, pos=array([0.5, 0. ]), size=array([0.5, 0.5]), texRes=128.0, units='height', win=Window(...))
10.3374 	EXP 	window1: mouseVisible = True
10.3381 	EXP 	Created polygon_2 = Rect(__class__=<class 'psychopy.visual.rect.Rect'>, anchor=('center', 'center'), autoDraw=False, autoLog=True, closeShape=True, color=method-wrapper(...), colorSpace='rgb', contrast=None, depth=-5.0, draggable=False, fillColor=array([0., 0., 0.]), fillColorSpace='rgb', fillRGB=array([0., 0., 0.]), interpolate=True, lineColor=array([-0.5765,  0.0039,  1.    ]), lineColorSpace='rgb', lineRGB=array([-0.5765,  0.0039,  1.    ]), lineWidth=20.0, name='polygon_2', opacity=0.3, ori=0.0, pos=array([0., 0.]), size=array([0.5, 0.5]), units='height', vertices=ndarray(...), win=Window(...))
10.3424 	EXP 	window1: mouseVisible = True
10.3426 	EXP 	window1: mouseVisible = True
10.3439 	EXP 	window1: mouseVisible = True
10.3440 	EXP 	window1: mouseVisible = True
10.3443 	EXP 	window1: mouseVisible = True
10.3446 	EXP 	window1: mouseVisible = True
10.3475 	DEBUG 	TextBox2 loaded 1 chars with 0 blanks and 1 valid
10.3476 	DEBUG 	Uploading Texture Font fontname to graphics card
10.3518 	DEBUG 	Upload of Texture Font fontname complete
10.3528 	EXP 	window1: mouseVisible = True
10.3529 	EXP 	window1: mouseVisible = True
10.3532 	EXP 	window1: mouseVisible = True
10.3535 	EXP 	window1: mouseVisible = True
10.3560 	DEBUG 	TextBox2 loaded 1 chars with 0 blanks and 1 valid
10.3566 	DEBUG 	Uploading Texture Font fontname to graphics card
10.3574 	DEBUG 	Upload of Texture Font fontname complete
10.3591 	EXP 	window1: mouseVisible = True
10.3592 	EXP 	window1: mouseVisible = True
10.3599 	EXP 	window1: mouseVisible = True
10.3602 	EXP 	window1: mouseVisible = True
10.3627 	DEBUG 	TextBox2 loaded 1 chars with 0 blanks and 1 valid
10.3629 	DEBUG 	Uploading Texture Font fontname to graphics card
10.3686 	DEBUG 	Upload of Texture Font fontname complete
10.3696 	EXP 	window1: mouseVisible = True
10.3697 	EXP 	window1: mouseVisible = True
10.3700 	EXP 	window1: mouseVisible = True
10.3703 	EXP 	window1: mouseVisible = True
10.3735 	EXP 	window1: mouseVisible = True
10.3735 	EXP 	window1: mouseVisible = True
10.3739 	EXP 	window1: mouseVisible = True
10.3742 	EXP 	window1: mouseVisible = True
10.3769 	DEBUG 	TextBox2 loaded 1 chars with 0 blanks and 1 valid
10.3771 	DEBUG 	Uploading Texture Font fontname to graphics card
10.3806 	DEBUG 	Upload of Texture Font fontname complete
10.3817 	EXP 	window1: mouseVisible = True
10.3818 	EXP 	window1: mouseVisible = True
10.3821 	EXP 	window1: mouseVisible = True
10.3824 	EXP 	window1: mouseVisible = True
10.3854 	EXP 	window1: mouseVisible = True
10.3855 	EXP 	window1: mouseVisible = True
10.3859 	EXP 	window1: mouseVisible = True
10.3862 	EXP 	window1: mouseVisible = True
10.3894 	DEBUG 	TextBox2 loaded 1 chars with 0 blanks and 1 valid
10.3896 	DEBUG 	Uploading Texture Font fontname to graphics card
10.3952 	DEBUG 	Upload of Texture Font fontname complete
10.3963 	EXP 	window1: mouseVisible = True
10.3964 	EXP 	window1: mouseVisible = True
10.3968 	EXP 	window1: mouseVisible = True
10.3971 	EXP 	window1: mouseVisible = True
10.4000 	EXP 	window1: mouseVisible = True
10.4001 	EXP 	window1: mouseVisible = True
10.4003 	EXP 	window1: mouseVisible = True
10.4006 	EXP 	window1: mouseVisible = True
10.4033 	DEBUG 	TextBox2 loaded 1 chars with 0 blanks and 1 valid
10.4034 	DEBUG 	Uploading Texture Font fontname to graphics card
10.4096 	DEBUG 	Upload of Texture Font fontname complete
10.4106 	EXP 	window1: mouseVisible = True
10.4107 	EXP 	window1: mouseVisible = True
10.4110 	EXP 	window1: mouseVisible = True
10.4112 	EXP 	window1: mouseVisible = True
10.4143 	EXP 	window1: mouseVisible = True
10.4144 	EXP 	window1: mouseVisible = True
10.4147 	EXP 	window1: mouseVisible = True
10.4150 	EXP 	window1: mouseVisible = True
10.4177 	DEBUG 	TextBox2 loaded 1 chars with 0 blanks and 1 valid
10.4179 	DEBUG 	Uploading Texture Font fontname to graphics card
10.4241 	DEBUG 	Upload of Texture Font fontname complete
10.4252 	EXP 	window1: mouseVisible = True
10.4252 	EXP 	window1: mouseVisible = True
10.4256 	EXP 	window1: mouseVisible = True
10.4258 	EXP 	window1: mouseVisible = True
10.4289 	EXP 	window1: mouseVisible = True
10.4290 	EXP 	window1: mouseVisible = True
10.4293 	EXP 	window1: mouseVisible = True
10.4296 	EXP 	window1: mouseVisible = True
10.4321 	DEBUG 	TextBox2 loaded 1 chars with 0 blanks and 1 valid
10.4322 	DEBUG 	Uploading Texture Font fontname to graphics card
10.4365 	DEBUG 	Upload of Texture Font fontname complete
10.4376 	EXP 	window1: mouseVisible = True
10.4377 	EXP 	window1: mouseVisible = True
10.4380 	EXP 	window1: mouseVisible = True
10.4383 	EXP 	window1: mouseVisible = True
10.4415 	EXP 	window1: mouseVisible = True
10.4416 	EXP 	window1: mouseVisible = True
10.4419 	EXP 	window1: mouseVisible = True
10.4422 	EXP 	window1: mouseVisible = True
10.4449 	DEBUG 	TextBox2 loaded 1 chars with 0 blanks and 1 valid
10.4450 	DEBUG 	Uploading Texture Font fontname to graphics card
10.4515 	DEBUG 	Upload of Texture Font fontname complete
10.4525 	EXP 	window1: mouseVisible = True
10.4526 	EXP 	window1: mouseVisible = True
10.4529 	EXP 	window1: mouseVisible = True
10.4532 	EXP 	window1: mouseVisible = True
10.4562 	EXP 	window1: mouseVisible = True
10.4563 	EXP 	window1: mouseVisible = True
10.4566 	EXP 	window1: mouseVisible = True
10.4569 	EXP 	window1: mouseVisible = True
10.4597 	DEBUG 	TextBox2 loaded 1 chars with 0 blanks and 1 valid
10.4598 	DEBUG 	Uploading Texture Font fontname to graphics card
10.4651 	DEBUG 	Upload of Texture Font fontname complete
10.4661 	EXP 	window1: mouseVisible = True
10.4662 	EXP 	window1: mouseVisible = True
10.4665 	EXP 	window1: mouseVisible = True
10.4668 	EXP 	window1: mouseVisible = True
10.4696 	EXP 	window1: mouseVisible = True
10.4696 	EXP 	window1: mouseVisible = True
10.4699 	EXP 	window1: mouseVisible = True
10.4702 	EXP 	window1: mouseVisible = True
10.4729 	DEBUG 	TextBox2 loaded 1 chars with 0 blanks and 1 valid
10.4730 	DEBUG 	Uploading Texture Font fontname to graphics card
10.4781 	DEBUG 	Upload of Texture Font fontname complete
10.4798 	EXP 	window1: mouseVisible = True
10.4799 	EXP 	window1: mouseVisible = True
10.4803 	EXP 	window1: mouseVisible = True
10.4806 	EXP 	window1: mouseVisible = True
10.4836 	EXP 	window1: mouseVisible = True
10.4837 	EXP 	window1: mouseVisible = True
10.4840 	EXP 	window1: mouseVisible = True
10.4842 	EXP 	window1: mouseVisible = True
10.4868 	EXP 	window1: mouseVisible = True
10.4869 	EXP 	window1: mouseVisible = True
10.4871 	EXP 	window1: mouseVisible = True
10.4874 	EXP 	window1: mouseVisible = True
10.4902 	EXP 	window1: mouseVisible = True
10.4909 	EXP 	window1: mouseVisible = True
10.5494 	EXP 	Created slider_trns = Slider(__class__=<class 'psychopy.visual.slider.Slider'>, autoDraw=False, autoLog=True, borderColor=None, color=None, colorSpace='rgb', depth=0, fillColor=None, flip=False, font='Open Sans', granularity=10.0, labelColor=None, labelHeight=0.05, labelWrapWidth=None, labels=(0, 10, 20, 30, 40, 50, 60, 70, 80, 90, 100), lineColor=None, markerColor=None, name='slider_trns', opacity=None, ori=0.0, pos=array([0., 0.]), readOnly=False, self=UNKNOWN, size=array([1. , 0.1]), startValue=50, style='slider', styleTweaks=[], ticks=ndarray(...), units='height', win=Window(...))
10.5494 	EXP 	window1: mouseVisible = True
0.0320 	EXP 	left_learning_reward: autoLog = True
0.0320 	EXP 	right_learning_reward: autoLog = True
0.0320 	EXP 	slider_trns: autoLog = True
0.0320 	EXP 	slider_trns: styleTweaks = []
0.0320 	EXP 	slider_trns: styleTweaks = []
0.0320 	EXP 	slider_trns: styleTweaks = []
0.0320 	EXP 	slider_trns: styleTweaks = []
0.0320 	EXP 	slider_trns: contrast = 1.0
0.0320 	EXP 	slider_trns: markerPos = 50
0.0320 	EXP 	slider_trns: autoLog = True
0.0767 	INFO 	Keyboard events cleared
0.0761 	EXP 	text1: autoDraw = True
29.7237 	EXP 	Created sequence: random, trialTypes=1, nReps=1, seed=None
29.7238 	EXP 	New trial (rep=0, index=0): None
29.7251 	DATA 	Keypress: space
29.7310 	EXP 	text1: autoDraw = False
29.7310 	EXP 	fixation1: autoDraw = True
30.7172 	EXP 	window1: backgroundImage = ''
30.7172 	EXP 	window1: backgroundFit = 'none'
30.8027 	INFO 	Keyboard events cleared
30.8020 	EXP 	fixation1: autoDraw = False
30.8020 	EXP 	fixation1: autoDraw = False
30.8020 	EXP 	left_image: image = '4.jpg'
30.8020 	EXP 	right_image: image = '3.jpg'
30.8020 	EXP 	left_image: autoDraw = True
30.8020 	EXP 	right_image: autoDraw = True
34.7316 	EXP 	polygon: autoDraw = True
34.7316 	EXP 	left_learning_reward: autoDraw = True
34.7316 	EXP 	right_learning_reward: autoDraw = True
35.7316 	EXP 	polygon: autoDraw = False
35.7316 	EXP 	left_learning_reward: autoDraw = False
35.7316 	EXP 	right_learning_reward: autoDraw = False
35.8155 	EXP 	left_image: autoDraw = False
35.8155 	EXP 	right_image: autoDraw = False
36.7475 	EXP 	text_no_resp: autoDraw = True
37.7373 	DEBUG 	Fullscreen settings ignored as running in pilot mode.
37.7376 	EXP 	window1: backgroundImage = ''
37.7376 	EXP 	window1: backgroundFit = 'none'
37.7376 	EXP 	window1: units = 'height'
37.7389 	EXP 	window1: Attempting to measure frame rate of screen (0) ...
37.7389 	EXP 	window1: recordFrameIntervals = False
37.7476 	EXP 	text_no_resp: autoDraw = False
37.7476 	EXP 	left_image: autoDraw = False
37.7476 	EXP 	right_image: autoDraw = False
37.7476 	EXP 	polygon: autoDraw = False
37.7476 	EXP 	left_learning_reward: autoDraw = False
37.7476 	EXP 	right_learning_reward: autoDraw = False
37.7476 	EXP 	text_no_resp: autoDraw = False
37.9026 	EXP 	window1: recordFrameIntervals = True
38.0843 	EXP 	Screen (0) actual frame rate measured at 60.01Hz
38.0843 	EXP 	window1: recordFrameIntervals = False
38.0844 	EXP 	window1: mouseVisible = False
38.0981 	INFO 	Keyboard events cleared
38.0977 	EXP 	text2: autoDraw = True
47.2736 	EXP 	Created sequence: random, trialTypes=1, nReps=10, seed=None
47.2739 	EXP 	New trial (rep=0, index=0): None
47.2757 	DATA 	Keypress: space
47.2810 	EXP 	text2: autoDraw = False
47.2810 	EXP 	fixation2: autoDraw = True
48.3333 	INFO 	Keyboard events cleared
48.3330 	EXP 	fixation2: autoDraw = False
48.3330 	EXP 	fixation2: autoDraw = False
48.3330 	EXP 	left_image_2: image = '4.jpg'
48.3330 	EXP 	right_image_2: image = '3.jpg'
48.3330 	EXP 	left_image_2: autoDraw = True
48.3330 	EXP 	right_image_2: autoDraw = True
53.0139 	DATA 	Keypress: right
54.0156 	EXP 	polygon_2: autoDraw = True
55.0305 	EXP 	left_image_2: autoDraw = False
55.0305 	EXP 	right_image_2: autoDraw = False
56.0797 	EXP 	polygon_2: autoDraw = False
56.0797 	EXP 	left_image_2: autoDraw = False
56.0797 	EXP 	right_image_2: autoDraw = False
56.0797 	EXP 	polygon_2: autoDraw = False
56.0797 	EXP 	slider_trns: markerPos = None
56.0797 	EXP 	slider_trns: markerPos = 50
56.0797 	EXP 	slider_trns: autoDraw = True
93.1484 	DATA 	Keypress: quoteleft
93.1485 	DATA 	Keypress: escape
93.2152 	EXP 	article1: status = STOPPED
93.2306 	EXP 	slider_trns: autoDraw = False
93.2339 	EXP 	article1: status = STOPPED
93.2419 	INFO 	saved data to 'D:\\UT\\semester 4 - courses\\Cognitive science\\HWs\\HW1\\answer\\article1\\data/593431_article1_2024-05-28_01h31.11.627.csv'
93.2424 	INFO 	saved data to D:\UT\semester 4 - courses\Cognitive science\HWs\HW1\answer\article1\data/593431_article1_2024-05-28_01h31.11.627.psydat
93.2751 	EXP 	window1: mouseVisible = True
94.0148 	DEBUG 	Saving data for article1 ExperimentHandler
