9.1096 	DEBUG 	Fullscreen settings ignored as running in pilot mode.
9.1121 	INFO 	Loaded monitor calibration from ['2024_05_21 12:08']
9.6145 	EXP 	Created window1 = Window(allowGUI=True, allowStencil=True, autoLog=True, backendConf=UNKNOWN, backgroundFit=<method-wrapper '__getattribute__' of attributeSetter object at 0x0000016049643D00>, backgroundImage=<method-wrapper '__getattribute__' of attributeSetter object at 0x0000016049643CA0>, bitsMode=UNKNOWN, blendMode='avg', bpc=(8, 8, 8), color=array([1, 1, 1]), colorSpace='rgb', depthBits=8, fullscr=<method-wrapper '__getattribute__' of attributeSetter object at 0x0000016049643AF0>, gamma=None, gammaErrorPolicy='raise', infoMsg=UNKNOWN, lms=UNKNOWN, monitor=<psychopy.monitors.calibTools.Monitor object at 0x00000160499AA9A0>, multiSample=False, name='window1', numSamples=2, pos=[560.0, 240.0], screen=0, size=array([800, 600]), stencilBits=8, stereo=False, title='PsychoPy', units='height', useFBO=True, useRetina=False, viewOri=0.0, viewPos=None, viewScale=None, waitBlanking=True, winType='pyglet')
9.6148 	EXP 	window1: mouseVisible = True
9.6148 	EXP 	window1: backgroundImage = ''
9.6149 	EXP 	window1: backgroundFit = 'none'
9.6153 	EXP 	window1: mouseVisible = True
9.6163 	EXP 	window1: mouseVisible = True
9.6209 	EXP 	window1: mouseVisible = True
9.6224 	EXP 	window1: mouseVisible = True
9.6375 	DEBUG 	TextBox2 loaded 1 chars with 0 blanks and 1 valid
9.6411 	DEBUG 	TextBox2 loaded 1 chars with 0 blanks and 1 valid
9.6443 	DEBUG 	TextBox2 loaded 1 chars with 0 blanks and 1 valid
9.6478 	DEBUG 	TextBox2 loaded 1 chars with 0 blanks and 1 valid
9.6510 	DEBUG 	TextBox2 loaded 1 chars with 0 blanks and 1 valid
9.6531 	DEBUG 	TextBox2 loaded 1 chars with 0 blanks and 1 valid
9.6555 	DEBUG 	TextBox2 loaded 1 chars with 0 blanks and 1 valid
9.6582 	DEBUG 	TextBox2 loaded 1 chars with 0 blanks and 1 valid
9.6595 	DEBUG 	TextBox2 loaded 1 chars with 0 blanks and 1 valid
9.6608 	DEBUG 	TextBox2 loaded 1 chars with 0 blanks and 1 valid
9.6626 	DEBUG 	TextBox2 loaded 1 chars with 0 blanks and 1 valid
9.6644 	DEBUG 	TextBox2 loaded 1 chars with 0 blanks and 1 valid
9.6660 	DEBUG 	TextBox2 loaded 1 chars with 0 blanks and 1 valid
9.6676 	DEBUG 	TextBox2 loaded 1 chars with 0 blanks and 1 valid
9.6689 	DEBUG 	TextBox2 loaded 1 chars with 0 blanks and 1 valid
9.6703 	DEBUG 	TextBox2 loaded 1 chars with 0 blanks and 1 valid
9.6716 	DEBUG 	TextBox2 loaded 1 chars with 0 blanks and 1 valid
9.6726 	DEBUG 	TextBox2 loaded 1 chars with 0 blanks and 1 valid
9.6736 	DEBUG 	TextBox2 loaded 1 chars with 0 blanks and 1 valid
9.6752 	DEBUG 	TextBox2 loaded 1 chars with 0 blanks and 1 valid
9.6762 	DEBUG 	TextBox2 loaded 1 chars with 0 blanks and 1 valid
9.6766 	DEBUG 	Uploading Texture Font fontname to graphics card
9.6965 	DEBUG 	Upload of Texture Font fontname complete
9.7001 	EXP 	window1: mouseVisible = True
9.7005 	EXP 	window1: mouseVisible = True
9.7022 	EXP 	window1: mouseVisible = True
9.7036 	EXP 	window1: mouseVisible = True
9.7148 	DEBUG 	TextBox2 loaded 1 chars with 0 blanks and 1 valid
9.7186 	DEBUG 	TextBox2 loaded 1 chars with 0 blanks and 1 valid
9.7222 	DEBUG 	TextBox2 loaded 1 chars with 0 blanks and 1 valid
9.7229 	DEBUG 	Uploading Texture Font fontname to graphics card
9.7499 	DEBUG 	Upload of Texture Font fontname complete
9.7564 	EXP 	window1: Attempting to measure frame rate of screen (0) ...
9.7564 	EXP 	window1: recordFrameIntervals = False
9.9715 	EXP 	window1: recordFrameIntervals = True
10.3904 	EXP 	Screen (0) actual frame rate measured at 58.69Hz
10.3906 	EXP 	window1: recordFrameIntervals = False
10.3909 	EXP 	window1: mouseVisible = False
10.3931 	EXP 	window1: mouseVisible = True
10.3941 	EXP 	window1: mouseVisible = True
10.3963 	EXP 	window1: mouseVisible = True
10.3976 	EXP 	window1: mouseVisible = True
10.4071 	DEBUG 	TextBox2 loaded 1 chars with 0 blanks and 1 valid
10.4090 	DEBUG 	TextBox2 loaded 1 chars with 0 blanks and 1 valid
10.4113 	DEBUG 	TextBox2 loaded 1 chars with 0 blanks and 1 valid
10.4138 	DEBUG 	TextBox2 loaded 1 chars with 0 blanks and 1 valid
10.4171 	DEBUG 	TextBox2 loaded 1 chars with 0 blanks and 1 valid
10.4196 	DEBUG 	TextBox2 loaded 1 chars with 0 blanks and 1 valid
10.4212 	DEBUG 	TextBox2 loaded 1 chars with 0 blanks and 1 valid
10.4233 	DEBUG 	TextBox2 loaded 1 chars with 0 blanks and 1 valid
10.4253 	DEBUG 	TextBox2 loaded 1 chars with 0 blanks and 1 valid
10.4273 	DEBUG 	TextBox2 loaded 1 chars with 0 blanks and 1 valid
10.4278 	DEBUG 	Uploading Texture Font fontname to graphics card
10.4287 	DEBUG 	Upload of Texture Font fontname complete
10.4321 	EXP 	window1: mouseVisible = True
10.4325 	EXP 	window1: mouseVisible = True
10.4334 	EXP 	window1: mouseVisible = True
10.4342 	EXP 	window1: mouseVisible = True
10.5018 	WARNING 	launchHubServer: If using the iohub mouse or eyetracker devices, fullScr should be True.
14.5526 	INFO 	keyboard.Keyboard is using iohub backend.
14.5526 	INFO 	keyboard.Keyboard is using iohub backend.
14.5527 	INFO 	keyboard.Keyboard is using iohub backend.
14.5527 	INFO 	keyboard.Keyboard is using iohub backend.
14.5528 	INFO 	keyboard.Keyboard is using iohub backend.
14.5528 	INFO 	keyboard.Keyboard is using iohub backend.
14.5529 	EXP 	article1: status = STARTED
14.5533 	EXP 	window1: mouseVisible = True
14.7200 	EXP 	Created text1 = TextStim(__class__=<class 'psychopy.visual.text.TextStim'>, alignHoriz=method-wrapper(...), alignText='center', alignVert=method-wrapper(...), anchorHoriz='center', anchorVert='center', antialias=True, autoDraw=False, autoLog=True, bold=False, color=array([-1., -1., -1.]), colorSpace='rgb', contrast=1.0, depth=0.0, draggable=False, flipHoriz=False, flipVert=False, font='Arial', fontFiles=[], height=0.05, italic=False, languageStyle='Arabic', name='text1', opacity=1.0, ori=0.0, pos=array([0., 0.]), rgb=UNKNOWN, text=str(...), units='height', win=Window(...), wrapWidth=1)
14.7203 	EXP 	window1: mouseVisible = True
14.7228 	EXP 	Created fixation1 = ShapeStim(__class__=<class 'psychopy.visual.shape.ShapeStim'>, anchor=('center', 'center'), autoDraw=False, autoLog=True, closeShape=True, color=method-wrapper(...), colorSpace='rgb', contrast=None, depth=0.0, draggable=False, fillColor=array([-1, -1, -1]), fillColorSpace='rgb', fillRGB=array([-1, -1, -1]), interpolate=True, lineColor=array([-1., -1., -1.]), lineColorSpace='rgb', lineRGB=array([-1., -1., -1.]), lineWidth=0.08, name='fixation1', opacity=1.0, ori=0.0, pos=array([0., 0.]), size=array([0.03, 0.06]), units='norm', vertices=ndarray(...), win=Window(...), windingRule=None)
14.7230 	EXP 	window1: mouseVisible = True
14.7318 	EXP 	Created left_image = ImageStim(__class__=<class 'psychopy.visual.image.ImageStim'>, anchor=('center', 'center'), autoLog=True, color=array([1., 1., 1.]), colorSpace='rgb', contrast=1.0, depth=-1.0, draggable=False, flipHoriz=False, flipVert=False, image='default.png', interpolate=True, mask=None, maskParams=None, name='left_image', opacity=1.0, ori=0.0, pos=array([-0.5,  0. ]), size=array([0.5, 0.5]), texRes=128.0, units='height', win=Window(...))
14.7323 	EXP 	window1: mouseVisible = True
14.7409 	EXP 	Created right_image = ImageStim(__class__=<class 'psychopy.visual.image.ImageStim'>, anchor=('center', 'center'), autoLog=True, color=array([1., 1., 1.]), colorSpace='rgb', contrast=1.0, depth=-2.0, draggable=False, flipHoriz=False, flipVert=False, image='default.png', interpolate=True, mask=None, maskParams=None, name='right_image', opacity=1.0, ori=0.0, pos=array([0.5, 0. ]), size=array([0.5, 0.5]), texRes=128.0, units='height', win=Window(...))
14.7412 	EXP 	window1: mouseVisible = True
14.7430 	EXP 	Created polygon = Rect(__class__=<class 'psychopy.visual.rect.Rect'>, anchor=('center', 'center'), autoDraw=False, autoLog=True, closeShape=True, color=method-wrapper(...), colorSpace='rgb', contrast=None, depth=-5.0, draggable=False, fillColor=array([0., 0., 0.]), fillColorSpace='rgb', fillRGB=array([0., 0., 0.]), interpolate=True, lineColor=array([-0.5765,  0.0039,  1.    ]), lineColorSpace='rgb', lineRGB=array([-0.5765,  0.0039,  1.    ]), lineWidth=20.0, name='polygon', opacity=0.3, ori=0.0, pos=array([0., 0.]), size=array([0.5, 0.5]), units='height', vertices=ndarray(...), win=Window(...))
14.7432 	EXP 	window1: mouseVisible = True
14.7434 	EXP 	window1: mouseVisible = True
14.7442 	EXP 	window1: mouseVisible = True
14.7449 	EXP 	window1: mouseVisible = True
14.7520 	EXP 	window1: mouseVisible = True
14.7523 	EXP 	window1: mouseVisible = True
14.7531 	EXP 	window1: mouseVisible = True
14.7537 	EXP 	window1: mouseVisible = True
14.7602 	DEBUG 	TextBox2 loaded 1 chars with 0 blanks and 1 valid
14.7629 	DEBUG 	TextBox2 loaded 1 chars with 0 blanks and 1 valid
14.7665 	DEBUG 	TextBox2 loaded 1 chars with 0 blanks and 1 valid
14.7694 	DEBUG 	TextBox2 loaded 1 chars with 0 blanks and 1 valid
14.7715 	DEBUG 	TextBox2 loaded 1 chars with 0 blanks and 1 valid
14.7744 	DEBUG 	TextBox2 loaded 1 chars with 0 blanks and 1 valid
14.7772 	DEBUG 	TextBox2 loaded 1 chars with 0 blanks and 1 valid
14.7798 	DEBUG 	TextBox2 loaded 1 chars with 0 blanks and 1 valid
14.7828 	DEBUG 	TextBox2 loaded 1 chars with 0 blanks and 1 valid
14.7833 	DEBUG 	Uploading Texture Font fontname to graphics card
14.7850 	DEBUG 	Upload of Texture Font fontname complete
14.7866 	EXP 	window1: mouseVisible = True
14.7868 	EXP 	window1: mouseVisible = True
14.7874 	EXP 	window1: mouseVisible = True
14.7879 	EXP 	window1: mouseVisible = True
14.7922 	EXP 	window1: mouseVisible = True
14.7923 	EXP 	window1: mouseVisible = True
14.7929 	EXP 	window1: mouseVisible = True
14.7935 	EXP 	window1: mouseVisible = True
14.8265 	EXP 	window1: mouseVisible = True
14.8289 	EXP 	Created text_no_resp = TextStim(__class__=<class 'psychopy.visual.text.TextStim'>, alignHoriz=method-wrapper(...), alignText='center', alignVert=method-wrapper(...), anchorHoriz='center', anchorVert='center', antialias=True, autoDraw=False, autoLog=True, bold=False, color=array([-1., -1., -1.]), colorSpace='rgb', contrast=1.0, depth=-8.0, draggable=False, flipHoriz=False, flipVert=False, font='Arial', fontFiles=[], height=0.05, italic=False, languageStyle='Arabic', name='text_no_resp', opacity=1.0, ori=0.0, pos=array([0., 0.]), rgb=UNKNOWN, text='', units='height', win=Window(...), wrapWidth=1)
14.8291 	EXP 	window1: mouseVisible = True
14.8755 	EXP 	Created text2 = TextStim(__class__=<class 'psychopy.visual.text.TextStim'>, alignHoriz=method-wrapper(...), alignText='center', alignVert=method-wrapper(...), anchorHoriz='center', anchorVert='center', antialias=True, autoDraw=False, autoLog=True, bold=False, color=array([-1., -1., -1.]), colorSpace='rgb', contrast=1.0, depth=0.0, draggable=False, flipHoriz=False, flipVert=False, font='Arial', fontFiles=[], height=0.05, italic=False, languageStyle='Arabic', name='text2', opacity=1.0, ori=0.0, pos=array([0., 0.]), rgb=UNKNOWN, text=str(...), units='height', win=Window(...), wrapWidth=1)
14.8759 	EXP 	window1: mouseVisible = True
14.8808 	EXP 	Created fixation2 = ShapeStim(__class__=<class 'psychopy.visual.shape.ShapeStim'>, anchor=('center', 'center'), autoDraw=False, autoLog=True, closeShape=True, color=method-wrapper(...), colorSpace='rgb', contrast=None, depth=0.0, draggable=False, fillColor=array([-1, -1, -1]), fillColorSpace='rgb', fillRGB=array([-1, -1, -1]), interpolate=True, lineColor=array([-1., -1., -1.]), lineColorSpace='rgb', lineRGB=array([-1., -1., -1.]), lineWidth=0.08, name='fixation2', opacity=1.0, ori=0.0, pos=array([0., 0.]), size=array([0.03, 0.06]), units='norm', vertices=ndarray(...), win=Window(...), windingRule=None)
14.8810 	EXP 	window1: mouseVisible = True
14.8877 	EXP 	Created left_image_2 = ImageStim(__class__=<class 'psychopy.visual.image.ImageStim'>, anchor=('center', 'center'), autoLog=True, color=array([1., 1., 1.]), colorSpace='rgb', contrast=1.0, depth=-1.0, draggable=False, flipHoriz=False, flipVert=False, image='default.png', interpolate=True, mask=None, maskParams=None, name='left_image_2', opacity=1.0, ori=0.0, pos=array([-0.5,  0. ]), size=array([0.5, 0.5]), texRes=128.0, units='height', win=Window(...))
14.8879 	EXP 	window1: mouseVisible = True
14.8939 	EXP 	Created right_image_2 = ImageStim(__class__=<class 'psychopy.visual.image.ImageStim'>, anchor=('center', 'center'), autoLog=True, color=array([1., 1., 1.]), colorSpace='rgb', contrast=1.0, depth=-2.0, draggable=False, flipHoriz=False, flipVert=False, image='default.png', interpolate=True, mask=None, maskParams=None, name='right_image_2', opacity=1.0, ori=0.0, pos=array([0.5, 0. ]), size=array([0.5, 0.5]), texRes=128.0, units='height', win=Window(...))
14.8941 	EXP 	window1: mouseVisible = True
14.8959 	EXP 	Created polygon_2 = Rect(__class__=<class 'psychopy.visual.rect.Rect'>, anchor=('center', 'center'), autoDraw=False, autoLog=True, closeShape=True, color=method-wrapper(...), colorSpace='rgb', contrast=None, depth=-5.0, draggable=False, fillColor=array([0., 0., 0.]), fillColorSpace='rgb', fillRGB=array([0., 0., 0.]), interpolate=True, lineColor=array([-0.5765,  0.0039,  1.    ]), lineColorSpace='rgb', lineRGB=array([-0.5765,  0.0039,  1.    ]), lineWidth=20.0, name='polygon_2', opacity=0.3, ori=0.0, pos=array([0., 0.]), size=array([0.5, 0.5]), units='height', vertices=ndarray(...), win=Window(...))
14.9063 	EXP 	window1: mouseVisible = True
14.9069 	EXP 	window1: mouseVisible = True
14.9096 	EXP 	window1: mouseVisible = True
14.9098 	EXP 	window1: mouseVisible = True
14.9104 	EXP 	window1: mouseVisible = True
14.9110 	EXP 	window1: mouseVisible = True
14.9162 	DEBUG 	TextBox2 loaded 1 chars with 0 blanks and 1 valid
14.9164 	DEBUG 	Uploading Texture Font fontname to graphics card
14.9174 	DEBUG 	Upload of Texture Font fontname complete
14.9194 	EXP 	window1: mouseVisible = True
14.9196 	EXP 	window1: mouseVisible = True
14.9203 	EXP 	window1: mouseVisible = True
14.9216 	EXP 	window1: mouseVisible = True
14.9271 	DEBUG 	TextBox2 loaded 1 chars with 0 blanks and 1 valid
14.9284 	DEBUG 	Uploading Texture Font fontname to graphics card
14.9390 	DEBUG 	Upload of Texture Font fontname complete
14.9420 	EXP 	window1: mouseVisible = True
14.9423 	EXP 	window1: mouseVisible = True
14.9434 	EXP 	window1: mouseVisible = True
14.9445 	EXP 	window1: mouseVisible = True
14.9555 	DEBUG 	TextBox2 loaded 1 chars with 0 blanks and 1 valid
14.9563 	DEBUG 	Uploading Texture Font fontname to graphics card
14.9770 	DEBUG 	Upload of Texture Font fontname complete
14.9814 	EXP 	window1: mouseVisible = True
14.9822 	EXP 	window1: mouseVisible = True
14.9843 	EXP 	window1: mouseVisible = True
14.9857 	EXP 	window1: mouseVisible = True
15.0002 	EXP 	window1: mouseVisible = True
15.0006 	EXP 	window1: mouseVisible = True
15.0013 	EXP 	window1: mouseVisible = True
15.0020 	EXP 	window1: mouseVisible = True
15.0071 	DEBUG 	TextBox2 loaded 1 chars with 0 blanks and 1 valid
15.0074 	DEBUG 	Uploading Texture Font fontname to graphics card
15.0236 	DEBUG 	Upload of Texture Font fontname complete
15.0280 	EXP 	window1: mouseVisible = True
15.0284 	EXP 	window1: mouseVisible = True
15.0298 	EXP 	window1: mouseVisible = True
15.0311 	EXP 	window1: mouseVisible = True
15.0454 	EXP 	window1: mouseVisible = True
15.0459 	EXP 	window1: mouseVisible = True
15.0477 	EXP 	window1: mouseVisible = True
15.0491 	EXP 	window1: mouseVisible = True
15.0570 	DEBUG 	TextBox2 loaded 1 chars with 0 blanks and 1 valid
15.0573 	DEBUG 	Uploading Texture Font fontname to graphics card
15.0773 	DEBUG 	Upload of Texture Font fontname complete
15.0822 	EXP 	window1: mouseVisible = True
15.0832 	EXP 	window1: mouseVisible = True
15.0851 	EXP 	window1: mouseVisible = True
15.0865 	EXP 	window1: mouseVisible = True
15.0959 	EXP 	window1: mouseVisible = True
15.0963 	EXP 	window1: mouseVisible = True
15.0975 	EXP 	window1: mouseVisible = True
15.0983 	EXP 	window1: mouseVisible = True
15.1050 	DEBUG 	TextBox2 loaded 1 chars with 0 blanks and 1 valid
15.1053 	DEBUG 	Uploading Texture Font fontname to graphics card
15.1285 	DEBUG 	Upload of Texture Font fontname complete
15.1332 	EXP 	window1: mouseVisible = True
15.1339 	EXP 	window1: mouseVisible = True
15.1357 	EXP 	window1: mouseVisible = True
15.1372 	EXP 	window1: mouseVisible = True
15.1512 	EXP 	window1: mouseVisible = True
15.1514 	EXP 	window1: mouseVisible = True
15.1524 	EXP 	window1: mouseVisible = True
15.1533 	EXP 	window1: mouseVisible = True
15.1623 	DEBUG 	TextBox2 loaded 1 chars with 0 blanks and 1 valid
15.1626 	DEBUG 	Uploading Texture Font fontname to graphics card
15.1802 	DEBUG 	Upload of Texture Font fontname complete
15.1847 	EXP 	window1: mouseVisible = True
15.1852 	EXP 	window1: mouseVisible = True
15.1866 	EXP 	window1: mouseVisible = True
15.1879 	EXP 	window1: mouseVisible = True
15.2005 	EXP 	window1: mouseVisible = True
15.2007 	EXP 	window1: mouseVisible = True
15.2019 	EXP 	window1: mouseVisible = True
15.2027 	EXP 	window1: mouseVisible = True
15.2103 	DEBUG 	TextBox2 loaded 1 chars with 0 blanks and 1 valid
15.2106 	DEBUG 	Uploading Texture Font fontname to graphics card
15.2317 	DEBUG 	Upload of Texture Font fontname complete
15.2366 	EXP 	window1: mouseVisible = True
15.2372 	EXP 	window1: mouseVisible = True
15.2390 	EXP 	window1: mouseVisible = True
15.2404 	EXP 	window1: mouseVisible = True
15.2535 	EXP 	window1: mouseVisible = True
15.2538 	EXP 	window1: mouseVisible = True
15.2546 	EXP 	window1: mouseVisible = True
15.2555 	EXP 	window1: mouseVisible = True
15.2623 	DEBUG 	TextBox2 loaded 1 chars with 0 blanks and 1 valid
15.2629 	DEBUG 	Uploading Texture Font fontname to graphics card
15.2806 	DEBUG 	Upload of Texture Font fontname complete
15.2825 	EXP 	window1: mouseVisible = True
15.2827 	EXP 	window1: mouseVisible = True
15.2833 	EXP 	window1: mouseVisible = True
15.2839 	EXP 	window1: mouseVisible = True
15.2941 	EXP 	window1: mouseVisible = True
15.2944 	EXP 	window1: mouseVisible = True
15.2958 	EXP 	window1: mouseVisible = True
15.2971 	EXP 	window1: mouseVisible = True
15.3030 	DEBUG 	TextBox2 loaded 1 chars with 0 blanks and 1 valid
15.3033 	DEBUG 	Uploading Texture Font fontname to graphics card
15.3125 	DEBUG 	Upload of Texture Font fontname complete
15.3150 	EXP 	window1: mouseVisible = True
15.3153 	EXP 	window1: mouseVisible = True
15.3162 	EXP 	window1: mouseVisible = True
15.3171 	EXP 	window1: mouseVisible = True
15.3274 	EXP 	window1: mouseVisible = True
15.3277 	EXP 	window1: mouseVisible = True
15.3288 	EXP 	window1: mouseVisible = True
15.3296 	EXP 	window1: mouseVisible = True
15.3362 	DEBUG 	TextBox2 loaded 1 chars with 0 blanks and 1 valid
15.3366 	DEBUG 	Uploading Texture Font fontname to graphics card
15.3475 	DEBUG 	Upload of Texture Font fontname complete
15.3497 	EXP 	window1: mouseVisible = True
15.3499 	EXP 	window1: mouseVisible = True
15.3505 	EXP 	window1: mouseVisible = True
15.3511 	EXP 	window1: mouseVisible = True
15.3576 	EXP 	window1: mouseVisible = True
15.3578 	EXP 	window1: mouseVisible = True
15.3590 	EXP 	window1: mouseVisible = True
15.3598 	EXP 	window1: mouseVisible = True
15.3652 	EXP 	window1: mouseVisible = True
15.3654 	EXP 	window1: mouseVisible = True
15.3660 	EXP 	window1: mouseVisible = True
15.3666 	EXP 	window1: mouseVisible = True
15.3729 	EXP 	window1: mouseVisible = True
15.3748 	EXP 	window1: mouseVisible = True
15.4972 	EXP 	Created slider_trns = Slider(__class__=<class 'psychopy.visual.slider.Slider'>, autoDraw=False, autoLog=True, borderColor=None, color=None, colorSpace='rgb', depth=0, fillColor=None, flip=False, font='Open Sans', granularity=10.0, labelColor=None, labelHeight=0.05, labelWrapWidth=None, labels=(0, 10, 20, 30, 40, 50, 60, 70, 80, 90, 100), lineColor=None, markerColor=None, name='slider_trns', opacity=None, ori=0.0, pos=array([0., 0.]), readOnly=False, self=UNKNOWN, size=array([1. , 0.1]), startValue=50, style='slider', styleTweaks=[], ticks=ndarray(...), units='height', win=Window(...))
15.4973 	EXP 	window1: mouseVisible = True
15.4974 	EXP 	window1: mouseVisible = True
15.5108 	EXP 	Created text3 = TextStim(__class__=<class 'psychopy.visual.text.TextStim'>, alignHoriz=method-wrapper(...), alignText='center', alignVert=method-wrapper(...), anchorHoriz='center', anchorVert='center', antialias=True, autoDraw=False, autoLog=True, bold=False, color=array([-1., -1., -1.]), colorSpace='rgb', contrast=1.0, depth=0.0, draggable=False, flipHoriz=False, flipVert=False, font='Arial', fontFiles=[], height=0.05, italic=False, languageStyle='Arabic', name='text3', opacity=1.0, ori=0.0, pos=array([0., 0.]), rgb=UNKNOWN, text=str(...), units='height', win=Window(...), wrapWidth=1)
15.5110 	EXP 	window1: mouseVisible = True
15.5131 	EXP 	Created fixation3 = ShapeStim(__class__=<class 'psychopy.visual.shape.ShapeStim'>, anchor=('center', 'center'), autoDraw=False, autoLog=True, closeShape=True, color=method-wrapper(...), colorSpace='rgb', contrast=None, depth=0.0, draggable=False, fillColor=array([-1, -1, -1]), fillColorSpace='rgb', fillRGB=array([-1, -1, -1]), interpolate=True, lineColor=array([-1., -1., -1.]), lineColorSpace='rgb', lineRGB=array([-1., -1., -1.]), lineWidth=0.08, name='fixation3', opacity=1.0, ori=0.0, pos=array([0., 0.]), size=array([0.03, 0.06]), units='norm', vertices=ndarray(...), win=Window(...), windingRule=None)
15.5133 	EXP 	window1: mouseVisible = True
15.5204 	EXP 	Created image_3 = ImageStim(__class__=<class 'psychopy.visual.image.ImageStim'>, anchor=('center', 'center'), autoLog=True, color=array([1., 1., 1.]), colorSpace='rgb', contrast=1.0, depth=-1.0, draggable=False, flipHoriz=False, flipVert=False, image='default.png', interpolate=True, mask=None, maskParams=None, name='image_3', opacity=1.0, ori=0.0, pos=array([0. , 0.2]), size=array([0.5, 0.5]), texRes=128.0, units='height', win=Window(...))
15.5243 	EXP 	window1: mouseVisible = True
15.5248 	EXP 	window1: mouseVisible = True
15.5273 	EXP 	window1: mouseVisible = True
15.5274 	EXP 	window1: mouseVisible = True
15.5281 	EXP 	window1: mouseVisible = True
15.5286 	EXP 	window1: mouseVisible = True
15.5350 	EXP 	window1: mouseVisible = True
15.5353 	EXP 	window1: mouseVisible = True
15.5364 	EXP 	window1: mouseVisible = True
15.5373 	EXP 	window1: mouseVisible = True
15.5452 	EXP 	window1: mouseVisible = True
15.5454 	EXP 	window1: mouseVisible = True
15.5461 	EXP 	window1: mouseVisible = True
15.5467 	EXP 	window1: mouseVisible = True
15.5517 	EXP 	window1: mouseVisible = True
15.5518 	EXP 	window1: mouseVisible = True
15.5524 	EXP 	window1: mouseVisible = True
15.5529 	EXP 	window1: mouseVisible = True
15.5580 	EXP 	window1: mouseVisible = True
15.5582 	EXP 	window1: mouseVisible = True
15.5587 	EXP 	window1: mouseVisible = True
15.5593 	EXP 	window1: mouseVisible = True
15.5647 	EXP 	window1: mouseVisible = True
15.5649 	EXP 	window1: mouseVisible = True
15.5655 	EXP 	window1: mouseVisible = True
15.5660 	EXP 	window1: mouseVisible = True
15.5710 	EXP 	window1: mouseVisible = True
15.5712 	EXP 	window1: mouseVisible = True
15.5718 	EXP 	window1: mouseVisible = True
15.5723 	EXP 	window1: mouseVisible = True
15.5773 	EXP 	window1: mouseVisible = True
15.5775 	EXP 	window1: mouseVisible = True
15.5780 	EXP 	window1: mouseVisible = True
15.5786 	EXP 	window1: mouseVisible = True
15.5843 	EXP 	window1: mouseVisible = True
15.5845 	EXP 	window1: mouseVisible = True
15.5850 	EXP 	window1: mouseVisible = True
15.5856 	EXP 	window1: mouseVisible = True
15.5907 	EXP 	window1: mouseVisible = True
15.5909 	EXP 	window1: mouseVisible = True
15.5915 	EXP 	window1: mouseVisible = True
15.5921 	EXP 	window1: mouseVisible = True
15.5979 	EXP 	window1: mouseVisible = True
15.5981 	EXP 	window1: mouseVisible = True
15.5989 	EXP 	window1: mouseVisible = True
15.5995 	EXP 	window1: mouseVisible = True
15.6046 	EXP 	window1: mouseVisible = True
15.6047 	EXP 	window1: mouseVisible = True
15.6053 	EXP 	window1: mouseVisible = True
15.6059 	EXP 	window1: mouseVisible = True
15.6114 	EXP 	window1: mouseVisible = True
15.6116 	EXP 	window1: mouseVisible = True
15.6122 	EXP 	window1: mouseVisible = True
15.6127 	EXP 	window1: mouseVisible = True
15.6177 	EXP 	window1: mouseVisible = True
15.6179 	EXP 	window1: mouseVisible = True
15.6185 	EXP 	window1: mouseVisible = True
15.6190 	EXP 	window1: mouseVisible = True
15.6245 	EXP 	window1: mouseVisible = True
15.6246 	EXP 	window1: mouseVisible = True
15.6252 	EXP 	window1: mouseVisible = True
15.6258 	EXP 	window1: mouseVisible = True
15.6314 	EXP 	window1: mouseVisible = True
15.6316 	EXP 	window1: mouseVisible = True
15.6322 	EXP 	window1: mouseVisible = True
15.6327 	EXP 	window1: mouseVisible = True
15.6390 	EXP 	window1: mouseVisible = True
15.6393 	EXP 	window1: mouseVisible = True
15.6401 	EXP 	window1: mouseVisible = True
15.6406 	EXP 	window1: mouseVisible = True
15.6479 	EXP 	window1: mouseVisible = True
15.6482 	EXP 	window1: mouseVisible = True
15.6490 	EXP 	window1: mouseVisible = True
15.6498 	EXP 	window1: mouseVisible = True
15.6561 	EXP 	window1: mouseVisible = True
15.6562 	EXP 	window1: mouseVisible = True
15.6570 	EXP 	window1: mouseVisible = True
15.6578 	EXP 	window1: mouseVisible = True
15.6652 	EXP 	window1: mouseVisible = True
15.6654 	EXP 	window1: mouseVisible = True
15.6661 	EXP 	window1: mouseVisible = True
15.6667 	EXP 	window1: mouseVisible = True
15.6724 	EXP 	window1: mouseVisible = True
15.6725 	EXP 	window1: mouseVisible = True
15.6738 	EXP 	window1: mouseVisible = True
15.6744 	EXP 	window1: mouseVisible = True
15.6793 	EXP 	window1: mouseVisible = True
15.6795 	EXP 	window1: mouseVisible = True
15.6801 	EXP 	window1: mouseVisible = True
15.6812 	EXP 	window1: mouseVisible = True
15.6868 	EXP 	window1: mouseVisible = True
15.6884 	EXP 	window1: mouseVisible = True
15.8069 	EXP 	Created slider_estm = Slider(__class__=<class 'psychopy.visual.slider.Slider'>, autoDraw=False, autoLog=True, borderColor=None, color=None, colorSpace='rgb', depth=-2, fillColor=None, flip=False, font='Open Sans', granularity=10.0, labelColor=None, labelHeight=0.05, labelWrapWidth=None, labels=(0, 10, 20, 30, 40, 50, 60, 70, 80, 90, 100), lineColor=None, markerColor=None, name='slider_estm', opacity=None, ori=0.0, pos=array([ 0. , -0.2]), readOnly=False, self=UNKNOWN, size=array([1. , 0.1]), startValue=50, style='slider', styleTweaks=[], ticks=ndarray(...), units='height', win=Window(...))
15.8070 	EXP 	window1: mouseVisible = True
0.0089 	EXP 	left_learning_reward: autoLog = True
0.0089 	EXP 	right_learning_reward: autoLog = True
0.0089 	EXP 	slider_trns: autoLog = True
0.0089 	EXP 	slider_trns: styleTweaks = []
0.0089 	EXP 	slider_trns: styleTweaks = []
0.0089 	EXP 	slider_trns: styleTweaks = []
0.0089 	EXP 	slider_trns: styleTweaks = []
0.0089 	EXP 	slider_trns: contrast = 1.0
0.0089 	EXP 	slider_trns: markerPos = 50
0.0089 	EXP 	slider_trns: autoLog = True
0.0089 	EXP 	slider_estm: autoLog = True
0.0089 	EXP 	slider_estm: styleTweaks = []
0.0089 	EXP 	slider_estm: styleTweaks = []
0.0089 	EXP 	slider_estm: styleTweaks = []
0.0089 	EXP 	slider_estm: styleTweaks = []
0.0089 	EXP 	slider_estm: contrast = 1.0
0.0089 	EXP 	slider_estm: markerPos = 50
0.0089 	EXP 	slider_estm: autoLog = True
0.0289 	INFO 	Keyboard events cleared
0.0280 	EXP 	text1: autoDraw = True
0.6712 	EXP 	Created sequence: random, trialTypes=1, nReps=1, seed=None
0.6716 	EXP 	New trial (rep=0, index=0): None
0.6745 	DATA 	Keypress: space
0.6931 	EXP 	text1: autoDraw = False
0.6931 	EXP 	fixation1: autoDraw = True
1.6825 	EXP 	window1: backgroundImage = ''
1.6826 	EXP 	window1: backgroundFit = 'none'
1.8321 	INFO 	Keyboard events cleared
1.8314 	EXP 	fixation1: autoDraw = False
1.8314 	EXP 	left_image: image = '2.jpg'
1.8314 	EXP 	right_image: image = '1.jpg'
1.8314 	EXP 	left_image: autoDraw = True
1.8314 	EXP 	right_image: autoDraw = True
2.6058 	DEBUG 	TextBox2 loaded 1 chars with 0 blanks and 1 valid
2.6111 	DEBUG 	TextBox2 loaded 1 chars with 0 blanks and 1 valid
2.6149 	DEBUG 	TextBox2 loaded 1 chars with 0 blanks and 1 valid
2.6186 	DEBUG 	TextBox2 loaded 1 chars with 0 blanks and 1 valid
2.6212 	DEBUG 	TextBox2 loaded 1 chars with 0 blanks and 1 valid
2.6241 	DEBUG 	TextBox2 loaded 1 chars with 0 blanks and 1 valid
2.6271 	DEBUG 	TextBox2 loaded 1 chars with 0 blanks and 1 valid
2.6276 	DEBUG 	Uploading Texture Font fontname to graphics card
2.6289 	DEBUG 	Upload of Texture Font fontname complete
2.6308 	DATA 	Keypress: right
5.6949 	EXP 	polygon: autoDraw = True
5.6949 	EXP 	left_learning_reward: autoDraw = True
5.6949 	EXP 	right_learning_reward: autoDraw = True
6.6943 	EXP 	polygon: autoDraw = False
6.6943 	EXP 	left_learning_reward: autoDraw = False
6.6943 	EXP 	right_learning_reward: autoDraw = False
6.8442 	EXP 	left_image: autoDraw = False
6.8442 	EXP 	right_image: autoDraw = False
7.6685 	DEBUG 	Fullscreen settings ignored as running in pilot mode.
7.6692 	EXP 	window1: backgroundImage = ''
7.6693 	EXP 	window1: backgroundFit = 'none'
7.6693 	EXP 	window1: units = 'height'
7.6717 	EXP 	window1: Attempting to measure frame rate of screen (0) ...
7.6718 	EXP 	window1: recordFrameIntervals = False
7.6939 	EXP 	left_image: autoDraw = False
7.6939 	EXP 	right_image: autoDraw = False
7.6939 	EXP 	polygon: autoDraw = False
7.6939 	EXP 	left_learning_reward: autoDraw = False
7.6939 	EXP 	right_learning_reward: autoDraw = False
7.6939 	EXP 	text_no_resp: autoDraw = False
7.8506 	EXP 	window1: recordFrameIntervals = True
8.0330 	EXP 	Screen (0) actual frame rate measured at 60.07Hz
8.0331 	EXP 	window1: recordFrameIntervals = False
8.0332 	EXP 	window1: mouseVisible = False
8.0463 	INFO 	Keyboard events cleared
8.0452 	EXP 	text2: autoDraw = True
8.7338 	EXP 	Created sequence: random, trialTypes=1, nReps=1, seed=None
8.7340 	EXP 	New trial (rep=0, index=0): None
8.7358 	DATA 	Keypress: space
8.7443 	EXP 	text2: autoDraw = False
8.7443 	EXP 	fixation2: autoDraw = True
9.8332 	INFO 	Keyboard events cleared
9.8317 	EXP 	fixation2: autoDraw = False
9.8317 	EXP 	fixation2: autoDraw = False
9.8317 	EXP 	left_image_2: image = '1.jpg'
9.8317 	EXP 	right_image_2: image = '2.jpg'
9.8317 	EXP 	left_image_2: autoDraw = True
9.8317 	EXP 	right_image_2: autoDraw = True
10.4434 	DATA 	Keypress: right
11.4429 	EXP 	polygon_2: autoDraw = True
12.4596 	EXP 	left_image_2: autoDraw = False
12.4596 	EXP 	right_image_2: autoDraw = False
13.5268 	EXP 	polygon_2: autoDraw = False
13.5268 	EXP 	left_image_2: autoDraw = False
13.5268 	EXP 	right_image_2: autoDraw = False
13.5268 	EXP 	polygon_2: autoDraw = False
13.5268 	EXP 	slider_trns: markerPos = None
13.5268 	EXP 	slider_trns: markerPos = 50
13.5268 	EXP 	slider_trns: autoDraw = True
15.8458 	DATA 	Mouse: Left button down, pos=(432,335)
16.1138 	DATA 	Mouse:  Left button up, pos=(432,333)
17.5962 	DATA 	Mouse: Left button down, pos=(667,292)
17.6588 	EXP 	slider_trns: markerPos = 94.5
17.7092 	EXP 	slider_trns: markerPos = 94.5
17.7130 	DATA 	Mouse:  Left button up, pos=(667,292)
17.7593 	EXP 	slider_trns: markerPos = 90.0
17.7782 	INFO 	Keyboard events cleared
17.7775 	EXP 	slider_trns: autoDraw = False
17.7775 	EXP 	text3: autoDraw = True
18.8004 	EXP 	Created sequence: random, trialTypes=1, nReps=5, seed=None
18.8007 	EXP 	New trial (rep=0, index=0): None
18.8031 	DATA 	Keypress: space
18.8110 	EXP 	text3: autoDraw = False
18.8110 	EXP 	fixation3: autoDraw = True
19.8454 	EXP 	window1: mouseVisible = True
19.8923 	EXP 	fixation3: autoDraw = False
19.8923 	EXP 	fixation3: autoDraw = False
19.8923 	EXP 	image_3: image = '4.jpg'
19.8923 	EXP 	slider_estm: markerPos = None
19.8923 	EXP 	slider_estm: markerPos = 50
19.8923 	EXP 	image_3: autoDraw = True
19.8923 	EXP 	slider_estm: autoDraw = True
23.4306 	DATA 	Mouse: Left button down, pos=(638,164)
23.5550 	EXP 	window1: mouseVisible = True
23.5762 	DEBUG 	Saving data for article1 ExperimentHandler
23.5778 	INFO 	saved data to D:\UT\semester 4 - courses\Cognitive science\HWs\HW1\answer\article1\data/604989_article1_2024-05-28_11h13.33.527.psydat
23.5817 	INFO 	saved data to 'D:\\UT\\semester 4 - courses\\Cognitive science\\HWs\\HW1\\answer\\article1\\data/604989_article1_2024-05-28_11h13.33.527.csv'
