4.8829 	DEBUG 	Fullscreen settings ignored as running in pilot mode.
4.8834 	INFO 	Loaded monitor calibration from ['2024_05_21 12:08']
5.0237 	EXP 	Created window1 = Window(allowGUI=True, allowStencil=True, autoLog=True, backendConf=UNKNOWN, backgroundFit=<method-wrapper '__getattribute__' of attributeSetter object at 0x000001DBCE4CCE80>, backgroundImage=<method-wrapper '__getattribute__' of attributeSetter object at 0x000001DBCE4CCE20>, bitsMode=UNKNOWN, blendMode='avg', bpc=(8, 8, 8), color=array([1, 1, 1]), colorSpace='rgb', depthBits=8, fullscr=<method-wrapper '__getattribute__' of attributeSetter object at 0x000001DBCE4CCC70>, gamma=None, gammaErrorPolicy='raise', infoMsg=UNKNOWN, lms=UNKNOWN, monitor=<psychopy.monitors.calibTools.Monitor object at 0x000001DBCE8F7AF0>, multiSample=False, name='window1', numSamples=2, pos=[560.0, 240.0], screen=0, size=array([800, 600]), stencilBits=8, stereo=False, title='PsychoPy', units='height', useFBO=True, useRetina=False, viewOri=0.0, viewPos=None, viewScale=None, waitBlanking=True, winType='pyglet')
5.0239 	EXP 	window1: mouseVisible = True
5.0239 	EXP 	window1: backgroundImage = ''
5.0239 	EXP 	window1: backgroundFit = 'none'
5.0241 	EXP 	window1: mouseVisible = True
5.0243 	EXP 	window1: mouseVisible = True
5.0265 	EXP 	window1: mouseVisible = True
5.0272 	EXP 	window1: mouseVisible = True
5.0318 	DEBUG 	TextBox2 loaded 1 chars with 0 blanks and 1 valid
5.0331 	DEBUG 	TextBox2 loaded 1 chars with 0 blanks and 1 valid
5.0341 	DEBUG 	TextBox2 loaded 1 chars with 0 blanks and 1 valid
5.0350 	DEBUG 	TextBox2 loaded 1 chars with 0 blanks and 1 valid
5.0358 	DEBUG 	TextBox2 loaded 1 chars with 0 blanks and 1 valid
5.0364 	DEBUG 	TextBox2 loaded 1 chars with 0 blanks and 1 valid
5.0372 	DEBUG 	TextBox2 loaded 1 chars with 0 blanks and 1 valid
5.0380 	DEBUG 	TextBox2 loaded 1 chars with 0 blanks and 1 valid
5.0385 	DEBUG 	TextBox2 loaded 1 chars with 0 blanks and 1 valid
5.0390 	DEBUG 	TextBox2 loaded 1 chars with 0 blanks and 1 valid
5.0397 	DEBUG 	TextBox2 loaded 1 chars with 0 blanks and 1 valid
5.0404 	DEBUG 	TextBox2 loaded 1 chars with 0 blanks and 1 valid
5.0411 	DEBUG 	TextBox2 loaded 1 chars with 0 blanks and 1 valid
5.0418 	DEBUG 	TextBox2 loaded 1 chars with 0 blanks and 1 valid
5.0426 	DEBUG 	TextBox2 loaded 1 chars with 0 blanks and 1 valid
5.0434 	DEBUG 	TextBox2 loaded 1 chars with 0 blanks and 1 valid
5.0441 	DEBUG 	TextBox2 loaded 1 chars with 0 blanks and 1 valid
5.0448 	DEBUG 	TextBox2 loaded 1 chars with 0 blanks and 1 valid
5.0456 	DEBUG 	TextBox2 loaded 1 chars with 0 blanks and 1 valid
5.0465 	DEBUG 	TextBox2 loaded 1 chars with 0 blanks and 1 valid
5.0470 	DEBUG 	TextBox2 loaded 1 chars with 0 blanks and 1 valid
5.0473 	DEBUG 	Uploading Texture Font fontname to graphics card
5.0541 	DEBUG 	Upload of Texture Font fontname complete
5.0555 	EXP 	window1: mouseVisible = True
5.0556 	EXP 	window1: mouseVisible = True
5.0562 	EXP 	window1: mouseVisible = True
5.0567 	EXP 	window1: mouseVisible = True
5.0620 	DEBUG 	TextBox2 loaded 1 chars with 0 blanks and 1 valid
5.0640 	DEBUG 	TextBox2 loaded 1 chars with 0 blanks and 1 valid
5.0650 	DEBUG 	TextBox2 loaded 1 chars with 0 blanks and 1 valid
5.0652 	DEBUG 	Uploading Texture Font fontname to graphics card
5.0720 	DEBUG 	Upload of Texture Font fontname complete
5.0761 	EXP 	window1: Attempting to measure frame rate of screen (0) ...
5.0762 	EXP 	window1: recordFrameIntervals = False
5.2513 	EXP 	window1: recordFrameIntervals = True
5.4692 	EXP 	Screen (0) actual frame rate measured at 59.67Hz
5.4692 	EXP 	window1: recordFrameIntervals = False
5.4694 	EXP 	window1: mouseVisible = False
5.4702 	EXP 	window1: mouseVisible = True
5.4706 	EXP 	window1: mouseVisible = True
5.4717 	EXP 	window1: mouseVisible = True
5.4726 	EXP 	window1: mouseVisible = True
5.4778 	DEBUG 	TextBox2 loaded 1 chars with 0 blanks and 1 valid
5.4787 	DEBUG 	TextBox2 loaded 1 chars with 0 blanks and 1 valid
5.4796 	DEBUG 	TextBox2 loaded 1 chars with 0 blanks and 1 valid
5.4809 	DEBUG 	TextBox2 loaded 1 chars with 0 blanks and 1 valid
5.4821 	DEBUG 	TextBox2 loaded 1 chars with 0 blanks and 1 valid
5.4831 	DEBUG 	TextBox2 loaded 1 chars with 0 blanks and 1 valid
5.4837 	DEBUG 	TextBox2 loaded 1 chars with 0 blanks and 1 valid
5.4848 	DEBUG 	TextBox2 loaded 1 chars with 0 blanks and 1 valid
5.4860 	DEBUG 	TextBox2 loaded 1 chars with 0 blanks and 1 valid
5.4870 	DEBUG 	TextBox2 loaded 1 chars with 0 blanks and 1 valid
5.4872 	DEBUG 	Uploading Texture Font fontname to graphics card
5.4878 	DEBUG 	Upload of Texture Font fontname complete
5.4890 	EXP 	window1: mouseVisible = True
5.4891 	EXP 	window1: mouseVisible = True
5.4895 	EXP 	window1: mouseVisible = True
5.4898 	EXP 	window1: mouseVisible = True
5.5232 	WARNING 	launchHubServer: If using the iohub mouse or eyetracker devices, fullScr should be True.
7.6838 	INFO 	keyboard.Keyboard is using iohub backend.
7.6838 	INFO 	keyboard.Keyboard is using iohub backend.
7.6839 	INFO 	keyboard.Keyboard is using iohub backend.
7.6839 	EXP 	article1: status = STARTED
7.6841 	EXP 	window1: mouseVisible = True
7.8223 	EXP 	Created text1 = TextStim(__class__=<class 'psychopy.visual.text.TextStim'>, alignHoriz=method-wrapper(...), alignText='center', alignVert=method-wrapper(...), anchorHoriz='center', anchorVert='center', antialias=True, autoDraw=False, autoLog=True, bold=False, color=array([-1., -1., -1.]), colorSpace='rgb', contrast=1.0, depth=0.0, draggable=False, flipHoriz=False, flipVert=False, font='Arial', fontFiles=[], height=0.05, italic=False, languageStyle='Arabic', name='text1', opacity=1.0, ori=0.0, pos=array([0., 0.]), rgb=UNKNOWN, text=str(...), units='height', win=Window(...), wrapWidth=1)
7.8224 	EXP 	window1: mouseVisible = True
7.8236 	EXP 	Created fixation1 = ShapeStim(__class__=<class 'psychopy.visual.shape.ShapeStim'>, anchor=('center', 'center'), autoDraw=False, autoLog=True, closeShape=True, color=method-wrapper(...), colorSpace='rgb', contrast=None, depth=0.0, draggable=False, fillColor=array([-1, -1, -1]), fillColorSpace='rgb', fillRGB=array([-1, -1, -1]), interpolate=True, lineColor=array([-1., -1., -1.]), lineColorSpace='rgb', lineRGB=array([-1., -1., -1.]), lineWidth=0.08, name='fixation1', opacity=1.0, ori=0.0, pos=array([0., 0.]), size=array([0.03, 0.06]), units='norm', vertices=ndarray(...), win=Window(...), windingRule=None)
7.8237 	EXP 	window1: mouseVisible = True
7.8266 	EXP 	Created left_image = ImageStim(__class__=<class 'psychopy.visual.image.ImageStim'>, anchor=('center', 'center'), autoLog=True, color=array([1., 1., 1.]), colorSpace='rgb', contrast=1.0, depth=-1.0, draggable=False, flipHoriz=False, flipVert=False, image='default.png', interpolate=True, mask=None, maskParams=None, name='left_image', opacity=1.0, ori=0.0, pos=array([-0.5,  0. ]), size=array([0.5, 0.5]), texRes=128.0, units='height', win=Window(...))
7.8267 	EXP 	window1: mouseVisible = True
7.8291 	EXP 	Created right_image = ImageStim(__class__=<class 'psychopy.visual.image.ImageStim'>, anchor=('center', 'center'), autoLog=True, color=array([1., 1., 1.]), colorSpace='rgb', contrast=1.0, depth=-2.0, draggable=False, flipHoriz=False, flipVert=False, image='default.png', interpolate=True, mask=None, maskParams=None, name='right_image', opacity=1.0, ori=0.0, pos=array([0.5, 0. ]), size=array([0.5, 0.5]), texRes=128.0, units='height', win=Window(...))
7.8291 	EXP 	window1: mouseVisible = True
7.8298 	EXP 	Created polygon = Rect(__class__=<class 'psychopy.visual.rect.Rect'>, anchor=('center', 'center'), autoDraw=False, autoLog=True, closeShape=True, color=method-wrapper(...), colorSpace='rgb', contrast=None, depth=-5.0, draggable=False, fillColor=array([0., 0., 0.]), fillColorSpace='rgb', fillRGB=array([0., 0., 0.]), interpolate=True, lineColor=array([-0.5765,  0.0039,  1.    ]), lineColorSpace='rgb', lineRGB=array([-0.5765,  0.0039,  1.    ]), lineWidth=20.0, name='polygon', opacity=0.3, ori=0.0, pos=array([0., 0.]), size=array([0.5, 0.5]), units='height', vertices=ndarray(...), win=Window(...))
7.8299 	EXP 	window1: mouseVisible = True
7.8300 	EXP 	window1: mouseVisible = True
7.8303 	EXP 	window1: mouseVisible = True
7.8306 	EXP 	window1: mouseVisible = True
7.8332 	EXP 	window1: mouseVisible = True
7.8333 	EXP 	window1: mouseVisible = True
7.8337 	EXP 	window1: mouseVisible = True
7.8339 	EXP 	window1: mouseVisible = True
7.8371 	DEBUG 	TextBox2 loaded 1 chars with 0 blanks and 1 valid
7.8386 	DEBUG 	TextBox2 loaded 1 chars with 0 blanks and 1 valid
7.8400 	DEBUG 	TextBox2 loaded 1 chars with 0 blanks and 1 valid
7.8414 	DEBUG 	TextBox2 loaded 1 chars with 0 blanks and 1 valid
7.8425 	DEBUG 	TextBox2 loaded 1 chars with 0 blanks and 1 valid
7.8437 	DEBUG 	TextBox2 loaded 1 chars with 0 blanks and 1 valid
7.8452 	DEBUG 	TextBox2 loaded 1 chars with 0 blanks and 1 valid
7.8465 	DEBUG 	TextBox2 loaded 1 chars with 0 blanks and 1 valid
7.8476 	DEBUG 	TextBox2 loaded 1 chars with 0 blanks and 1 valid
7.8478 	DEBUG 	Uploading Texture Font fontname to graphics card
7.8506 	DEBUG 	Upload of Texture Font fontname complete
7.8515 	EXP 	window1: mouseVisible = True
7.8516 	EXP 	window1: mouseVisible = True
7.8520 	EXP 	window1: mouseVisible = True
7.8522 	EXP 	window1: mouseVisible = True
7.8546 	EXP 	window1: mouseVisible = True
7.8546 	EXP 	window1: mouseVisible = True
7.8550 	EXP 	window1: mouseVisible = True
7.8552 	EXP 	window1: mouseVisible = True
7.8575 	EXP 	window1: mouseVisible = True
7.8608 	EXP 	Created text_no_resp = TextStim(__class__=<class 'psychopy.visual.text.TextStim'>, alignHoriz=method-wrapper(...), alignText='center', alignVert=method-wrapper(...), anchorHoriz='center', anchorVert='center', antialias=True, autoDraw=False, autoLog=True, bold=False, color=array([-1., -1., -1.]), colorSpace='rgb', contrast=1.0, depth=-8.0, draggable=False, flipHoriz=False, flipVert=False, font='Arial', fontFiles=[], height=0.05, italic=False, languageStyle='Arabic', name='text_no_resp', opacity=1.0, ori=0.0, pos=array([0., 0.]), rgb=UNKNOWN, text='.ﺪﺸﻧ ﺖﻓﺎﯾﺭﺩ ﯽﺨﺳﺎﭘ', units='height', win=Window(...), wrapWidth=1)
0.0300 	EXP 	left_learning_reward: autoLog = True
0.0300 	EXP 	right_learning_reward: autoLog = True
0.0626 	INFO 	Keyboard events cleared
0.0622 	EXP 	text1: autoDraw = True
5.1285 	EXP 	Created sequence: random, trialTypes=1, nReps=20, seed=None
5.1288 	EXP 	New trial (rep=0, index=0): None
5.1317 	DATA 	Keypress: space
5.1377 	EXP 	text1: autoDraw = False
5.1377 	EXP 	fixation1: autoDraw = True
6.1412 	EXP 	window1: backgroundImage = ''
6.1413 	EXP 	window1: backgroundFit = 'none'
6.1989 	DEBUG 	TextBox2 loaded 1 chars with 0 blanks and 1 valid
6.2006 	DEBUG 	TextBox2 loaded 1 chars with 0 blanks and 1 valid
6.2021 	DEBUG 	TextBox2 loaded 1 chars with 0 blanks and 1 valid
6.2037 	DEBUG 	TextBox2 loaded 1 chars with 0 blanks and 1 valid
6.2049 	DEBUG 	TextBox2 loaded 1 chars with 0 blanks and 1 valid
6.2064 	DEBUG 	TextBox2 loaded 1 chars with 0 blanks and 1 valid
6.2079 	DEBUG 	TextBox2 loaded 1 chars with 0 blanks and 1 valid
6.2081 	DEBUG 	Uploading Texture Font fontname to graphics card
6.2137 	DEBUG 	Upload of Texture Font fontname complete
6.2156 	DEBUG 	TextBox2 loaded 1 chars with 0 blanks and 1 valid
6.2158 	DEBUG 	Uploading Texture Font fontname to graphics card
6.2269 	DEBUG 	Upload of Texture Font fontname complete
6.2773 	INFO 	Keyboard events cleared
6.2769 	EXP 	fixation1: autoDraw = False
6.2769 	EXP 	left_image: image = '3.jpg'
6.2769 	EXP 	right_image: image = '4.jpg'
6.2769 	EXP 	left_image: autoDraw = True
6.2769 	EXP 	right_image: autoDraw = True
6.2769 	EXP 	text_no_resp: autoDraw = True
7.2886 	EXP 	text_no_resp: autoDraw = False
10.1379 	EXP 	polygon: autoDraw = True
10.1379 	EXP 	left_learning_reward: autoDraw = True
10.1379 	EXP 	right_learning_reward: autoDraw = True
11.1386 	EXP 	polygon: autoDraw = False
11.1386 	EXP 	left_learning_reward: autoDraw = False
11.1386 	EXP 	right_learning_reward: autoDraw = False
11.2746 	DEBUG 	Fullscreen settings ignored as running in pilot mode.
11.2751 	EXP 	window1: backgroundImage = ''
11.2751 	EXP 	window1: backgroundFit = 'none'
11.2751 	EXP 	window1: units = 'height'
11.2771 	EXP 	window1: Attempting to measure frame rate of screen (0) ...
11.2771 	EXP 	window1: recordFrameIntervals = False
11.2876 	EXP 	left_image: autoDraw = False
11.2876 	EXP 	right_image: autoDraw = False
11.2876 	EXP 	left_image: autoDraw = False
11.2876 	EXP 	right_image: autoDraw = False
11.2876 	EXP 	polygon: autoDraw = False
11.2876 	EXP 	left_learning_reward: autoDraw = False
11.2876 	EXP 	right_learning_reward: autoDraw = False
11.2876 	EXP 	text_no_resp: autoDraw = False
11.5229 	EXP 	window1: recordFrameIntervals = True
11.8386 	EXP 	Screen (0) actual frame rate measured at 60.36Hz
11.8386 	EXP 	window1: recordFrameIntervals = False
11.8389 	EXP 	window1: mouseVisible = False
11.8392 	EXP 	New trial (rep=1, index=0): None
11.8534 	EXP 	fixation1: autoDraw = True
12.6926 	DATA 	Keypress: escape
12.7927 	EXP 	article1: status = STOPPED
12.8039 	EXP 	fixation1: autoDraw = False
12.8063 	EXP 	article1: status = STOPPED
12.8102 	INFO 	saved data to 'D:\\UT\\semester 4 - courses\\Cognitive science\\HWs\\HW1\\answer\\article1\\data/698894_article1_2024-05-27_15h50.25.959.csv'
12.8105 	INFO 	saved data to D:\UT\semester 4 - courses\Cognitive science\HWs\HW1\answer\article1\data/698894_article1_2024-05-27_15h50.25.959.psydat
12.8484 	EXP 	window1: mouseVisible = True
13.3276 	DEBUG 	Saving data for article1 ExperimentHandler
