8.7591 	DEBUG 	Fullscreen settings ignored as running in pilot mode.
8.7609 	INFO 	Loaded monitor calibration from ['2024_05_21 12:08']
9.1915 	EXP 	Created window1 = Window(allowGUI=True, allowStencil=True, autoLog=True, backendConf=UNKNOWN, backgroundFit=<method-wrapper '__getattribute__' of attributeSetter object at 0x00000174BCBECF70>, backgroundImage=<method-wrapper '__getattribute__' of attributeSetter object at 0x00000174BCBECF10>, bitsMode=UNKNOWN, blendMode='avg', bpc=(8, 8, 8), color=array([1, 1, 1]), colorSpace='rgb', depthBits=8, fullscr=<method-wrapper '__getattribute__' of attributeSetter object at 0x00000174BCBECD60>, gamma=None, gammaErrorPolicy='raise', infoMsg=UNKNOWN, lms=UNKNOWN, monitor=<psychopy.monitors.calibTools.Monitor object at 0x00000174BDF76BE0>, multiSample=False, name='window1', numSamples=2, pos=[560.0, 240.0], screen=0, size=array([800, 600]), stencilBits=8, stereo=False, title='PsychoPy', units='height', useFBO=True, useRetina=False, viewOri=0.0, viewPos=None, viewScale=None, waitBlanking=True, winType='pyglet')
9.1917 	EXP 	window1: mouseVisible = True
9.1918 	EXP 	window1: backgroundImage = ''
9.1918 	EXP 	window1: backgroundFit = 'none'
9.1923 	EXP 	window1: mouseVisible = True
9.1928 	EXP 	window1: mouseVisible = True
9.1994 	EXP 	window1: mouseVisible = True
9.2014 	EXP 	window1: mouseVisible = True
9.2151 	DEBUG 	TextBox2 loaded 1 chars with 0 blanks and 1 valid
9.2171 	DEBUG 	TextBox2 loaded 1 chars with 0 blanks and 1 valid
9.2187 	DEBUG 	TextBox2 loaded 1 chars with 0 blanks and 1 valid
9.2204 	DEBUG 	TextBox2 loaded 1 chars with 0 blanks and 1 valid
9.2221 	DEBUG 	TextBox2 loaded 1 chars with 0 blanks and 1 valid
9.2235 	DEBUG 	TextBox2 loaded 1 chars with 0 blanks and 1 valid
9.2248 	DEBUG 	TextBox2 loaded 1 chars with 0 blanks and 1 valid
9.2265 	DEBUG 	TextBox2 loaded 1 chars with 0 blanks and 1 valid
9.2277 	DEBUG 	TextBox2 loaded 1 chars with 0 blanks and 1 valid
9.2289 	DEBUG 	TextBox2 loaded 1 chars with 0 blanks and 1 valid
9.2304 	DEBUG 	TextBox2 loaded 1 chars with 0 blanks and 1 valid
9.2318 	DEBUG 	TextBox2 loaded 1 chars with 0 blanks and 1 valid
9.2333 	DEBUG 	TextBox2 loaded 1 chars with 0 blanks and 1 valid
9.2348 	DEBUG 	TextBox2 loaded 1 chars with 0 blanks and 1 valid
9.2360 	DEBUG 	TextBox2 loaded 1 chars with 0 blanks and 1 valid
9.2375 	DEBUG 	TextBox2 loaded 1 chars with 0 blanks and 1 valid
9.2390 	DEBUG 	TextBox2 loaded 1 chars with 0 blanks and 1 valid
9.2402 	DEBUG 	TextBox2 loaded 1 chars with 0 blanks and 1 valid
9.2413 	DEBUG 	TextBox2 loaded 1 chars with 0 blanks and 1 valid
9.2431 	DEBUG 	TextBox2 loaded 1 chars with 0 blanks and 1 valid
9.2448 	DEBUG 	TextBox2 loaded 1 chars with 0 blanks and 1 valid
9.2453 	DEBUG 	Uploading Texture Font fontname to graphics card
9.2526 	DEBUG 	Upload of Texture Font fontname complete
9.2549 	EXP 	window1: mouseVisible = True
9.2551 	EXP 	window1: mouseVisible = True
9.2559 	EXP 	window1: mouseVisible = True
9.2567 	EXP 	window1: mouseVisible = True
9.2634 	DEBUG 	TextBox2 loaded 1 chars with 0 blanks and 1 valid
9.2652 	DEBUG 	TextBox2 loaded 1 chars with 0 blanks and 1 valid
9.2669 	DEBUG 	TextBox2 loaded 1 chars with 0 blanks and 1 valid
9.2673 	DEBUG 	Uploading Texture Font fontname to graphics card
9.2747 	DEBUG 	Upload of Texture Font fontname complete
9.2793 	EXP 	window1: Attempting to measure frame rate of screen (0) ...
9.2793 	EXP 	window1: recordFrameIntervals = False
9.5002 	EXP 	window1: recordFrameIntervals = True
9.6860 	WARNING 	t of last frame was 20.08ms (=1/49)
9.7831 	WARNING 	t of last frame was 31.93ms (=1/31)
9.8315 	WARNING 	t of last frame was 29.86ms (=1/33)
9.8814 	WARNING 	t of last frame was 30.17ms (=1/33)
10.3144 	EXP 	Screen (0) actual frame rate measured at 59.62Hz
10.3144 	EXP 	window1: recordFrameIntervals = False
10.3146 	EXP 	window1: mouseVisible = False
10.3155 	EXP 	window1: mouseVisible = True
10.3159 	EXP 	window1: mouseVisible = True
10.3171 	EXP 	window1: mouseVisible = True
10.3180 	EXP 	window1: mouseVisible = True
10.3249 	DEBUG 	TextBox2 loaded 1 chars with 0 blanks and 1 valid
10.3268 	DEBUG 	TextBox2 loaded 1 chars with 0 blanks and 1 valid
10.3297 	DEBUG 	TextBox2 loaded 1 chars with 0 blanks and 1 valid
10.3321 	DEBUG 	TextBox2 loaded 1 chars with 0 blanks and 1 valid
10.3342 	DEBUG 	TextBox2 loaded 1 chars with 0 blanks and 1 valid
10.3363 	DEBUG 	TextBox2 loaded 1 chars with 0 blanks and 1 valid
10.3376 	DEBUG 	TextBox2 loaded 1 chars with 0 blanks and 1 valid
10.3394 	DEBUG 	TextBox2 loaded 1 chars with 0 blanks and 1 valid
10.3412 	DEBUG 	TextBox2 loaded 1 chars with 0 blanks and 1 valid
10.3434 	DEBUG 	TextBox2 loaded 1 chars with 0 blanks and 1 valid
10.3439 	DEBUG 	Uploading Texture Font fontname to graphics card
10.3448 	DEBUG 	Upload of Texture Font fontname complete
10.3470 	EXP 	window1: mouseVisible = True
10.3472 	EXP 	window1: mouseVisible = True
10.3479 	EXP 	window1: mouseVisible = True
10.3486 	EXP 	window1: mouseVisible = True
10.4114 	WARNING 	launchHubServer: If using the iohub mouse or eyetracker devices, fullScr should be True.
14.4306 	INFO 	keyboard.Keyboard is using iohub backend.
14.4307 	INFO 	keyboard.Keyboard is using iohub backend.
14.4307 	INFO 	keyboard.Keyboard is using iohub backend.
14.4307 	EXP 	article1: status = STARTED
14.4312 	EXP 	window1: mouseVisible = True
14.5700 	EXP 	Created text1 = TextStim(__class__=<class 'psychopy.visual.text.TextStim'>, alignHoriz=method-wrapper(...), alignText='center', alignVert=method-wrapper(...), anchorHoriz='center', anchorVert='center', antialias=True, autoDraw=False, autoLog=True, bold=False, color=array([-1., -1., -1.]), colorSpace='rgb', contrast=1.0, depth=0.0, draggable=False, flipHoriz=False, flipVert=False, font='Arial', fontFiles=[], height=0.05, italic=False, languageStyle='Arabic', name='text1', opacity=1.0, ori=0.0, pos=array([0., 0.]), rgb=UNKNOWN, text=str(...), units='height', win=Window(...), wrapWidth=1)
14.5703 	EXP 	window1: mouseVisible = True
14.5738 	EXP 	Created fixation1 = ShapeStim(__class__=<class 'psychopy.visual.shape.ShapeStim'>, anchor=('center', 'center'), autoDraw=False, autoLog=True, closeShape=True, color=method-wrapper(...), colorSpace='rgb', contrast=None, depth=0.0, draggable=False, fillColor=array([-1, -1, -1]), fillColorSpace='rgb', fillRGB=array([-1, -1, -1]), interpolate=True, lineColor=array([-1., -1., -1.]), lineColorSpace='rgb', lineRGB=array([-1., -1., -1.]), lineWidth=0.08, name='fixation1', opacity=1.0, ori=0.0, pos=array([0., 0.]), size=array([0.03, 0.06]), units='norm', vertices=ndarray(...), win=Window(...), windingRule=None)
14.5740 	EXP 	window1: mouseVisible = True
14.5811 	EXP 	Created left_image = ImageStim(__class__=<class 'psychopy.visual.image.ImageStim'>, anchor=('center', 'center'), autoLog=True, color=array([1., 1., 1.]), colorSpace='rgb', contrast=1.0, depth=-1.0, draggable=False, flipHoriz=False, flipVert=False, image='default.png', interpolate=True, mask=None, maskParams=None, name='left_image', opacity=1.0, ori=0.0, pos=array([-0.5,  0. ]), size=array([0.5, 0.5]), texRes=128.0, units='height', win=Window(...))
14.5813 	EXP 	window1: mouseVisible = True
14.5859 	EXP 	Created right_image = ImageStim(__class__=<class 'psychopy.visual.image.ImageStim'>, anchor=('center', 'center'), autoLog=True, color=array([1., 1., 1.]), colorSpace='rgb', contrast=1.0, depth=-2.0, draggable=False, flipHoriz=False, flipVert=False, image='default.png', interpolate=True, mask=None, maskParams=None, name='right_image', opacity=1.0, ori=0.0, pos=array([0.5, 0. ]), size=array([0.5, 0.5]), texRes=128.0, units='height', win=Window(...))
14.5860 	EXP 	window1: mouseVisible = True
14.5875 	EXP 	Created polygon = Rect(__class__=<class 'psychopy.visual.rect.Rect'>, anchor=('center', 'center'), autoDraw=False, autoLog=True, closeShape=True, color=method-wrapper(...), colorSpace='rgb', contrast=None, depth=-5.0, draggable=False, fillColor=array([0., 0., 0.]), fillColorSpace='rgb', fillRGB=array([0., 0., 0.]), interpolate=True, lineColor=array([-0.5765,  0.0039,  1.    ]), lineColorSpace='rgb', lineRGB=array([-0.5765,  0.0039,  1.    ]), lineWidth=20.0, name='polygon', opacity=0.3, ori=0.0, pos=array([0., 0.]), size=array([0.5, 0.5]), units='height', vertices=ndarray(...), win=Window(...))
14.5877 	EXP 	window1: mouseVisible = True
14.5878 	EXP 	window1: mouseVisible = True
14.5885 	EXP 	window1: mouseVisible = True
14.5891 	EXP 	window1: mouseVisible = True
14.5943 	EXP 	window1: mouseVisible = True
14.5945 	EXP 	window1: mouseVisible = True
14.5951 	EXP 	window1: mouseVisible = True
14.5956 	EXP 	window1: mouseVisible = True
14.6002 	DEBUG 	TextBox2 loaded 1 chars with 0 blanks and 1 valid
14.6019 	DEBUG 	TextBox2 loaded 1 chars with 0 blanks and 1 valid
14.6034 	DEBUG 	TextBox2 loaded 1 chars with 0 blanks and 1 valid
14.6047 	DEBUG 	TextBox2 loaded 1 chars with 0 blanks and 1 valid
14.6056 	DEBUG 	TextBox2 loaded 1 chars with 0 blanks and 1 valid
14.6066 	DEBUG 	TextBox2 loaded 1 chars with 0 blanks and 1 valid
14.6079 	DEBUG 	TextBox2 loaded 1 chars with 0 blanks and 1 valid
14.6095 	DEBUG 	TextBox2 loaded 1 chars with 0 blanks and 1 valid
14.6105 	DEBUG 	TextBox2 loaded 1 chars with 0 blanks and 1 valid
14.6108 	DEBUG 	Uploading Texture Font fontname to graphics card
14.6127 	DEBUG 	Upload of Texture Font fontname complete
14.6142 	EXP 	window1: mouseVisible = True
14.6144 	EXP 	window1: mouseVisible = True
14.6150 	EXP 	window1: mouseVisible = True
14.6156 	EXP 	window1: mouseVisible = True
14.6200 	EXP 	window1: mouseVisible = True
14.6202 	EXP 	window1: mouseVisible = True
14.6208 	EXP 	window1: mouseVisible = True
14.6213 	EXP 	window1: mouseVisible = True
14.6256 	EXP 	window1: mouseVisible = True
14.6276 	EXP 	Created text_no_resp = TextStim(__class__=<class 'psychopy.visual.text.TextStim'>, alignHoriz=method-wrapper(...), alignText='center', alignVert=method-wrapper(...), anchorHoriz='center', anchorVert='center', antialias=True, autoDraw=False, autoLog=True, bold=False, color=array([-1., -1., -1.]), colorSpace='rgb', contrast=1.0, depth=-8.0, draggable=False, flipHoriz=False, flipVert=False, font='Arial', fontFiles=[], height=0.05, italic=False, languageStyle='Arabic', name='text_no_resp', opacity=1.0, ori=0.0, pos=array([0., 0.]), rgb=UNKNOWN, text='', units='height', win=Window(...), wrapWidth=1)
14.6277 	EXP 	window1: mouseVisible = True
14.6498 	EXP 	Created text2 = TextStim(__class__=<class 'psychopy.visual.text.TextStim'>, alignHoriz=method-wrapper(...), alignText='center', alignVert=method-wrapper(...), anchorHoriz='center', anchorVert='center', antialias=True, autoDraw=False, autoLog=True, bold=False, color=array([-1., -1., -1.]), colorSpace='rgb', contrast=1.0, depth=0.0, draggable=False, flipHoriz=False, flipVert=False, font='Arial', fontFiles=[], height=0.05, italic=False, languageStyle='Arabic', name='text2', opacity=1.0, ori=0.0, pos=array([0., 0.]), rgb=UNKNOWN, text=str(...), units='height', win=Window(...), wrapWidth=1)
14.6499 	EXP 	window1: mouseVisible = True
14.6520 	EXP 	Created fixation2 = ShapeStim(__class__=<class 'psychopy.visual.shape.ShapeStim'>, anchor=('center', 'center'), autoDraw=False, autoLog=True, closeShape=True, color=method-wrapper(...), colorSpace='rgb', contrast=None, depth=0.0, draggable=False, fillColor=array([-1, -1, -1]), fillColorSpace='rgb', fillRGB=array([-1, -1, -1]), interpolate=True, lineColor=array([-1., -1., -1.]), lineColorSpace='rgb', lineRGB=array([-1., -1., -1.]), lineWidth=0.08, name='fixation2', opacity=1.0, ori=0.0, pos=array([0., 0.]), size=array([0.03, 0.06]), units='norm', vertices=ndarray(...), win=Window(...), windingRule=None)
0.0436 	EXP 	left_learning_reward: autoLog = True
0.0436 	EXP 	right_learning_reward: autoLog = True
0.0661 	INFO 	Keyboard events cleared
0.0655 	EXP 	text1: autoDraw = True
3.2197 	EXP 	Created sequence: random, trialTypes=1, nReps=1, seed=None
3.2200 	EXP 	New trial (rep=0, index=0): None
3.2241 	DATA 	Keypress: space
3.2436 	EXP 	text1: autoDraw = False
3.2436 	EXP 	fixation1: autoDraw = True
4.0680 	DATA 	Keypress: right
4.2333 	EXP 	window1: backgroundImage = ''
4.2334 	EXP 	window1: backgroundFit = 'none'
4.4142 	INFO 	Keyboard events cleared
4.4132 	EXP 	fixation1: autoDraw = False
4.4132 	EXP 	left_image: image = '4.jpg'
4.4132 	EXP 	right_image: image = '3.jpg'
4.4132 	EXP 	left_image: autoDraw = True
4.4132 	EXP 	right_image: autoDraw = True
4.9696 	DEBUG 	TextBox2 loaded 1 chars with 0 blanks and 1 valid
4.9718 	DEBUG 	TextBox2 loaded 1 chars with 0 blanks and 1 valid
4.9737 	DEBUG 	TextBox2 loaded 1 chars with 0 blanks and 1 valid
4.9767 	DEBUG 	TextBox2 loaded 1 chars with 0 blanks and 1 valid
4.9781 	DEBUG 	TextBox2 loaded 1 chars with 0 blanks and 1 valid
4.9800 	DEBUG 	TextBox2 loaded 1 chars with 0 blanks and 1 valid
4.9818 	DEBUG 	TextBox2 loaded 1 chars with 0 blanks and 1 valid
4.9822 	DEBUG 	Uploading Texture Font fontname to graphics card
4.9915 	DEBUG 	Upload of Texture Font fontname complete
4.9937 	DATA 	Keypress: right
8.2427 	EXP 	polygon: autoDraw = True
8.2427 	EXP 	left_learning_reward: autoDraw = True
8.2427 	EXP 	right_learning_reward: autoDraw = True
9.2450 	EXP 	polygon: autoDraw = False
9.2450 	EXP 	left_learning_reward: autoDraw = False
9.2450 	EXP 	right_learning_reward: autoDraw = False
9.4285 	EXP 	left_image: autoDraw = False
9.4285 	EXP 	right_image: autoDraw = False
10.2327 	DEBUG 	Fullscreen settings ignored as running in pilot mode.
10.2333 	EXP 	window1: backgroundImage = ''
10.2333 	EXP 	window1: backgroundFit = 'none'
10.2333 	EXP 	window1: units = 'height'
10.2355 	EXP 	window1: Attempting to measure frame rate of screen (0) ...
10.2356 	EXP 	window1: recordFrameIntervals = False
10.2435 	EXP 	left_image: autoDraw = False
10.2435 	EXP 	right_image: autoDraw = False
10.2435 	EXP 	polygon: autoDraw = False
10.2435 	EXP 	left_learning_reward: autoDraw = False
10.2435 	EXP 	right_learning_reward: autoDraw = False
10.2435 	EXP 	text_no_resp: autoDraw = False
10.3984 	EXP 	window1: recordFrameIntervals = True
10.5812 	EXP 	Screen (0) actual frame rate measured at 60.22Hz
10.5812 	EXP 	window1: recordFrameIntervals = False
10.5813 	EXP 	window1: mouseVisible = False
10.5941 	EXP 	text2: autoDraw = True
19.3996 	DATA 	Keypress: escape
19.4658 	EXP 	article1: status = STOPPED
19.4780 	EXP 	text2: autoDraw = False
19.4826 	EXP 	article1: status = STOPPED
19.5159 	INFO 	saved data to 'D:\\UT\\semester 4 - courses\\Cognitive science\\HWs\\HW1\\answer\\article1\\data/866822_article1_2024-05-27_22h25.09.046.csv'
19.5170 	INFO 	saved data to D:\UT\semester 4 - courses\Cognitive science\HWs\HW1\answer\article1\data/866822_article1_2024-05-27_22h25.09.046.psydat
19.5884 	EXP 	window1: mouseVisible = True
20.0891 	DEBUG 	Saving data for article1 ExperimentHandler
