9.6938 	DEBUG 	Fullscreen settings ignored as running in pilot mode.
9.6956 	INFO 	Loaded monitor calibration from ['2024_05_21 12:08']
10.0708 	EXP 	Created window1 = Window(allowGUI=True, allowStencil=True, autoLog=True, backendConf=UNKNOWN, backgroundFit=<method-wrapper '__getattribute__' of attributeSetter object at 0x000001A382F7ED30>, backgroundImage=<method-wrapper '__getattribute__' of attributeSetter object at 0x000001A382F7ECD0>, bitsMode=UNKNOWN, blendMode='avg', bpc=(8, 8, 8), color=array([1, 1, 1]), colorSpace='rgb', depthBits=8, fullscr=<method-wrapper '__getattribute__' of attributeSetter object at 0x000001A382F7EB20>, gamma=None, gammaErrorPolicy='raise', infoMsg=UNKNOWN, lms=UNKNOWN, monitor=<psychopy.monitors.calibTools.Monitor object at 0x000001A3895089A0>, multiSample=False, name='window1', numSamples=2, pos=[560.0, 240.0], screen=0, size=array([800, 600]), stencilBits=8, stereo=False, title='PsychoPy', units='height', useFBO=True, useRetina=False, viewOri=0.0, viewPos=None, viewScale=None, waitBlanking=True, winType='pyglet')
10.0711 	EXP 	window1: mouseVisible = True
10.0711 	EXP 	window1: backgroundImage = ''
10.0711 	EXP 	window1: backgroundFit = 'none'
10.0714 	EXP 	window1: mouseVisible = True
10.0717 	EXP 	window1: mouseVisible = True
10.0760 	EXP 	window1: mouseVisible = True
10.0772 	EXP 	window1: mouseVisible = True
10.0876 	DEBUG 	TextBox2 loaded 1 chars with 0 blanks and 1 valid
10.0896 	DEBUG 	TextBox2 loaded 1 chars with 0 blanks and 1 valid
10.0922 	DEBUG 	TextBox2 loaded 1 chars with 0 blanks and 1 valid
10.0952 	DEBUG 	TextBox2 loaded 1 chars with 0 blanks and 1 valid
10.0974 	DEBUG 	TextBox2 loaded 1 chars with 0 blanks and 1 valid
10.0989 	DEBUG 	TextBox2 loaded 1 chars with 0 blanks and 1 valid
10.1007 	DEBUG 	TextBox2 loaded 1 chars with 0 blanks and 1 valid
10.1026 	DEBUG 	TextBox2 loaded 1 chars with 0 blanks and 1 valid
10.1036 	DEBUG 	TextBox2 loaded 1 chars with 0 blanks and 1 valid
10.1046 	DEBUG 	TextBox2 loaded 1 chars with 0 blanks and 1 valid
10.1059 	DEBUG 	TextBox2 loaded 1 chars with 0 blanks and 1 valid
10.1076 	DEBUG 	TextBox2 loaded 1 chars with 0 blanks and 1 valid
10.1089 	DEBUG 	TextBox2 loaded 1 chars with 0 blanks and 1 valid
10.1105 	DEBUG 	TextBox2 loaded 1 chars with 0 blanks and 1 valid
10.1117 	DEBUG 	TextBox2 loaded 1 chars with 0 blanks and 1 valid
10.1131 	DEBUG 	TextBox2 loaded 1 chars with 0 blanks and 1 valid
10.1144 	DEBUG 	TextBox2 loaded 1 chars with 0 blanks and 1 valid
10.1155 	DEBUG 	TextBox2 loaded 1 chars with 0 blanks and 1 valid
10.1167 	DEBUG 	TextBox2 loaded 1 chars with 0 blanks and 1 valid
10.1183 	DEBUG 	TextBox2 loaded 1 chars with 0 blanks and 1 valid
10.1193 	DEBUG 	TextBox2 loaded 1 chars with 0 blanks and 1 valid
10.1196 	DEBUG 	Uploading Texture Font fontname to graphics card
10.1266 	DEBUG 	Upload of Texture Font fontname complete
10.1285 	EXP 	window1: mouseVisible = True
10.1287 	EXP 	window1: mouseVisible = True
10.1293 	EXP 	window1: mouseVisible = True
10.1299 	EXP 	window1: mouseVisible = True
10.1359 	DEBUG 	TextBox2 loaded 1 chars with 0 blanks and 1 valid
10.1376 	DEBUG 	TextBox2 loaded 1 chars with 0 blanks and 1 valid
10.1398 	DEBUG 	TextBox2 loaded 1 chars with 0 blanks and 1 valid
10.1403 	DEBUG 	Uploading Texture Font fontname to graphics card
10.1454 	DEBUG 	Upload of Texture Font fontname complete
10.1487 	EXP 	window1: Attempting to measure frame rate of screen (0) ...
10.1487 	EXP 	window1: recordFrameIntervals = False
10.3610 	EXP 	window1: recordFrameIntervals = True
10.6128 	EXP 	Screen (0) actual frame rate measured at 60.88Hz
10.6128 	EXP 	window1: recordFrameIntervals = False
10.6130 	EXP 	window1: mouseVisible = False
10.6139 	EXP 	window1: mouseVisible = True
10.6143 	EXP 	window1: mouseVisible = True
10.6155 	EXP 	window1: mouseVisible = True
10.6165 	EXP 	window1: mouseVisible = True
10.6247 	DEBUG 	TextBox2 loaded 1 chars with 0 blanks and 1 valid
10.6278 	DEBUG 	TextBox2 loaded 1 chars with 0 blanks and 1 valid
10.6304 	DEBUG 	TextBox2 loaded 1 chars with 0 blanks and 1 valid
10.6330 	DEBUG 	TextBox2 loaded 1 chars with 0 blanks and 1 valid
10.6351 	DEBUG 	TextBox2 loaded 1 chars with 0 blanks and 1 valid
10.6373 	DEBUG 	TextBox2 loaded 1 chars with 0 blanks and 1 valid
10.6390 	DEBUG 	TextBox2 loaded 1 chars with 0 blanks and 1 valid
10.6419 	DEBUG 	TextBox2 loaded 1 chars with 0 blanks and 1 valid
10.6440 	DEBUG 	TextBox2 loaded 1 chars with 0 blanks and 1 valid
10.6460 	DEBUG 	TextBox2 loaded 1 chars with 0 blanks and 1 valid
10.6465 	DEBUG 	Uploading Texture Font fontname to graphics card
10.6475 	DEBUG 	Upload of Texture Font fontname complete
10.6500 	EXP 	window1: mouseVisible = True
10.6503 	EXP 	window1: mouseVisible = True
10.6510 	EXP 	window1: mouseVisible = True
10.6517 	EXP 	window1: mouseVisible = True
10.7295 	WARNING 	launchHubServer: If using the iohub mouse or eyetracker devices, fullScr should be True.
15.5467 	INFO 	keyboard.Keyboard is using iohub backend.
15.5467 	INFO 	keyboard.Keyboard is using iohub backend.
15.5468 	INFO 	keyboard.Keyboard is using iohub backend.
15.5468 	EXP 	article1: status = STARTED
15.5472 	EXP 	window1: mouseVisible = True
15.6767 	EXP 	Created text1 = TextStim(__class__=<class 'psychopy.visual.text.TextStim'>, alignHoriz=method-wrapper(...), alignText='center', alignVert=method-wrapper(...), anchorHoriz='center', anchorVert='center', antialias=True, autoDraw=False, autoLog=True, bold=False, color=array([-1., -1., -1.]), colorSpace='rgb', contrast=1.0, depth=0.0, draggable=False, flipHoriz=False, flipVert=False, font='Arial', fontFiles=[], height=0.05, italic=False, languageStyle='Arabic', name='text1', opacity=1.0, ori=0.0, pos=array([0., 0.]), rgb=UNKNOWN, text=str(...), units='height', win=Window(...), wrapWidth=1)
15.6770 	EXP 	window1: mouseVisible = True
15.6803 	EXP 	Created fixation1 = ShapeStim(__class__=<class 'psychopy.visual.shape.ShapeStim'>, anchor=('center', 'center'), autoDraw=False, autoLog=True, closeShape=True, color=method-wrapper(...), colorSpace='rgb', contrast=None, depth=0.0, draggable=False, fillColor=array([-1, -1, -1]), fillColorSpace='rgb', fillRGB=array([-1, -1, -1]), interpolate=True, lineColor=array([-1., -1., -1.]), lineColorSpace='rgb', lineRGB=array([-1., -1., -1.]), lineWidth=0.08, name='fixation1', opacity=1.0, ori=0.0, pos=array([0., 0.]), size=array([0.03, 0.06]), units='norm', vertices=ndarray(...), win=Window(...), windingRule=None)
15.6805 	EXP 	window1: mouseVisible = True
15.6872 	EXP 	Created left_image = ImageStim(__class__=<class 'psychopy.visual.image.ImageStim'>, anchor=('center', 'center'), autoLog=True, color=array([1., 1., 1.]), colorSpace='rgb', contrast=1.0, depth=-1.0, draggable=False, flipHoriz=False, flipVert=False, image='default.png', interpolate=True, mask=None, maskParams=None, name='left_image', opacity=1.0, ori=0.0, pos=array([-0.5,  0. ]), size=array([0.5, 0.5]), texRes=128.0, units='height', win=Window(...))
15.6874 	EXP 	window1: mouseVisible = True
15.6923 	EXP 	Created right_image = ImageStim(__class__=<class 'psychopy.visual.image.ImageStim'>, anchor=('center', 'center'), autoLog=True, color=array([1., 1., 1.]), colorSpace='rgb', contrast=1.0, depth=-2.0, draggable=False, flipHoriz=False, flipVert=False, image='default.png', interpolate=True, mask=None, maskParams=None, name='right_image', opacity=1.0, ori=0.0, pos=array([0.5, 0. ]), size=array([0.5, 0.5]), texRes=128.0, units='height', win=Window(...))
15.6924 	EXP 	window1: mouseVisible = True
15.6939 	EXP 	Created polygon = Rect(__class__=<class 'psychopy.visual.rect.Rect'>, anchor=('center', 'center'), autoDraw=False, autoLog=True, closeShape=True, color=method-wrapper(...), colorSpace='rgb', contrast=None, depth=-5.0, draggable=False, fillColor=array([0., 0., 0.]), fillColorSpace='rgb', fillRGB=array([0., 0., 0.]), interpolate=True, lineColor=array([-0.5765,  0.0039,  1.    ]), lineColorSpace='rgb', lineRGB=array([-0.5765,  0.0039,  1.    ]), lineWidth=20.0, name='polygon', opacity=0.3, ori=0.0, pos=array([0., 0.]), size=array([0.5, 0.5]), units='height', vertices=ndarray(...), win=Window(...))
15.6941 	EXP 	window1: mouseVisible = True
15.6942 	EXP 	window1: mouseVisible = True
15.6949 	EXP 	window1: mouseVisible = True
15.6954 	EXP 	window1: mouseVisible = True
15.7003 	EXP 	window1: mouseVisible = True
15.7005 	EXP 	window1: mouseVisible = True
15.7011 	EXP 	window1: mouseVisible = True
15.7016 	EXP 	window1: mouseVisible = True
15.7090 	DEBUG 	TextBox2 loaded 1 chars with 0 blanks and 1 valid
15.7123 	DEBUG 	TextBox2 loaded 1 chars with 0 blanks and 1 valid
15.7155 	DEBUG 	TextBox2 loaded 1 chars with 0 blanks and 1 valid
15.7184 	DEBUG 	TextBox2 loaded 1 chars with 0 blanks and 1 valid
15.7207 	DEBUG 	TextBox2 loaded 1 chars with 0 blanks and 1 valid
15.7236 	DEBUG 	TextBox2 loaded 1 chars with 0 blanks and 1 valid
15.7267 	DEBUG 	TextBox2 loaded 1 chars with 0 blanks and 1 valid
15.7293 	DEBUG 	TextBox2 loaded 1 chars with 0 blanks and 1 valid
15.7316 	DEBUG 	TextBox2 loaded 1 chars with 0 blanks and 1 valid
15.7320 	DEBUG 	Uploading Texture Font fontname to graphics card
15.7343 	DEBUG 	Upload of Texture Font fontname complete
15.7367 	EXP 	window1: mouseVisible = True
15.7369 	EXP 	window1: mouseVisible = True
15.7376 	EXP 	window1: mouseVisible = True
15.7384 	EXP 	window1: mouseVisible = True
15.7452 	EXP 	window1: mouseVisible = True
15.7455 	EXP 	window1: mouseVisible = True
15.7463 	EXP 	window1: mouseVisible = True
15.7469 	EXP 	window1: mouseVisible = True
15.7515 	EXP 	window1: mouseVisible = True
15.7531 	EXP 	Created text_no_resp = TextStim(__class__=<class 'psychopy.visual.text.TextStim'>, alignHoriz=method-wrapper(...), alignText='center', alignVert=method-wrapper(...), anchorHoriz='center', anchorVert='center', antialias=True, autoDraw=False, autoLog=True, bold=False, color=array([-1., -1., -1.]), colorSpace='rgb', contrast=1.0, depth=-8.0, draggable=False, flipHoriz=False, flipVert=False, font='Arial', fontFiles=[], height=0.05, italic=False, languageStyle='Arabic', name='text_no_resp', opacity=1.0, ori=0.0, pos=array([0., 0.]), rgb=UNKNOWN, text='', units='height', win=Window(...), wrapWidth=1)
15.7532 	EXP 	window1: mouseVisible = True
15.7561 	EXP 	Created fixation2 = ShapeStim(__class__=<class 'psychopy.visual.shape.ShapeStim'>, anchor=('center', 'center'), autoDraw=False, autoLog=True, closeShape=True, color=method-wrapper(...), colorSpace='rgb', contrast=None, depth=0.0, draggable=False, fillColor=array([-1, -1, -1]), fillColorSpace='rgb', fillRGB=array([-1, -1, -1]), interpolate=True, lineColor=array([-1., -1., -1.]), lineColorSpace='rgb', lineRGB=array([-1., -1., -1.]), lineWidth=0.08, name='fixation2', opacity=1.0, ori=0.0, pos=array([0., 0.]), size=array([0.03, 0.06]), units='norm', vertices=ndarray(...), win=Window(...), windingRule=None)
0.0317 	EXP 	left_learning_reward: autoLog = True
0.0317 	EXP 	right_learning_reward: autoLog = True
0.0543 	INFO 	Keyboard events cleared
0.0537 	EXP 	text1: autoDraw = True
5.5005 	DATA 	Keypress: space
5.5288 	EXP 	Created sequence: random, trialTypes=1, nReps=20, seed=None
5.5292 	EXP 	New trial (rep=0, index=0): None
5.5403 	EXP 	text1: autoDraw = False
5.5403 	EXP 	fixation1: autoDraw = True
6.5411 	EXP 	window1: backgroundImage = ''
6.5411 	EXP 	window1: backgroundFit = 'none'
6.7185 	DEBUG 	TextBox2 loaded 1 chars with 0 blanks and 1 valid
6.7271 	DEBUG 	TextBox2 loaded 1 chars with 0 blanks and 1 valid
6.7345 	DEBUG 	TextBox2 loaded 1 chars with 0 blanks and 1 valid
6.7399 	DEBUG 	TextBox2 loaded 1 chars with 0 blanks and 1 valid
6.7457 	DEBUG 	TextBox2 loaded 1 chars with 0 blanks and 1 valid
6.7512 	DEBUG 	TextBox2 loaded 1 chars with 0 blanks and 1 valid
6.7573 	DEBUG 	TextBox2 loaded 1 chars with 0 blanks and 1 valid
6.7582 	DEBUG 	Uploading Texture Font fontname to graphics card
6.7698 	DEBUG 	Upload of Texture Font fontname complete
6.7789 	DEBUG 	TextBox2 loaded 1 chars with 0 blanks and 1 valid
6.7797 	DEBUG 	Uploading Texture Font fontname to graphics card
6.7968 	DEBUG 	Upload of Texture Font fontname complete
6.8604 	INFO 	Keyboard events cleared
6.8597 	EXP 	fixation1: autoDraw = False
6.8597 	EXP 	left_image: image = '4.jpg'
6.8597 	EXP 	right_image: image = '3.jpg'
6.8597 	EXP 	left_image: autoDraw = True
6.8597 	EXP 	right_image: autoDraw = True
10.5531 	EXP 	polygon: autoDraw = True
10.5531 	EXP 	left_learning_reward: autoDraw = True
10.5531 	EXP 	right_learning_reward: autoDraw = True
11.5529 	EXP 	polygon: autoDraw = False
11.5529 	EXP 	left_learning_reward: autoDraw = False
11.5529 	EXP 	right_learning_reward: autoDraw = False
11.8696 	EXP 	left_image: autoDraw = False
11.8696 	EXP 	right_image: autoDraw = False
12.5518 	EXP 	text_no_resp: autoDraw = True
13.5529 	DEBUG 	Fullscreen settings ignored as running in pilot mode.
13.5535 	EXP 	window1: backgroundImage = ''
13.5535 	EXP 	window1: backgroundFit = 'none'
13.5535 	EXP 	window1: units = 'height'
13.5558 	EXP 	window1: Attempting to measure frame rate of screen (0) ...
13.5558 	EXP 	window1: recordFrameIntervals = False
13.5682 	EXP 	text_no_resp: autoDraw = False
13.5682 	EXP 	left_image: autoDraw = False
13.5682 	EXP 	right_image: autoDraw = False
13.5682 	EXP 	polygon: autoDraw = False
13.5682 	EXP 	left_learning_reward: autoDraw = False
13.5682 	EXP 	right_learning_reward: autoDraw = False
13.5682 	EXP 	text_no_resp: autoDraw = False
13.7245 	EXP 	window1: recordFrameIntervals = True
13.9090 	EXP 	Screen (0) actual frame rate measured at 60.13Hz
13.9090 	EXP 	window1: recordFrameIntervals = False
13.9091 	EXP 	window1: mouseVisible = False
13.9098 	EXP 	New trial (rep=1, index=0): None
13.9195 	EXP 	fixation1: autoDraw = True
14.9090 	EXP 	window1: backgroundImage = ''
14.9090 	EXP 	window1: backgroundFit = 'none'
15.0408 	DEBUG 	TextBox2 loaded 1 chars with 0 blanks and 1 valid
15.0460 	DEBUG 	TextBox2 loaded 1 chars with 0 blanks and 1 valid
15.0464 	DEBUG 	Uploading Texture Font fontname to graphics card
15.0477 	DEBUG 	Upload of Texture Font fontname complete
15.0524 	DEBUG 	TextBox2 loaded 1 chars with 0 blanks and 1 valid
15.0530 	DEBUG 	Uploading Texture Font fontname to graphics card
15.0542 	DEBUG 	Upload of Texture Font fontname complete
15.0773 	INFO 	Keyboard events cleared
15.0761 	EXP 	fixation1: autoDraw = False
15.0761 	EXP 	fixation1: autoDraw = False
15.0761 	EXP 	left_image: image = '4.jpg'
15.0761 	EXP 	right_image: image = '3.jpg'
15.0761 	EXP 	left_image: autoDraw = True
15.0761 	EXP 	right_image: autoDraw = True
15.3783 	DATA 	Keypress: right
18.9353 	EXP 	polygon: autoDraw = True
18.9353 	EXP 	left_learning_reward: autoDraw = True
18.9353 	EXP 	right_learning_reward: autoDraw = True
19.9370 	EXP 	polygon: autoDraw = False
19.9370 	EXP 	left_learning_reward: autoDraw = False
19.9370 	EXP 	right_learning_reward: autoDraw = False
20.0864 	EXP 	left_image: autoDraw = False
20.0864 	EXP 	right_image: autoDraw = False
62.3419 	DATA 	Keypress: escape
62.4249 	EXP 	article1: status = STOPPED
62.4395 	EXP 	article1: status = STOPPED
62.4740 	INFO 	saved data to 'D:\\UT\\semester 4 - courses\\Cognitive science\\HWs\\HW1\\answer\\article1\\data/878889_article1_2024-05-27_20h59.54.751.csv'
62.4750 	INFO 	saved data to D:\UT\semester 4 - courses\Cognitive science\HWs\HW1\answer\article1\data/878889_article1_2024-05-27_20h59.54.751.psydat
62.5521 	EXP 	window1: mouseVisible = True
62.9854 	DEBUG 	Saving data for article1 ExperimentHandler
