11.3631 	DEBUG 	Fullscreen settings ignored as running in pilot mode.
11.3653 	INFO 	Loaded monitor calibration from ['2024_05_21 12:08']
11.8768 	EXP 	Created window1 = Window(allowGUI=True, allowStencil=True, autoLog=True, backendConf=UNKNOWN, backgroundFit=<method-wrapper '__getattribute__' of attributeSetter object at 0x000002174389D7F0>, backgroundImage=<method-wrapper '__getattribute__' of attributeSetter object at 0x000002174389D790>, bitsMode=UNKNOWN, blendMode='avg', bpc=(8, 8, 8), color=array([1, 1, 1]), colorSpace='rgb', depthBits=8, fullscr=<method-wrapper '__getattribute__' of attributeSetter object at 0x000002174389D5E0>, gamma=None, gammaErrorPolicy='raise', infoMsg=UNKNOWN, lms=UNKNOWN, monitor=<psychopy.monitors.calibTools.Monitor object at 0x0000021744C28460>, multiSample=False, name='window1', numSamples=2, pos=[560.0, 240.0], screen=0, size=array([800, 600]), stencilBits=8, stereo=False, title='PsychoPy', units='height', useFBO=True, useRetina=False, viewOri=0.0, viewPos=None, viewScale=None, waitBlanking=True, winType='pyglet')
11.8773 	EXP 	window1: mouseVisible = True
11.8773 	EXP 	window1: backgroundImage = ''
11.8774 	EXP 	window1: backgroundFit = 'none'
11.8781 	EXP 	window1: mouseVisible = True
11.8793 	EXP 	window1: mouseVisible = True
11.8869 	EXP 	window1: mouseVisible = True
11.8899 	EXP 	window1: mouseVisible = True
11.9051 	DEBUG 	TextBox2 loaded 1 chars with 0 blanks and 1 valid
11.9066 	DEBUG 	TextBox2 loaded 1 chars with 0 blanks and 1 valid
11.9081 	DEBUG 	TextBox2 loaded 1 chars with 0 blanks and 1 valid
11.9097 	DEBUG 	TextBox2 loaded 1 chars with 0 blanks and 1 valid
11.9113 	DEBUG 	TextBox2 loaded 1 chars with 0 blanks and 1 valid
11.9124 	DEBUG 	TextBox2 loaded 1 chars with 0 blanks and 1 valid
11.9137 	DEBUG 	TextBox2 loaded 1 chars with 0 blanks and 1 valid
11.9152 	DEBUG 	TextBox2 loaded 1 chars with 0 blanks and 1 valid
11.9161 	DEBUG 	TextBox2 loaded 1 chars with 0 blanks and 1 valid
11.9170 	DEBUG 	TextBox2 loaded 1 chars with 0 blanks and 1 valid
11.9183 	DEBUG 	TextBox2 loaded 1 chars with 0 blanks and 1 valid
11.9197 	DEBUG 	TextBox2 loaded 1 chars with 0 blanks and 1 valid
11.9209 	DEBUG 	TextBox2 loaded 1 chars with 0 blanks and 1 valid
11.9223 	DEBUG 	TextBox2 loaded 1 chars with 0 blanks and 1 valid
11.9235 	DEBUG 	TextBox2 loaded 1 chars with 0 blanks and 1 valid
11.9248 	DEBUG 	TextBox2 loaded 1 chars with 0 blanks and 1 valid
11.9261 	DEBUG 	TextBox2 loaded 1 chars with 0 blanks and 1 valid
11.9271 	DEBUG 	TextBox2 loaded 1 chars with 0 blanks and 1 valid
11.9281 	DEBUG 	TextBox2 loaded 1 chars with 0 blanks and 1 valid
11.9296 	DEBUG 	TextBox2 loaded 1 chars with 0 blanks and 1 valid
11.9306 	DEBUG 	TextBox2 loaded 1 chars with 0 blanks and 1 valid
11.9310 	DEBUG 	Uploading Texture Font fontname to graphics card
11.9442 	DEBUG 	Upload of Texture Font fontname complete
11.9460 	EXP 	window1: mouseVisible = True
11.9462 	EXP 	window1: mouseVisible = True
11.9469 	EXP 	window1: mouseVisible = True
11.9475 	EXP 	window1: mouseVisible = True
11.9528 	DEBUG 	TextBox2 loaded 1 chars with 0 blanks and 1 valid
11.9545 	DEBUG 	TextBox2 loaded 1 chars with 0 blanks and 1 valid
11.9561 	DEBUG 	TextBox2 loaded 1 chars with 0 blanks and 1 valid
11.9565 	DEBUG 	Uploading Texture Font fontname to graphics card
11.9721 	DEBUG 	Upload of Texture Font fontname complete
11.9746 	EXP 	window1: Attempting to measure frame rate of screen (0) ...
11.9747 	EXP 	window1: recordFrameIntervals = False
12.2042 	EXP 	window1: recordFrameIntervals = True
12.5893 	EXP 	Screen (0) actual frame rate measured at 59.00Hz
12.5894 	EXP 	window1: recordFrameIntervals = False
12.5897 	EXP 	window1: mouseVisible = False
12.5907 	EXP 	window1: mouseVisible = True
12.5911 	EXP 	window1: mouseVisible = True
12.5924 	EXP 	window1: mouseVisible = True
12.5934 	EXP 	window1: mouseVisible = True
12.6043 	DEBUG 	TextBox2 loaded 1 chars with 0 blanks and 1 valid
12.6061 	DEBUG 	TextBox2 loaded 1 chars with 0 blanks and 1 valid
12.6085 	DEBUG 	TextBox2 loaded 1 chars with 0 blanks and 1 valid
12.6113 	DEBUG 	TextBox2 loaded 1 chars with 0 blanks and 1 valid
12.6140 	DEBUG 	TextBox2 loaded 1 chars with 0 blanks and 1 valid
12.6168 	DEBUG 	TextBox2 loaded 1 chars with 0 blanks and 1 valid
12.6186 	DEBUG 	TextBox2 loaded 1 chars with 0 blanks and 1 valid
12.6207 	DEBUG 	TextBox2 loaded 1 chars with 0 blanks and 1 valid
12.6228 	DEBUG 	TextBox2 loaded 1 chars with 0 blanks and 1 valid
12.6246 	DEBUG 	TextBox2 loaded 1 chars with 0 blanks and 1 valid
12.6251 	DEBUG 	Uploading Texture Font fontname to graphics card
12.6260 	DEBUG 	Upload of Texture Font fontname complete
12.6281 	EXP 	window1: mouseVisible = True
12.6283 	EXP 	window1: mouseVisible = True
12.6290 	EXP 	window1: mouseVisible = True
12.6297 	EXP 	window1: mouseVisible = True
12.7436 	WARNING 	launchHubServer: If using the iohub mouse or eyetracker devices, fullScr should be True.
17.1060 	INFO 	keyboard.Keyboard is using iohub backend.
17.1061 	INFO 	keyboard.Keyboard is using iohub backend.
17.1062 	INFO 	keyboard.Keyboard is using iohub backend.
17.1062 	EXP 	article1: status = STARTED
17.1066 	EXP 	window1: mouseVisible = True
17.2706 	EXP 	Created text1 = TextStim(__class__=<class 'psychopy.visual.text.TextStim'>, alignHoriz=method-wrapper(...), alignText='center', alignVert=method-wrapper(...), anchorHoriz='center', anchorVert='center', antialias=True, autoDraw=False, autoLog=True, bold=False, color=array([-1., -1., -1.]), colorSpace='rgb', contrast=1.0, depth=0.0, draggable=False, flipHoriz=False, flipVert=False, font='Arial', fontFiles=[], height=0.05, italic=False, languageStyle='Arabic', name='text1', opacity=1.0, ori=0.0, pos=array([0., 0.]), rgb=UNKNOWN, text=str(...), units='height', win=Window(...), wrapWidth=1)
17.2711 	EXP 	window1: mouseVisible = True
17.2740 	EXP 	Created fixation1 = ShapeStim(__class__=<class 'psychopy.visual.shape.ShapeStim'>, anchor=('center', 'center'), autoDraw=False, autoLog=True, closeShape=True, color=method-wrapper(...), colorSpace='rgb', contrast=None, depth=0.0, draggable=False, fillColor=array([-1, -1, -1]), fillColorSpace='rgb', fillRGB=array([-1, -1, -1]), interpolate=True, lineColor=array([-1., -1., -1.]), lineColorSpace='rgb', lineRGB=array([-1., -1., -1.]), lineWidth=0.08, name='fixation1', opacity=1.0, ori=0.0, pos=array([0., 0.]), size=array([0.03, 0.06]), units='norm', vertices=ndarray(...), win=Window(...), windingRule=None)
17.2743 	EXP 	window1: mouseVisible = True
17.2834 	EXP 	Created left_image = ImageStim(__class__=<class 'psychopy.visual.image.ImageStim'>, anchor=('center', 'center'), autoLog=True, color=array([1., 1., 1.]), colorSpace='rgb', contrast=1.0, depth=-1.0, draggable=False, flipHoriz=False, flipVert=False, image='default.png', interpolate=True, mask=None, maskParams=None, name='left_image', opacity=1.0, ori=0.0, pos=array([-0.5,  0. ]), size=array([0.5, 0.5]), texRes=128.0, units='height', win=Window(...))
17.2836 	EXP 	window1: mouseVisible = True
17.2885 	EXP 	Created right_image = ImageStim(__class__=<class 'psychopy.visual.image.ImageStim'>, anchor=('center', 'center'), autoLog=True, color=array([1., 1., 1.]), colorSpace='rgb', contrast=1.0, depth=-2.0, draggable=False, flipHoriz=False, flipVert=False, image='default.png', interpolate=True, mask=None, maskParams=None, name='right_image', opacity=1.0, ori=0.0, pos=array([0.5, 0. ]), size=array([0.5, 0.5]), texRes=128.0, units='height', win=Window(...))
17.2887 	EXP 	window1: mouseVisible = True
17.2902 	EXP 	Created polygon = Rect(__class__=<class 'psychopy.visual.rect.Rect'>, anchor=('center', 'center'), autoDraw=False, autoLog=True, closeShape=True, color=method-wrapper(...), colorSpace='rgb', contrast=None, depth=-5.0, draggable=False, fillColor=array([0., 0., 0.]), fillColorSpace='rgb', fillRGB=array([0., 0., 0.]), interpolate=True, lineColor=array([-0.5765,  0.0039,  1.    ]), lineColorSpace='rgb', lineRGB=array([-0.5765,  0.0039,  1.    ]), lineWidth=20.0, name='polygon', opacity=0.3, ori=0.0, pos=array([0., 0.]), size=array([0.5, 0.5]), units='height', vertices=ndarray(...), win=Window(...))
17.2903 	EXP 	window1: mouseVisible = True
17.2905 	EXP 	window1: mouseVisible = True
17.2911 	EXP 	window1: mouseVisible = True
17.2916 	EXP 	window1: mouseVisible = True
17.2965 	EXP 	window1: mouseVisible = True
17.2966 	EXP 	window1: mouseVisible = True
17.2976 	EXP 	window1: mouseVisible = True
17.2982 	EXP 	window1: mouseVisible = True
17.3046 	DEBUG 	TextBox2 loaded 1 chars with 0 blanks and 1 valid
17.3074 	DEBUG 	TextBox2 loaded 1 chars with 0 blanks and 1 valid
17.3100 	DEBUG 	TextBox2 loaded 1 chars with 0 blanks and 1 valid
17.3125 	DEBUG 	TextBox2 loaded 1 chars with 0 blanks and 1 valid
17.3151 	DEBUG 	TextBox2 loaded 1 chars with 0 blanks and 1 valid
17.3178 	DEBUG 	TextBox2 loaded 1 chars with 0 blanks and 1 valid
17.3206 	DEBUG 	TextBox2 loaded 1 chars with 0 blanks and 1 valid
17.3230 	DEBUG 	TextBox2 loaded 1 chars with 0 blanks and 1 valid
17.3251 	DEBUG 	TextBox2 loaded 1 chars with 0 blanks and 1 valid
17.3254 	DEBUG 	Uploading Texture Font fontname to graphics card
17.3273 	DEBUG 	Upload of Texture Font fontname complete
17.3289 	EXP 	window1: mouseVisible = True
17.3291 	EXP 	window1: mouseVisible = True
17.3298 	EXP 	window1: mouseVisible = True
17.3308 	EXP 	window1: mouseVisible = True
17.3353 	EXP 	window1: mouseVisible = True
17.3355 	EXP 	window1: mouseVisible = True
17.3360 	EXP 	window1: mouseVisible = True
17.3365 	EXP 	window1: mouseVisible = True
17.3405 	EXP 	window1: mouseVisible = True
17.3471 	EXP 	Created text_no_resp = TextStim(__class__=<class 'psychopy.visual.text.TextStim'>, alignHoriz=method-wrapper(...), alignText='center', alignVert=method-wrapper(...), anchorHoriz='center', anchorVert='center', antialias=True, autoDraw=False, autoLog=True, bold=False, color=array([-1., -1., -1.]), colorSpace='rgb', contrast=1.0, depth=-8.0, draggable=False, flipHoriz=False, flipVert=False, font='Arial', fontFiles=[], height=0.05, italic=False, languageStyle='Arabic', name='text_no_resp', opacity=1.0, ori=0.0, pos=array([0., 0.]), rgb=UNKNOWN, text='.ﺪﺸﻧ ﺖﻓﺎﯾﺭﺩ ﯽﺨﺳﺎﭘ', units='height', win=Window(...), wrapWidth=1)
0.0339 	EXP 	left_learning_reward: autoLog = True
0.0339 	EXP 	right_learning_reward: autoLog = True
0.0589 	INFO 	Keyboard events cleared
0.0583 	EXP 	text1: autoDraw = True
2.9644 	EXP 	Created sequence: random, trialTypes=1, nReps=20, seed=None
2.9649 	EXP 	New trial (rep=0, index=0): None
2.9697 	DATA 	Keypress: space
2.9862 	EXP 	text1: autoDraw = False
2.9862 	EXP 	fixation1: autoDraw = True
3.9760 	EXP 	window1: backgroundImage = ''
3.9760 	EXP 	window1: backgroundFit = 'none'
4.1315 	DEBUG 	TextBox2 loaded 1 chars with 0 blanks and 1 valid
4.1385 	DEBUG 	TextBox2 loaded 1 chars with 0 blanks and 1 valid
4.1439 	DEBUG 	TextBox2 loaded 1 chars with 0 blanks and 1 valid
4.1488 	DEBUG 	TextBox2 loaded 1 chars with 0 blanks and 1 valid
4.1531 	DEBUG 	TextBox2 loaded 1 chars with 0 blanks and 1 valid
4.1596 	DEBUG 	TextBox2 loaded 1 chars with 0 blanks and 1 valid
4.1648 	DEBUG 	TextBox2 loaded 1 chars with 0 blanks and 1 valid
4.1653 	DEBUG 	Uploading Texture Font fontname to graphics card
4.1666 	DEBUG 	Upload of Texture Font fontname complete
4.1709 	DEBUG 	TextBox2 loaded 1 chars with 0 blanks and 1 valid
4.1715 	DEBUG 	Uploading Texture Font fontname to graphics card
4.1821 	DEBUG 	Upload of Texture Font fontname complete
4.2226 	EXP 	window1: mouseVisible = True
4.2289 	DEBUG 	Saving data for article1 ExperimentHandler
4.2322 	INFO 	saved data to D:\UT\semester 4 - courses\Cognitive science\HWs\HW1\answer\article1\data/886855_article1_2024-05-27_14h28.12.900.psydat
4.2338 	INFO 	saved data to 'D:\\UT\\semester 4 - courses\\Cognitive science\\HWs\\HW1\\answer\\article1\\data/886855_article1_2024-05-27_14h28.12.900.csv'
