7.6384 	DEBUG 	Fullscreen settings ignored as running in pilot mode.
7.6391 	INFO 	Loaded monitor calibration from ['2024_05_21 12:08']
7.8475 	EXP 	Created window1 = Window(allowGUI=True, allowStencil=True, autoLog=True, backendConf=UNKNOWN, backgroundFit=<method-wrapper '__getattribute__' of attributeSetter object at 0x0000011011FB2D00>, backgroundImage=<method-wrapper '__getattribute__' of attributeSetter object at 0x0000011011FB2CA0>, bitsMode=UNKNOWN, blendMode='avg', bpc=(8, 8, 8), color=array([1, 1, 1]), colorSpace='rgb', depthBits=8, fullscr=<method-wrapper '__getattribute__' of attributeSetter object at 0x0000011011FB2AF0>, gamma=None, gammaErrorPolicy='raise', infoMsg=UNKNOWN, lms=UNKNOWN, monitor=<psychopy.monitors.calibTools.Monitor object at 0x0000011012328970>, multiSample=False, name='window1', numSamples=2, pos=[560.0, 240.0], screen=0, size=array([800, 600]), stencilBits=8, stereo=False, title='PsychoPy', units='height', useFBO=True, useRetina=False, viewOri=0.0, viewPos=None, viewScale=None, waitBlanking=True, winType='pyglet')
7.8477 	EXP 	window1: mouseVisible = True
7.8477 	EXP 	window1: backgroundImage = ''
7.8477 	EXP 	window1: backgroundFit = 'none'
7.8480 	EXP 	window1: mouseVisible = True
7.8483 	EXP 	window1: mouseVisible = True
7.8506 	EXP 	window1: mouseVisible = True
7.8510 	EXP 	window1: mouseVisible = True
7.8573 	DEBUG 	TextBox2 loaded 1 chars with 0 blanks and 1 valid
7.8582 	DEBUG 	TextBox2 loaded 1 chars with 0 blanks and 1 valid
7.8590 	DEBUG 	TextBox2 loaded 1 chars with 0 blanks and 1 valid
7.8601 	DEBUG 	TextBox2 loaded 1 chars with 0 blanks and 1 valid
7.8612 	DEBUG 	TextBox2 loaded 1 chars with 0 blanks and 1 valid
7.8619 	DEBUG 	TextBox2 loaded 1 chars with 0 blanks and 1 valid
7.8627 	DEBUG 	TextBox2 loaded 1 chars with 0 blanks and 1 valid
7.8637 	DEBUG 	TextBox2 loaded 1 chars with 0 blanks and 1 valid
7.8643 	DEBUG 	TextBox2 loaded 1 chars with 0 blanks and 1 valid
7.8649 	DEBUG 	TextBox2 loaded 1 chars with 0 blanks and 1 valid
7.8659 	DEBUG 	TextBox2 loaded 1 chars with 0 blanks and 1 valid
7.8670 	DEBUG 	TextBox2 loaded 1 chars with 0 blanks and 1 valid
7.8682 	DEBUG 	TextBox2 loaded 1 chars with 0 blanks and 1 valid
7.8697 	DEBUG 	TextBox2 loaded 1 chars with 0 blanks and 1 valid
7.8711 	DEBUG 	TextBox2 loaded 1 chars with 0 blanks and 1 valid
7.8725 	DEBUG 	TextBox2 loaded 1 chars with 0 blanks and 1 valid
7.8737 	DEBUG 	TextBox2 loaded 1 chars with 0 blanks and 1 valid
7.8747 	DEBUG 	TextBox2 loaded 1 chars with 0 blanks and 1 valid
7.8756 	DEBUG 	TextBox2 loaded 1 chars with 0 blanks and 1 valid
7.8770 	DEBUG 	TextBox2 loaded 1 chars with 0 blanks and 1 valid
7.8781 	DEBUG 	TextBox2 loaded 1 chars with 0 blanks and 1 valid
7.8784 	DEBUG 	Uploading Texture Font fontname to graphics card
7.8940 	DEBUG 	Upload of Texture Font fontname complete
7.8956 	EXP 	window1: mouseVisible = True
7.8958 	EXP 	window1: mouseVisible = True
7.8964 	EXP 	window1: mouseVisible = True
7.8968 	EXP 	window1: mouseVisible = True
7.9011 	DEBUG 	TextBox2 loaded 1 chars with 0 blanks and 1 valid
7.9031 	DEBUG 	TextBox2 loaded 1 chars with 0 blanks and 1 valid
7.9049 	DEBUG 	TextBox2 loaded 1 chars with 0 blanks and 1 valid
7.9054 	DEBUG 	Uploading Texture Font fontname to graphics card
7.9137 	DEBUG 	Upload of Texture Font fontname complete
7.9156 	EXP 	window1: Attempting to measure frame rate of screen (0) ...
7.9156 	EXP 	window1: recordFrameIntervals = False
8.0868 	EXP 	window1: recordFrameIntervals = True
8.4539 	EXP 	Screen (0) actual frame rate measured at 61.40Hz
8.4540 	EXP 	window1: recordFrameIntervals = False
8.4541 	EXP 	window1: mouseVisible = False
8.4546 	EXP 	window1: mouseVisible = True
8.4549 	EXP 	window1: mouseVisible = True
8.4560 	EXP 	window1: mouseVisible = True
8.4570 	EXP 	window1: mouseVisible = True
8.4633 	DEBUG 	TextBox2 loaded 1 chars with 0 blanks and 1 valid
8.4642 	DEBUG 	TextBox2 loaded 1 chars with 0 blanks and 1 valid
8.4654 	DEBUG 	TextBox2 loaded 1 chars with 0 blanks and 1 valid
8.4665 	DEBUG 	TextBox2 loaded 1 chars with 0 blanks and 1 valid
8.4675 	DEBUG 	TextBox2 loaded 1 chars with 0 blanks and 1 valid
8.4686 	DEBUG 	TextBox2 loaded 1 chars with 0 blanks and 1 valid
8.4692 	DEBUG 	TextBox2 loaded 1 chars with 0 blanks and 1 valid
8.4700 	DEBUG 	TextBox2 loaded 1 chars with 0 blanks and 1 valid
8.4709 	DEBUG 	TextBox2 loaded 1 chars with 0 blanks and 1 valid
8.4718 	DEBUG 	TextBox2 loaded 1 chars with 0 blanks and 1 valid
8.4720 	DEBUG 	Uploading Texture Font fontname to graphics card
8.4726 	DEBUG 	Upload of Texture Font fontname complete
8.4737 	EXP 	window1: mouseVisible = True
8.4738 	EXP 	window1: mouseVisible = True
8.4742 	EXP 	window1: mouseVisible = True
8.4745 	EXP 	window1: mouseVisible = True
8.5228 	WARNING 	launchHubServer: If using the iohub mouse or eyetracker devices, fullScr should be True.
10.8019 	INFO 	keyboard.Keyboard is using iohub backend.
10.8019 	INFO 	keyboard.Keyboard is using iohub backend.
10.8019 	INFO 	keyboard.Keyboard is using iohub backend.
10.8020 	INFO 	keyboard.Keyboard is using iohub backend.
10.8020 	INFO 	keyboard.Keyboard is using iohub backend.
10.8020 	EXP 	article1: status = STARTED
10.8023 	EXP 	window1: mouseVisible = True
10.8835 	EXP 	Created text1 = TextStim(__class__=<class 'psychopy.visual.text.TextStim'>, alignHoriz=method-wrapper(...), alignText='center', alignVert=method-wrapper(...), anchorHoriz='center', anchorVert='center', antialias=True, autoDraw=False, autoLog=True, bold=False, color=array([-1., -1., -1.]), colorSpace='rgb', contrast=1.0, depth=0.0, draggable=False, flipHoriz=False, flipVert=False, font='Arial', fontFiles=[], height=0.05, italic=False, languageStyle='Arabic', name='text1', opacity=1.0, ori=0.0, pos=array([0., 0.]), rgb=UNKNOWN, text=str(...), units='height', win=Window(...), wrapWidth=1)
10.8837 	EXP 	window1: mouseVisible = True
10.8850 	EXP 	Created fixation1 = ShapeStim(__class__=<class 'psychopy.visual.shape.ShapeStim'>, anchor=('center', 'center'), autoDraw=False, autoLog=True, closeShape=True, color=method-wrapper(...), colorSpace='rgb', contrast=None, depth=0.0, draggable=False, fillColor=array([-1, -1, -1]), fillColorSpace='rgb', fillRGB=array([-1, -1, -1]), interpolate=True, lineColor=array([-1., -1., -1.]), lineColorSpace='rgb', lineRGB=array([-1., -1., -1.]), lineWidth=0.08, name='fixation1', opacity=1.0, ori=0.0, pos=array([0., 0.]), size=array([0.03, 0.06]), units='norm', vertices=ndarray(...), win=Window(...), windingRule=None)
10.8851 	EXP 	window1: mouseVisible = True
10.8918 	EXP 	Created left_image = ImageStim(__class__=<class 'psychopy.visual.image.ImageStim'>, anchor=('center', 'center'), autoLog=True, color=array([1., 1., 1.]), colorSpace='rgb', contrast=1.0, depth=-1.0, draggable=False, flipHoriz=False, flipVert=False, image='default.png', interpolate=True, mask=None, maskParams=None, name='left_image', opacity=1.0, ori=0.0, pos=array([-0.5,  0. ]), size=array([0.5, 0.5]), texRes=128.0, units='height', win=Window(...))
10.8919 	EXP 	window1: mouseVisible = True
10.8975 	EXP 	Created right_image = ImageStim(__class__=<class 'psychopy.visual.image.ImageStim'>, anchor=('center', 'center'), autoLog=True, color=array([1., 1., 1.]), colorSpace='rgb', contrast=1.0, depth=-2.0, draggable=False, flipHoriz=False, flipVert=False, image='default.png', interpolate=True, mask=None, maskParams=None, name='right_image', opacity=1.0, ori=0.0, pos=array([0.5, 0. ]), size=array([0.5, 0.5]), texRes=128.0, units='height', win=Window(...))
10.8977 	EXP 	window1: mouseVisible = True
10.8991 	EXP 	Created polygon = Rect(__class__=<class 'psychopy.visual.rect.Rect'>, anchor=('center', 'center'), autoDraw=False, autoLog=True, closeShape=True, color=method-wrapper(...), colorSpace='rgb', contrast=None, depth=-5.0, draggable=False, fillColor=array([0., 0., 0.]), fillColorSpace='rgb', fillRGB=array([0., 0., 0.]), interpolate=True, lineColor=array([-0.5765,  0.0039,  1.    ]), lineColorSpace='rgb', lineRGB=array([-0.5765,  0.0039,  1.    ]), lineWidth=20.0, name='polygon', opacity=0.3, ori=0.0, pos=array([0., 0.]), size=array([0.5, 0.5]), units='height', vertices=ndarray(...), win=Window(...))
10.8996 	EXP 	window1: mouseVisible = True
10.8998 	EXP 	window1: mouseVisible = True
10.9007 	EXP 	window1: mouseVisible = True
10.9013 	EXP 	window1: mouseVisible = True
10.9056 	EXP 	window1: mouseVisible = True
10.9057 	EXP 	window1: mouseVisible = True
10.9060 	EXP 	window1: mouseVisible = True
10.9063 	EXP 	window1: mouseVisible = True
10.9105 	DEBUG 	TextBox2 loaded 1 chars with 0 blanks and 1 valid
10.9121 	DEBUG 	TextBox2 loaded 1 chars with 0 blanks and 1 valid
10.9136 	DEBUG 	TextBox2 loaded 1 chars with 0 blanks and 1 valid
10.9150 	DEBUG 	TextBox2 loaded 1 chars with 0 blanks and 1 valid
10.9162 	DEBUG 	TextBox2 loaded 1 chars with 0 blanks and 1 valid
10.9174 	DEBUG 	TextBox2 loaded 1 chars with 0 blanks and 1 valid
10.9189 	DEBUG 	TextBox2 loaded 1 chars with 0 blanks and 1 valid
10.9203 	DEBUG 	TextBox2 loaded 1 chars with 0 blanks and 1 valid
10.9215 	DEBUG 	TextBox2 loaded 1 chars with 0 blanks and 1 valid
10.9217 	DEBUG 	Uploading Texture Font fontname to graphics card
10.9227 	DEBUG 	Upload of Texture Font fontname complete
10.9235 	EXP 	window1: mouseVisible = True
10.9236 	EXP 	window1: mouseVisible = True
10.9239 	EXP 	window1: mouseVisible = True
10.9242 	EXP 	window1: mouseVisible = True
10.9265 	EXP 	window1: mouseVisible = True
10.9266 	EXP 	window1: mouseVisible = True
10.9269 	EXP 	window1: mouseVisible = True
10.9272 	EXP 	window1: mouseVisible = True
10.9296 	EXP 	window1: mouseVisible = True
10.9307 	EXP 	Created text_no_resp = TextStim(__class__=<class 'psychopy.visual.text.TextStim'>, alignHoriz=method-wrapper(...), alignText='center', alignVert=method-wrapper(...), anchorHoriz='center', anchorVert='center', antialias=True, autoDraw=False, autoLog=True, bold=False, color=array([-1., -1., -1.]), colorSpace='rgb', contrast=1.0, depth=-8.0, draggable=False, flipHoriz=False, flipVert=False, font='Arial', fontFiles=[], height=0.05, italic=False, languageStyle='Arabic', name='text_no_resp', opacity=1.0, ori=0.0, pos=array([0., 0.]), rgb=UNKNOWN, text='', units='height', win=Window(...), wrapWidth=1)
10.9308 	EXP 	window1: mouseVisible = True
10.9537 	EXP 	Created text2 = TextStim(__class__=<class 'psychopy.visual.text.TextStim'>, alignHoriz=method-wrapper(...), alignText='center', alignVert=method-wrapper(...), anchorHoriz='center', anchorVert='center', antialias=True, autoDraw=False, autoLog=True, bold=False, color=array([-1., -1., -1.]), colorSpace='rgb', contrast=1.0, depth=0.0, draggable=False, flipHoriz=False, flipVert=False, font='Arial', fontFiles=[], height=0.05, italic=False, languageStyle='Arabic', name='text2', opacity=1.0, ori=0.0, pos=array([0., 0.]), rgb=UNKNOWN, text=str(...), units='height', win=Window(...), wrapWidth=1)
10.9539 	EXP 	window1: mouseVisible = True
10.9567 	EXP 	Created fixation2 = ShapeStim(__class__=<class 'psychopy.visual.shape.ShapeStim'>, anchor=('center', 'center'), autoDraw=False, autoLog=True, closeShape=True, color=method-wrapper(...), colorSpace='rgb', contrast=None, depth=0.0, draggable=False, fillColor=array([-1, -1, -1]), fillColorSpace='rgb', fillRGB=array([-1, -1, -1]), interpolate=True, lineColor=array([-1., -1., -1.]), lineColorSpace='rgb', lineRGB=array([-1., -1., -1.]), lineWidth=0.08, name='fixation2', opacity=1.0, ori=0.0, pos=array([0., 0.]), size=array([0.03, 0.06]), units='norm', vertices=ndarray(...), win=Window(...), windingRule=None)
10.9569 	EXP 	window1: mouseVisible = True
10.9640 	EXP 	Created left_image_2 = ImageStim(__class__=<class 'psychopy.visual.image.ImageStim'>, anchor=('center', 'center'), autoLog=True, color=array([1., 1., 1.]), colorSpace='rgb', contrast=1.0, depth=-1.0, draggable=False, flipHoriz=False, flipVert=False, image='default.png', interpolate=True, mask=None, maskParams=None, name='left_image_2', opacity=1.0, ori=0.0, pos=array([-0.5,  0. ]), size=array([0.5, 0.5]), texRes=128.0, units='height', win=Window(...))
10.9643 	EXP 	window1: mouseVisible = True
10.9727 	EXP 	Created right_image_2 = ImageStim(__class__=<class 'psychopy.visual.image.ImageStim'>, anchor=('center', 'center'), autoLog=True, color=array([1., 1., 1.]), colorSpace='rgb', contrast=1.0, depth=-2.0, draggable=False, flipHoriz=False, flipVert=False, image='default.png', interpolate=True, mask=None, maskParams=None, name='right_image_2', opacity=1.0, ori=0.0, pos=array([0.5, 0. ]), size=array([0.5, 0.5]), texRes=128.0, units='height', win=Window(...))
10.9730 	EXP 	window1: mouseVisible = True
10.9757 	EXP 	Created polygon_2 = Rect(__class__=<class 'psychopy.visual.rect.Rect'>, anchor=('center', 'center'), autoDraw=False, autoLog=True, closeShape=True, color=method-wrapper(...), colorSpace='rgb', contrast=None, depth=-5.0, draggable=False, fillColor=array([0., 0., 0.]), fillColorSpace='rgb', fillRGB=array([0., 0., 0.]), interpolate=True, lineColor=array([-0.5765,  0.0039,  1.    ]), lineColorSpace='rgb', lineRGB=array([-0.5765,  0.0039,  1.    ]), lineWidth=20.0, name='polygon_2', opacity=0.3, ori=0.0, pos=array([0., 0.]), size=array([0.5, 0.5]), units='height', vertices=ndarray(...), win=Window(...))
10.9837 	EXP 	window1: mouseVisible = True
10.9839 	EXP 	window1: mouseVisible = True
10.9861 	EXP 	window1: mouseVisible = True
10.9862 	EXP 	window1: mouseVisible = True
10.9865 	EXP 	window1: mouseVisible = True
10.9868 	EXP 	window1: mouseVisible = True
10.9898 	DEBUG 	TextBox2 loaded 1 chars with 0 blanks and 1 valid
10.9899 	DEBUG 	Uploading Texture Font fontname to graphics card
10.9906 	DEBUG 	Upload of Texture Font fontname complete
10.9918 	EXP 	window1: mouseVisible = True
10.9920 	EXP 	window1: mouseVisible = True
10.9928 	EXP 	window1: mouseVisible = True
10.9934 	EXP 	window1: mouseVisible = True
10.9979 	DEBUG 	TextBox2 loaded 1 chars with 0 blanks and 1 valid
10.9989 	DEBUG 	Uploading Texture Font fontname to graphics card
10.9998 	DEBUG 	Upload of Texture Font fontname complete
11.0029 	EXP 	window1: mouseVisible = True
11.0031 	EXP 	window1: mouseVisible = True
11.0037 	EXP 	window1: mouseVisible = True
11.0043 	EXP 	window1: mouseVisible = True
11.0081 	DEBUG 	TextBox2 loaded 1 chars with 0 blanks and 1 valid
11.0083 	DEBUG 	Uploading Texture Font fontname to graphics card
11.0153 	DEBUG 	Upload of Texture Font fontname complete
11.0166 	EXP 	window1: mouseVisible = True
11.0167 	EXP 	window1: mouseVisible = True
11.0171 	EXP 	window1: mouseVisible = True
11.0174 	EXP 	window1: mouseVisible = True
11.0208 	EXP 	window1: mouseVisible = True
11.0209 	EXP 	window1: mouseVisible = True
11.0213 	EXP 	window1: mouseVisible = True
11.0216 	EXP 	window1: mouseVisible = True
11.0244 	DEBUG 	TextBox2 loaded 1 chars with 0 blanks and 1 valid
11.0246 	DEBUG 	Uploading Texture Font fontname to graphics card
11.0323 	DEBUG 	Upload of Texture Font fontname complete
11.0335 	EXP 	window1: mouseVisible = True
11.0336 	EXP 	window1: mouseVisible = True
11.0341 	EXP 	window1: mouseVisible = True
11.0343 	EXP 	window1: mouseVisible = True
11.0373 	EXP 	window1: mouseVisible = True
11.0374 	EXP 	window1: mouseVisible = True
11.0377 	EXP 	window1: mouseVisible = True
11.0380 	EXP 	window1: mouseVisible = True
11.0406 	DEBUG 	TextBox2 loaded 1 chars with 0 blanks and 1 valid
11.0407 	DEBUG 	Uploading Texture Font fontname to graphics card
11.0456 	DEBUG 	Upload of Texture Font fontname complete
11.0467 	EXP 	window1: mouseVisible = True
11.0470 	EXP 	window1: mouseVisible = True
11.0473 	EXP 	window1: mouseVisible = True
11.0477 	EXP 	window1: mouseVisible = True
11.0505 	EXP 	window1: mouseVisible = True
11.0506 	EXP 	window1: mouseVisible = True
11.0509 	EXP 	window1: mouseVisible = True
11.0512 	EXP 	window1: mouseVisible = True
11.0539 	DEBUG 	TextBox2 loaded 1 chars with 0 blanks and 1 valid
11.0540 	DEBUG 	Uploading Texture Font fontname to graphics card
11.0596 	DEBUG 	Upload of Texture Font fontname complete
11.0606 	EXP 	window1: mouseVisible = True
11.0607 	EXP 	window1: mouseVisible = True
11.0610 	EXP 	window1: mouseVisible = True
11.0613 	EXP 	window1: mouseVisible = True
11.0644 	EXP 	window1: mouseVisible = True
11.0645 	EXP 	window1: mouseVisible = True
11.0648 	EXP 	window1: mouseVisible = True
11.0651 	EXP 	window1: mouseVisible = True
11.0677 	DEBUG 	TextBox2 loaded 1 chars with 0 blanks and 1 valid
11.0678 	DEBUG 	Uploading Texture Font fontname to graphics card
11.0728 	DEBUG 	Upload of Texture Font fontname complete
11.0738 	EXP 	window1: mouseVisible = True
11.0739 	EXP 	window1: mouseVisible = True
11.0743 	EXP 	window1: mouseVisible = True
11.0745 	EXP 	window1: mouseVisible = True
11.0774 	EXP 	window1: mouseVisible = True
11.0775 	EXP 	window1: mouseVisible = True
11.0778 	EXP 	window1: mouseVisible = True
11.0781 	EXP 	window1: mouseVisible = True
11.0807 	DEBUG 	TextBox2 loaded 1 chars with 0 blanks and 1 valid
11.0808 	DEBUG 	Uploading Texture Font fontname to graphics card
11.0858 	DEBUG 	Upload of Texture Font fontname complete
11.0868 	EXP 	window1: mouseVisible = True
11.0869 	EXP 	window1: mouseVisible = True
11.0873 	EXP 	window1: mouseVisible = True
11.0875 	EXP 	window1: mouseVisible = True
11.0905 	EXP 	window1: mouseVisible = True
11.0906 	EXP 	window1: mouseVisible = True
11.0909 	EXP 	window1: mouseVisible = True
11.0912 	EXP 	window1: mouseVisible = True
11.0938 	DEBUG 	TextBox2 loaded 1 chars with 0 blanks and 1 valid
11.0939 	DEBUG 	Uploading Texture Font fontname to graphics card
11.0985 	DEBUG 	Upload of Texture Font fontname complete
11.0996 	EXP 	window1: mouseVisible = True
11.0997 	EXP 	window1: mouseVisible = True
11.1000 	EXP 	window1: mouseVisible = True
11.1003 	EXP 	window1: mouseVisible = True
11.1030 	EXP 	window1: mouseVisible = True
11.1031 	EXP 	window1: mouseVisible = True
11.1036 	EXP 	window1: mouseVisible = True
11.1039 	EXP 	window1: mouseVisible = True
11.1065 	DEBUG 	TextBox2 loaded 1 chars with 0 blanks and 1 valid
11.1066 	DEBUG 	Uploading Texture Font fontname to graphics card
11.1120 	DEBUG 	Upload of Texture Font fontname complete
11.1132 	EXP 	window1: mouseVisible = True
11.1133 	EXP 	window1: mouseVisible = True
11.1136 	EXP 	window1: mouseVisible = True
11.1138 	EXP 	window1: mouseVisible = True
11.1166 	EXP 	window1: mouseVisible = True
11.1167 	EXP 	window1: mouseVisible = True
11.1170 	EXP 	window1: mouseVisible = True
11.1178 	EXP 	window1: mouseVisible = True
11.1205 	DEBUG 	TextBox2 loaded 1 chars with 0 blanks and 1 valid
11.1206 	DEBUG 	Uploading Texture Font fontname to graphics card
11.1270 	DEBUG 	Upload of Texture Font fontname complete
11.1281 	EXP 	window1: mouseVisible = True
11.1281 	EXP 	window1: mouseVisible = True
11.1285 	EXP 	window1: mouseVisible = True
11.1287 	EXP 	window1: mouseVisible = True
11.1315 	EXP 	window1: mouseVisible = True
11.1315 	EXP 	window1: mouseVisible = True
11.1318 	EXP 	window1: mouseVisible = True
11.1321 	EXP 	window1: mouseVisible = True
11.1348 	EXP 	window1: mouseVisible = True
11.1349 	EXP 	window1: mouseVisible = True
11.1352 	EXP 	window1: mouseVisible = True
11.1354 	EXP 	window1: mouseVisible = True
11.1383 	EXP 	window1: mouseVisible = True
11.1391 	EXP 	window1: mouseVisible = True
11.1973 	EXP 	Created slider_trns = Slider(__class__=<class 'psychopy.visual.slider.Slider'>, autoDraw=False, autoLog=True, borderColor=None, color=None, colorSpace='rgb', depth=0, fillColor=None, flip=False, font='Open Sans', granularity=10.0, labelColor=None, labelHeight=0.05, labelWrapWidth=None, labels=(0, 10, 20, 30, 40, 50, 60, 70, 80, 90, 100), lineColor=None, markerColor=None, name='slider_trns', opacity=None, ori=0.0, pos=array([0., 0.]), readOnly=False, self=UNKNOWN, size=array([1. , 0.1]), startValue=50, style='rating', styleTweaks=[], ticks=ndarray(...), units='height', win=Window(...))
11.1973 	EXP 	window1: mouseVisible = True
0.0379 	EXP 	left_learning_reward: autoLog = True
0.0379 	EXP 	right_learning_reward: autoLog = True
0.0379 	EXP 	slider_trns: autoLog = True
0.0379 	EXP 	slider_trns: styleTweaks = []
0.0379 	EXP 	slider_trns: styleTweaks = []
0.0379 	EXP 	slider_trns: styleTweaks = []
0.0379 	EXP 	slider_trns: styleTweaks = []
0.0379 	EXP 	slider_trns: contrast = 1.0
0.0379 	EXP 	slider_trns: markerPos = 50
0.0379 	EXP 	slider_trns: autoLog = True
0.0840 	INFO 	Keyboard events cleared
0.0837 	EXP 	text1: autoDraw = True
1.3997 	EXP 	Created sequence: random, trialTypes=1, nReps=1, seed=None
1.3999 	EXP 	New trial (rep=0, index=0): None
1.4025 	DATA 	Keypress: space
1.4204 	EXP 	text1: autoDraw = False
1.4204 	EXP 	fixation1: autoDraw = True
2.4086 	EXP 	window1: backgroundImage = ''
2.4087 	EXP 	window1: backgroundFit = 'none'
2.4922 	INFO 	Keyboard events cleared
2.4918 	EXP 	fixation1: autoDraw = False
2.4918 	EXP 	left_image: image = '2.jpg'
2.4918 	EXP 	right_image: image = '1.jpg'
2.4918 	EXP 	left_image: autoDraw = True
2.4918 	EXP 	right_image: autoDraw = True
6.4052 	EXP 	polygon: autoDraw = True
6.4052 	EXP 	left_learning_reward: autoDraw = True
6.4052 	EXP 	right_learning_reward: autoDraw = True
7.4059 	EXP 	polygon: autoDraw = False
7.4059 	EXP 	left_learning_reward: autoDraw = False
7.4059 	EXP 	right_learning_reward: autoDraw = False
7.5091 	EXP 	left_image: autoDraw = False
7.5091 	EXP 	right_image: autoDraw = False
8.4049 	EXP 	text_no_resp: autoDraw = True
9.3957 	DEBUG 	Fullscreen settings ignored as running in pilot mode.
9.3962 	EXP 	window1: backgroundImage = ''
9.3962 	EXP 	window1: backgroundFit = 'none'
9.3963 	EXP 	window1: units = 'height'
9.3979 	EXP 	window1: Attempting to measure frame rate of screen (0) ...
9.3979 	EXP 	window1: recordFrameIntervals = False
9.4045 	EXP 	text_no_resp: autoDraw = False
9.4045 	EXP 	left_image: autoDraw = False
9.4045 	EXP 	right_image: autoDraw = False
9.4045 	EXP 	polygon: autoDraw = False
9.4045 	EXP 	left_learning_reward: autoDraw = False
9.4045 	EXP 	right_learning_reward: autoDraw = False
9.4045 	EXP 	text_no_resp: autoDraw = False
9.5585 	EXP 	window1: recordFrameIntervals = True
9.7411 	EXP 	Screen (0) actual frame rate measured at 60.09Hz
9.7411 	EXP 	window1: recordFrameIntervals = False
9.7413 	EXP 	window1: mouseVisible = False
9.7554 	INFO 	Keyboard events cleared
9.7549 	EXP 	text2: autoDraw = True
13.2089 	EXP 	Created sequence: random, trialTypes=1, nReps=10, seed=None
13.2091 	EXP 	New trial (rep=0, index=0): None
13.2105 	DATA 	Keypress: space
13.2214 	EXP 	text2: autoDraw = False
13.2214 	EXP 	fixation2: autoDraw = True
14.2927 	INFO 	Keyboard events cleared
14.2919 	EXP 	fixation2: autoDraw = False
14.2919 	EXP 	fixation2: autoDraw = False
14.2919 	EXP 	left_image_2: image = '2.jpg'
14.2919 	EXP 	right_image_2: image = '1.jpg'
14.2919 	EXP 	left_image_2: autoDraw = True
14.2919 	EXP 	right_image_2: autoDraw = True
15.1273 	DATA 	Keypress: right
16.1547 	EXP 	polygon_2: autoDraw = True
17.1710 	EXP 	left_image_2: autoDraw = False
17.1710 	EXP 	right_image_2: autoDraw = False
18.2198 	EXP 	polygon_2: autoDraw = False
18.2198 	EXP 	left_image_2: autoDraw = False
18.2198 	EXP 	right_image_2: autoDraw = False
18.2198 	EXP 	polygon_2: autoDraw = False
18.2198 	EXP 	slider_trns: markerPos = None
18.2198 	EXP 	slider_trns: markerPos = 50
18.2198 	EXP 	slider_trns: autoDraw = True
26.4350 	DATA 	Mouse: Left button down, pos=(179,267)
26.4864 	EXP 	slider_trns: markerPos = 13.166666666666666
26.5040 	EXP 	slider_trns: markerPos = 13.166666666666666
26.5212 	EXP 	slider_trns: markerPos = 13.166666666666666
26.5374 	EXP 	slider_trns: markerPos = 13.166666666666666
26.5497 	DATA 	Mouse:  Left button up, pos=(170,263)
26.5544 	EXP 	slider_trns: markerPos = 13.166666666666666
26.5708 	EXP 	slider_trns: markerPos = 10.0
26.5746 	EXP 	New trial (rep=1, index=0): None
26.5879 	EXP 	slider_trns: autoDraw = False
26.5879 	EXP 	fixation2: autoDraw = True
27.6574 	INFO 	Keyboard events cleared
27.6570 	EXP 	fixation2: autoDraw = False
27.6570 	EXP 	left_image_2: image = '1.jpg'
27.6570 	EXP 	right_image_2: image = '2.jpg'
27.6570 	EXP 	left_image_2: autoDraw = True
27.6570 	EXP 	right_image_2: autoDraw = True
31.2428 	DATA 	Keypress: space
32.1102 	DATA 	Keypress: escape
32.2105 	EXP 	article1: status = STOPPED
32.2216 	EXP 	left_image_2: autoDraw = False
32.2216 	EXP 	right_image_2: autoDraw = False
32.2244 	EXP 	article1: status = STOPPED
32.2330 	INFO 	saved data to 'D:\\UT\\semester 4 - courses\\Cognitive science\\HWs\\HW1\\answer\\article1\\data/996531_article1_2024-05-28_01h20.35.152.csv'
32.2335 	INFO 	saved data to D:\UT\semester 4 - courses\Cognitive science\HWs\HW1\answer\article1\data/996531_article1_2024-05-28_01h20.35.152.psydat
32.2830 	EXP 	window1: mouseVisible = True
32.6827 	DEBUG 	Saving data for article1 ExperimentHandler
