11.0496 	DEBUG 	Fullscreen settings ignored as running in pilot mode.
11.0508 	INFO 	Loaded monitor calibration from ['2024_05_21 12:08']
11.5498 	EXP 	Created window1 = Window(allowGUI=True, allowStencil=True, autoLog=True, backendConf=UNKNOWN, backgroundFit=<method-wrapper '__getattribute__' of attributeSetter object at 0x000001D64AB28E50>, backgroundImage=<method-wrapper '__getattribute__' of attributeSetter object at 0x000001D64AB28DF0>, bitsMode=UNKNOWN, blendMode='avg', bpc=(8, 8, 8), color=array([1, 1, 1]), colorSpace='rgb', depthBits=8, fullscr=<method-wrapper '__getattribute__' of attributeSetter object at 0x000001D64AB28C40>, gamma=None, gammaErrorPolicy='raise', infoMsg=UNKNOWN, lms=UNKNOWN, monitor=<psychopy.monitors.calibTools.Monitor object at 0x000001D64BF4FAC0>, multiSample=False, name='window1', numSamples=2, pos=[560.0, 240.0], screen=0, size=array([800, 600]), stencilBits=8, stereo=False, title='PsychoPy', units='height', useFBO=True, useRetina=False, viewOri=0.0, viewPos=None, viewScale=None, waitBlanking=True, winType='pyglet')
11.5500 	EXP 	window1: mouseVisible = True
11.5501 	EXP 	window1: backgroundImage = ''
11.5501 	EXP 	window1: backgroundFit = 'none'
11.5505 	EXP 	window1: mouseVisible = True
11.5512 	EXP 	window1: mouseVisible = True
11.5564 	EXP 	window1: mouseVisible = True
11.5579 	EXP 	window1: mouseVisible = True
11.5781 	DEBUG 	TextBox2 loaded 1 chars with 0 blanks and 1 valid
11.5799 	DEBUG 	TextBox2 loaded 1 chars with 0 blanks and 1 valid
11.5815 	DEBUG 	TextBox2 loaded 1 chars with 0 blanks and 1 valid
11.5832 	DEBUG 	TextBox2 loaded 1 chars with 0 blanks and 1 valid
11.5849 	DEBUG 	TextBox2 loaded 1 chars with 0 blanks and 1 valid
11.5860 	DEBUG 	TextBox2 loaded 1 chars with 0 blanks and 1 valid
11.5872 	DEBUG 	TextBox2 loaded 1 chars with 0 blanks and 1 valid
11.5888 	DEBUG 	TextBox2 loaded 1 chars with 0 blanks and 1 valid
11.5896 	DEBUG 	TextBox2 loaded 1 chars with 0 blanks and 1 valid
11.5905 	DEBUG 	TextBox2 loaded 1 chars with 0 blanks and 1 valid
11.5919 	DEBUG 	TextBox2 loaded 1 chars with 0 blanks and 1 valid
11.5932 	DEBUG 	TextBox2 loaded 1 chars with 0 blanks and 1 valid
11.5945 	DEBUG 	TextBox2 loaded 1 chars with 0 blanks and 1 valid
11.5958 	DEBUG 	TextBox2 loaded 1 chars with 0 blanks and 1 valid
11.5970 	DEBUG 	TextBox2 loaded 1 chars with 0 blanks and 1 valid
11.5984 	DEBUG 	TextBox2 loaded 1 chars with 0 blanks and 1 valid
11.5998 	DEBUG 	TextBox2 loaded 1 chars with 0 blanks and 1 valid
11.6009 	DEBUG 	TextBox2 loaded 1 chars with 0 blanks and 1 valid
11.6019 	DEBUG 	TextBox2 loaded 1 chars with 0 blanks and 1 valid
11.6034 	DEBUG 	TextBox2 loaded 1 chars with 0 blanks and 1 valid
11.6044 	DEBUG 	TextBox2 loaded 1 chars with 0 blanks and 1 valid
11.6052 	DEBUG 	Uploading Texture Font fontname to graphics card
11.6502 	DEBUG 	Upload of Texture Font fontname complete
11.6528 	EXP 	window1: mouseVisible = True
11.6530 	EXP 	window1: mouseVisible = True
11.6539 	EXP 	window1: mouseVisible = True
11.6547 	EXP 	window1: mouseVisible = True
11.6611 	DEBUG 	TextBox2 loaded 1 chars with 0 blanks and 1 valid
11.6630 	DEBUG 	TextBox2 loaded 1 chars with 0 blanks and 1 valid
11.6645 	DEBUG 	TextBox2 loaded 1 chars with 0 blanks and 1 valid
11.6649 	DEBUG 	Uploading Texture Font fontname to graphics card
11.6783 	DEBUG 	Upload of Texture Font fontname complete
11.6835 	EXP 	window1: Attempting to measure frame rate of screen (0) ...
11.6836 	EXP 	window1: recordFrameIntervals = False
11.8974 	EXP 	window1: recordFrameIntervals = True
12.0788 	EXP 	Screen (0) actual frame rate measured at 60.06Hz
12.0789 	EXP 	window1: recordFrameIntervals = False
12.0791 	EXP 	window1: mouseVisible = False
12.0800 	EXP 	window1: mouseVisible = True
12.0804 	EXP 	window1: mouseVisible = True
12.0819 	EXP 	window1: mouseVisible = True
12.0831 	EXP 	window1: mouseVisible = True
12.0916 	DEBUG 	TextBox2 loaded 1 chars with 0 blanks and 1 valid
12.0943 	DEBUG 	TextBox2 loaded 1 chars with 0 blanks and 1 valid
12.0968 	DEBUG 	TextBox2 loaded 1 chars with 0 blanks and 1 valid
12.0995 	DEBUG 	TextBox2 loaded 1 chars with 0 blanks and 1 valid
12.1018 	DEBUG 	TextBox2 loaded 1 chars with 0 blanks and 1 valid
12.1041 	DEBUG 	TextBox2 loaded 1 chars with 0 blanks and 1 valid
12.1056 	DEBUG 	TextBox2 loaded 1 chars with 0 blanks and 1 valid
12.1078 	DEBUG 	TextBox2 loaded 1 chars with 0 blanks and 1 valid
12.1105 	DEBUG 	TextBox2 loaded 1 chars with 0 blanks and 1 valid
12.1130 	DEBUG 	TextBox2 loaded 1 chars with 0 blanks and 1 valid
12.1135 	DEBUG 	Uploading Texture Font fontname to graphics card
12.1145 	DEBUG 	Upload of Texture Font fontname complete
12.1170 	EXP 	window1: mouseVisible = True
12.1172 	EXP 	window1: mouseVisible = True
12.1180 	EXP 	window1: mouseVisible = True
12.1187 	EXP 	window1: mouseVisible = True
12.2358 	WARNING 	launchHubServer: If using the iohub mouse or eyetracker devices, fullScr should be True.
16.4025 	INFO 	keyboard.Keyboard is using iohub backend.
16.4026 	INFO 	keyboard.Keyboard is using iohub backend.
16.4027 	INFO 	keyboard.Keyboard is using iohub backend.
16.4027 	INFO 	keyboard.Keyboard is using iohub backend.
16.4028 	INFO 	keyboard.Keyboard is using iohub backend.
16.4029 	INFO 	keyboard.Keyboard is using iohub backend.
16.4029 	INFO 	keyboard.Keyboard is using iohub backend.
16.4030 	INFO 	keyboard.Keyboard is using iohub backend.
16.4030 	EXP 	article1: status = STARTED
16.4036 	EXP 	window1: mouseVisible = True
16.5982 	EXP 	Created text0 = TextStim(__class__=<class 'psychopy.visual.text.TextStim'>, alignHoriz=method-wrapper(...), alignText='center', alignVert=method-wrapper(...), anchorHoriz='center', anchorVert='center', antialias=True, autoDraw=False, autoLog=True, bold=False, color=array([-1., -1., -1.]), colorSpace='rgb', contrast=1.0, depth=0.0, draggable=False, flipHoriz=False, flipVert=False, font='Arial', fontFiles=[], height=0.05, italic=False, languageStyle='Arabic', name='text0', opacity=1.0, ori=0.0, pos=array([0., 0.]), rgb=UNKNOWN, text=str(...), units='height', win=Window(...), wrapWidth=1)
16.5984 	EXP 	window1: mouseVisible = True
16.6025 	EXP 	Created fixation0 = ShapeStim(__class__=<class 'psychopy.visual.shape.ShapeStim'>, anchor=('center', 'center'), autoDraw=False, autoLog=True, closeShape=True, color=method-wrapper(...), colorSpace='rgb', contrast=None, depth=0.0, draggable=False, fillColor=array([-1, -1, -1]), fillColorSpace='rgb', fillRGB=array([-1, -1, -1]), interpolate=True, lineColor=array([-1., -1., -1.]), lineColorSpace='rgb', lineRGB=array([-1., -1., -1.]), lineWidth=0.08, name='fixation0', opacity=1.0, ori=0.0, pos=array([0., 0.]), size=array([0.03, 0.06]), units='norm', vertices=ndarray(...), win=Window(...), windingRule=None)
16.6029 	EXP 	window1: mouseVisible = True
16.6151 	EXP 	Created left_image_0 = ImageStim(__class__=<class 'psychopy.visual.image.ImageStim'>, anchor=('center', 'center'), autoLog=True, color=array([1., 1., 1.]), colorSpace='rgb', contrast=1.0, depth=-1.0, draggable=False, flipHoriz=False, flipVert=False, image='default.png', interpolate=True, mask=None, maskParams=None, name='left_image_0', opacity=1.0, ori=0.0, pos=array([-0.5,  0. ]), size=array([0.5, 0.5]), texRes=128.0, units='height', win=Window(...))
16.6152 	EXP 	window1: mouseVisible = True
16.6196 	EXP 	Created right_image_0 = ImageStim(__class__=<class 'psychopy.visual.image.ImageStim'>, anchor=('center', 'center'), autoLog=True, color=array([1., 1., 1.]), colorSpace='rgb', contrast=1.0, depth=-2.0, draggable=False, flipHoriz=False, flipVert=False, image='default.png', interpolate=True, mask=None, maskParams=None, name='right_image_0', opacity=1.0, ori=0.0, pos=array([0.5, 0. ]), size=array([0.5, 0.5]), texRes=128.0, units='height', win=Window(...))
16.6197 	EXP 	window1: mouseVisible = True
16.6209 	EXP 	Created polygon_0 = Rect(__class__=<class 'psychopy.visual.rect.Rect'>, anchor=('center', 'center'), autoDraw=False, autoLog=True, closeShape=True, color=method-wrapper(...), colorSpace='rgb', contrast=None, depth=-5.0, draggable=False, fillColor=array([0., 0., 0.]), fillColorSpace='rgb', fillRGB=array([0., 0., 0.]), interpolate=True, lineColor=array([-0.5765,  0.0039,  1.    ]), lineColorSpace='rgb', lineRGB=array([-0.5765,  0.0039,  1.    ]), lineWidth=20.0, name='polygon_0', opacity=0.3, ori=0.0, pos=array([0., 0.]), size=array([0.5, 0.5]), units='height', vertices=ndarray(...), win=Window(...))
16.6211 	EXP 	window1: mouseVisible = True
16.6214 	EXP 	window1: mouseVisible = True
16.6222 	EXP 	window1: mouseVisible = True
16.6231 	EXP 	window1: mouseVisible = True
16.6284 	EXP 	window1: mouseVisible = True
16.6285 	EXP 	window1: mouseVisible = True
16.6292 	EXP 	window1: mouseVisible = True
16.6297 	EXP 	window1: mouseVisible = True
16.6363 	DEBUG 	TextBox2 loaded 1 chars with 0 blanks and 1 valid
16.6395 	DEBUG 	TextBox2 loaded 1 chars with 0 blanks and 1 valid
16.6424 	DEBUG 	TextBox2 loaded 1 chars with 0 blanks and 1 valid
16.6450 	DEBUG 	TextBox2 loaded 1 chars with 0 blanks and 1 valid
16.6471 	DEBUG 	TextBox2 loaded 1 chars with 0 blanks and 1 valid
16.6493 	DEBUG 	TextBox2 loaded 1 chars with 0 blanks and 1 valid
16.6521 	DEBUG 	TextBox2 loaded 1 chars with 0 blanks and 1 valid
16.6547 	DEBUG 	TextBox2 loaded 1 chars with 0 blanks and 1 valid
16.6573 	DEBUG 	TextBox2 loaded 1 chars with 0 blanks and 1 valid
16.6577 	DEBUG 	Uploading Texture Font fontname to graphics card
16.6593 	DEBUG 	Upload of Texture Font fontname complete
16.6611 	EXP 	window1: mouseVisible = True
16.6613 	EXP 	window1: mouseVisible = True
16.6621 	EXP 	window1: mouseVisible = True
16.6628 	EXP 	window1: mouseVisible = True
16.6680 	EXP 	window1: mouseVisible = True
16.6683 	EXP 	window1: mouseVisible = True
16.6692 	EXP 	window1: mouseVisible = True
16.6699 	EXP 	window1: mouseVisible = True
16.6766 	EXP 	window1: mouseVisible = True
16.6786 	EXP 	Created text_no_resp_0 = TextStim(__class__=<class 'psychopy.visual.text.TextStim'>, alignHoriz=method-wrapper(...), alignText='center', alignVert=method-wrapper(...), anchorHoriz='center', anchorVert='center', antialias=True, autoDraw=False, autoLog=True, bold=False, color=array([-1., -1., -1.]), colorSpace='rgb', contrast=1.0, depth=-8.0, draggable=False, flipHoriz=False, flipVert=False, font='Arial', fontFiles=[], height=0.05, italic=False, languageStyle='Arabic', name='text_no_resp_0', opacity=1.0, ori=0.0, pos=array([0., 0.]), rgb=UNKNOWN, text='', units='height', win=Window(...), wrapWidth=1)
16.6787 	EXP 	window1: mouseVisible = True
16.6984 	EXP 	Created text1 = TextStim(__class__=<class 'psychopy.visual.text.TextStim'>, alignHoriz=method-wrapper(...), alignText='center', alignVert=method-wrapper(...), anchorHoriz='center', anchorVert='center', antialias=True, autoDraw=False, autoLog=True, bold=False, color=array([-1., -1., -1.]), colorSpace='rgb', contrast=1.0, depth=0.0, draggable=False, flipHoriz=False, flipVert=False, font='Arial', fontFiles=[], height=0.05, italic=False, languageStyle='Arabic', name='text1', opacity=1.0, ori=0.0, pos=array([0., 0.]), rgb=UNKNOWN, text=str(...), units='height', win=Window(...), wrapWidth=1)
16.6985 	EXP 	window1: mouseVisible = True
16.7008 	EXP 	Created fixation1 = ShapeStim(__class__=<class 'psychopy.visual.shape.ShapeStim'>, anchor=('center', 'center'), autoDraw=False, autoLog=True, closeShape=True, color=method-wrapper(...), colorSpace='rgb', contrast=None, depth=0.0, draggable=False, fillColor=array([-1, -1, -1]), fillColorSpace='rgb', fillRGB=array([-1, -1, -1]), interpolate=True, lineColor=array([-1., -1., -1.]), lineColorSpace='rgb', lineRGB=array([-1., -1., -1.]), lineWidth=0.08, name='fixation1', opacity=1.0, ori=0.0, pos=array([0., 0.]), size=array([0.03, 0.06]), units='norm', vertices=ndarray(...), win=Window(...), windingRule=None)
16.7010 	EXP 	window1: mouseVisible = True
16.7059 	EXP 	Created left_image = ImageStim(__class__=<class 'psychopy.visual.image.ImageStim'>, anchor=('center', 'center'), autoLog=True, color=array([1., 1., 1.]), colorSpace='rgb', contrast=1.0, depth=-1.0, draggable=False, flipHoriz=False, flipVert=False, image='default.png', interpolate=True, mask=None, maskParams=None, name='left_image', opacity=1.0, ori=0.0, pos=array([-0.5,  0. ]), size=array([0.5, 0.5]), texRes=128.0, units='height', win=Window(...))
16.7061 	EXP 	window1: mouseVisible = True
16.7102 	EXP 	Created right_image = ImageStim(__class__=<class 'psychopy.visual.image.ImageStim'>, anchor=('center', 'center'), autoLog=True, color=array([1., 1., 1.]), colorSpace='rgb', contrast=1.0, depth=-2.0, draggable=False, flipHoriz=False, flipVert=False, image='default.png', interpolate=True, mask=None, maskParams=None, name='right_image', opacity=1.0, ori=0.0, pos=array([0.5, 0. ]), size=array([0.5, 0.5]), texRes=128.0, units='height', win=Window(...))
16.7104 	EXP 	window1: mouseVisible = True
16.7115 	EXP 	Created polygon = Rect(__class__=<class 'psychopy.visual.rect.Rect'>, anchor=('center', 'center'), autoDraw=False, autoLog=True, closeShape=True, color=method-wrapper(...), colorSpace='rgb', contrast=None, depth=-5.0, draggable=False, fillColor=array([0., 0., 0.]), fillColorSpace='rgb', fillRGB=array([0., 0., 0.]), interpolate=True, lineColor=array([-0.5765,  0.0039,  1.    ]), lineColorSpace='rgb', lineRGB=array([-0.5765,  0.0039,  1.    ]), lineWidth=20.0, name='polygon', opacity=0.3, ori=0.0, pos=array([0., 0.]), size=array([0.5, 0.5]), units='height', vertices=ndarray(...), win=Window(...))
16.7118 	EXP 	window1: mouseVisible = True
16.7121 	EXP 	window1: mouseVisible = True
16.7128 	EXP 	window1: mouseVisible = True
16.7139 	EXP 	window1: mouseVisible = True
16.7197 	EXP 	window1: mouseVisible = True
16.7199 	EXP 	window1: mouseVisible = True
16.7206 	EXP 	window1: mouseVisible = True
16.7212 	EXP 	window1: mouseVisible = True
16.7263 	EXP 	window1: mouseVisible = True
16.7265 	EXP 	window1: mouseVisible = True
16.7272 	EXP 	window1: mouseVisible = True
16.7279 	EXP 	window1: mouseVisible = True
16.7329 	EXP 	window1: mouseVisible = True
16.7331 	EXP 	window1: mouseVisible = True
16.7337 	EXP 	window1: mouseVisible = True
16.7343 	EXP 	window1: mouseVisible = True
16.7385 	EXP 	window1: mouseVisible = True
16.7403 	EXP 	Created text_no_resp = TextStim(__class__=<class 'psychopy.visual.text.TextStim'>, alignHoriz=method-wrapper(...), alignText='center', alignVert=method-wrapper(...), anchorHoriz='center', anchorVert='center', antialias=True, autoDraw=False, autoLog=True, bold=False, color=array([-1., -1., -1.]), colorSpace='rgb', contrast=1.0, depth=-8.0, draggable=False, flipHoriz=False, flipVert=False, font='Arial', fontFiles=[], height=0.05, italic=False, languageStyle='Arabic', name='text_no_resp', opacity=1.0, ori=0.0, pos=array([0., 0.]), rgb=UNKNOWN, text='', units='height', win=Window(...), wrapWidth=1)
16.7404 	EXP 	window1: mouseVisible = True
16.7668 	EXP 	Created text2 = TextStim(__class__=<class 'psychopy.visual.text.TextStim'>, alignHoriz=method-wrapper(...), alignText='center', alignVert=method-wrapper(...), anchorHoriz='center', anchorVert='center', antialias=True, autoDraw=False, autoLog=True, bold=False, color=array([-1., -1., -1.]), colorSpace='rgb', contrast=1.0, depth=0.0, draggable=False, flipHoriz=False, flipVert=False, font='Arial', fontFiles=[], height=0.05, italic=False, languageStyle='Arabic', name='text2', opacity=1.0, ori=0.0, pos=array([0., 0.]), rgb=UNKNOWN, text=str(...), units='height', win=Window(...), wrapWidth=1)
16.7670 	EXP 	window1: mouseVisible = True
16.7689 	EXP 	Created fixation2 = ShapeStim(__class__=<class 'psychopy.visual.shape.ShapeStim'>, anchor=('center', 'center'), autoDraw=False, autoLog=True, closeShape=True, color=method-wrapper(...), colorSpace='rgb', contrast=None, depth=0.0, draggable=False, fillColor=array([-1, -1, -1]), fillColorSpace='rgb', fillRGB=array([-1, -1, -1]), interpolate=True, lineColor=array([-1., -1., -1.]), lineColorSpace='rgb', lineRGB=array([-1., -1., -1.]), lineWidth=0.08, name='fixation2', opacity=1.0, ori=0.0, pos=array([0., 0.]), size=array([0.03, 0.06]), units='norm', vertices=ndarray(...), win=Window(...), windingRule=None)
16.7690 	EXP 	window1: mouseVisible = True
16.7744 	EXP 	Created left_image_2 = ImageStim(__class__=<class 'psychopy.visual.image.ImageStim'>, anchor=('center', 'center'), autoLog=True, color=array([1., 1., 1.]), colorSpace='rgb', contrast=1.0, depth=-1.0, draggable=False, flipHoriz=False, flipVert=False, image='default.png', interpolate=True, mask=None, maskParams=None, name='left_image_2', opacity=1.0, ori=0.0, pos=array([-0.5,  0. ]), size=array([0.5, 0.5]), texRes=128.0, units='height', win=Window(...))
16.7745 	EXP 	window1: mouseVisible = True
16.7802 	EXP 	Created right_image_2 = ImageStim(__class__=<class 'psychopy.visual.image.ImageStim'>, anchor=('center', 'center'), autoLog=True, color=array([1., 1., 1.]), colorSpace='rgb', contrast=1.0, depth=-2.0, draggable=False, flipHoriz=False, flipVert=False, image='default.png', interpolate=True, mask=None, maskParams=None, name='right_image_2', opacity=1.0, ori=0.0, pos=array([0.5, 0. ]), size=array([0.5, 0.5]), texRes=128.0, units='height', win=Window(...))
16.7805 	EXP 	window1: mouseVisible = True
16.7831 	EXP 	Created polygon_2 = Rect(__class__=<class 'psychopy.visual.rect.Rect'>, anchor=('center', 'center'), autoDraw=False, autoLog=True, closeShape=True, color=method-wrapper(...), colorSpace='rgb', contrast=None, depth=-5.0, draggable=False, fillColor=array([0., 0., 0.]), fillColorSpace='rgb', fillRGB=array([0., 0., 0.]), interpolate=True, lineColor=array([-0.5765,  0.0039,  1.    ]), lineColorSpace='rgb', lineRGB=array([-0.5765,  0.0039,  1.    ]), lineWidth=20.0, name='polygon_2', opacity=0.3, ori=0.0, pos=array([0., 0.]), size=array([0.5, 0.5]), units='height', vertices=ndarray(...), win=Window(...))
16.7976 	EXP 	window1: mouseVisible = True
16.7984 	EXP 	window1: mouseVisible = True
16.8032 	EXP 	window1: mouseVisible = True
16.8034 	EXP 	window1: mouseVisible = True
16.8046 	EXP 	window1: mouseVisible = True
16.8056 	EXP 	window1: mouseVisible = True
16.8141 	DEBUG 	TextBox2 loaded 1 chars with 0 blanks and 1 valid
16.8146 	DEBUG 	Uploading Texture Font fontname to graphics card
16.8157 	DEBUG 	Upload of Texture Font fontname complete
16.8188 	EXP 	window1: mouseVisible = True
16.8191 	EXP 	window1: mouseVisible = True
16.8198 	EXP 	window1: mouseVisible = True
16.8204 	EXP 	window1: mouseVisible = True
16.8250 	DEBUG 	TextBox2 loaded 1 chars with 0 blanks and 1 valid
16.8262 	DEBUG 	Uploading Texture Font fontname to graphics card
16.8391 	DEBUG 	Upload of Texture Font fontname complete
16.8418 	EXP 	window1: mouseVisible = True
16.8421 	EXP 	window1: mouseVisible = True
16.8433 	EXP 	window1: mouseVisible = True
16.8443 	EXP 	window1: mouseVisible = True
16.8539 	DEBUG 	TextBox2 loaded 1 chars with 0 blanks and 1 valid
16.8545 	DEBUG 	Uploading Texture Font fontname to graphics card
16.8774 	DEBUG 	Upload of Texture Font fontname complete
16.8813 	EXP 	window1: mouseVisible = True
16.8817 	EXP 	window1: mouseVisible = True
16.8832 	EXP 	window1: mouseVisible = True
16.8844 	EXP 	window1: mouseVisible = True
16.8971 	EXP 	window1: mouseVisible = True
16.8975 	EXP 	window1: mouseVisible = True
16.8992 	EXP 	window1: mouseVisible = True
16.9006 	EXP 	window1: mouseVisible = True
16.9060 	DEBUG 	TextBox2 loaded 1 chars with 0 blanks and 1 valid
16.9063 	DEBUG 	Uploading Texture Font fontname to graphics card
16.9171 	DEBUG 	Upload of Texture Font fontname complete
16.9207 	EXP 	window1: mouseVisible = True
16.9211 	EXP 	window1: mouseVisible = True
16.9223 	EXP 	window1: mouseVisible = True
16.9234 	EXP 	window1: mouseVisible = True
16.9349 	EXP 	window1: mouseVisible = True
16.9353 	EXP 	window1: mouseVisible = True
16.9365 	EXP 	window1: mouseVisible = True
16.9376 	EXP 	window1: mouseVisible = True
16.9427 	DEBUG 	TextBox2 loaded 1 chars with 0 blanks and 1 valid
16.9430 	DEBUG 	Uploading Texture Font fontname to graphics card
16.9574 	DEBUG 	Upload of Texture Font fontname complete
16.9613 	EXP 	window1: mouseVisible = True
16.9616 	EXP 	window1: mouseVisible = True
16.9630 	EXP 	window1: mouseVisible = True
16.9642 	EXP 	window1: mouseVisible = True
16.9762 	EXP 	window1: mouseVisible = True
16.9766 	EXP 	window1: mouseVisible = True
16.9779 	EXP 	window1: mouseVisible = True
16.9789 	EXP 	window1: mouseVisible = True
16.9863 	DEBUG 	TextBox2 loaded 1 chars with 0 blanks and 1 valid
16.9868 	DEBUG 	Uploading Texture Font fontname to graphics card
17.0032 	DEBUG 	Upload of Texture Font fontname complete
17.0071 	EXP 	window1: mouseVisible = True
17.0075 	EXP 	window1: mouseVisible = True
17.0088 	EXP 	window1: mouseVisible = True
17.0099 	EXP 	window1: mouseVisible = True
17.0223 	EXP 	window1: mouseVisible = True
17.0227 	EXP 	window1: mouseVisible = True
17.0241 	EXP 	window1: mouseVisible = True
17.0254 	EXP 	window1: mouseVisible = True
17.0325 	DEBUG 	TextBox2 loaded 1 chars with 0 blanks and 1 valid
17.0329 	DEBUG 	Uploading Texture Font fontname to graphics card
17.0465 	DEBUG 	Upload of Texture Font fontname complete
17.0506 	EXP 	window1: mouseVisible = True
17.0510 	EXP 	window1: mouseVisible = True
17.0523 	EXP 	window1: mouseVisible = True
17.0535 	EXP 	window1: mouseVisible = True
17.0683 	EXP 	window1: mouseVisible = True
17.0685 	EXP 	window1: mouseVisible = True
17.0692 	EXP 	window1: mouseVisible = True
17.0698 	EXP 	window1: mouseVisible = True
17.0759 	DEBUG 	TextBox2 loaded 1 chars with 0 blanks and 1 valid
17.0763 	DEBUG 	Uploading Texture Font fontname to graphics card
17.0936 	DEBUG 	Upload of Texture Font fontname complete
17.0976 	EXP 	window1: mouseVisible = True
17.0981 	EXP 	window1: mouseVisible = True
17.0996 	EXP 	window1: mouseVisible = True
17.1009 	EXP 	window1: mouseVisible = True
17.1143 	EXP 	window1: mouseVisible = True
17.1147 	EXP 	window1: mouseVisible = True
17.1160 	EXP 	window1: mouseVisible = True
17.1169 	EXP 	window1: mouseVisible = True
17.1231 	DEBUG 	TextBox2 loaded 1 chars with 0 blanks and 1 valid
17.1235 	DEBUG 	Uploading Texture Font fontname to graphics card
17.1344 	DEBUG 	Upload of Texture Font fontname complete
17.1379 	EXP 	window1: mouseVisible = True
17.1383 	EXP 	window1: mouseVisible = True
17.1399 	EXP 	window1: mouseVisible = True
17.1415 	EXP 	window1: mouseVisible = True
17.1551 	EXP 	window1: mouseVisible = True
17.1555 	EXP 	window1: mouseVisible = True
17.1570 	EXP 	window1: mouseVisible = True
17.1583 	EXP 	window1: mouseVisible = True
17.1633 	DEBUG 	TextBox2 loaded 1 chars with 0 blanks and 1 valid
17.1636 	DEBUG 	Uploading Texture Font fontname to graphics card
17.1792 	DEBUG 	Upload of Texture Font fontname complete
17.1831 	EXP 	window1: mouseVisible = True
17.1835 	EXP 	window1: mouseVisible = True
17.1849 	EXP 	window1: mouseVisible = True
17.1863 	EXP 	window1: mouseVisible = True
17.1989 	EXP 	window1: mouseVisible = True
17.1993 	EXP 	window1: mouseVisible = True
17.2005 	EXP 	window1: mouseVisible = True
17.2012 	EXP 	window1: mouseVisible = True
17.2066 	DEBUG 	TextBox2 loaded 1 chars with 0 blanks and 1 valid
17.2070 	DEBUG 	Uploading Texture Font fontname to graphics card
17.2183 	DEBUG 	Upload of Texture Font fontname complete
17.2213 	EXP 	window1: mouseVisible = True
17.2215 	EXP 	window1: mouseVisible = True
17.2226 	EXP 	window1: mouseVisible = True
17.2235 	EXP 	window1: mouseVisible = True
17.2318 	EXP 	window1: mouseVisible = True
17.2320 	EXP 	window1: mouseVisible = True
17.2332 	EXP 	window1: mouseVisible = True
17.2340 	EXP 	window1: mouseVisible = True
17.2409 	EXP 	window1: mouseVisible = True
17.2411 	EXP 	window1: mouseVisible = True
17.2420 	EXP 	window1: mouseVisible = True
17.2426 	EXP 	window1: mouseVisible = True
17.2489 	EXP 	window1: mouseVisible = True
17.2504 	EXP 	window1: mouseVisible = True
17.3722 	EXP 	Created slider_trns = Slider(__class__=<class 'psychopy.visual.slider.Slider'>, autoDraw=False, autoLog=True, borderColor=None, color=None, colorSpace='rgb', depth=0, fillColor=None, flip=False, font='Open Sans', granularity=5.0, labelColor=None, labelHeight=0.05, labelWrapWidth=None, labels=(0, 10, 20, 30, 40, 50, 60, 70, 80, 90, 100), lineColor=None, markerColor=None, name='slider_trns', opacity=None, ori=0.0, pos=array([0., 0.]), readOnly=False, self=UNKNOWN, size=array([1. , 0.1]), startValue=50, style='slider', styleTweaks=[], ticks=ndarray(...), units='height', win=Window(...))
17.3724 	EXP 	window1: mouseVisible = True
17.3725 	EXP 	window1: mouseVisible = True
17.3862 	EXP 	Created text3 = TextStim(__class__=<class 'psychopy.visual.text.TextStim'>, alignHoriz=method-wrapper(...), alignText='center', alignVert=method-wrapper(...), anchorHoriz='center', anchorVert='center', antialias=True, autoDraw=False, autoLog=True, bold=False, color=array([-1., -1., -1.]), colorSpace='rgb', contrast=1.0, depth=0.0, draggable=False, flipHoriz=False, flipVert=False, font='Arial', fontFiles=[], height=0.05, italic=False, languageStyle='Arabic', name='text3', opacity=1.0, ori=0.0, pos=array([0., 0.]), rgb=UNKNOWN, text=str(...), units='height', win=Window(...), wrapWidth=1)
17.3863 	EXP 	window1: mouseVisible = True
17.3883 	EXP 	Created fixation3 = ShapeStim(__class__=<class 'psychopy.visual.shape.ShapeStim'>, anchor=('center', 'center'), autoDraw=False, autoLog=True, closeShape=True, color=method-wrapper(...), colorSpace='rgb', contrast=None, depth=0.0, draggable=False, fillColor=array([-1, -1, -1]), fillColorSpace='rgb', fillRGB=array([-1, -1, -1]), interpolate=True, lineColor=array([-1., -1., -1.]), lineColorSpace='rgb', lineRGB=array([-1., -1., -1.]), lineWidth=0.08, name='fixation3', opacity=1.0, ori=0.0, pos=array([0., 0.]), size=array([0.03, 0.06]), units='norm', vertices=ndarray(...), win=Window(...), windingRule=None)
17.3885 	EXP 	window1: mouseVisible = True
17.4010 	EXP 	Created image_3 = ImageStim(__class__=<class 'psychopy.visual.image.ImageStim'>, anchor=('center', 'center'), autoLog=True, color=array([1., 1., 1.]), colorSpace='rgb', contrast=1.0, depth=-1.0, draggable=False, flipHoriz=False, flipVert=False, image='default.png', interpolate=True, mask=None, maskParams=None, name='image_3', opacity=1.0, ori=0.0, pos=array([0. , 0.2]), size=array([0.5, 0.5]), texRes=128.0, units='height', win=Window(...))
17.4064 	EXP 	window1: mouseVisible = True
17.4069 	EXP 	window1: mouseVisible = True
17.4097 	EXP 	window1: mouseVisible = True
17.4102 	EXP 	window1: mouseVisible = True
17.4110 	EXP 	window1: mouseVisible = True
17.4118 	EXP 	window1: mouseVisible = True
17.4174 	EXP 	window1: mouseVisible = True
17.4176 	EXP 	window1: mouseVisible = True
17.4183 	EXP 	window1: mouseVisible = True
17.4191 	EXP 	window1: mouseVisible = True
17.4258 	EXP 	window1: mouseVisible = True
17.4260 	EXP 	window1: mouseVisible = True
17.4267 	EXP 	window1: mouseVisible = True
17.4273 	EXP 	window1: mouseVisible = True
17.4321 	EXP 	window1: mouseVisible = True
17.4322 	EXP 	window1: mouseVisible = True
17.4327 	EXP 	window1: mouseVisible = True
17.4334 	EXP 	window1: mouseVisible = True
17.4391 	EXP 	window1: mouseVisible = True
17.4394 	EXP 	window1: mouseVisible = True
17.4401 	EXP 	window1: mouseVisible = True
17.4406 	EXP 	window1: mouseVisible = True
17.4460 	EXP 	window1: mouseVisible = True
17.4462 	EXP 	window1: mouseVisible = True
17.4468 	EXP 	window1: mouseVisible = True
17.4474 	EXP 	window1: mouseVisible = True
17.4534 	EXP 	window1: mouseVisible = True
17.4536 	EXP 	window1: mouseVisible = True
17.4541 	EXP 	window1: mouseVisible = True
17.4546 	EXP 	window1: mouseVisible = True
17.4597 	EXP 	window1: mouseVisible = True
17.4599 	EXP 	window1: mouseVisible = True
17.4606 	EXP 	window1: mouseVisible = True
17.4611 	EXP 	window1: mouseVisible = True
17.4671 	EXP 	window1: mouseVisible = True
17.4672 	EXP 	window1: mouseVisible = True
17.4680 	EXP 	window1: mouseVisible = True
17.4689 	EXP 	window1: mouseVisible = True
17.4765 	EXP 	window1: mouseVisible = True
17.4767 	EXP 	window1: mouseVisible = True
17.4773 	EXP 	window1: mouseVisible = True
17.4779 	EXP 	window1: mouseVisible = True
17.4849 	EXP 	window1: mouseVisible = True
17.4851 	EXP 	window1: mouseVisible = True
17.4857 	EXP 	window1: mouseVisible = True
17.4863 	EXP 	window1: mouseVisible = True
17.4916 	EXP 	window1: mouseVisible = True
17.4918 	EXP 	window1: mouseVisible = True
17.4924 	EXP 	window1: mouseVisible = True
17.4930 	EXP 	window1: mouseVisible = True
17.4995 	EXP 	window1: mouseVisible = True
17.4996 	EXP 	window1: mouseVisible = True
17.5002 	EXP 	window1: mouseVisible = True
17.5008 	EXP 	window1: mouseVisible = True
17.5066 	EXP 	window1: mouseVisible = True
17.5068 	EXP 	window1: mouseVisible = True
17.5073 	EXP 	window1: mouseVisible = True
17.5079 	EXP 	window1: mouseVisible = True
17.5138 	EXP 	window1: mouseVisible = True
17.5140 	EXP 	window1: mouseVisible = True
17.5146 	EXP 	window1: mouseVisible = True
17.5151 	EXP 	window1: mouseVisible = True
17.5200 	EXP 	window1: mouseVisible = True
17.5202 	EXP 	window1: mouseVisible = True
17.5208 	EXP 	window1: mouseVisible = True
17.5213 	EXP 	window1: mouseVisible = True
17.5272 	EXP 	window1: mouseVisible = True
17.5274 	EXP 	window1: mouseVisible = True
17.5280 	EXP 	window1: mouseVisible = True
17.5285 	EXP 	window1: mouseVisible = True
17.5334 	EXP 	window1: mouseVisible = True
17.5336 	EXP 	window1: mouseVisible = True
17.5341 	EXP 	window1: mouseVisible = True
17.5347 	EXP 	window1: mouseVisible = True
17.5403 	EXP 	window1: mouseVisible = True
17.5404 	EXP 	window1: mouseVisible = True
17.5410 	EXP 	window1: mouseVisible = True
17.5415 	EXP 	window1: mouseVisible = True
17.5466 	EXP 	window1: mouseVisible = True
17.5467 	EXP 	window1: mouseVisible = True
17.5473 	EXP 	window1: mouseVisible = True
17.5478 	EXP 	window1: mouseVisible = True
17.5530 	EXP 	window1: mouseVisible = True
17.5532 	EXP 	window1: mouseVisible = True
17.5537 	EXP 	window1: mouseVisible = True
17.5544 	EXP 	window1: mouseVisible = True
17.5598 	EXP 	window1: mouseVisible = True
17.5600 	EXP 	window1: mouseVisible = True
17.5607 	EXP 	window1: mouseVisible = True
17.5614 	EXP 	window1: mouseVisible = True
17.5665 	EXP 	window1: mouseVisible = True
17.5679 	EXP 	window1: mouseVisible = True
17.6837 	EXP 	Created slider_estm = Slider(__class__=<class 'psychopy.visual.slider.Slider'>, autoDraw=False, autoLog=True, borderColor=None, color=None, colorSpace='rgb', depth=-2, fillColor=None, flip=False, font='Open Sans', granularity=5.0, labelColor=None, labelHeight=0.05, labelWrapWidth=None, labels=(0, 10, 20, 30, 40, 50, 60, 70, 80, 90, 100), lineColor=None, markerColor=None, name='slider_estm', opacity=None, ori=0.0, pos=array([ 0. , -0.2]), readOnly=False, self=UNKNOWN, size=array([1. , 0.1]), startValue=50, style='slider', styleTweaks=[], ticks=ndarray(...), units='height', win=Window(...))
17.6838 	EXP 	window1: mouseVisible = True
17.6839 	EXP 	window1: mouseVisible = True
17.6939 	EXP 	Created text4 = TextStim(__class__=<class 'psychopy.visual.text.TextStim'>, alignHoriz=method-wrapper(...), alignText='center', alignVert=method-wrapper(...), anchorHoriz='center', anchorVert='center', antialias=True, autoDraw=False, autoLog=True, bold=False, color=array([-1., -1., -1.]), colorSpace='rgb', contrast=1.0, depth=0.0, draggable=False, flipHoriz=False, flipVert=False, font='Arial', fontFiles=[], height=0.05, italic=False, languageStyle='Arabic', name='text4', opacity=1.0, ori=0.0, pos=array([0. , 0.2]), rgb=UNKNOWN, text=str(...), units='height', win=Window(...), wrapWidth=1)
17.6944 	EXP 	window1: mouseVisible = True
17.6946 	EXP 	window1: mouseVisible = True
17.6955 	EXP 	window1: mouseVisible = True
17.6963 	EXP 	window1: mouseVisible = True
17.7014 	EXP 	window1: mouseVisible = True
17.7016 	EXP 	window1: mouseVisible = True
17.7022 	EXP 	window1: mouseVisible = True
17.7028 	EXP 	window1: mouseVisible = True
0.0525 	EXP 	left_learning_reward_0: autoLog = True
0.0525 	EXP 	right_learning_reward_0: autoLog = True
0.0525 	EXP 	left_learning_reward: autoLog = True
0.0525 	EXP 	right_learning_reward: autoLog = True
0.0525 	EXP 	slider_trns: autoLog = True
0.0525 	EXP 	slider_trns: styleTweaks = []
0.0525 	EXP 	slider_trns: styleTweaks = []
0.0525 	EXP 	slider_trns: styleTweaks = []
0.0525 	EXP 	slider_trns: styleTweaks = []
0.0525 	EXP 	slider_trns: contrast = 1.0
0.0525 	EXP 	slider_trns: markerPos = 50
0.0525 	EXP 	slider_trns: autoLog = True
0.0525 	EXP 	slider_estm: autoLog = True
0.0525 	EXP 	slider_estm: styleTweaks = []
0.0525 	EXP 	slider_estm: styleTweaks = []
0.0525 	EXP 	slider_estm: styleTweaks = []
0.0525 	EXP 	slider_estm: styleTweaks = []
0.0525 	EXP 	slider_estm: contrast = 1.0
0.0525 	EXP 	slider_estm: markerPos = 50
0.0525 	EXP 	slider_estm: autoLog = True
0.0525 	EXP 	totalRewardText: autoLog = True
0.0886 	INFO 	Keyboard events cleared
0.0880 	EXP 	text0: autoDraw = True
2.9877 	EXP 	Created sequence: random, trialTypes=1, nReps=1, seed=None
2.9881 	EXP 	New trial (rep=0, index=0): None
2.9935 	DATA 	Keypress: space
3.0029 	EXP 	text0: autoDraw = False
3.0029 	EXP 	fixation0: autoDraw = True
4.2140 	INFO 	Keyboard events cleared
4.2131 	EXP 	fixation0: autoDraw = False
4.2131 	EXP 	left_image_0: image = '1-4.jpg'
4.2131 	EXP 	right_image_0: image = '1-3.jpg'
4.2131 	EXP 	left_image_0: autoDraw = True
4.2131 	EXP 	right_image_0: autoDraw = True
6.0766 	DATA 	Keypress: right
6.0959 	DEBUG 	TextBox2 loaded 1 chars with 0 blanks and 1 valid
6.1016 	DEBUG 	TextBox2 loaded 1 chars with 0 blanks and 1 valid
6.1069 	DEBUG 	TextBox2 loaded 1 chars with 0 blanks and 1 valid
6.1112 	DEBUG 	TextBox2 loaded 1 chars with 0 blanks and 1 valid
6.1146 	DEBUG 	TextBox2 loaded 1 chars with 0 blanks and 1 valid
6.1183 	DEBUG 	TextBox2 loaded 1 chars with 0 blanks and 1 valid
6.1188 	DEBUG 	Uploading Texture Font fontname to graphics card
6.1200 	DEBUG 	Upload of Texture Font fontname complete
8.0011 	EXP 	polygon_0: autoDraw = True
8.0011 	EXP 	left_learning_reward_0: autoDraw = True
8.0011 	EXP 	right_learning_reward_0: autoDraw = True
9.0016 	EXP 	polygon_0: autoDraw = False
9.0016 	EXP 	left_learning_reward_0: autoDraw = False
9.0016 	EXP 	right_learning_reward_0: autoDraw = False
9.2184 	EXP 	left_image_0: autoDraw = False
9.2184 	EXP 	right_image_0: autoDraw = False
9.9857 	INFO 	Keyboard events cleared
9.9850 	EXP 	left_image_0: autoDraw = False
9.9850 	EXP 	right_image_0: autoDraw = False
9.9850 	EXP 	polygon_0: autoDraw = False
9.9850 	EXP 	left_learning_reward_0: autoDraw = False
9.9850 	EXP 	right_learning_reward_0: autoDraw = False
9.9850 	EXP 	text_no_resp_0: autoDraw = False
9.9850 	EXP 	text1: autoDraw = True
14.4742 	EXP 	Created sequence: random, trialTypes=1, nReps=2, seed=None
14.4744 	EXP 	New trial (rep=0, index=0): None
14.4773 	DATA 	Keypress: space
14.4851 	EXP 	text1: autoDraw = False
14.4851 	EXP 	fixation1: autoDraw = True
15.4751 	EXP 	window1: backgroundImage = ''
15.4751 	EXP 	window1: backgroundFit = 'none'
15.6733 	INFO 	Keyboard events cleared
15.6723 	EXP 	fixation1: autoDraw = False
15.6723 	EXP 	fixation1: autoDraw = False
15.6723 	EXP 	left_image: image = '2.jpg'
15.6723 	EXP 	right_image: image = '1.jpg'
15.6723 	EXP 	left_image: autoDraw = True
15.6723 	EXP 	right_image: autoDraw = True
16.4144 	DEBUG 	TextBox2 loaded 1 chars with 0 blanks and 1 valid
16.4191 	DEBUG 	TextBox2 loaded 1 chars with 0 blanks and 1 valid
16.4198 	DEBUG 	Uploading Texture Font fontname to graphics card
16.4250 	DEBUG 	Upload of Texture Font fontname complete
16.4278 	DATA 	Keypress: right
19.4843 	EXP 	polygon: autoDraw = True
19.4843 	EXP 	left_learning_reward: autoDraw = True
19.4843 	EXP 	right_learning_reward: autoDraw = True
20.4860 	EXP 	polygon: autoDraw = False
20.4860 	EXP 	left_learning_reward: autoDraw = False
20.4860 	EXP 	right_learning_reward: autoDraw = False
20.6851 	EXP 	left_image: autoDraw = False
20.6851 	EXP 	right_image: autoDraw = False
21.4795 	DEBUG 	Fullscreen settings ignored as running in pilot mode.
21.4808 	EXP 	window1: backgroundImage = ''
21.4809 	EXP 	window1: backgroundFit = 'none'
21.4809 	EXP 	window1: units = 'height'
21.4862 	EXP 	window1: Attempting to measure frame rate of screen (0) ...
21.4863 	EXP 	window1: recordFrameIntervals = False
21.5009 	EXP 	left_image: autoDraw = False
21.5009 	EXP 	right_image: autoDraw = False
21.5009 	EXP 	polygon: autoDraw = False
21.5009 	EXP 	left_learning_reward: autoDraw = False
21.5009 	EXP 	right_learning_reward: autoDraw = False
21.5009 	EXP 	text_no_resp: autoDraw = False
21.6576 	EXP 	window1: recordFrameIntervals = True
21.8401 	EXP 	Screen (0) actual frame rate measured at 60.06Hz
21.8402 	EXP 	window1: recordFrameIntervals = False
21.8403 	EXP 	window1: mouseVisible = False
21.8410 	EXP 	New trial (rep=1, index=0): None
21.8517 	EXP 	fixation1: autoDraw = True
22.8411 	EXP 	window1: backgroundImage = ''
22.8411 	EXP 	window1: backgroundFit = 'none'
22.9884 	INFO 	Keyboard events cleared
22.9878 	EXP 	fixation1: autoDraw = False
22.9878 	EXP 	fixation1: autoDraw = False
22.9878 	EXP 	left_image: image = '3.jpg'
22.9878 	EXP 	right_image: image = '4.jpg'
22.9878 	EXP 	left_image: autoDraw = True
22.9878 	EXP 	right_image: autoDraw = True
26.8516 	EXP 	polygon: autoDraw = True
26.8516 	EXP 	left_learning_reward: autoDraw = True
26.8516 	EXP 	right_learning_reward: autoDraw = True
27.8525 	EXP 	polygon: autoDraw = False
27.8525 	EXP 	left_learning_reward: autoDraw = False
27.8525 	EXP 	right_learning_reward: autoDraw = False
28.0025 	EXP 	left_image: autoDraw = False
28.0025 	EXP 	right_image: autoDraw = False
28.8676 	EXP 	text_no_resp: autoDraw = True
29.8778 	DEBUG 	Fullscreen settings ignored as running in pilot mode.
29.8787 	EXP 	window1: backgroundImage = ''
29.8787 	EXP 	window1: backgroundFit = 'none'
29.8787 	EXP 	window1: units = 'height'
29.8823 	EXP 	window1: Attempting to measure frame rate of screen (0) ...
29.8824 	EXP 	window1: recordFrameIntervals = False
29.8996 	EXP 	text_no_resp: autoDraw = False
29.8996 	EXP 	left_image: autoDraw = False
29.8996 	EXP 	right_image: autoDraw = False
29.8996 	EXP 	polygon: autoDraw = False
29.8996 	EXP 	left_learning_reward: autoDraw = False
29.8996 	EXP 	right_learning_reward: autoDraw = False
29.8996 	EXP 	text_no_resp: autoDraw = False
30.0575 	EXP 	window1: recordFrameIntervals = True
30.2396 	EXP 	Screen (0) actual frame rate measured at 61.30Hz
30.2396 	EXP 	window1: recordFrameIntervals = False
30.2396 	EXP 	window1: mouseVisible = False
30.2524 	INFO 	Keyboard events cleared
30.2518 	EXP 	text2: autoDraw = True
30.8089 	EXP 	Created sequence: random, trialTypes=1, nReps=1, seed=None
30.8092 	EXP 	New trial (rep=0, index=0): None
30.8114 	DATA 	Keypress: space
30.8179 	EXP 	text2: autoDraw = False
30.8179 	EXP 	fixation2: autoDraw = True
31.9225 	INFO 	Keyboard events cleared
31.9216 	EXP 	fixation2: autoDraw = False
31.9216 	EXP 	fixation2: autoDraw = False
31.9216 	EXP 	left_image_2: image = '1.jpg'
31.9216 	EXP 	right_image_2: image = '3.jpg'
31.9216 	EXP 	left_image_2: autoDraw = True
31.9216 	EXP 	right_image_2: autoDraw = True
33.5188 	DATA 	Keypress: right
34.5171 	EXP 	polygon_2: autoDraw = True
35.5338 	EXP 	left_image_2: autoDraw = False
35.5338 	EXP 	right_image_2: autoDraw = False
36.5521 	EXP 	window1: mouseVisible = True
36.6332 	EXP 	polygon_2: autoDraw = False
36.6332 	EXP 	left_image_2: autoDraw = False
36.6332 	EXP 	right_image_2: autoDraw = False
36.6332 	EXP 	polygon_2: autoDraw = False
36.6332 	EXP 	slider_trns: markerPos = None
36.6332 	EXP 	slider_trns: markerPos = 50
36.6332 	EXP 	slider_trns: autoDraw = True
38.6057 	DATA 	Mouse: Left button down, pos=(464,298)
38.6825 	EXP 	slider_trns: markerPos = 60.66666666666667
38.7092 	DATA 	Mouse:  Left button up, pos=(464,298)
38.7164 	EXP 	slider_trns: markerPos = 60.66666666666667
38.7494 	EXP 	slider_trns: markerPos = 60.0
38.7692 	INFO 	Keyboard events cleared
38.7684 	EXP 	slider_trns: autoDraw = False
38.7684 	EXP 	text3: autoDraw = True
39.9723 	EXP 	Created sequence: random, trialTypes=1, nReps=1, seed=None
39.9725 	EXP 	New trial (rep=0, index=0): None
39.9762 	DATA 	Keypress: space
39.9839 	EXP 	text3: autoDraw = False
39.9839 	EXP 	fixation3: autoDraw = True
41.0198 	EXP 	window1: mouseVisible = True
41.0656 	EXP 	fixation3: autoDraw = False
41.0656 	EXP 	image_3: image = '2.jpg'
41.0656 	EXP 	slider_estm: markerPos = None
41.0656 	EXP 	slider_estm: markerPos = 50
41.0656 	EXP 	image_3: autoDraw = True
41.0656 	EXP 	slider_estm: autoDraw = True
41.9795 	DATA 	Mouse: Left button down, pos=(465,195)
42.0336 	EXP 	slider_estm: markerPos = 60.83333333333334
42.0825 	EXP 	slider_estm: markerPos = 61.16666666666667
42.1193 	DATA 	Mouse:  Left button up, pos=(467,195)
42.1343 	EXP 	slider_estm: markerPos = 61.16666666666667
42.1835 	EXP 	slider_estm: markerPos = 60.0
42.1994 	DEBUG 	TextBox2 loaded 1 chars with 0 blanks and 1 valid
42.2034 	DEBUG 	TextBox2 loaded 1 chars with 0 blanks and 1 valid
42.2069 	DEBUG 	TextBox2 loaded 1 chars with 0 blanks and 1 valid
42.2108 	DEBUG 	TextBox2 loaded 1 chars with 0 blanks and 1 valid
42.2150 	DEBUG 	TextBox2 loaded 1 chars with 0 blanks and 1 valid
42.2189 	DEBUG 	TextBox2 loaded 1 chars with 0 blanks and 1 valid
42.2194 	DEBUG 	Uploading Texture Font fontname to graphics card
42.2211 	DEBUG 	Upload of Texture Font fontname complete
42.2339 	EXP 	image_3: autoDraw = False
42.2339 	EXP 	slider_estm: autoDraw = False
42.2339 	EXP 	text4: autoDraw = True
42.2339 	EXP 	totalRewardText: autoDraw = True
43.2343 	EXP 	totalRewardText: autoDraw = False
46.2746 	DATA 	Mouse: Left button down, pos=(305,298)
46.3912 	DATA 	Mouse:  Left button up, pos=(305,298)
52.8232 	DATA 	Keypress: escape
52.9410 	EXP 	article1: status = STOPPED
52.9512 	EXP 	text4: autoDraw = False
52.9549 	EXP 	article1: status = STOPPED
52.9992 	INFO 	saved data to 'D:\\UT\\semester 4 - courses\\Cognitive science\\HWs\\HW1\\answer\\article1\\data/998557_article1_2024-05-28_13h34.32.038.csv'
53.0006 	INFO 	saved data to D:\UT\semester 4 - courses\Cognitive science\HWs\HW1\answer\article1\data/998557_article1_2024-05-28_13h34.32.038.psydat
53.0841 	EXP 	window1: mouseVisible = True
54.1104 	DEBUG 	Saving data for article1 ExperimentHandler
