6.4869 	DEBUG 	Fullscreen settings ignored as running in pilot mode.
6.4874 	INFO 	Loaded monitor calibration from ['2024_05_21 12:08']
6.6592 	EXP 	Created window1 = Window(allowGUI=True, allowStencil=False, autoLog=True, backendConf=UNKNOWN, backgroundFit=<method-wrapper '__getattribute__' of attributeSetter object at 0x0000023DD4C28D30>, backgroundImage=<method-wrapper '__getattribute__' of attributeSetter object at 0x0000023DD4C28CD0>, bitsMode=UNKNOWN, blendMode='avg', bpc=(8, 8, 8), color=array([1., 1., 1.]), colorSpace='rgb', depthBits=8, fullscr=<method-wrapper '__getattribute__' of attributeSetter object at 0x0000023DD4C28B20>, gamma=None, gammaErrorPolicy='raise', infoMsg=UNKNOWN, lms=UNKNOWN, monitor=<psychopy.monitors.calibTools.Monitor object at 0x0000023DD50118B0>, multiSample=False, name='window1', numSamples=2, pos=[560.0, 240.0], screen=0, size=array([800, 600]), stencilBits=0, stereo=False, title='PsychoPy', units='height', useFBO=True, useRetina=False, viewOri=0.0, viewPos=None, viewScale=None, waitBlanking=True, winType='pyglet')
6.6593 	EXP 	window1: mouseVisible = True
6.6594 	EXP 	window1: backgroundImage = ''
6.6594 	EXP 	window1: backgroundFit = 'none'
6.6595 	EXP 	window1: mouseVisible = True
6.6597 	EXP 	window1: mouseVisible = True
6.6611 	EXP 	window1: mouseVisible = True
6.6616 	EXP 	window1: mouseVisible = True
6.6669 	DEBUG 	TextBox2 loaded 1 chars with 0 blanks and 1 valid
6.6690 	DEBUG 	TextBox2 loaded 1 chars with 0 blanks and 1 valid
6.6706 	DEBUG 	TextBox2 loaded 1 chars with 0 blanks and 1 valid
6.6721 	DEBUG 	TextBox2 loaded 1 chars with 0 blanks and 1 valid
6.6738 	DEBUG 	TextBox2 loaded 1 chars with 0 blanks and 1 valid
6.6750 	DEBUG 	TextBox2 loaded 1 chars with 0 blanks and 1 valid
6.6765 	DEBUG 	TextBox2 loaded 1 chars with 0 blanks and 1 valid
6.6791 	DEBUG 	TextBox2 loaded 1 chars with 0 blanks and 1 valid
6.6813 	DEBUG 	TextBox2 loaded 1 chars with 0 blanks and 1 valid
6.6831 	DEBUG 	TextBox2 loaded 1 chars with 0 blanks and 1 valid
6.6855 	DEBUG 	TextBox2 loaded 1 chars with 0 blanks and 1 valid
6.6876 	DEBUG 	TextBox2 loaded 1 chars with 0 blanks and 1 valid
6.6892 	DEBUG 	TextBox2 loaded 1 chars with 0 blanks and 1 valid
6.6900 	DEBUG 	TextBox2 loaded 1 chars with 0 blanks and 1 valid
6.6907 	DEBUG 	TextBox2 loaded 1 chars with 0 blanks and 1 valid
6.6915 	DEBUG 	TextBox2 loaded 1 chars with 0 blanks and 1 valid
6.6922 	DEBUG 	TextBox2 loaded 1 chars with 0 blanks and 1 valid
6.6928 	DEBUG 	TextBox2 loaded 1 chars with 0 blanks and 1 valid
6.6934 	DEBUG 	TextBox2 loaded 1 chars with 0 blanks and 1 valid
6.6943 	DEBUG 	TextBox2 loaded 1 chars with 0 blanks and 1 valid
6.6949 	DEBUG 	TextBox2 loaded 1 chars with 0 blanks and 1 valid
6.6951 	DEBUG 	Uploading Texture Font fontname to graphics card
6.7080 	DEBUG 	Upload of Texture Font fontname complete
6.7094 	EXP 	window1: mouseVisible = True
6.7096 	EXP 	window1: mouseVisible = True
6.7101 	EXP 	window1: mouseVisible = True
6.7105 	EXP 	window1: mouseVisible = True
6.7152 	DEBUG 	TextBox2 loaded 1 chars with 0 blanks and 1 valid
6.7171 	DEBUG 	TextBox2 loaded 1 chars with 0 blanks and 1 valid
6.7188 	DEBUG 	TextBox2 loaded 1 chars with 0 blanks and 1 valid
6.7195 	DEBUG 	Uploading Texture Font fontname to graphics card
6.7269 	DEBUG 	Upload of Texture Font fontname complete
6.7287 	EXP 	window1: Attempting to measure frame rate of screen (0) ...
6.7288 	EXP 	window1: recordFrameIntervals = False
6.9012 	EXP 	window1: recordFrameIntervals = True
7.2022 	EXP 	Screen (0) actual frame rate measured at 60.28Hz
7.2023 	EXP 	window1: recordFrameIntervals = False
7.2024 	EXP 	window1: mouseVisible = False
7.2032 	EXP 	window1: mouseVisible = True
7.2035 	EXP 	window1: mouseVisible = True
7.2046 	EXP 	window1: mouseVisible = True
7.2054 	EXP 	window1: mouseVisible = True
7.2121 	DEBUG 	TextBox2 loaded 1 chars with 0 blanks and 1 valid
7.2132 	DEBUG 	TextBox2 loaded 1 chars with 0 blanks and 1 valid
7.2145 	DEBUG 	TextBox2 loaded 1 chars with 0 blanks and 1 valid
7.2160 	DEBUG 	TextBox2 loaded 1 chars with 0 blanks and 1 valid
7.2171 	DEBUG 	TextBox2 loaded 1 chars with 0 blanks and 1 valid
7.2181 	DEBUG 	TextBox2 loaded 1 chars with 0 blanks and 1 valid
7.2188 	DEBUG 	TextBox2 loaded 1 chars with 0 blanks and 1 valid
7.2196 	DEBUG 	TextBox2 loaded 1 chars with 0 blanks and 1 valid
7.2205 	DEBUG 	TextBox2 loaded 1 chars with 0 blanks and 1 valid
7.2214 	DEBUG 	TextBox2 loaded 1 chars with 0 blanks and 1 valid
7.2216 	DEBUG 	Uploading Texture Font fontname to graphics card
7.2222 	DEBUG 	Upload of Texture Font fontname complete
7.2233 	EXP 	window1: mouseVisible = True
7.2233 	EXP 	window1: mouseVisible = True
7.2237 	EXP 	window1: mouseVisible = True
7.2240 	EXP 	window1: mouseVisible = True
7.2581 	WARNING 	launchHubServer: If using the iohub mouse or eyetracker devices, fullScr should be True.
9.5306 	INFO 	keyboard.Keyboard is using iohub backend.
9.5307 	INFO 	keyboard.Keyboard is using iohub backend.
9.5307 	EXP 	article2: status = STARTED
9.5311 	EXP 	window1: mouseVisible = True
9.6104 	EXP 	Created text1 = TextStim(__class__=<class 'psychopy.visual.text.TextStim'>, alignHoriz=method-wrapper(...), alignText='center', alignVert=method-wrapper(...), anchorHoriz='center', anchorVert='center', antialias=True, autoDraw=False, autoLog=True, bold=False, color=array([-1., -1., -1.]), colorSpace='rgb', contrast=1.0, depth=0.0, draggable=False, flipHoriz=False, flipVert=False, font='Arial', fontFiles=[], height=0.05, italic=False, languageStyle='Arabic', name='text1', opacity=1.0, ori=0.0, pos=array([0., 0.]), rgb=UNKNOWN, text=str(...), units='height', win=Window(...), wrapWidth=1)
0.0634 	INFO 	Keyboard events cleared
0.0630 	EXP 	text1: autoDraw = True
13.1992 	DATA 	Keypress: escape
13.2954 	EXP 	article2: status = STOPPED
13.3065 	EXP 	text1: autoDraw = False
13.3090 	EXP 	article2: status = STOPPED
13.3115 	INFO 	saved data to 'D:\\UT\\semester 4 - courses\\Cognitive science\\HWs\\HW1\\answer\\article2\\data/053307_article2_2024-05-28_19h57.30.617.csv'
13.3123 	INFO 	saved data to D:\UT\semester 4 - courses\Cognitive science\HWs\HW1\answer\article2\data/053307_article2_2024-05-28_19h57.30.617.psydat
13.3571 	EXP 	window1: mouseVisible = True
13.9368 	DEBUG 	Saving data for article2 ExperimentHandler
