11.7440 	DEBUG 	Fullscreen settings ignored as running in pilot mode.
11.7447 	INFO 	Loaded monitor calibration from ['2024_05_21 12:08']
11.9003 	EXP 	Created window1 = Window(allowGUI=True, allowStencil=False, autoLog=True, backendConf=UNKNOWN, backgroundFit=<method-wrapper '__getattribute__' of attributeSetter object at 0x000002598E018BE0>, backgroundImage=<method-wrapper '__getattribute__' of attributeSetter object at 0x000002598E018B80>, bitsMode=UNKNOWN, blendMode='avg', bpc=(8, 8, 8), color=array([1., 1., 1.]), colorSpace='rgb', depthBits=8, fullscr=<method-wrapper '__getattribute__' of attributeSetter object at 0x000002598E0189D0>, gamma=None, gammaErrorPolicy='raise', infoMsg=UNKNOWN, lms=UNKNOWN, monitor=<psychopy.monitors.calibTools.Monitor object at 0x000002598E402760>, multiSample=False, name='window1', numSamples=2, pos=[560.0, 240.0], screen=0, size=array([800, 600]), stencilBits=0, stereo=False, title='PsychoPy', units='height', useFBO=True, useRetina=False, viewOri=0.0, viewPos=None, viewScale=None, waitBlanking=True, winType='pyglet')
11.9004 	EXP 	window1: mouseVisible = True
11.9004 	EXP 	window1: backgroundImage = ''
11.9004 	EXP 	window1: backgroundFit = 'none'
11.9006 	EXP 	window1: mouseVisible = True
11.9008 	EXP 	window1: mouseVisible = True
11.9029 	EXP 	window1: mouseVisible = True
11.9035 	EXP 	window1: mouseVisible = True
11.9076 	DEBUG 	TextBox2 loaded 1 chars with 0 blanks and 1 valid
11.9098 	DEBUG 	TextBox2 loaded 1 chars with 0 blanks and 1 valid
11.9111 	DEBUG 	TextBox2 loaded 1 chars with 0 blanks and 1 valid
11.9121 	DEBUG 	TextBox2 loaded 1 chars with 0 blanks and 1 valid
11.9130 	DEBUG 	TextBox2 loaded 1 chars with 0 blanks and 1 valid
11.9136 	DEBUG 	TextBox2 loaded 1 chars with 0 blanks and 1 valid
11.9144 	DEBUG 	TextBox2 loaded 1 chars with 0 blanks and 1 valid
11.9153 	DEBUG 	TextBox2 loaded 1 chars with 0 blanks and 1 valid
11.9158 	DEBUG 	TextBox2 loaded 1 chars with 0 blanks and 1 valid
11.9163 	DEBUG 	TextBox2 loaded 1 chars with 0 blanks and 1 valid
11.9170 	DEBUG 	TextBox2 loaded 1 chars with 0 blanks and 1 valid
11.9178 	DEBUG 	TextBox2 loaded 1 chars with 0 blanks and 1 valid
11.9185 	DEBUG 	TextBox2 loaded 1 chars with 0 blanks and 1 valid
11.9192 	DEBUG 	TextBox2 loaded 1 chars with 0 blanks and 1 valid
11.9199 	DEBUG 	TextBox2 loaded 1 chars with 0 blanks and 1 valid
11.9206 	DEBUG 	TextBox2 loaded 1 chars with 0 blanks and 1 valid
11.9213 	DEBUG 	TextBox2 loaded 1 chars with 0 blanks and 1 valid
11.9219 	DEBUG 	TextBox2 loaded 1 chars with 0 blanks and 1 valid
11.9224 	DEBUG 	TextBox2 loaded 1 chars with 0 blanks and 1 valid
11.9234 	DEBUG 	TextBox2 loaded 1 chars with 0 blanks and 1 valid
11.9241 	DEBUG 	TextBox2 loaded 1 chars with 0 blanks and 1 valid
11.9243 	DEBUG 	Uploading Texture Font fontname to graphics card
11.9343 	DEBUG 	Upload of Texture Font fontname complete
11.9361 	EXP 	window1: mouseVisible = True
11.9363 	EXP 	window1: mouseVisible = True
11.9370 	EXP 	window1: mouseVisible = True
11.9376 	EXP 	window1: mouseVisible = True
11.9477 	DEBUG 	TextBox2 loaded 1 chars with 0 blanks and 1 valid
11.9488 	DEBUG 	TextBox2 loaded 1 chars with 0 blanks and 1 valid
11.9498 	DEBUG 	TextBox2 loaded 1 chars with 0 blanks and 1 valid
11.9500 	DEBUG 	Uploading Texture Font fontname to graphics card
11.9607 	DEBUG 	Upload of Texture Font fontname complete
11.9677 	EXP 	window1: Attempting to measure frame rate of screen (0) ...
11.9678 	EXP 	window1: recordFrameIntervals = False
12.1584 	EXP 	window1: recordFrameIntervals = True
12.3464 	EXP 	Screen (0) actual frame rate measured at 58.82Hz
12.3465 	EXP 	window1: recordFrameIntervals = False
12.3466 	EXP 	window1: mouseVisible = False
12.3473 	EXP 	window1: mouseVisible = True
12.3475 	EXP 	window1: mouseVisible = True
12.3488 	EXP 	window1: mouseVisible = True
12.3500 	EXP 	window1: mouseVisible = True
12.3584 	DEBUG 	TextBox2 loaded 1 chars with 0 blanks and 1 valid
12.3597 	DEBUG 	TextBox2 loaded 1 chars with 0 blanks and 1 valid
12.3609 	DEBUG 	TextBox2 loaded 1 chars with 0 blanks and 1 valid
12.3622 	DEBUG 	TextBox2 loaded 1 chars with 0 blanks and 1 valid
12.3633 	DEBUG 	TextBox2 loaded 1 chars with 0 blanks and 1 valid
12.3645 	DEBUG 	TextBox2 loaded 1 chars with 0 blanks and 1 valid
12.3654 	DEBUG 	TextBox2 loaded 1 chars with 0 blanks and 1 valid
12.3667 	DEBUG 	TextBox2 loaded 1 chars with 0 blanks and 1 valid
12.3680 	DEBUG 	TextBox2 loaded 1 chars with 0 blanks and 1 valid
12.3691 	DEBUG 	TextBox2 loaded 1 chars with 0 blanks and 1 valid
12.3694 	DEBUG 	Uploading Texture Font fontname to graphics card
12.3700 	DEBUG 	Upload of Texture Font fontname complete
12.3711 	EXP 	window1: mouseVisible = True
12.3712 	EXP 	window1: mouseVisible = True
12.3718 	EXP 	window1: mouseVisible = True
12.3722 	EXP 	window1: mouseVisible = True
12.4050 	WARNING 	launchHubServer: If using the iohub mouse or eyetracker devices, fullScr should be True.
14.4658 	INFO 	keyboard.Keyboard is using iohub backend.
14.4659 	INFO 	keyboard.Keyboard is using iohub backend.
14.4659 	EXP 	article2: status = STARTED
14.4661 	EXP 	window1: mouseVisible = True
14.5295 	EXP 	Created text1 = TextStim(__class__=<class 'psychopy.visual.text.TextStim'>, alignHoriz=method-wrapper(...), alignText='center', alignVert=method-wrapper(...), anchorHoriz='center', anchorVert='center', antialias=True, autoDraw=False, autoLog=True, bold=False, color=array([-1., -1., -1.]), colorSpace='rgb', contrast=1.0, depth=0.0, draggable=False, flipHoriz=False, flipVert=False, font='Arial', fontFiles=[], height=0.05, italic=False, languageStyle='Arabic', name='text1', opacity=1.0, ori=0.0, pos=array([0., 0.]), rgb=UNKNOWN, text=str(...), units='height', win=Window(...), wrapWidth=1)
0.0480 	INFO 	Keyboard events cleared
0.0473 	EXP 	text1: autoDraw = True
5.7364 	DATA 	Keypress: space
5.7465 	EXP 	text1: autoDraw = False
5.7487 	EXP 	article2: status = STOPPED
5.7541 	INFO 	saved data to 'D:\\UT\\semester 4 - courses\\Cognitive science\\HWs\\HW1\\answer\\article2\\data/093151 _article2_2024-05-28_19h51.34.587.csv'
5.7544 	INFO 	saved data to D:\UT\semester 4 - courses\Cognitive science\HWs\HW1\answer\article2\data/093151 _article2_2024-05-28_19h51.34.587.psydat
5.7919 	EXP 	window1: mouseVisible = True
6.4294 	DEBUG 	Saving data for article2 ExperimentHandler
