9.0097 	DEBUG 	Fullscreen settings ignored as running in pilot mode.
9.0102 	INFO 	Loaded monitor calibration from ['2024_05_21 12:08']
9.7082 	EXP 	Created window1 = Window(allowGUI=True, allowStencil=False, autoLog=True, backendConf=UNKNOWN, backgroundFit=<method-wrapper '__getattribute__' of attributeSetter object at 0x000002FA75C56D30>, backgroundImage=<method-wrapper '__getattribute__' of attributeSetter object at 0x000002FA75C56CD0>, bitsMode=UNKNOWN, blendMode='avg', bpc=(8, 8, 8), color=array([0, 0, 0]), colorSpace='rgb', depthBits=8, fullscr=<method-wrapper '__getattribute__' of attributeSetter object at 0x000002FA75C56B20>, gamma=None, gammaErrorPolicy='raise', infoMsg=UNKNOWN, lms=UNKNOWN, monitor=<psychopy.monitors.calibTools.Monitor object at 0x000002FA760428B0>, multiSample=False, name='window1', numSamples=2, pos=[560.0, 240.0], screen=0, size=array([800, 600]), stencilBits=0, stereo=False, title='PsychoPy', units='height', useFBO=True, useRetina=False, viewOri=0.0, viewPos=None, viewScale=None, waitBlanking=True, winType='pyglet')
9.7084 	EXP 	window1: mouseVisible = True
9.7084 	EXP 	window1: backgroundImage = ''
9.7084 	EXP 	window1: backgroundFit = 'none'
9.7085 	EXP 	window1: mouseVisible = True
9.7087 	EXP 	window1: mouseVisible = True
9.7171 	EXP 	window1: mouseVisible = True
9.7175 	EXP 	window1: mouseVisible = True
9.7249 	DEBUG 	TextBox2 loaded 1 chars with 0 blanks and 1 valid
9.7257 	DEBUG 	TextBox2 loaded 1 chars with 0 blanks and 1 valid
9.7264 	DEBUG 	TextBox2 loaded 1 chars with 0 blanks and 1 valid
9.7273 	DEBUG 	TextBox2 loaded 1 chars with 0 blanks and 1 valid
9.7282 	DEBUG 	TextBox2 loaded 1 chars with 0 blanks and 1 valid
9.7288 	DEBUG 	TextBox2 loaded 1 chars with 0 blanks and 1 valid
9.7295 	DEBUG 	TextBox2 loaded 1 chars with 0 blanks and 1 valid
9.7303 	DEBUG 	TextBox2 loaded 1 chars with 0 blanks and 1 valid
9.7308 	DEBUG 	TextBox2 loaded 1 chars with 0 blanks and 1 valid
9.7314 	DEBUG 	TextBox2 loaded 1 chars with 0 blanks and 1 valid
9.7323 	DEBUG 	TextBox2 loaded 1 chars with 0 blanks and 1 valid
9.7332 	DEBUG 	TextBox2 loaded 1 chars with 0 blanks and 1 valid
9.7340 	DEBUG 	TextBox2 loaded 1 chars with 0 blanks and 1 valid
9.7348 	DEBUG 	TextBox2 loaded 1 chars with 0 blanks and 1 valid
9.7357 	DEBUG 	TextBox2 loaded 1 chars with 0 blanks and 1 valid
9.7366 	DEBUG 	TextBox2 loaded 1 chars with 0 blanks and 1 valid
9.7373 	DEBUG 	TextBox2 loaded 1 chars with 0 blanks and 1 valid
9.7379 	DEBUG 	TextBox2 loaded 1 chars with 0 blanks and 1 valid
9.7384 	DEBUG 	TextBox2 loaded 1 chars with 0 blanks and 1 valid
9.7393 	DEBUG 	TextBox2 loaded 1 chars with 0 blanks and 1 valid
9.7399 	DEBUG 	TextBox2 loaded 1 chars with 0 blanks and 1 valid
9.7408 	DEBUG 	Uploading Texture Font fontname to graphics card
9.7875 	DEBUG 	Upload of Texture Font fontname complete
9.7886 	EXP 	window1: mouseVisible = True
9.7887 	EXP 	window1: mouseVisible = True
9.7891 	EXP 	window1: mouseVisible = True
9.7894 	EXP 	window1: mouseVisible = True
9.7924 	DEBUG 	TextBox2 loaded 1 chars with 0 blanks and 1 valid
9.7933 	DEBUG 	TextBox2 loaded 1 chars with 0 blanks and 1 valid
9.7942 	DEBUG 	TextBox2 loaded 1 chars with 0 blanks and 1 valid
9.7944 	DEBUG 	Uploading Texture Font fontname to graphics card
9.8065 	DEBUG 	Upload of Texture Font fontname complete
9.8097 	EXP 	window1: Attempting to measure frame rate of screen (0) ...
9.8098 	EXP 	window1: recordFrameIntervals = False
10.0032 	EXP 	window1: recordFrameIntervals = True
10.3363 	EXP 	Screen (0) actual frame rate measured at 59.32Hz
10.3363 	EXP 	window1: recordFrameIntervals = False
10.3365 	EXP 	window1: mouseVisible = False
10.3371 	EXP 	window1: mouseVisible = True
10.3373 	EXP 	window1: mouseVisible = True
10.3384 	EXP 	window1: mouseVisible = True
10.3392 	EXP 	window1: mouseVisible = True
10.3462 	DEBUG 	TextBox2 loaded 1 chars with 0 blanks and 1 valid
10.3475 	DEBUG 	TextBox2 loaded 1 chars with 0 blanks and 1 valid
10.3490 	DEBUG 	TextBox2 loaded 1 chars with 0 blanks and 1 valid
10.3504 	DEBUG 	TextBox2 loaded 1 chars with 0 blanks and 1 valid
10.3517 	DEBUG 	TextBox2 loaded 1 chars with 0 blanks and 1 valid
10.3532 	DEBUG 	TextBox2 loaded 1 chars with 0 blanks and 1 valid
10.3541 	DEBUG 	TextBox2 loaded 1 chars with 0 blanks and 1 valid
10.3552 	DEBUG 	TextBox2 loaded 1 chars with 0 blanks and 1 valid
10.3563 	DEBUG 	TextBox2 loaded 1 chars with 0 blanks and 1 valid
10.3571 	DEBUG 	TextBox2 loaded 1 chars with 0 blanks and 1 valid
10.3573 	DEBUG 	Uploading Texture Font fontname to graphics card
10.3580 	DEBUG 	Upload of Texture Font fontname complete
10.3590 	EXP 	window1: mouseVisible = True
10.3591 	EXP 	window1: mouseVisible = True
10.3594 	EXP 	window1: mouseVisible = True
10.3597 	EXP 	window1: mouseVisible = True
10.4552 	WARNING 	launchHubServer: If using the iohub mouse or eyetracker devices, fullScr should be True.
13.2120 	INFO 	keyboard.Keyboard is using iohub backend.
13.2120 	INFO 	keyboard.Keyboard is using iohub backend.
13.2121 	EXP 	article2: status = STARTED
13.2123 	EXP 	window1: mouseVisible = True
13.4324 	EXP 	Created text1 = TextStim(__class__=<class 'psychopy.visual.text.TextStim'>, alignHoriz=method-wrapper(...), alignText='center', alignVert=method-wrapper(...), anchorHoriz='center', anchorVert='center', antialias=True, autoDraw=False, autoLog=True, bold=False, color=array([1., 1., 1.]), colorSpace='rgb', contrast=1.0, depth=0.0, draggable=False, flipHoriz=False, flipVert=False, font='Arial', fontFiles=[], height=0.05, italic=False, languageStyle='Arabic', name='text1', opacity=1.0, ori=0.0, pos=array([0., 0.]), rgb=UNKNOWN, text=str(...), units='height', win=Window(...), wrapWidth=1)
0.0644 	INFO 	Keyboard events cleared
0.0637 	EXP 	text1: autoDraw = True
25.7998 	DATA 	Keypress: escape
25.8177 	EXP 	article2: status = STOPPED
25.8337 	EXP 	text1: autoDraw = False
25.8373 	EXP 	article2: status = STOPPED
25.8411 	INFO 	saved data to 'D:\\UT\\semester 4 - courses\\Cognitive science\\HWs\\HW1\\answer\\article2\\data/284297_article2_2024-05-28_19h42.10.251.csv'
25.8414 	INFO 	saved data to D:\UT\semester 4 - courses\Cognitive science\HWs\HW1\answer\article2\data/284297_article2_2024-05-28_19h42.10.251.psydat
25.8902 	EXP 	window1: mouseVisible = True
26.3588 	DEBUG 	Saving data for article2 ExperimentHandler
