15.7086 	DEBUG 	Fullscreen settings ignored as running in pilot mode.
15.7099 	INFO 	Loaded monitor calibration from ['2024_05_21 12:08']
16.1530 	EXP 	Created window1 = Window(allowGUI=True, allowStencil=False, autoLog=True, backendConf=UNKNOWN, backgroundFit=<method-wrapper '__getattribute__' of attributeSetter object at 0x0000023707F4BB20>, backgroundImage=<method-wrapper '__getattribute__' of attributeSetter object at 0x0000023707F4BAC0>, bitsMode=UNKNOWN, blendMode='avg', bpc=(8, 8, 8), color=array([1., 1., 1.]), colorSpace='rgb', depthBits=8, fullscr=<method-wrapper '__getattribute__' of attributeSetter object at 0x0000023707F4B910>, gamma=None, gammaErrorPolicy='raise', infoMsg=UNKNOWN, lms=UNKNOWN, monitor=<psychopy.monitors.calibTools.Monitor object at 0x00000237083336A0>, multiSample=False, name='window1', numSamples=2, pos=[560.0, 240.0], screen=0, size=array([800, 600]), stencilBits=0, stereo=False, title='PsychoPy', units='height', useFBO=True, useRetina=False, viewOri=0.0, viewPos=None, viewScale=None, waitBlanking=True, winType='pyglet')
16.1531 	EXP 	window1: mouseVisible = True
16.1532 	EXP 	window1: backgroundImage = ''
16.1532 	EXP 	window1: backgroundFit = 'none'
16.1534 	EXP 	window1: mouseVisible = True
16.1537 	EXP 	window1: mouseVisible = True
16.1571 	EXP 	window1: mouseVisible = True
16.1585 	EXP 	window1: mouseVisible = True
16.1688 	DEBUG 	TextBox2 loaded 1 chars with 0 blanks and 1 valid
16.1708 	DEBUG 	TextBox2 loaded 1 chars with 0 blanks and 1 valid
16.1727 	DEBUG 	TextBox2 loaded 1 chars with 0 blanks and 1 valid
16.1751 	DEBUG 	TextBox2 loaded 1 chars with 0 blanks and 1 valid
16.1778 	DEBUG 	TextBox2 loaded 1 chars with 0 blanks and 1 valid
16.1798 	DEBUG 	TextBox2 loaded 1 chars with 0 blanks and 1 valid
16.1820 	DEBUG 	TextBox2 loaded 1 chars with 0 blanks and 1 valid
16.1843 	DEBUG 	TextBox2 loaded 1 chars with 0 blanks and 1 valid
16.1856 	DEBUG 	TextBox2 loaded 1 chars with 0 blanks and 1 valid
16.1873 	DEBUG 	TextBox2 loaded 1 chars with 0 blanks and 1 valid
16.1891 	DEBUG 	TextBox2 loaded 1 chars with 0 blanks and 1 valid
16.1910 	DEBUG 	TextBox2 loaded 1 chars with 0 blanks and 1 valid
16.1928 	DEBUG 	TextBox2 loaded 1 chars with 0 blanks and 1 valid
16.1947 	DEBUG 	TextBox2 loaded 1 chars with 0 blanks and 1 valid
16.1973 	DEBUG 	TextBox2 loaded 1 chars with 0 blanks and 1 valid
16.1996 	DEBUG 	TextBox2 loaded 1 chars with 0 blanks and 1 valid
16.2016 	DEBUG 	TextBox2 loaded 1 chars with 0 blanks and 1 valid
16.2030 	DEBUG 	TextBox2 loaded 1 chars with 0 blanks and 1 valid
16.2045 	DEBUG 	TextBox2 loaded 1 chars with 0 blanks and 1 valid
16.2067 	DEBUG 	TextBox2 loaded 1 chars with 0 blanks and 1 valid
16.2082 	DEBUG 	TextBox2 loaded 1 chars with 0 blanks and 1 valid
16.2087 	DEBUG 	Uploading Texture Font fontname to graphics card
16.2230 	DEBUG 	Upload of Texture Font fontname complete
16.2262 	EXP 	window1: mouseVisible = True
16.2265 	EXP 	window1: mouseVisible = True
16.2274 	EXP 	window1: mouseVisible = True
16.2280 	EXP 	window1: mouseVisible = True
16.2341 	DEBUG 	TextBox2 loaded 1 chars with 0 blanks and 1 valid
16.2362 	DEBUG 	TextBox2 loaded 1 chars with 0 blanks and 1 valid
16.2378 	DEBUG 	TextBox2 loaded 1 chars with 0 blanks and 1 valid
16.2382 	DEBUG 	Uploading Texture Font fontname to graphics card
16.2476 	DEBUG 	Upload of Texture Font fontname complete
16.2530 	EXP 	window1: Attempting to measure frame rate of screen (0) ...
16.2531 	EXP 	window1: recordFrameIntervals = False
16.4353 	EXP 	window1: recordFrameIntervals = True
16.6178 	EXP 	Screen (0) actual frame rate measured at 60.63Hz
16.6179 	EXP 	window1: recordFrameIntervals = False
16.6181 	EXP 	window1: mouseVisible = False
16.6191 	EXP 	window1: mouseVisible = True
16.6195 	EXP 	window1: mouseVisible = True
16.6210 	EXP 	window1: mouseVisible = True
16.6226 	EXP 	window1: mouseVisible = True
16.6307 	DEBUG 	TextBox2 loaded 1 chars with 0 blanks and 1 valid
16.6332 	DEBUG 	TextBox2 loaded 1 chars with 0 blanks and 1 valid
16.6354 	DEBUG 	TextBox2 loaded 1 chars with 0 blanks and 1 valid
16.6381 	DEBUG 	TextBox2 loaded 1 chars with 0 blanks and 1 valid
16.6401 	DEBUG 	TextBox2 loaded 1 chars with 0 blanks and 1 valid
16.6421 	DEBUG 	TextBox2 loaded 1 chars with 0 blanks and 1 valid
16.6435 	DEBUG 	TextBox2 loaded 1 chars with 0 blanks and 1 valid
16.6455 	DEBUG 	TextBox2 loaded 1 chars with 0 blanks and 1 valid
16.6480 	DEBUG 	TextBox2 loaded 1 chars with 0 blanks and 1 valid
16.6502 	DEBUG 	TextBox2 loaded 1 chars with 0 blanks and 1 valid
16.6507 	DEBUG 	Uploading Texture Font fontname to graphics card
16.6519 	DEBUG 	Upload of Texture Font fontname complete
16.6545 	EXP 	window1: mouseVisible = True
16.6548 	EXP 	window1: mouseVisible = True
16.6556 	EXP 	window1: mouseVisible = True
16.6564 	EXP 	window1: mouseVisible = True
16.7310 	WARNING 	launchHubServer: If using the iohub mouse or eyetracker devices, fullScr should be True.
20.8525 	INFO 	keyboard.Keyboard is using iohub backend.
20.8526 	INFO 	keyboard.Keyboard is using iohub backend.
20.8526 	EXP 	article2: status = STARTED
20.8530 	EXP 	window1: mouseVisible = True
21.0136 	EXP 	Created text1 = TextStim(__class__=<class 'psychopy.visual.text.TextStim'>, alignHoriz=method-wrapper(...), alignText='center', alignVert=method-wrapper(...), anchorHoriz='center', anchorVert='center', antialias=True, autoDraw=False, autoLog=True, bold=False, color=array([-1., -1., -1.]), colorSpace='rgb', contrast=1.0, depth=0.0, draggable=False, flipHoriz=False, flipVert=False, font='Arial', fontFiles=[], height=0.05, italic=False, languageStyle='Arabic', name='text1', opacity=1.0, ori=0.0, pos=array([0., 0.]), rgb=UNKNOWN, text=str(...), units='height', win=Window(...), wrapWidth=1)
21.0138 	EXP 	window1: mouseVisible = True
21.0163 	EXP 	Created fixation1 = ShapeStim(__class__=<class 'psychopy.visual.shape.ShapeStim'>, anchor=('center', 'center'), autoDraw=False, autoLog=True, closeShape=True, color=method-wrapper(...), colorSpace='rgb', contrast=None, depth=0.0, draggable=False, fillColor=array([-1, -1, -1]), fillColorSpace='rgb', fillRGB=array([-1, -1, -1]), interpolate=True, lineColor=array([-1., -1., -1.]), lineColorSpace='rgb', lineRGB=array([-1., -1., -1.]), lineWidth=0.08, name='fixation1', opacity=1.0, ori=0.0, pos=array([0., 0.]), size=array([0.03, 0.06]), units='norm', vertices=ndarray(...), win=Window(...), windingRule=None)
21.0165 	EXP 	window1: mouseVisible = True
21.0220 	EXP 	Created image1 = ImageStim(__class__=<class 'psychopy.visual.image.ImageStim'>, anchor=('center', 'center'), autoLog=True, color=array([1., 1., 1.]), colorSpace='rgb', contrast=1.0, depth=-1.0, draggable=False, flipHoriz=False, flipVert=False, image='default.png', interpolate=True, mask=None, maskParams=None, name='image1', opacity=1.0, ori=0.0, pos=array([0. , 0.2]), size=array([0.5, 0.5]), texRes=128.0, units='height', win=Window(...))
0.0807 	INFO 	Keyboard events cleared
0.0799 	EXP 	text1: autoDraw = True
7.1224 	DATA 	Keypress: space
7.1403 	EXP 	text1: autoDraw = False
7.1403 	EXP 	fixation1: autoDraw = True
9.7377 	EXP 	window1: mouseVisible = True
9.7672 	DEBUG 	Saving data for article2 ExperimentHandler
9.7690 	INFO 	saved data to D:\UT\semester 4 - courses\Cognitive science\HWs\HW1\answer\article2\data/379797_article2_2024-05-28_22h16.58.890.psydat
9.7698 	INFO 	saved data to 'D:\\UT\\semester 4 - courses\\Cognitive science\\HWs\\HW1\\answer\\article2\\data/379797_article2_2024-05-28_22h16.58.890.csv'
