6.8019 	DEBUG 	Fullscreen settings ignored as running in pilot mode.
6.8027 	INFO 	Loaded monitor calibration from ['2024_05_21 12:08']
6.9588 	EXP 	Created window1 = Window(allowGUI=True, allowStencil=False, autoLog=True, backendConf=UNKNOWN, backgroundFit=<method-wrapper '__getattribute__' of attributeSetter object at 0x00000245E643C100>, backgroundImage=<method-wrapper '__getattribute__' of attributeSetter object at 0x00000245E643C0A0>, bitsMode=UNKNOWN, blendMode='avg', bpc=(8, 8, 8), color=array([1., 1., 1.]), colorSpace='rgb', depthBits=8, fullscr=<method-wrapper '__getattribute__' of attributeSetter object at 0x00000245E6437EB0>, gamma=None, gammaErrorPolicy='raise', infoMsg=UNKNOWN, lms=UNKNOWN, monitor=<psychopy.monitors.calibTools.Monitor object at 0x00000245E7821C40>, multiSample=False, name='window1', numSamples=2, pos=[560.0, 240.0], screen=0, size=array([800, 600]), stencilBits=0, stereo=False, title='PsychoPy', units='height', useFBO=True, useRetina=False, viewOri=0.0, viewPos=None, viewScale=None, waitBlanking=True, winType='pyglet')
6.9589 	EXP 	window1: mouseVisible = True
6.9589 	EXP 	window1: backgroundImage = ''
6.9589 	EXP 	window1: backgroundFit = 'none'
6.9591 	EXP 	window1: mouseVisible = True
6.9592 	EXP 	window1: mouseVisible = True
6.9607 	EXP 	window1: mouseVisible = True
6.9611 	EXP 	window1: mouseVisible = True
6.9645 	DEBUG 	TextBox2 loaded 1 chars with 0 blanks and 1 valid
6.9653 	DEBUG 	TextBox2 loaded 1 chars with 0 blanks and 1 valid
6.9661 	DEBUG 	TextBox2 loaded 1 chars with 0 blanks and 1 valid
6.9670 	DEBUG 	TextBox2 loaded 1 chars with 0 blanks and 1 valid
6.9678 	DEBUG 	TextBox2 loaded 1 chars with 0 blanks and 1 valid
6.9684 	DEBUG 	TextBox2 loaded 1 chars with 0 blanks and 1 valid
6.9694 	DEBUG 	TextBox2 loaded 1 chars with 0 blanks and 1 valid
6.9707 	DEBUG 	TextBox2 loaded 1 chars with 0 blanks and 1 valid
6.9714 	DEBUG 	TextBox2 loaded 1 chars with 0 blanks and 1 valid
6.9722 	DEBUG 	TextBox2 loaded 1 chars with 0 blanks and 1 valid
6.9731 	DEBUG 	TextBox2 loaded 1 chars with 0 blanks and 1 valid
6.9739 	DEBUG 	TextBox2 loaded 1 chars with 0 blanks and 1 valid
6.9746 	DEBUG 	TextBox2 loaded 1 chars with 0 blanks and 1 valid
6.9753 	DEBUG 	TextBox2 loaded 1 chars with 0 blanks and 1 valid
6.9760 	DEBUG 	TextBox2 loaded 1 chars with 0 blanks and 1 valid
6.9768 	DEBUG 	TextBox2 loaded 1 chars with 0 blanks and 1 valid
6.9779 	DEBUG 	TextBox2 loaded 1 chars with 0 blanks and 1 valid
6.9784 	DEBUG 	TextBox2 loaded 1 chars with 0 blanks and 1 valid
6.9790 	DEBUG 	TextBox2 loaded 1 chars with 0 blanks and 1 valid
6.9798 	DEBUG 	TextBox2 loaded 1 chars with 0 blanks and 1 valid
6.9804 	DEBUG 	TextBox2 loaded 1 chars with 0 blanks and 1 valid
6.9806 	DEBUG 	Uploading Texture Font fontname to graphics card
6.9945 	DEBUG 	Upload of Texture Font fontname complete
6.9971 	EXP 	window1: mouseVisible = True
6.9972 	EXP 	window1: mouseVisible = True
6.9977 	EXP 	window1: mouseVisible = True
6.9980 	EXP 	window1: mouseVisible = True
7.0012 	DEBUG 	TextBox2 loaded 1 chars with 0 blanks and 1 valid
7.0023 	DEBUG 	TextBox2 loaded 1 chars with 0 blanks and 1 valid
7.0033 	DEBUG 	TextBox2 loaded 1 chars with 0 blanks and 1 valid
7.0042 	DEBUG 	Uploading Texture Font fontname to graphics card
7.0113 	DEBUG 	Upload of Texture Font fontname complete
7.0140 	EXP 	window1: Attempting to measure frame rate of screen (0) ...
7.0140 	EXP 	window1: recordFrameIntervals = False
7.1888 	EXP 	window1: recordFrameIntervals = True
7.6411 	EXP 	Screen (0) actual frame rate measured at 59.39Hz
7.6412 	EXP 	window1: recordFrameIntervals = False
7.6414 	EXP 	window1: mouseVisible = False
7.6423 	EXP 	window1: mouseVisible = True
7.6426 	EXP 	window1: mouseVisible = True
7.6441 	EXP 	window1: mouseVisible = True
7.6455 	EXP 	window1: mouseVisible = True
7.6524 	DEBUG 	TextBox2 loaded 1 chars with 0 blanks and 1 valid
7.6539 	DEBUG 	TextBox2 loaded 1 chars with 0 blanks and 1 valid
7.6550 	DEBUG 	TextBox2 loaded 1 chars with 0 blanks and 1 valid
7.6560 	DEBUG 	TextBox2 loaded 1 chars with 0 blanks and 1 valid
7.6570 	DEBUG 	TextBox2 loaded 1 chars with 0 blanks and 1 valid
7.6579 	DEBUG 	TextBox2 loaded 1 chars with 0 blanks and 1 valid
7.6585 	DEBUG 	TextBox2 loaded 1 chars with 0 blanks and 1 valid
7.6593 	DEBUG 	TextBox2 loaded 1 chars with 0 blanks and 1 valid
7.6601 	DEBUG 	TextBox2 loaded 1 chars with 0 blanks and 1 valid
7.6610 	DEBUG 	TextBox2 loaded 1 chars with 0 blanks and 1 valid
7.6612 	DEBUG 	Uploading Texture Font fontname to graphics card
7.6619 	DEBUG 	Upload of Texture Font fontname complete
7.6629 	EXP 	window1: mouseVisible = True
7.6631 	EXP 	window1: mouseVisible = True
7.6634 	EXP 	window1: mouseVisible = True
7.6637 	EXP 	window1: mouseVisible = True
7.7000 	WARNING 	launchHubServer: If using the iohub mouse or eyetracker devices, fullScr should be True.
9.8685 	INFO 	keyboard.Keyboard is using iohub backend.
9.8685 	INFO 	keyboard.Keyboard is using iohub backend.
9.8685 	EXP 	article2: status = STARTED
9.8688 	EXP 	window1: mouseVisible = True
9.9344 	EXP 	Created text1 = TextStim(__class__=<class 'psychopy.visual.text.TextStim'>, alignHoriz=method-wrapper(...), alignText='center', alignVert=method-wrapper(...), anchorHoriz='center', anchorVert='center', antialias=True, autoDraw=False, autoLog=True, bold=False, color=array([1., 1., 1.]), colorSpace='rgb', contrast=1.0, depth=0.0, draggable=False, flipHoriz=False, flipVert=False, font='Arial', fontFiles=[], height=0.05, italic=False, languageStyle='Arabic', name='text1', opacity=1.0, ori=0.0, pos=array([0., 0.]), rgb=UNKNOWN, text=str(...), units='height', win=Window(...), wrapWidth=1)
0.0519 	INFO 	Keyboard events cleared
0.0510 	EXP 	text1: autoDraw = True
9.8105 	DATA 	Keypress: escape
9.9237 	EXP 	article2: status = STOPPED
9.9357 	EXP 	text1: autoDraw = False
9.9383 	EXP 	article2: status = STOPPED
9.9431 	INFO 	saved data to 'D:\\UT\\semester 4 - courses\\Cognitive science\\HWs\\HW1\\answer\\article2\\data/457969_article2_2024-05-28_19h45.36.320.csv'
9.9434 	INFO 	saved data to D:\UT\semester 4 - courses\Cognitive science\HWs\HW1\answer\article2\data/457969_article2_2024-05-28_19h45.36.320.psydat
9.9783 	EXP 	window1: mouseVisible = True
10.4069 	DEBUG 	Saving data for article2 ExperimentHandler
