20.7458 	DEBUG 	Fullscreen settings ignored as running in pilot mode.
20.7470 	INFO 	Loaded monitor calibration from ['2024_05_21 12:08']
21.3571 	EXP 	Created window1 = Window(allowGUI=True, allowStencil=False, autoLog=True, backendConf=UNKNOWN, backgroundFit=<method-wrapper '__getattribute__' of attributeSetter object at 0x00000215CD61BC40>, backgroundImage=<method-wrapper '__getattribute__' of attributeSetter object at 0x00000215CD61BBE0>, bitsMode=UNKNOWN, blendMode='avg', bpc=(8, 8, 8), color=array([1., 1., 1.]), colorSpace='rgb', depthBits=8, fullscr=<method-wrapper '__getattribute__' of attributeSetter object at 0x00000215CD61BA30>, gamma=None, gammaErrorPolicy='raise', infoMsg=UNKNOWN, lms=UNKNOWN, monitor=<psychopy.monitors.calibTools.Monitor object at 0x00000215CEA037C0>, multiSample=False, name='window1', numSamples=2, pos=[560.0, 240.0], screen=0, size=array([800, 600]), stencilBits=0, stereo=False, title='PsychoPy', units='height', useFBO=True, useRetina=False, viewOri=0.0, viewPos=None, viewScale=None, waitBlanking=True, winType='pyglet')
21.3575 	EXP 	window1: mouseVisible = True
21.3576 	EXP 	window1: backgroundImage = ''
21.3576 	EXP 	window1: backgroundFit = 'none'
21.3582 	EXP 	window1: mouseVisible = True
21.3588 	EXP 	window1: mouseVisible = True
21.3648 	EXP 	window1: mouseVisible = True
21.3662 	EXP 	window1: mouseVisible = True
21.3816 	DEBUG 	TextBox2 loaded 1 chars with 0 blanks and 1 valid
21.3851 	DEBUG 	TextBox2 loaded 1 chars with 0 blanks and 1 valid
21.3882 	DEBUG 	TextBox2 loaded 1 chars with 0 blanks and 1 valid
21.3909 	DEBUG 	TextBox2 loaded 1 chars with 0 blanks and 1 valid
21.3933 	DEBUG 	TextBox2 loaded 1 chars with 0 blanks and 1 valid
21.3948 	DEBUG 	TextBox2 loaded 1 chars with 0 blanks and 1 valid
21.3967 	DEBUG 	TextBox2 loaded 1 chars with 0 blanks and 1 valid
21.3987 	DEBUG 	TextBox2 loaded 1 chars with 0 blanks and 1 valid
21.3997 	DEBUG 	TextBox2 loaded 1 chars with 0 blanks and 1 valid
21.4007 	DEBUG 	TextBox2 loaded 1 chars with 0 blanks and 1 valid
21.4021 	DEBUG 	TextBox2 loaded 1 chars with 0 blanks and 1 valid
21.4034 	DEBUG 	TextBox2 loaded 1 chars with 0 blanks and 1 valid
21.4046 	DEBUG 	TextBox2 loaded 1 chars with 0 blanks and 1 valid
21.4059 	DEBUG 	TextBox2 loaded 1 chars with 0 blanks and 1 valid
21.4072 	DEBUG 	TextBox2 loaded 1 chars with 0 blanks and 1 valid
21.4085 	DEBUG 	TextBox2 loaded 1 chars with 0 blanks and 1 valid
21.4098 	DEBUG 	TextBox2 loaded 1 chars with 0 blanks and 1 valid
21.4109 	DEBUG 	TextBox2 loaded 1 chars with 0 blanks and 1 valid
21.4121 	DEBUG 	TextBox2 loaded 1 chars with 0 blanks and 1 valid
21.4136 	DEBUG 	TextBox2 loaded 1 chars with 0 blanks and 1 valid
21.4146 	DEBUG 	TextBox2 loaded 1 chars with 0 blanks and 1 valid
21.4150 	DEBUG 	Uploading Texture Font fontname to graphics card
21.4323 	DEBUG 	Upload of Texture Font fontname complete
21.4350 	EXP 	window1: mouseVisible = True
21.4353 	EXP 	window1: mouseVisible = True
21.4364 	EXP 	window1: mouseVisible = True
21.4374 	EXP 	window1: mouseVisible = True
21.4457 	DEBUG 	TextBox2 loaded 1 chars with 0 blanks and 1 valid
21.4483 	DEBUG 	TextBox2 loaded 1 chars with 0 blanks and 1 valid
21.4505 	DEBUG 	TextBox2 loaded 1 chars with 0 blanks and 1 valid
21.4509 	DEBUG 	Uploading Texture Font fontname to graphics card
21.4748 	DEBUG 	Upload of Texture Font fontname complete
21.4802 	EXP 	window1: Attempting to measure frame rate of screen (0) ...
21.4803 	EXP 	window1: recordFrameIntervals = False
21.7018 	EXP 	window1: recordFrameIntervals = True
22.0492 	EXP 	Screen (0) actual frame rate measured at 59.99Hz
22.0493 	EXP 	window1: recordFrameIntervals = False
22.0495 	EXP 	window1: mouseVisible = False
22.0505 	EXP 	window1: mouseVisible = True
22.0510 	EXP 	window1: mouseVisible = True
22.0527 	EXP 	window1: mouseVisible = True
22.0542 	EXP 	window1: mouseVisible = True
22.0695 	DEBUG 	TextBox2 loaded 1 chars with 0 blanks and 1 valid
22.0711 	DEBUG 	TextBox2 loaded 1 chars with 0 blanks and 1 valid
22.0730 	DEBUG 	TextBox2 loaded 1 chars with 0 blanks and 1 valid
22.0751 	DEBUG 	TextBox2 loaded 1 chars with 0 blanks and 1 valid
22.0769 	DEBUG 	TextBox2 loaded 1 chars with 0 blanks and 1 valid
22.0793 	DEBUG 	TextBox2 loaded 1 chars with 0 blanks and 1 valid
22.0807 	DEBUG 	TextBox2 loaded 1 chars with 0 blanks and 1 valid
22.0823 	DEBUG 	TextBox2 loaded 1 chars with 0 blanks and 1 valid
22.0840 	DEBUG 	TextBox2 loaded 1 chars with 0 blanks and 1 valid
22.0856 	DEBUG 	TextBox2 loaded 1 chars with 0 blanks and 1 valid
22.0860 	DEBUG 	Uploading Texture Font fontname to graphics card
22.0869 	DEBUG 	Upload of Texture Font fontname complete
22.0887 	EXP 	window1: mouseVisible = True
22.0889 	EXP 	window1: mouseVisible = True
22.0895 	EXP 	window1: mouseVisible = True
22.0901 	EXP 	window1: mouseVisible = True
22.1999 	WARNING 	launchHubServer: If using the iohub mouse or eyetracker devices, fullScr should be True.
26.3553 	INFO 	keyboard.Keyboard is using iohub backend.
26.3554 	INFO 	keyboard.Keyboard is using iohub backend.
26.3554 	EXP 	article2: status = STARTED
26.3558 	EXP 	window1: mouseVisible = True
26.5055 	EXP 	Created text1 = TextStim(__class__=<class 'psychopy.visual.text.TextStim'>, alignHoriz=method-wrapper(...), alignText='center', alignVert=method-wrapper(...), anchorHoriz='center', anchorVert='center', antialias=True, autoDraw=False, autoLog=True, bold=False, color=array([-1., -1., -1.]), colorSpace='rgb', contrast=1.0, depth=0.0, draggable=False, flipHoriz=False, flipVert=False, font='Arial', fontFiles=[], height=0.05, italic=False, languageStyle='Arabic', name='text1', opacity=1.0, ori=0.0, pos=array([0., 0.]), rgb=UNKNOWN, text=str(...), units='height', win=Window(...), wrapWidth=1)
26.5057 	EXP 	window1: mouseVisible = True
26.5082 	EXP 	Created fixation1 = ShapeStim(__class__=<class 'psychopy.visual.shape.ShapeStim'>, anchor=('center', 'center'), autoDraw=False, autoLog=True, closeShape=True, color=method-wrapper(...), colorSpace='rgb', contrast=None, depth=0.0, draggable=False, fillColor=array([-1, -1, -1]), fillColorSpace='rgb', fillRGB=array([-1, -1, -1]), interpolate=True, lineColor=array([-1., -1., -1.]), lineColorSpace='rgb', lineRGB=array([-1., -1., -1.]), lineWidth=0.08, name='fixation1', opacity=1.0, ori=0.0, pos=array([0., 0.]), size=array([0.03, 0.06]), units='norm', vertices=ndarray(...), win=Window(...), windingRule=None)
26.5083 	EXP 	window1: mouseVisible = True
26.5188 	EXP 	Created image1 = ImageStim(__class__=<class 'psychopy.visual.image.ImageStim'>, anchor=('center', 'center'), autoLog=True, color=array([1., 1., 1.]), colorSpace='rgb', contrast=1.0, depth=0.0, draggable=False, flipHoriz=False, flipVert=False, image='default.png', interpolate=True, mask=None, maskParams=None, name='image1', opacity=1.0, ori=0.0, pos=array([0. , 0.2]), size=array([0.5, 0.5]), texRes=128.0, units='height', win=Window(...))
26.6244 	EXP 	window1: mouseVisible = True
26.6271 	DEBUG 	Saving data for article2 ExperimentHandler
26.6278 	INFO 	saved data to D:\UT\semester 4 - courses\Cognitive science\HWs\HW1\answer\article2\data/526556_article2_2024-05-28_22h12.52.309.psydat
26.6290 	INFO 	saved data to 'D:\\UT\\semester 4 - courses\\Cognitive science\\HWs\\HW1\\answer\\article2\\data/526556_article2_2024-05-28_22h12.52.309.csv'
