9.9514 	DEBUG 	Fullscreen settings ignored as running in pilot mode.
9.9526 	INFO 	Loaded monitor calibration from ['2024_05_21 12:08']
10.4368 	EXP 	Created window1 = Window(allowGUI=True, allowStencil=False, autoLog=True, backendConf=UNKNOWN, backgroundFit=<method-wrapper '__getattribute__' of attributeSetter object at 0x0000027B88B0C820>, backgroundImage=<method-wrapper '__getattribute__' of attributeSetter object at 0x0000027B88B0C7C0>, bitsMode=UNKNOWN, blendMode='avg', bpc=(8, 8, 8), color=array([1., 1., 1.]), colorSpace='rgb', depthBits=8, fullscr=<method-wrapper '__getattribute__' of attributeSetter object at 0x0000027B88B0C610>, gamma=None, gammaErrorPolicy='raise', infoMsg=UNKNOWN, lms=UNKNOWN, monitor=<psychopy.monitors.calibTools.Monitor object at 0x0000027B88EB33A0>, multiSample=False, name='window1', numSamples=2, pos=[560.0, 240.0], screen=0, size=array([800, 600]), stencilBits=0, stereo=False, title='PsychoPy', units='height', useFBO=True, useRetina=False, viewOri=0.0, viewPos=None, viewScale=None, waitBlanking=True, winType='pyglet')
10.4371 	EXP 	window1: mouseVisible = True
10.4372 	EXP 	window1: backgroundImage = ''
10.4372 	EXP 	window1: backgroundFit = 'none'
10.4378 	EXP 	window1: mouseVisible = True
10.4384 	EXP 	window1: mouseVisible = True
10.4444 	EXP 	window1: mouseVisible = True
10.4461 	EXP 	window1: mouseVisible = True
10.4618 	DEBUG 	TextBox2 loaded 1 chars with 0 blanks and 1 valid
10.4655 	DEBUG 	TextBox2 loaded 1 chars with 0 blanks and 1 valid
10.4690 	DEBUG 	TextBox2 loaded 1 chars with 0 blanks and 1 valid
10.4722 	DEBUG 	TextBox2 loaded 1 chars with 0 blanks and 1 valid
10.4742 	DEBUG 	TextBox2 loaded 1 chars with 0 blanks and 1 valid
10.4757 	DEBUG 	TextBox2 loaded 1 chars with 0 blanks and 1 valid
10.4773 	DEBUG 	TextBox2 loaded 1 chars with 0 blanks and 1 valid
10.4791 	DEBUG 	TextBox2 loaded 1 chars with 0 blanks and 1 valid
10.4800 	DEBUG 	TextBox2 loaded 1 chars with 0 blanks and 1 valid
10.4809 	DEBUG 	TextBox2 loaded 1 chars with 0 blanks and 1 valid
10.4822 	DEBUG 	TextBox2 loaded 1 chars with 0 blanks and 1 valid
10.4836 	DEBUG 	TextBox2 loaded 1 chars with 0 blanks and 1 valid
10.4849 	DEBUG 	TextBox2 loaded 1 chars with 0 blanks and 1 valid
10.4861 	DEBUG 	TextBox2 loaded 1 chars with 0 blanks and 1 valid
10.4873 	DEBUG 	TextBox2 loaded 1 chars with 0 blanks and 1 valid
10.4886 	DEBUG 	TextBox2 loaded 1 chars with 0 blanks and 1 valid
10.4900 	DEBUG 	TextBox2 loaded 1 chars with 0 blanks and 1 valid
10.4911 	DEBUG 	TextBox2 loaded 1 chars with 0 blanks and 1 valid
10.4922 	DEBUG 	TextBox2 loaded 1 chars with 0 blanks and 1 valid
10.4938 	DEBUG 	TextBox2 loaded 1 chars with 0 blanks and 1 valid
10.4948 	DEBUG 	TextBox2 loaded 1 chars with 0 blanks and 1 valid
10.4952 	DEBUG 	Uploading Texture Font fontname to graphics card
10.5170 	DEBUG 	Upload of Texture Font fontname complete
10.5208 	EXP 	window1: mouseVisible = True
10.5212 	EXP 	window1: mouseVisible = True
10.5229 	EXP 	window1: mouseVisible = True
10.5243 	EXP 	window1: mouseVisible = True
10.5368 	DEBUG 	TextBox2 loaded 1 chars with 0 blanks and 1 valid
10.5404 	DEBUG 	TextBox2 loaded 1 chars with 0 blanks and 1 valid
10.5431 	DEBUG 	TextBox2 loaded 1 chars with 0 blanks and 1 valid
10.5436 	DEBUG 	Uploading Texture Font fontname to graphics card
10.5677 	DEBUG 	Upload of Texture Font fontname complete
10.5730 	EXP 	window1: Attempting to measure frame rate of screen (0) ...
10.5731 	EXP 	window1: recordFrameIntervals = False
10.7955 	EXP 	window1: recordFrameIntervals = True
10.9815 	WARNING 	t of last frame was 20.17ms (=1/49)
11.1799 	EXP 	Screen (0) actual frame rate measured at 60.69Hz
11.1800 	EXP 	window1: recordFrameIntervals = False
11.1803 	EXP 	window1: mouseVisible = False
11.1817 	EXP 	window1: mouseVisible = True
11.1823 	EXP 	window1: mouseVisible = True
11.1842 	EXP 	window1: mouseVisible = True
11.1852 	EXP 	window1: mouseVisible = True
11.1944 	DEBUG 	TextBox2 loaded 1 chars with 0 blanks and 1 valid
11.1968 	DEBUG 	TextBox2 loaded 1 chars with 0 blanks and 1 valid
11.2001 	DEBUG 	TextBox2 loaded 1 chars with 0 blanks and 1 valid
11.2028 	DEBUG 	TextBox2 loaded 1 chars with 0 blanks and 1 valid
11.2051 	DEBUG 	TextBox2 loaded 1 chars with 0 blanks and 1 valid
11.2078 	DEBUG 	TextBox2 loaded 1 chars with 0 blanks and 1 valid
11.2101 	DEBUG 	TextBox2 loaded 1 chars with 0 blanks and 1 valid
11.2127 	DEBUG 	TextBox2 loaded 1 chars with 0 blanks and 1 valid
11.2152 	DEBUG 	TextBox2 loaded 1 chars with 0 blanks and 1 valid
11.2173 	DEBUG 	TextBox2 loaded 1 chars with 0 blanks and 1 valid
11.2178 	DEBUG 	Uploading Texture Font fontname to graphics card
11.2187 	DEBUG 	Upload of Texture Font fontname complete
11.2211 	EXP 	window1: mouseVisible = True
11.2213 	EXP 	window1: mouseVisible = True
11.2224 	EXP 	window1: mouseVisible = True
11.2232 	EXP 	window1: mouseVisible = True
11.2951 	WARNING 	launchHubServer: If using the iohub mouse or eyetracker devices, fullScr should be True.
15.4119 	INFO 	keyboard.Keyboard is using iohub backend.
15.4120 	INFO 	keyboard.Keyboard is using iohub backend.
15.4120 	EXP 	article2: status = STARTED
15.4126 	EXP 	window1: mouseVisible = True
15.5499 	EXP 	Created text1 = TextStim(__class__=<class 'psychopy.visual.text.TextStim'>, alignHoriz=method-wrapper(...), alignText='center', alignVert=method-wrapper(...), anchorHoriz='center', anchorVert='center', antialias=True, autoDraw=False, autoLog=True, bold=False, color=array([-1., -1., -1.]), colorSpace='rgb', contrast=1.0, depth=0.0, draggable=False, flipHoriz=False, flipVert=False, font='Arial', fontFiles=[], height=0.05, italic=False, languageStyle='Arabic', name='text1', opacity=1.0, ori=0.0, pos=array([0., 0.]), rgb=UNKNOWN, text=str(...), units='height', win=Window(...), wrapWidth=1)
15.5502 	EXP 	window1: mouseVisible = True
15.5528 	EXP 	Created fixation1 = ShapeStim(__class__=<class 'psychopy.visual.shape.ShapeStim'>, anchor=('center', 'center'), autoDraw=False, autoLog=True, closeShape=True, color=method-wrapper(...), colorSpace='rgb', contrast=None, depth=0.0, draggable=False, fillColor=array([-1, -1, -1]), fillColorSpace='rgb', fillRGB=array([-1, -1, -1]), interpolate=True, lineColor=array([-1., -1., -1.]), lineColorSpace='rgb', lineRGB=array([-1., -1., -1.]), lineWidth=0.08, name='fixation1', opacity=1.0, ori=0.0, pos=array([0., 0.]), size=array([0.03, 0.06]), units='norm', vertices=ndarray(...), win=Window(...), windingRule=None)
15.5529 	EXP 	window1: mouseVisible = True
15.5592 	EXP 	Created image1 = ImageStim(__class__=<class 'psychopy.visual.image.ImageStim'>, anchor=('center', 'center'), autoLog=True, color=array([1., 1., 1.]), colorSpace='rgb', contrast=1.0, depth=0.0, draggable=False, flipHoriz=False, flipVert=False, image='default.png', interpolate=True, mask=None, maskParams=None, name='image1', opacity=1.0, ori=0.0, pos=array([0. , 0.2]), size=array([0.5, 0.5]), texRes=128.0, units='height', win=Window(...))
15.6516 	EXP 	window1: mouseVisible = True
15.6550 	DEBUG 	Saving data for article2 ExperimentHandler
15.6558 	INFO 	saved data to D:\UT\semester 4 - courses\Cognitive science\HWs\HW1\answer\article2\data/571825_article2_2024-05-28_22h13.57.326.psydat
15.6562 	INFO 	saved data to 'D:\\UT\\semester 4 - courses\\Cognitive science\\HWs\\HW1\\answer\\article2\\data/571825_article2_2024-05-28_22h13.57.326.csv'
