8.9485 	DEBUG 	Fullscreen settings ignored as running in pilot mode.
8.9504 	INFO 	Loaded monitor calibration from ['2024_05_21 12:08']
9.3683 	EXP 	Created window1 = Window(allowGUI=True, allowStencil=False, autoLog=True, backendConf=UNKNOWN, backgroundFit=<method-wrapper '__getattribute__' of attributeSetter object at 0x000001DA82F7E0D0>, backgroundImage=<method-wrapper '__getattribute__' of attributeSetter object at 0x000001DA82F7E070>, bitsMode=UNKNOWN, blendMode='avg', bpc=(8, 8, 8), color=array([1., 1., 1.]), colorSpace='rgb', depthBits=8, fullscr=<method-wrapper '__getattribute__' of attributeSetter object at 0x000001DA82F79E80>, gamma=None, gammaErrorPolicy='raise', infoMsg=UNKNOWN, lms=UNKNOWN, monitor=<psychopy.monitors.calibTools.Monitor object at 0x000001DA844C4C10>, multiSample=False, name='window1', numSamples=2, pos=[560.0, 240.0], screen=0, size=array([800, 600]), stencilBits=0, stereo=False, title='PsychoPy', units='height', useFBO=True, useRetina=False, viewOri=0.0, viewPos=None, viewScale=None, waitBlanking=True, winType='pyglet')
9.3685 	EXP 	window1: mouseVisible = True
9.3685 	EXP 	window1: backgroundImage = ''
9.3685 	EXP 	window1: backgroundFit = 'none'
9.3688 	EXP 	window1: mouseVisible = True
9.3692 	EXP 	window1: mouseVisible = True
9.3733 	EXP 	window1: mouseVisible = True
9.3748 	EXP 	window1: mouseVisible = True
9.3883 	DEBUG 	TextBox2 loaded 1 chars with 0 blanks and 1 valid
9.3901 	DEBUG 	TextBox2 loaded 1 chars with 0 blanks and 1 valid
9.3917 	DEBUG 	TextBox2 loaded 1 chars with 0 blanks and 1 valid
9.3935 	DEBUG 	TextBox2 loaded 1 chars with 0 blanks and 1 valid
9.3954 	DEBUG 	TextBox2 loaded 1 chars with 0 blanks and 1 valid
9.3969 	DEBUG 	TextBox2 loaded 1 chars with 0 blanks and 1 valid
9.3991 	DEBUG 	TextBox2 loaded 1 chars with 0 blanks and 1 valid
9.4011 	DEBUG 	TextBox2 loaded 1 chars with 0 blanks and 1 valid
9.4021 	DEBUG 	TextBox2 loaded 1 chars with 0 blanks and 1 valid
9.4030 	DEBUG 	TextBox2 loaded 1 chars with 0 blanks and 1 valid
9.4044 	DEBUG 	TextBox2 loaded 1 chars with 0 blanks and 1 valid
9.4057 	DEBUG 	TextBox2 loaded 1 chars with 0 blanks and 1 valid
9.4070 	DEBUG 	TextBox2 loaded 1 chars with 0 blanks and 1 valid
9.4082 	DEBUG 	TextBox2 loaded 1 chars with 0 blanks and 1 valid
9.4094 	DEBUG 	TextBox2 loaded 1 chars with 0 blanks and 1 valid
9.4107 	DEBUG 	TextBox2 loaded 1 chars with 0 blanks and 1 valid
9.4128 	DEBUG 	TextBox2 loaded 1 chars with 0 blanks and 1 valid
9.4141 	DEBUG 	TextBox2 loaded 1 chars with 0 blanks and 1 valid
9.4153 	DEBUG 	TextBox2 loaded 1 chars with 0 blanks and 1 valid
9.4169 	DEBUG 	TextBox2 loaded 1 chars with 0 blanks and 1 valid
9.4180 	DEBUG 	TextBox2 loaded 1 chars with 0 blanks and 1 valid
9.4184 	DEBUG 	Uploading Texture Font fontname to graphics card
9.4345 	DEBUG 	Upload of Texture Font fontname complete
9.4382 	EXP 	window1: mouseVisible = True
9.4386 	EXP 	window1: mouseVisible = True
9.4401 	EXP 	window1: mouseVisible = True
9.4418 	EXP 	window1: mouseVisible = True
9.4485 	DEBUG 	TextBox2 loaded 1 chars with 0 blanks and 1 valid
9.4503 	DEBUG 	TextBox2 loaded 1 chars with 0 blanks and 1 valid
9.4525 	DEBUG 	TextBox2 loaded 1 chars with 0 blanks and 1 valid
9.4530 	DEBUG 	Uploading Texture Font fontname to graphics card
9.4664 	DEBUG 	Upload of Texture Font fontname complete
9.4708 	EXP 	window1: Attempting to measure frame rate of screen (0) ...
9.4708 	EXP 	window1: recordFrameIntervals = False
9.7007 	EXP 	window1: recordFrameIntervals = True
9.8855 	EXP 	Screen (0) actual frame rate measured at 60.18Hz
9.8855 	EXP 	window1: recordFrameIntervals = False
9.8857 	EXP 	window1: mouseVisible = False
9.8867 	EXP 	window1: mouseVisible = True
9.8872 	EXP 	window1: mouseVisible = True
9.8886 	EXP 	window1: mouseVisible = True
9.8895 	EXP 	window1: mouseVisible = True
9.8974 	DEBUG 	TextBox2 loaded 1 chars with 0 blanks and 1 valid
9.9000 	DEBUG 	TextBox2 loaded 1 chars with 0 blanks and 1 valid
9.9030 	DEBUG 	TextBox2 loaded 1 chars with 0 blanks and 1 valid
9.9057 	DEBUG 	TextBox2 loaded 1 chars with 0 blanks and 1 valid
9.9081 	DEBUG 	TextBox2 loaded 1 chars with 0 blanks and 1 valid
9.9104 	DEBUG 	TextBox2 loaded 1 chars with 0 blanks and 1 valid
9.9121 	DEBUG 	TextBox2 loaded 1 chars with 0 blanks and 1 valid
9.9159 	DEBUG 	TextBox2 loaded 1 chars with 0 blanks and 1 valid
9.9199 	DEBUG 	TextBox2 loaded 1 chars with 0 blanks and 1 valid
9.9230 	DEBUG 	TextBox2 loaded 1 chars with 0 blanks and 1 valid
9.9236 	DEBUG 	Uploading Texture Font fontname to graphics card
9.9246 	DEBUG 	Upload of Texture Font fontname complete
9.9276 	EXP 	window1: mouseVisible = True
9.9279 	EXP 	window1: mouseVisible = True
9.9296 	EXP 	window1: mouseVisible = True
9.9316 	EXP 	window1: mouseVisible = True
10.0111 	WARNING 	launchHubServer: If using the iohub mouse or eyetracker devices, fullScr should be True.
14.1278 	INFO 	keyboard.Keyboard is using iohub backend.
14.1279 	INFO 	keyboard.Keyboard is using iohub backend.
14.1279 	EXP 	article2: status = STARTED
14.1285 	EXP 	window1: mouseVisible = True
14.2971 	EXP 	Created text1 = TextStim(__class__=<class 'psychopy.visual.text.TextStim'>, alignHoriz=method-wrapper(...), alignText='center', alignVert=method-wrapper(...), anchorHoriz='center', anchorVert='center', antialias=True, autoDraw=False, autoLog=True, bold=False, color=array([-1., -1., -1.]), colorSpace='rgb', contrast=1.0, depth=0.0, draggable=False, flipHoriz=False, flipVert=False, font='Arial', fontFiles=[], height=0.05, italic=False, languageStyle='Arabic', name='text1', opacity=1.0, ori=0.0, pos=array([0., 0.]), rgb=UNKNOWN, text=str(...), units='height', win=Window(...), wrapWidth=1)
14.2973 	EXP 	window1: mouseVisible = True
14.2994 	EXP 	Created fixation1 = ShapeStim(__class__=<class 'psychopy.visual.shape.ShapeStim'>, anchor=('center', 'center'), autoDraw=False, autoLog=True, closeShape=True, color=method-wrapper(...), colorSpace='rgb', contrast=None, depth=0.0, draggable=False, fillColor=array([-1, -1, -1]), fillColorSpace='rgb', fillRGB=array([-1, -1, -1]), interpolate=True, lineColor=array([-1., -1., -1.]), lineColorSpace='rgb', lineRGB=array([-1., -1., -1.]), lineWidth=0.08, name='fixation1', opacity=1.0, ori=0.0, pos=array([0., 0.]), size=array([0.03, 0.06]), units='norm', vertices=ndarray(...), win=Window(...), windingRule=None)
14.2996 	EXP 	window1: mouseVisible = True
14.3054 	EXP 	Created image1 = ImageStim(__class__=<class 'psychopy.visual.image.ImageStim'>, anchor=('center', 'center'), autoLog=True, color=array([1., 1., 1.]), colorSpace='rgb', contrast=1.0, depth=-1.0, draggable=False, flipHoriz=False, flipVert=False, image='default.png', interpolate=True, mask=None, maskParams=None, name='image1', opacity=1.0, ori=0.0, pos=array([0. , 0.2]), size=array([0.5, 0.5]), texRes=128.0, units='height', win=Window(...))
0.0664 	INFO 	Keyboard events cleared
0.0656 	EXP 	text1: autoDraw = True
3.1352 	EXP 	Created sequence: random, trialTypes=1, nReps=5, seed=None
3.1356 	EXP 	New trial (rep=0, index=0): None
3.1387 	DATA 	Keypress: space
3.1585 	EXP 	text1: autoDraw = False
3.1585 	EXP 	fixation1: autoDraw = True
7.9070 	EXP 	window1: mouseVisible = True
7.9354 	DEBUG 	Saving data for article2 ExperimentHandler
7.9369 	INFO 	saved data to D:\UT\semester 4 - courses\Cognitive science\HWs\HW1\answer\article2\data/612704_article2_2024-05-28_22h22.52.696.psydat
7.9379 	INFO 	saved data to 'D:\\UT\\semester 4 - courses\\Cognitive science\\HWs\\HW1\\answer\\article2\\data/612704_article2_2024-05-28_22h22.52.696.csv'
