8.8208 	DEBUG 	Fullscreen settings ignored as running in pilot mode.
8.8224 	INFO 	Loaded monitor calibration from ['2024_05_21 12:08']
9.3753 	EXP 	Created window1 = Window(allowGUI=True, allowStencil=False, autoLog=True, backendConf=UNKNOWN, backgroundFit=<method-wrapper '__getattribute__' of attributeSetter object at 0x00000204E4008970>, backgroundImage=<method-wrapper '__getattribute__' of attributeSetter object at 0x00000204E4008910>, bitsMode=UNKNOWN, blendMode='avg', bpc=(8, 8, 8), color=array([1., 1., 1.]), colorSpace='rgb', depthBits=8, fullscr=<method-wrapper '__getattribute__' of attributeSetter object at 0x00000204E4008760>, gamma=None, gammaErrorPolicy='raise', infoMsg=UNKNOWN, lms=UNKNOWN, monitor=<psychopy.monitors.calibTools.Monitor object at 0x00000204E43D14F0>, multiSample=False, name='window1', numSamples=2, pos=[560.0, 240.0], screen=0, size=array([800, 600]), stencilBits=0, stereo=False, title='PsychoPy', units='height', useFBO=True, useRetina=False, viewOri=0.0, viewPos=None, viewScale=None, waitBlanking=True, winType='pyglet')
9.3756 	EXP 	window1: mouseVisible = True
9.3756 	EXP 	window1: backgroundImage = ''
9.3756 	EXP 	window1: backgroundFit = 'none'
9.3761 	EXP 	window1: mouseVisible = True
9.3765 	EXP 	window1: mouseVisible = True
9.3808 	EXP 	window1: mouseVisible = True
9.3823 	EXP 	window1: mouseVisible = True
9.3965 	DEBUG 	TextBox2 loaded 1 chars with 0 blanks and 1 valid
9.3987 	DEBUG 	TextBox2 loaded 1 chars with 0 blanks and 1 valid
9.4005 	DEBUG 	TextBox2 loaded 1 chars with 0 blanks and 1 valid
9.4024 	DEBUG 	TextBox2 loaded 1 chars with 0 blanks and 1 valid
9.4044 	DEBUG 	TextBox2 loaded 1 chars with 0 blanks and 1 valid
9.4056 	DEBUG 	TextBox2 loaded 1 chars with 0 blanks and 1 valid
9.4070 	DEBUG 	TextBox2 loaded 1 chars with 0 blanks and 1 valid
9.4086 	DEBUG 	TextBox2 loaded 1 chars with 0 blanks and 1 valid
9.4096 	DEBUG 	TextBox2 loaded 1 chars with 0 blanks and 1 valid
9.4105 	DEBUG 	TextBox2 loaded 1 chars with 0 blanks and 1 valid
9.4118 	DEBUG 	TextBox2 loaded 1 chars with 0 blanks and 1 valid
9.4131 	DEBUG 	TextBox2 loaded 1 chars with 0 blanks and 1 valid
9.4144 	DEBUG 	TextBox2 loaded 1 chars with 0 blanks and 1 valid
9.4157 	DEBUG 	TextBox2 loaded 1 chars with 0 blanks and 1 valid
9.4169 	DEBUG 	TextBox2 loaded 1 chars with 0 blanks and 1 valid
9.4182 	DEBUG 	TextBox2 loaded 1 chars with 0 blanks and 1 valid
9.4196 	DEBUG 	TextBox2 loaded 1 chars with 0 blanks and 1 valid
9.4207 	DEBUG 	TextBox2 loaded 1 chars with 0 blanks and 1 valid
9.4219 	DEBUG 	TextBox2 loaded 1 chars with 0 blanks and 1 valid
9.4235 	DEBUG 	TextBox2 loaded 1 chars with 0 blanks and 1 valid
9.4246 	DEBUG 	TextBox2 loaded 1 chars with 0 blanks and 1 valid
9.4249 	DEBUG 	Uploading Texture Font fontname to graphics card
9.4336 	DEBUG 	Upload of Texture Font fontname complete
9.4364 	EXP 	window1: mouseVisible = True
9.4369 	EXP 	window1: mouseVisible = True
9.4380 	EXP 	window1: mouseVisible = True
9.4391 	EXP 	window1: mouseVisible = True
9.4456 	DEBUG 	TextBox2 loaded 1 chars with 0 blanks and 1 valid
9.4473 	DEBUG 	TextBox2 loaded 1 chars with 0 blanks and 1 valid
9.4491 	DEBUG 	TextBox2 loaded 1 chars with 0 blanks and 1 valid
9.4495 	DEBUG 	Uploading Texture Font fontname to graphics card
9.4642 	DEBUG 	Upload of Texture Font fontname complete
9.4688 	EXP 	window1: Attempting to measure frame rate of screen (0) ...
9.4688 	EXP 	window1: recordFrameIntervals = False
9.7102 	EXP 	window1: recordFrameIntervals = True
9.9601 	EXP 	Screen (0) actual frame rate measured at 60.31Hz
9.9602 	EXP 	window1: recordFrameIntervals = False
9.9604 	EXP 	window1: mouseVisible = False
9.9616 	EXP 	window1: mouseVisible = True
9.9619 	EXP 	window1: mouseVisible = True
9.9633 	EXP 	window1: mouseVisible = True
9.9643 	EXP 	window1: mouseVisible = True
9.9730 	DEBUG 	TextBox2 loaded 1 chars with 0 blanks and 1 valid
9.9756 	DEBUG 	TextBox2 loaded 1 chars with 0 blanks and 1 valid
9.9781 	DEBUG 	TextBox2 loaded 1 chars with 0 blanks and 1 valid
9.9806 	DEBUG 	TextBox2 loaded 1 chars with 0 blanks and 1 valid
9.9830 	DEBUG 	TextBox2 loaded 1 chars with 0 blanks and 1 valid
9.9856 	DEBUG 	TextBox2 loaded 1 chars with 0 blanks and 1 valid
9.9878 	DEBUG 	TextBox2 loaded 1 chars with 0 blanks and 1 valid
9.9906 	DEBUG 	TextBox2 loaded 1 chars with 0 blanks and 1 valid
9.9929 	DEBUG 	TextBox2 loaded 1 chars with 0 blanks and 1 valid
9.9952 	DEBUG 	TextBox2 loaded 1 chars with 0 blanks and 1 valid
9.9957 	DEBUG 	Uploading Texture Font fontname to graphics card
9.9967 	DEBUG 	Upload of Texture Font fontname complete
9.9993 	EXP 	window1: mouseVisible = True
9.9996 	EXP 	window1: mouseVisible = True
10.0009 	EXP 	window1: mouseVisible = True
10.0018 	EXP 	window1: mouseVisible = True
10.1297 	WARNING 	launchHubServer: If using the iohub mouse or eyetracker devices, fullScr should be True.
14.8844 	INFO 	keyboard.Keyboard is using iohub backend.
14.8845 	INFO 	keyboard.Keyboard is using iohub backend.
14.8845 	EXP 	article2: status = STARTED
14.8849 	EXP 	window1: mouseVisible = True
15.0537 	EXP 	Created text1 = TextStim(__class__=<class 'psychopy.visual.text.TextStim'>, alignHoriz=method-wrapper(...), alignText='center', alignVert=method-wrapper(...), anchorHoriz='center', anchorVert='center', antialias=True, autoDraw=False, autoLog=True, bold=False, color=array([-1., -1., -1.]), colorSpace='rgb', contrast=1.0, depth=0.0, draggable=False, flipHoriz=False, flipVert=False, font='Arial', fontFiles=[], height=0.05, italic=False, languageStyle='Arabic', name='text1', opacity=1.0, ori=0.0, pos=array([0., 0.]), rgb=UNKNOWN, text=str(...), units='height', win=Window(...), wrapWidth=1)
0.0546 	INFO 	Keyboard events cleared
0.0541 	EXP 	text1: autoDraw = True
3.3452 	EXP 	window1: mouseVisible = True
3.3767 	DEBUG 	Saving data for article2 ExperimentHandler
3.3784 	INFO 	saved data to D:\UT\semester 4 - courses\Cognitive science\HWs\HW1\answer\article2\data/676896_article2_2024-05-28_20h23.06.120.psydat
3.3794 	INFO 	saved data to 'D:\\UT\\semester 4 - courses\\Cognitive science\\HWs\\HW1\\answer\\article2\\data/676896_article2_2024-05-28_20h23.06.120.csv'
