7.2499 	DEBUG 	Fullscreen settings ignored as running in pilot mode.
7.2505 	INFO 	Loaded monitor calibration from ['2024_05_21 12:08']
7.4126 	EXP 	Created window1 = Window(allowGUI=True, allowStencil=False, autoLog=True, backendConf=UNKNOWN, backgroundFit=<method-wrapper '__getattribute__' of attributeSetter object at 0x00000188066F8A60>, backgroundImage=<method-wrapper '__getattribute__' of attributeSetter object at 0x00000188066F8A00>, bitsMode=UNKNOWN, blendMode='avg', bpc=(8, 8, 8), color=array([-1., -1., -1.]), colorSpace='rgb', depthBits=8, fullscr=<method-wrapper '__getattribute__' of attributeSetter object at 0x00000188066F8850>, gamma=None, gammaErrorPolicy='raise', infoMsg=UNKNOWN, lms=UNKNOWN, monitor=<psychopy.monitors.calibTools.Monitor object at 0x0000018807AE25E0>, multiSample=False, name='window1', numSamples=2, pos=[560.0, 240.0], screen=0, size=array([800, 600]), stencilBits=0, stereo=False, title='PsychoPy', units='height', useFBO=True, useRetina=False, viewOri=0.0, viewPos=None, viewScale=None, waitBlanking=True, winType='pyglet')
7.4127 	EXP 	window1: mouseVisible = True
7.4128 	EXP 	window1: backgroundImage = ''
7.4128 	EXP 	window1: backgroundFit = 'none'
7.4129 	EXP 	window1: mouseVisible = True
7.4131 	EXP 	window1: mouseVisible = True
7.4143 	EXP 	window1: mouseVisible = True
7.4147 	EXP 	window1: mouseVisible = True
7.4183 	DEBUG 	TextBox2 loaded 1 chars with 0 blanks and 1 valid
7.4190 	DEBUG 	TextBox2 loaded 1 chars with 0 blanks and 1 valid
7.4198 	DEBUG 	TextBox2 loaded 1 chars with 0 blanks and 1 valid
7.4206 	DEBUG 	TextBox2 loaded 1 chars with 0 blanks and 1 valid
7.4215 	DEBUG 	TextBox2 loaded 1 chars with 0 blanks and 1 valid
7.4223 	DEBUG 	TextBox2 loaded 1 chars with 0 blanks and 1 valid
7.4232 	DEBUG 	TextBox2 loaded 1 chars with 0 blanks and 1 valid
7.4244 	DEBUG 	TextBox2 loaded 1 chars with 0 blanks and 1 valid
7.4252 	DEBUG 	TextBox2 loaded 1 chars with 0 blanks and 1 valid
7.4258 	DEBUG 	TextBox2 loaded 1 chars with 0 blanks and 1 valid
7.4267 	DEBUG 	TextBox2 loaded 1 chars with 0 blanks and 1 valid
7.4276 	DEBUG 	TextBox2 loaded 1 chars with 0 blanks and 1 valid
7.4287 	DEBUG 	TextBox2 loaded 1 chars with 0 blanks and 1 valid
7.4295 	DEBUG 	TextBox2 loaded 1 chars with 0 blanks and 1 valid
7.4302 	DEBUG 	TextBox2 loaded 1 chars with 0 blanks and 1 valid
7.4309 	DEBUG 	TextBox2 loaded 1 chars with 0 blanks and 1 valid
7.4317 	DEBUG 	TextBox2 loaded 1 chars with 0 blanks and 1 valid
7.4322 	DEBUG 	TextBox2 loaded 1 chars with 0 blanks and 1 valid
7.4328 	DEBUG 	TextBox2 loaded 1 chars with 0 blanks and 1 valid
7.4336 	DEBUG 	TextBox2 loaded 1 chars with 0 blanks and 1 valid
7.4342 	DEBUG 	TextBox2 loaded 1 chars with 0 blanks and 1 valid
7.4344 	DEBUG 	Uploading Texture Font fontname to graphics card
7.4453 	DEBUG 	Upload of Texture Font fontname complete
7.4471 	EXP 	window1: mouseVisible = True
7.4473 	EXP 	window1: mouseVisible = True
7.4481 	EXP 	window1: mouseVisible = True
7.4486 	EXP 	window1: mouseVisible = True
7.4520 	DEBUG 	TextBox2 loaded 1 chars with 0 blanks and 1 valid
7.4530 	DEBUG 	TextBox2 loaded 1 chars with 0 blanks and 1 valid
7.4539 	DEBUG 	TextBox2 loaded 1 chars with 0 blanks and 1 valid
7.4541 	DEBUG 	Uploading Texture Font fontname to graphics card
7.4635 	DEBUG 	Upload of Texture Font fontname complete
7.4664 	EXP 	window1: Attempting to measure frame rate of screen (0) ...
7.4664 	EXP 	window1: recordFrameIntervals = False
7.6455 	EXP 	window1: recordFrameIntervals = True
8.2451 	EXP 	Screen (0) actual frame rate measured at 59.21Hz
8.2452 	EXP 	window1: recordFrameIntervals = False
8.2453 	EXP 	window1: mouseVisible = False
8.2463 	EXP 	window1: mouseVisible = True
8.2467 	EXP 	window1: mouseVisible = True
8.2481 	EXP 	window1: mouseVisible = True
8.2492 	EXP 	window1: mouseVisible = True
8.2568 	DEBUG 	TextBox2 loaded 1 chars with 0 blanks and 1 valid
8.2582 	DEBUG 	TextBox2 loaded 1 chars with 0 blanks and 1 valid
8.2592 	DEBUG 	TextBox2 loaded 1 chars with 0 blanks and 1 valid
8.2602 	DEBUG 	TextBox2 loaded 1 chars with 0 blanks and 1 valid
8.2611 	DEBUG 	TextBox2 loaded 1 chars with 0 blanks and 1 valid
8.2620 	DEBUG 	TextBox2 loaded 1 chars with 0 blanks and 1 valid
8.2626 	DEBUG 	TextBox2 loaded 1 chars with 0 blanks and 1 valid
8.2634 	DEBUG 	TextBox2 loaded 1 chars with 0 blanks and 1 valid
8.2642 	DEBUG 	TextBox2 loaded 1 chars with 0 blanks and 1 valid
8.2650 	DEBUG 	TextBox2 loaded 1 chars with 0 blanks and 1 valid
8.2653 	DEBUG 	Uploading Texture Font fontname to graphics card
8.2659 	DEBUG 	Upload of Texture Font fontname complete
8.2669 	EXP 	window1: mouseVisible = True
8.2671 	EXP 	window1: mouseVisible = True
8.2674 	EXP 	window1: mouseVisible = True
8.2678 	EXP 	window1: mouseVisible = True
8.3014 	WARNING 	launchHubServer: If using the iohub mouse or eyetracker devices, fullScr should be True.
10.5790 	INFO 	keyboard.Keyboard is using iohub backend.
10.5791 	INFO 	keyboard.Keyboard is using iohub backend.
10.5791 	EXP 	article2: status = STARTED
10.5793 	EXP 	window1: mouseVisible = True
10.7065 	EXP 	Created text1 = TextStim(__class__=<class 'psychopy.visual.text.TextStim'>, alignHoriz=method-wrapper(...), alignText='center', alignVert=method-wrapper(...), anchorHoriz='center', anchorVert='center', antialias=True, autoDraw=False, autoLog=True, bold=False, color=array([1., 1., 1.]), colorSpace='rgb', contrast=1.0, depth=0.0, draggable=False, flipHoriz=False, flipVert=False, font='Arial', fontFiles=[], height=0.05, italic=False, languageStyle='Arabic', name='text1', opacity=1.0, ori=0.0, pos=array([0., 0.]), rgb=UNKNOWN, text=str(...), units='height', win=Window(...), wrapWidth=1)
0.0611 	INFO 	Keyboard events cleared
0.0605 	EXP 	text1: autoDraw = True
0.0974 	EXP 	article2: status = STOPPED
0.1264 	EXP 	text1: autoDraw = False
0.1295 	EXP 	article2: status = STOPPED
0.1322 	INFO 	saved data to 'D:\\UT\\semester 4 - courses\\Cognitive science\\HWs\\HW1\\answer\\article2\\data/698439_article2_2024-05-28_19h44.09.466.csv'
0.1329 	INFO 	saved data to D:\UT\semester 4 - courses\Cognitive science\HWs\HW1\answer\article2\data/698439_article2_2024-05-28_19h44.09.466.psydat
0.1776 	EXP 	window1: mouseVisible = True
0.4538 	DEBUG 	Saving data for article2 ExperimentHandler
