9.8250 	DEBUG 	Fullscreen settings ignored as running in pilot mode.
9.8269 	INFO 	Loaded monitor calibration from ['2024_05_21 12:08']
10.2979 	EXP 	Created window1 = Window(allowGUI=True, allowStencil=False, autoLog=True, backendConf=UNKNOWN, backgroundFit=<method-wrapper '__getattribute__' of attributeSetter object at 0x0000019F8E09AD60>, backgroundImage=<method-wrapper '__getattribute__' of attributeSetter object at 0x0000019F8E09AD00>, bitsMode=UNKNOWN, blendMode='avg', bpc=(8, 8, 8), color=array([1., 1., 1.]), colorSpace='rgb', depthBits=8, fullscr=<method-wrapper '__getattribute__' of attributeSetter object at 0x0000019F8E09AB50>, gamma=None, gammaErrorPolicy='raise', infoMsg=UNKNOWN, lms=UNKNOWN, monitor=<psychopy.monitors.calibTools.Monitor object at 0x0000019F8E4A48E0>, multiSample=False, name='window1', numSamples=2, pos=[560.0, 240.0], screen=0, size=array([800, 600]), stencilBits=0, stereo=False, title='PsychoPy', units='height', useFBO=True, useRetina=False, viewOri=0.0, viewPos=None, viewScale=None, waitBlanking=True, winType='pyglet')
10.2981 	EXP 	window1: mouseVisible = True
10.2981 	EXP 	window1: backgroundImage = ''
10.2981 	EXP 	window1: backgroundFit = 'none'
10.2984 	EXP 	window1: mouseVisible = True
10.2988 	EXP 	window1: mouseVisible = True
10.3026 	EXP 	window1: mouseVisible = True
10.3040 	EXP 	window1: mouseVisible = True
10.3160 	DEBUG 	TextBox2 loaded 1 chars with 0 blanks and 1 valid
10.3187 	DEBUG 	TextBox2 loaded 1 chars with 0 blanks and 1 valid
10.3212 	DEBUG 	TextBox2 loaded 1 chars with 0 blanks and 1 valid
10.3239 	DEBUG 	TextBox2 loaded 1 chars with 0 blanks and 1 valid
10.3258 	DEBUG 	TextBox2 loaded 1 chars with 0 blanks and 1 valid
10.3269 	DEBUG 	TextBox2 loaded 1 chars with 0 blanks and 1 valid
10.3284 	DEBUG 	TextBox2 loaded 1 chars with 0 blanks and 1 valid
10.3301 	DEBUG 	TextBox2 loaded 1 chars with 0 blanks and 1 valid
10.3310 	DEBUG 	TextBox2 loaded 1 chars with 0 blanks and 1 valid
10.3319 	DEBUG 	TextBox2 loaded 1 chars with 0 blanks and 1 valid
10.3334 	DEBUG 	TextBox2 loaded 1 chars with 0 blanks and 1 valid
10.3347 	DEBUG 	TextBox2 loaded 1 chars with 0 blanks and 1 valid
10.3360 	DEBUG 	TextBox2 loaded 1 chars with 0 blanks and 1 valid
10.3374 	DEBUG 	TextBox2 loaded 1 chars with 0 blanks and 1 valid
10.3386 	DEBUG 	TextBox2 loaded 1 chars with 0 blanks and 1 valid
10.3400 	DEBUG 	TextBox2 loaded 1 chars with 0 blanks and 1 valid
10.3414 	DEBUG 	TextBox2 loaded 1 chars with 0 blanks and 1 valid
10.3425 	DEBUG 	TextBox2 loaded 1 chars with 0 blanks and 1 valid
10.3435 	DEBUG 	TextBox2 loaded 1 chars with 0 blanks and 1 valid
10.3451 	DEBUG 	TextBox2 loaded 1 chars with 0 blanks and 1 valid
10.3463 	DEBUG 	TextBox2 loaded 1 chars with 0 blanks and 1 valid
10.3467 	DEBUG 	Uploading Texture Font fontname to graphics card
10.3574 	DEBUG 	Upload of Texture Font fontname complete
10.3594 	EXP 	window1: mouseVisible = True
10.3597 	EXP 	window1: mouseVisible = True
10.3605 	EXP 	window1: mouseVisible = True
10.3613 	EXP 	window1: mouseVisible = True
10.3668 	DEBUG 	TextBox2 loaded 1 chars with 0 blanks and 1 valid
10.3686 	DEBUG 	TextBox2 loaded 1 chars with 0 blanks and 1 valid
10.3701 	DEBUG 	TextBox2 loaded 1 chars with 0 blanks and 1 valid
10.3705 	DEBUG 	Uploading Texture Font fontname to graphics card
10.3854 	DEBUG 	Upload of Texture Font fontname complete
10.3880 	EXP 	window1: Attempting to measure frame rate of screen (0) ...
10.3880 	EXP 	window1: recordFrameIntervals = False
10.5843 	EXP 	window1: recordFrameIntervals = True
10.6527 	WARNING 	t of last frame was 20.64ms (=1/48)
10.6804 	WARNING 	t of last frame was 27.72ms (=1/36)
11.3662 	EXP 	Screen (0) actual frame rate measured at 59.31Hz
11.3662 	EXP 	window1: recordFrameIntervals = False
11.3664 	EXP 	window1: mouseVisible = False
11.3677 	EXP 	window1: mouseVisible = True
11.3681 	EXP 	window1: mouseVisible = True
11.3694 	EXP 	window1: mouseVisible = True
11.3703 	EXP 	window1: mouseVisible = True
11.3785 	DEBUG 	TextBox2 loaded 1 chars with 0 blanks and 1 valid
11.3805 	DEBUG 	TextBox2 loaded 1 chars with 0 blanks and 1 valid
11.3829 	DEBUG 	TextBox2 loaded 1 chars with 0 blanks and 1 valid
11.3855 	DEBUG 	TextBox2 loaded 1 chars with 0 blanks and 1 valid
11.3878 	DEBUG 	TextBox2 loaded 1 chars with 0 blanks and 1 valid
11.3900 	DEBUG 	TextBox2 loaded 1 chars with 0 blanks and 1 valid
11.3916 	DEBUG 	TextBox2 loaded 1 chars with 0 blanks and 1 valid
11.3947 	DEBUG 	TextBox2 loaded 1 chars with 0 blanks and 1 valid
11.3977 	DEBUG 	TextBox2 loaded 1 chars with 0 blanks and 1 valid
11.3998 	DEBUG 	TextBox2 loaded 1 chars with 0 blanks and 1 valid
11.4003 	DEBUG 	Uploading Texture Font fontname to graphics card
11.4013 	DEBUG 	Upload of Texture Font fontname complete
11.4039 	EXP 	window1: mouseVisible = True
11.4042 	EXP 	window1: mouseVisible = True
11.4049 	EXP 	window1: mouseVisible = True
11.4056 	EXP 	window1: mouseVisible = True
11.4718 	WARNING 	launchHubServer: If using the iohub mouse or eyetracker devices, fullScr should be True.
15.5789 	INFO 	keyboard.Keyboard is using iohub backend.
15.5789 	INFO 	keyboard.Keyboard is using iohub backend.
15.5790 	EXP 	article2: status = STARTED
15.5794 	EXP 	window1: mouseVisible = True
15.7432 	EXP 	Created text1 = TextStim(__class__=<class 'psychopy.visual.text.TextStim'>, alignHoriz=method-wrapper(...), alignText='center', alignVert=method-wrapper(...), anchorHoriz='center', anchorVert='center', antialias=True, autoDraw=False, autoLog=True, bold=False, color=array([-1., -1., -1.]), colorSpace='rgb', contrast=1.0, depth=0.0, draggable=False, flipHoriz=False, flipVert=False, font='Arial', fontFiles=[], height=0.05, italic=False, languageStyle='Arabic', name='text1', opacity=1.0, ori=0.0, pos=array([0., 0.]), rgb=UNKNOWN, text=str(...), units='height', win=Window(...), wrapWidth=1)
15.7435 	EXP 	window1: mouseVisible = True
15.7456 	EXP 	Created fixation1 = ShapeStim(__class__=<class 'psychopy.visual.shape.ShapeStim'>, anchor=('center', 'center'), autoDraw=False, autoLog=True, closeShape=True, color=method-wrapper(...), colorSpace='rgb', contrast=None, depth=0.0, draggable=False, fillColor=array([-1, -1, -1]), fillColorSpace='rgb', fillRGB=array([-1, -1, -1]), interpolate=True, lineColor=array([-1., -1., -1.]), lineColorSpace='rgb', lineRGB=array([-1., -1., -1.]), lineWidth=0.08, name='fixation1', opacity=1.0, ori=0.0, pos=array([0., 0.]), size=array([0.03, 0.06]), units='norm', vertices=ndarray(...), win=Window(...), windingRule=None)
15.7457 	EXP 	window1: mouseVisible = True
15.7508 	EXP 	Created image1 = ImageStim(__class__=<class 'psychopy.visual.image.ImageStim'>, anchor=('center', 'center'), autoLog=True, color=array([1., 1., 1.]), colorSpace='rgb', contrast=1.0, depth=-1.0, draggable=False, flipHoriz=False, flipVert=False, image='default.png', interpolate=True, mask=None, maskParams=None, name='image1', opacity=1.0, ori=0.0, pos=array([0. , 0.2]), size=array([0.5, 0.5]), texRes=128.0, units='height', win=Window(...))
0.0627 	INFO 	Keyboard events cleared
0.0622 	EXP 	text1: autoDraw = True
3.1386 	EXP 	Created sequence: random, trialTypes=1, nReps=5, seed=None
3.1390 	EXP 	New trial (rep=0, index=0): None
3.1416 	DATA 	Keypress: space
3.1607 	EXP 	text1: autoDraw = False
3.1607 	EXP 	fixation1: autoDraw = True
7.2562 	EXP 	window1: mouseVisible = True
7.2864 	DEBUG 	Saving data for article2 ExperimentHandler
7.2882 	INFO 	saved data to D:\UT\semester 4 - courses\Cognitive science\HWs\HW1\answer\article2\data/728415_article2_2024-05-28_22h29.17.592.psydat
7.2970 	INFO 	saved data to 'D:\\UT\\semester 4 - courses\\Cognitive science\\HWs\\HW1\\answer\\article2\\data/728415_article2_2024-05-28_22h29.17.592.csv'
