5.6926 	DEBUG 	Fullscreen settings ignored as running in pilot mode.
5.6934 	INFO 	Loaded monitor calibration from ['2024_05_21 12:08']
5.8483 	EXP 	Created window1 = Window(allowGUI=True, allowStencil=False, autoLog=True, backendConf=UNKNOWN, backgroundFit=<method-wrapper '__getattribute__' of attributeSetter object at 0x000001A732EF9DC0>, backgroundImage=<method-wrapper '__getattribute__' of attributeSetter object at 0x000001A732EF9D60>, bitsMode=UNKNOWN, blendMode='avg', bpc=(8, 8, 8), color=array([1., 1., 1.]), colorSpace='rgb', depthBits=8, fullscr=<method-wrapper '__getattribute__' of attributeSetter object at 0x000001A732EF9BB0>, gamma=None, gammaErrorPolicy='raise', infoMsg=UNKNOWN, lms=UNKNOWN, monitor=<psychopy.monitors.calibTools.Monitor object at 0x000001A733322940>, multiSample=False, name='window1', numSamples=2, pos=[560.0, 240.0], screen=0, size=array([800, 600]), stencilBits=0, stereo=False, title='PsychoPy', units='height', useFBO=True, useRetina=False, viewOri=0.0, viewPos=None, viewScale=None, waitBlanking=True, winType='pyglet')
5.8483 	EXP 	window1: mouseVisible = True
5.8484 	EXP 	window1: backgroundImage = ''
5.8484 	EXP 	window1: backgroundFit = 'none'
5.8485 	EXP 	window1: mouseVisible = True
5.8486 	EXP 	window1: mouseVisible = True
5.8498 	EXP 	window1: mouseVisible = True
5.8502 	EXP 	window1: mouseVisible = True
5.8537 	DEBUG 	TextBox2 loaded 1 chars with 0 blanks and 1 valid
5.8545 	DEBUG 	TextBox2 loaded 1 chars with 0 blanks and 1 valid
5.8553 	DEBUG 	TextBox2 loaded 1 chars with 0 blanks and 1 valid
5.8561 	DEBUG 	TextBox2 loaded 1 chars with 0 blanks and 1 valid
5.8570 	DEBUG 	TextBox2 loaded 1 chars with 0 blanks and 1 valid
5.8576 	DEBUG 	TextBox2 loaded 1 chars with 0 blanks and 1 valid
5.8585 	DEBUG 	TextBox2 loaded 1 chars with 0 blanks and 1 valid
5.8596 	DEBUG 	TextBox2 loaded 1 chars with 0 blanks and 1 valid
5.8605 	DEBUG 	TextBox2 loaded 1 chars with 0 blanks and 1 valid
5.8612 	DEBUG 	TextBox2 loaded 1 chars with 0 blanks and 1 valid
5.8623 	DEBUG 	TextBox2 loaded 1 chars with 0 blanks and 1 valid
5.8633 	DEBUG 	TextBox2 loaded 1 chars with 0 blanks and 1 valid
5.8641 	DEBUG 	TextBox2 loaded 1 chars with 0 blanks and 1 valid
5.8648 	DEBUG 	TextBox2 loaded 1 chars with 0 blanks and 1 valid
5.8655 	DEBUG 	TextBox2 loaded 1 chars with 0 blanks and 1 valid
5.8663 	DEBUG 	TextBox2 loaded 1 chars with 0 blanks and 1 valid
5.8671 	DEBUG 	TextBox2 loaded 1 chars with 0 blanks and 1 valid
5.8676 	DEBUG 	TextBox2 loaded 1 chars with 0 blanks and 1 valid
5.8682 	DEBUG 	TextBox2 loaded 1 chars with 0 blanks and 1 valid
5.8690 	DEBUG 	TextBox2 loaded 1 chars with 0 blanks and 1 valid
5.8696 	DEBUG 	TextBox2 loaded 1 chars with 0 blanks and 1 valid
5.8699 	DEBUG 	Uploading Texture Font fontname to graphics card
5.8736 	DEBUG 	Upload of Texture Font fontname complete
5.8752 	EXP 	window1: mouseVisible = True
5.8754 	EXP 	window1: mouseVisible = True
5.8758 	EXP 	window1: mouseVisible = True
5.8765 	EXP 	window1: mouseVisible = True
5.8820 	DEBUG 	TextBox2 loaded 1 chars with 0 blanks and 1 valid
5.8830 	DEBUG 	TextBox2 loaded 1 chars with 0 blanks and 1 valid
5.8839 	DEBUG 	TextBox2 loaded 1 chars with 0 blanks and 1 valid
5.8841 	DEBUG 	Uploading Texture Font fontname to graphics card
5.8868 	DEBUG 	Upload of Texture Font fontname complete
5.8881 	EXP 	window1: Attempting to measure frame rate of screen (0) ...
5.8881 	EXP 	window1: recordFrameIntervals = False
6.0640 	EXP 	window1: recordFrameIntervals = True
6.2484 	EXP 	Screen (0) actual frame rate measured at 59.73Hz
6.2484 	EXP 	window1: recordFrameIntervals = False
6.2486 	EXP 	window1: mouseVisible = False
6.2495 	EXP 	window1: mouseVisible = True
6.2499 	EXP 	window1: mouseVisible = True
6.2512 	EXP 	window1: mouseVisible = True
6.2522 	EXP 	window1: mouseVisible = True
6.2591 	DEBUG 	TextBox2 loaded 1 chars with 0 blanks and 1 valid
6.2605 	DEBUG 	TextBox2 loaded 1 chars with 0 blanks and 1 valid
6.2618 	DEBUG 	TextBox2 loaded 1 chars with 0 blanks and 1 valid
6.2633 	DEBUG 	TextBox2 loaded 1 chars with 0 blanks and 1 valid
6.2649 	DEBUG 	TextBox2 loaded 1 chars with 0 blanks and 1 valid
6.2662 	DEBUG 	TextBox2 loaded 1 chars with 0 blanks and 1 valid
6.2670 	DEBUG 	TextBox2 loaded 1 chars with 0 blanks and 1 valid
6.2680 	DEBUG 	TextBox2 loaded 1 chars with 0 blanks and 1 valid
6.2689 	DEBUG 	TextBox2 loaded 1 chars with 0 blanks and 1 valid
6.2698 	DEBUG 	TextBox2 loaded 1 chars with 0 blanks and 1 valid
6.2700 	DEBUG 	Uploading Texture Font fontname to graphics card
6.2706 	DEBUG 	Upload of Texture Font fontname complete
6.2717 	EXP 	window1: mouseVisible = True
6.2718 	EXP 	window1: mouseVisible = True
6.2721 	EXP 	window1: mouseVisible = True
6.2724 	EXP 	window1: mouseVisible = True
6.3055 	WARNING 	launchHubServer: If using the iohub mouse or eyetracker devices, fullScr should be True.
8.4751 	INFO 	keyboard.Keyboard is using iohub backend.
8.4752 	INFO 	keyboard.Keyboard is using iohub backend.
8.4752 	EXP 	article2: status = STARTED
8.4754 	EXP 	window1: mouseVisible = True
8.5401 	EXP 	Created text1 = TextStim(__class__=<class 'psychopy.visual.text.TextStim'>, alignHoriz=method-wrapper(...), alignText='center', alignVert=method-wrapper(...), anchorHoriz='center', anchorVert='center', antialias=True, autoDraw=False, autoLog=True, bold=False, color=array([-1., -1., -1.]), colorSpace='rgb', contrast=1.0, depth=0.0, draggable=False, flipHoriz=False, flipVert=False, font='Arial', fontFiles=[], height=0.05, italic=False, languageStyle='Arabic', name='text1', opacity=1.0, ori=0.0, pos=array([0., 0.]), rgb=UNKNOWN, text=str(...), units='height', win=Window(...), wrapWidth=1)
0.0480 	INFO 	Keyboard events cleared
0.0474 	EXP 	text1: autoDraw = True
549.6864 	EXP 	window1: mouseVisible = True
549.6908 	EXP 	Created unnamed ShapeStim = ShapeStim(__class__=<class 'psychopy.visual.shape.ShapeStim'>, anchor=('center', 'center'), autoDraw=False, autoLog=True, closeShape=True, color=method-wrapper(...), colorSpace='rgb', contrast=None, depth=0, draggable=False, fillColor=array([-1.        ,  0.00392157, -1.        ]), fillColorSpace='rgb', fillRGB=array([-1.        ,  0.00392157, -1.        ]), interpolate=True, lineColor=array([-1.        ,  0.00392157, -1.        ]), lineColorSpace='rgb', lineRGB=array([-1.        ,  0.00392157, -1.        ]), lineWidth=1.5, name='unnamed ShapeStim', opacity=1.0, ori=0.0, pos=array([0., 0.]), size=array([1., 1.]), units='height', vertices=ndarray(...), win=Window(...), windingRule=None)
549.6913 	EXP 	window1: mouseVisible = True
549.6968 	EXP 	Created unnamed ShapeStim = ShapeStim(__class__=<class 'psychopy.visual.shape.ShapeStim'>, anchor=('center', 'center'), autoDraw=False, autoLog=True, closeShape=True, color=method-wrapper(...), colorSpace='rgb', contrast=None, depth=0, draggable=False, fillColor=array([ 1, -1, -1]), fillColorSpace='rgb', fillRGB=array([ 1, -1, -1]), interpolate=True, lineColor=array([ 1., -1., -1.]), lineColorSpace='rgb', lineRGB=array([ 1, -1, -1]), lineWidth=1.5, name='unnamed ShapeStim', opacity=1.0, ori=0.0, pos=array([0., 0.]), size=array([1., 1.]), units='height', vertices=ndarray(...), win=Window(...), windingRule=None)
549.7323 	DATA 	Keypress: space
549.7442 	EXP 	text1: autoDraw = False
549.7482 	EXP 	article2: status = STOPPED
549.7523 	INFO 	saved data to 'D:\\UT\\semester 4 - courses\\Cognitive science\\HWs\\HW1\\answer\\article2\\data/911346_article2_2024-05-28_20h11.11.209.csv'
549.7531 	INFO 	saved data to D:\UT\semester 4 - courses\Cognitive science\HWs\HW1\answer\article2\data/911346_article2_2024-05-28_20h11.11.209.psydat
549.8456 	EXP 	window1: mouseVisible = True
550.3417 	DEBUG 	Saving data for article2 ExperimentHandler
