8.1447 	DEBUG 	Fullscreen settings ignored as running in pilot mode.
8.1465 	INFO 	Loaded monitor calibration from ['2024_05_21 12:08']
8.4763 	EXP 	Created window1 = Window(allowGUI=True, allowStencil=False, autoLog=True, backendConf=UNKNOWN, backgroundFit=<method-wrapper '__getattribute__' of attributeSetter object at 0x000002380F5AD250>, backgroundImage=<method-wrapper '__getattribute__' of attributeSetter object at 0x000002380F5AD1F0>, bitsMode=UNKNOWN, blendMode='avg', bpc=(8, 8, 8), color=array([1., 1., 1.]), colorSpace='rgb', depthBits=8, fullscr=<method-wrapper '__getattribute__' of attributeSetter object at 0x000002380F5AD040>, gamma=None, gammaErrorPolicy='raise', infoMsg=UNKNOWN, lms=UNKNOWN, monitor=<psychopy.monitors.calibTools.Monitor object at 0x0000023810A75D90>, multiSample=False, name='window1', numSamples=2, pos=[560.0, 240.0], screen=0, size=array([800, 600]), stencilBits=0, stereo=False, title='PsychoPy', units='height', useFBO=True, useRetina=False, viewOri=0.0, viewPos=None, viewScale=None, waitBlanking=True, winType='pyglet')
8.4764 	EXP 	window1: mouseVisible = True
8.4764 	EXP 	window1: backgroundImage = ''
8.4765 	EXP 	window1: backgroundFit = 'none'
8.4767 	EXP 	window1: mouseVisible = True
8.4769 	EXP 	window1: mouseVisible = True
8.4823 	EXP 	window1: mouseVisible = True
8.4833 	EXP 	window1: mouseVisible = True
8.4905 	DEBUG 	TextBox2 loaded 1 chars with 0 blanks and 1 valid
8.4922 	DEBUG 	TextBox2 loaded 1 chars with 0 blanks and 1 valid
8.4942 	DEBUG 	TextBox2 loaded 1 chars with 0 blanks and 1 valid
8.4962 	DEBUG 	TextBox2 loaded 1 chars with 0 blanks and 1 valid
8.4981 	DEBUG 	TextBox2 loaded 1 chars with 0 blanks and 1 valid
8.4992 	DEBUG 	TextBox2 loaded 1 chars with 0 blanks and 1 valid
8.5005 	DEBUG 	TextBox2 loaded 1 chars with 0 blanks and 1 valid
8.5022 	DEBUG 	TextBox2 loaded 1 chars with 0 blanks and 1 valid
8.5031 	DEBUG 	TextBox2 loaded 1 chars with 0 blanks and 1 valid
8.5040 	DEBUG 	TextBox2 loaded 1 chars with 0 blanks and 1 valid
8.5053 	DEBUG 	TextBox2 loaded 1 chars with 0 blanks and 1 valid
8.5070 	DEBUG 	TextBox2 loaded 1 chars with 0 blanks and 1 valid
8.5086 	DEBUG 	TextBox2 loaded 1 chars with 0 blanks and 1 valid
8.5103 	DEBUG 	TextBox2 loaded 1 chars with 0 blanks and 1 valid
8.5120 	DEBUG 	TextBox2 loaded 1 chars with 0 blanks and 1 valid
8.5136 	DEBUG 	TextBox2 loaded 1 chars with 0 blanks and 1 valid
8.5155 	DEBUG 	TextBox2 loaded 1 chars with 0 blanks and 1 valid
8.5166 	DEBUG 	TextBox2 loaded 1 chars with 0 blanks and 1 valid
8.5177 	DEBUG 	TextBox2 loaded 1 chars with 0 blanks and 1 valid
8.5193 	DEBUG 	TextBox2 loaded 1 chars with 0 blanks and 1 valid
8.5203 	DEBUG 	TextBox2 loaded 1 chars with 0 blanks and 1 valid
8.5207 	DEBUG 	Uploading Texture Font fontname to graphics card
8.5353 	DEBUG 	Upload of Texture Font fontname complete
8.5372 	EXP 	window1: mouseVisible = True
8.5374 	EXP 	window1: mouseVisible = True
8.5384 	EXP 	window1: mouseVisible = True
8.5392 	EXP 	window1: mouseVisible = True
8.5475 	DEBUG 	TextBox2 loaded 1 chars with 0 blanks and 1 valid
8.5493 	DEBUG 	TextBox2 loaded 1 chars with 0 blanks and 1 valid
8.5509 	DEBUG 	TextBox2 loaded 1 chars with 0 blanks and 1 valid
8.5512 	DEBUG 	Uploading Texture Font fontname to graphics card
8.5584 	DEBUG 	Upload of Texture Font fontname complete
8.5638 	EXP 	window1: Attempting to measure frame rate of screen (0) ...
8.5638 	EXP 	window1: recordFrameIntervals = False
8.7298 	EXP 	window1: recordFrameIntervals = True
8.9115 	EXP 	Screen (0) actual frame rate measured at 60.66Hz
8.9115 	EXP 	window1: recordFrameIntervals = False
8.9117 	EXP 	window1: mouseVisible = False
8.9124 	EXP 	window1: mouseVisible = True
8.9127 	EXP 	window1: mouseVisible = True
8.9139 	EXP 	window1: mouseVisible = True
8.9149 	EXP 	window1: mouseVisible = True
8.9225 	DEBUG 	TextBox2 loaded 1 chars with 0 blanks and 1 valid
8.9250 	DEBUG 	TextBox2 loaded 1 chars with 0 blanks and 1 valid
8.9282 	DEBUG 	TextBox2 loaded 1 chars with 0 blanks and 1 valid
8.9310 	DEBUG 	TextBox2 loaded 1 chars with 0 blanks and 1 valid
8.9346 	DEBUG 	TextBox2 loaded 1 chars with 0 blanks and 1 valid
8.9369 	DEBUG 	TextBox2 loaded 1 chars with 0 blanks and 1 valid
8.9384 	DEBUG 	TextBox2 loaded 1 chars with 0 blanks and 1 valid
8.9402 	DEBUG 	TextBox2 loaded 1 chars with 0 blanks and 1 valid
8.9423 	DEBUG 	TextBox2 loaded 1 chars with 0 blanks and 1 valid
8.9440 	DEBUG 	TextBox2 loaded 1 chars with 0 blanks and 1 valid
8.9444 	DEBUG 	Uploading Texture Font fontname to graphics card
8.9454 	DEBUG 	Upload of Texture Font fontname complete
8.9483 	EXP 	window1: mouseVisible = True
8.9485 	EXP 	window1: mouseVisible = True
8.9493 	EXP 	window1: mouseVisible = True
8.9500 	EXP 	window1: mouseVisible = True
9.0272 	WARNING 	launchHubServer: If using the iohub mouse or eyetracker devices, fullScr should be True.
12.3378 	INFO 	keyboard.Keyboard is using iohub backend.
12.3378 	INFO 	keyboard.Keyboard is using iohub backend.
12.3379 	EXP 	article2: status = STARTED
12.3382 	EXP 	window1: mouseVisible = True
12.4641 	EXP 	Created text1 = TextStim(__class__=<class 'psychopy.visual.text.TextStim'>, alignHoriz=method-wrapper(...), alignText='center', alignVert=method-wrapper(...), anchorHoriz='center', anchorVert='center', antialias=True, autoDraw=False, autoLog=True, bold=False, color=array([-1., -1., -1.]), colorSpace='rgb', contrast=1.0, depth=0.0, draggable=False, flipHoriz=False, flipVert=False, font='Arial', fontFiles=[], height=0.05, italic=False, languageStyle='Arabic', name='text1', opacity=1.0, ori=0.0, pos=array([0., 0.]), rgb=UNKNOWN, text=str(...), units='height', win=Window(...), wrapWidth=1)
12.4643 	EXP 	window1: mouseVisible = True
12.4666 	EXP 	Created fixation1 = ShapeStim(__class__=<class 'psychopy.visual.shape.ShapeStim'>, anchor=('center', 'center'), autoDraw=False, autoLog=True, closeShape=True, color=method-wrapper(...), colorSpace='rgb', contrast=None, depth=0.0, draggable=False, fillColor=array([-1, -1, -1]), fillColorSpace='rgb', fillRGB=array([-1, -1, -1]), interpolate=True, lineColor=array([-1., -1., -1.]), lineColorSpace='rgb', lineRGB=array([-1., -1., -1.]), lineWidth=0.08, name='fixation1', opacity=1.0, ori=0.0, pos=array([0., 0.]), size=array([0.03, 0.06]), units='norm', vertices=ndarray(...), win=Window(...), windingRule=None)
12.4667 	EXP 	window1: mouseVisible = True
12.4720 	EXP 	Created image1 = ImageStim(__class__=<class 'psychopy.visual.image.ImageStim'>, anchor=('center', 'center'), autoLog=True, color=array([1., 1., 1.]), colorSpace='rgb', contrast=1.0, depth=-1.0, draggable=False, flipHoriz=False, flipVert=False, image='default.png', interpolate=True, mask=None, maskParams=None, name='image1', opacity=1.0, ori=0.0, pos=array([0. , 0.2]), size=array([0.5, 0.5]), texRes=128.0, units='height', win=Window(...))
0.0394 	INFO 	Keyboard events cleared
0.0388 	EXP 	text1: autoDraw = True
1.0497 	EXP 	Created sequence: random, trialTypes=1, nReps=1, seed=None
1.0499 	EXP 	New trial (rep=0, index=0): None
1.0575 	DATA 	Keypress: space
1.0706 	EXP 	text1: autoDraw = False
1.0706 	EXP 	fixation1: autoDraw = True
5.8050 	EXP 	window1: mouseVisible = True
5.8330 	DEBUG 	Saving data for article2 ExperimentHandler
5.8343 	INFO 	saved data to D:\UT\semester 4 - courses\Cognitive science\HWs\HW1\answer\article2\data/936614_article2_2024-05-28_23h08.31.724.psydat
5.8352 	INFO 	saved data to 'D:\\UT\\semester 4 - courses\\Cognitive science\\HWs\\HW1\\answer\\article2\\data/936614_article2_2024-05-28_23h08.31.724.csv'
